<?xml version="1.0" encoding="UTF-8"?>
<testsuites name="TEST SUITE 2" time="388" tests="3" failures="0" errors="0">
   <testsuite name="TEST SUITE 2" tests="3" failures="0" errors="0" time="388" timestamp="2019-03-21 09:51:36" hostname="activemac05 - activemc05simac" id="Test Suites/TEST SUITE 2">
      <properties>
         <property name="deviceName" value=""/>
         <property name="devicePlatform" value=""/>
         <property name="logFolder" value="/Users/activemac05/git/KATALONOPENDPROJECT1/Reports/TEST SUITE 2/20190321_094654"/>
         <property name="logFiles" value="/Users/activemac05/git/KATALONOPENDPROJECT1/Reports/TEST SUITE 2/20190321_094654/execution0.log"/>
         <property name="attachments" value=""/>
         <property name="hostName" value="activemac05 - activemc05simac"/>
         <property name="os" value="Mac OS X 64bit"/>
         <property name="katalonVersion" value="5.10.1.1"/>
         <property name="browser" value="Firefox 65.0"/>
         <property name="hostAddress" value="192.168.1.135"/>
         <property name="sessionId" value="4440f0e4-0e90-714f-92df-ad776acf0ff6"/>
         <property name="seleniumVersion" value="3.7.1"/>
         <property name="proxyInformation" value="ProxyInformation{proxyOption=NO_PROXY, proxyServerType=HTTP, password=, proxyServerAddress=, proxyServerPort=0}"/>
         <property name="platform" value="Mac OS X"/>
      </properties>
      <testcase name="Test Cases/CPM WITH AB SPLIT" classname="Test Cases/CPM WITH AB SPLIT" status="PASSED">
         <system-out><![CDATA[2019-03-21 09:51:37 - [TEST_CASE][PASSED] - Test Cases/CPM WITH AB SPLIT: Test Cases/CPM WITH AB SPLIT

2019-03-21 09:51:38 - [TEST_STEP][PASSED] - openBrowser(""): Browser is opened with url: ''

2019-03-21 09:51:39 - [MESSAGE][INFO] - Starting 'Firefox' driver

2019-03-21 09:51:39 - [MESSAGE][INFO] - Action delay is set to 0 seconds

2019-03-21 09:51:46 - [MESSAGE][PASSED] - Browser is opened with url: ''

2019-03-21 09:51:46 - [TEST_STEP][PASSED] - navigateToUrl("http://campaignsopend.techactive.tk/#/admin_login"): Navigate to 'http://campaignsopend.techactive.tk/#/admin_login' successfully

2019-03-21 09:51:49 - [MESSAGE][PASSED] - Navigate to 'http://campaignsopend.techactive.tk/#/admin_login' successfully

2019-03-21 09:51:49 - [TEST_STEP][PASSED] - setText(findTestObject("Object Repository/NEWOPENDCPM/Page_Opend/input_Admin Login_email_id"), "admin@opend.com"): Text 'admin@opend.com' is set on object 'Object Repository/NEWOPENDCPM/Page_Opend/input_Admin Login_email_id'

2019-03-21 09:51:50 - [MESSAGE][PASSED] - Text 'admin@opend.com' is set on object 'Object Repository/NEWOPENDCPM/Page_Opend/input_Admin Login_email_id'

2019-03-21 09:51:50 - [TEST_STEP][PASSED] - setEncryptedText(findTestObject("Object Repository/NEWOPENDCPM/Page_Opend/input_Admin Login_password"), "4nvbrPglk7k="): Text ****** has been set on object 'Object Repository/NEWOPENDCPM/Page_Opend/input_Admin Login_password'

2019-03-21 09:51:50 - [MESSAGE][PASSED] - Text ****** has been set on object 'Object Repository/NEWOPENDCPM/Page_Opend/input_Admin Login_password'

2019-03-21 09:51:50 - [TEST_STEP][PASSED] - click(findTestObject("Object Repository/NEWOPENDCPM/Page_Opend/button_Sign In")): Object: 'Object Repository/NEWOPENDCPM/Page_Opend/button_Sign In' is clicked on

2019-03-21 09:51:51 - [MESSAGE][PASSED] - Object: 'Object Repository/NEWOPENDCPM/Page_Opend/button_Sign In' is clicked on

2019-03-21 09:51:51 - [TEST_STEP][PASSED] - delay(5): Delayed 5 second(s)

2019-03-21 09:51:56 - [MESSAGE][PASSED] - Delayed 5 second(s)

2019-03-21 09:51:56 - [TEST_STEP][PASSED] - click(findTestObject("Object Repository/NEWOPENDCPM/Page_Opend/a_Campaigns")): Object: 'Object Repository/NEWOPENDCPM/Page_Opend/a_Campaigns' is clicked on

2019-03-21 09:51:56 - [MESSAGE][PASSED] - Object: 'Object Repository/NEWOPENDCPM/Page_Opend/a_Campaigns' is clicked on

2019-03-21 09:51:56 - [TEST_STEP][PASSED] - delay(5): Delayed 5 second(s)

2019-03-21 09:52:01 - [MESSAGE][PASSED] - Delayed 5 second(s)

2019-03-21 09:52:01 - [TEST_STEP][PASSED] - click(findTestObject("Object Repository/NEWOPENDCPM/Page_Opend/a_Start New Campaign")): Object: 'Object Repository/NEWOPENDCPM/Page_Opend/a_Start New Campaign' is clicked on

2019-03-21 09:52:01 - [MESSAGE][PASSED] - Object: 'Object Repository/NEWOPENDCPM/Page_Opend/a_Start New Campaign' is clicked on

2019-03-21 09:52:01 - [TEST_STEP][PASSED] - delay(5): Delayed 5 second(s)

2019-03-21 09:52:06 - [MESSAGE][PASSED] - Delayed 5 second(s)

2019-03-21 09:52:06 - [TEST_STEP][PASSED] - selectOptionByValue(findTestObject("Object Repository/NEWOPENDCPM/Page_Opend/select_Please Select Advertise"), "2", true): All options with value '2' are selected in object 'Object Repository/NEWOPENDCPM/Page_Opend/select_Please Select Advertise'  using regular expression

2019-03-21 09:52:07 - [MESSAGE][PASSED] - All options with value '2' are selected in object 'Object Repository/NEWOPENDCPM/Page_Opend/select_Please Select Advertise'  using regular expression

2019-03-21 09:52:07 - [TEST_STEP][PASSED] - delay(3): Delayed 3 second(s)

2019-03-21 09:52:10 - [MESSAGE][PASSED] - Delayed 3 second(s)

2019-03-21 09:52:10 - [TEST_STEP][PASSED] - setText(findTestObject("Object Repository/NEWOPENDCPM/Page_Opend/input_Campaign Name_camp_name_"), "CPM WITH A/B SPLIT CAMPAIGN "): Text 'CPM WITH A/B SPLIT CAMPAIGN ' is set on object 'Object Repository/NEWOPENDCPM/Page_Opend/input_Campaign Name_camp_name_'

2019-03-21 09:52:11 - [MESSAGE][PASSED] - Text 'CPM WITH A/B SPLIT CAMPAIGN ' is set on object 'Object Repository/NEWOPENDCPM/Page_Opend/input_Campaign Name_camp_name_'

2019-03-21 09:52:11 - [TEST_STEP][PASSED] - delay(2): Delayed 2 second(s)

2019-03-21 09:52:13 - [MESSAGE][PASSED] - Delayed 2 second(s)

2019-03-21 09:52:13 - [TEST_STEP][PASSED] - click(findTestObject("Object Repository/NEWOPENDCPM/Page_Opend/label_Normal charges")): Object: 'Object Repository/NEWOPENDCPM/Page_Opend/label_Normal charges' is clicked on

2019-03-21 09:52:13 - [MESSAGE][PASSED] - Object: 'Object Repository/NEWOPENDCPM/Page_Opend/label_Normal charges' is clicked on

2019-03-21 09:52:13 - [TEST_STEP][PASSED] - delay(2): Delayed 2 second(s)

2019-03-21 09:52:15 - [MESSAGE][PASSED] - Delayed 2 second(s)

2019-03-21 09:52:15 - [TEST_STEP][PASSED] - selectOptionByValue(findTestObject("Object Repository/NEWOPENDCPM/Page_Opend/select_Please Select Audience"), "2", true): All options with value '2' are selected in object 'Object Repository/NEWOPENDCPM/Page_Opend/select_Please Select Audience'  using regular expression

2019-03-21 09:52:16 - [MESSAGE][PASSED] - All options with value '2' are selected in object 'Object Repository/NEWOPENDCPM/Page_Opend/select_Please Select Audience'  using regular expression

2019-03-21 09:52:16 - [TEST_STEP][PASSED] - delay(3): Delayed 3 second(s)

2019-03-21 09:52:19 - [MESSAGE][PASSED] - Delayed 3 second(s)

2019-03-21 09:52:19 - [TEST_STEP][PASSED] - click(findTestObject("newidsfromspy/Page_Opend/input_Campaign Category_valida")): Object: 'Object Repository/newidsfromspy/Page_Opend/input_Campaign Category_valida' is clicked on

2019-03-21 09:52:19 - [MESSAGE][PASSED] - Object: 'Object Repository/newidsfromspy/Page_Opend/input_Campaign Category_valida' is clicked on

2019-03-21 09:52:19 - [TEST_STEP][PASSED] - delay(3): Delayed 3 second(s)

2019-03-21 09:52:22 - [MESSAGE][PASSED] - Delayed 3 second(s)

2019-03-21 09:52:22 - [TEST_STEP][PASSED] - click(findTestObject("newidsfromspy/Page_Opend/label_fashion")): Object: 'Object Repository/newidsfromspy/Page_Opend/label_fashion' is clicked on

2019-03-21 09:52:22 - [MESSAGE][PASSED] - Object: 'Object Repository/newidsfromspy/Page_Opend/label_fashion' is clicked on

2019-03-21 09:52:22 - [TEST_STEP][PASSED] - delay(3): Delayed 3 second(s)

2019-03-21 09:52:25 - [MESSAGE][PASSED] - Delayed 3 second(s)

2019-03-21 09:52:25 - [TEST_STEP][PASSED] - click(findTestObject("Object Repository/NEWOPENDCPM/Page_Opend/button_Select")): Object: 'Object Repository/NEWOPENDCPM/Page_Opend/button_Select' is clicked on

2019-03-21 09:52:26 - [MESSAGE][PASSED] - Object: 'Object Repository/NEWOPENDCPM/Page_Opend/button_Select' is clicked on

2019-03-21 09:52:26 - [TEST_STEP][PASSED] - delay(3): Delayed 3 second(s)

2019-03-21 09:52:29 - [MESSAGE][PASSED] - Delayed 3 second(s)

2019-03-21 09:52:29 - [TEST_STEP][PASSED] - click(findTestObject("newidsfromspy/Page_Opend/input_Audience Interests_valid")): Object: 'Object Repository/newidsfromspy/Page_Opend/input_Audience Interests_valid' is clicked on

2019-03-21 09:52:29 - [MESSAGE][PASSED] - Object: 'Object Repository/newidsfromspy/Page_Opend/input_Audience Interests_valid' is clicked on

2019-03-21 09:52:29 - [TEST_STEP][PASSED] - delay(3): Delayed 3 second(s)

2019-03-21 09:52:32 - [MESSAGE][PASSED] - Delayed 3 second(s)

2019-03-21 09:52:32 - [TEST_STEP][PASSED] - click(findTestObject("newidsfromspy/Page_Opend/label_Party wear")): Object: 'Object Repository/newidsfromspy/Page_Opend/label_Party wear' is clicked on

2019-03-21 09:52:32 - [MESSAGE][PASSED] - Object: 'Object Repository/newidsfromspy/Page_Opend/label_Party wear' is clicked on

2019-03-21 09:52:32 - [TEST_STEP][PASSED] - delay(2): Delayed 2 second(s)

2019-03-21 09:52:35 - [MESSAGE][PASSED] - Delayed 2 second(s)

2019-03-21 09:52:35 - [TEST_STEP][PASSED] - click(findTestObject("newidsfromspy/Page_Opend/label_Kidz Wear")): Object: 'Object Repository/newidsfromspy/Page_Opend/label_Kidz Wear' is clicked on

2019-03-21 09:52:35 - [MESSAGE][PASSED] - Object: 'Object Repository/newidsfromspy/Page_Opend/label_Kidz Wear' is clicked on

2019-03-21 09:52:35 - [TEST_STEP][PASSED] - delay(5): Delayed 5 second(s)

2019-03-21 09:52:40 - [MESSAGE][PASSED] - Delayed 5 second(s)

2019-03-21 09:52:40 - [TEST_STEP][PASSED] - click(findTestObject("newidsfromspy/Page_Opend/AIselectbtn")): Object: 'Object Repository/newidsfromspy/Page_Opend/AIselectbtn' is clicked on

2019-03-21 09:52:40 - [MESSAGE][PASSED] - Object: 'Object Repository/newidsfromspy/Page_Opend/AIselectbtn' is clicked on

2019-03-21 09:52:40 - [TEST_STEP][PASSED] - delay(3): Delayed 3 second(s)

2019-03-21 09:52:43 - [MESSAGE][PASSED] - Delayed 3 second(s)

2019-03-21 09:52:43 - [TEST_STEP][PASSED] - click(findTestObject("newidsfromspy/Page_Opend/input_Select Publisher_validat")): Object: 'Object Repository/newidsfromspy/Page_Opend/input_Select Publisher_validat' is clicked on

2019-03-21 09:52:44 - [MESSAGE][PASSED] - Object: 'Object Repository/newidsfromspy/Page_Opend/input_Select Publisher_validat' is clicked on

2019-03-21 09:52:44 - [TEST_STEP][PASSED] - delay(3): Delayed 3 second(s)

2019-03-21 09:52:47 - [MESSAGE][PASSED] - Delayed 3 second(s)

2019-03-21 09:52:47 - [TEST_STEP][PASSED] - click(findTestObject("Object Repository/NEWOPENDCPM/Page_Opend/label_Jack")): Object: 'Object Repository/NEWOPENDCPM/Page_Opend/label_Jack' is clicked on

2019-03-21 09:52:47 - [MESSAGE][PASSED] - Object: 'Object Repository/NEWOPENDCPM/Page_Opend/label_Jack' is clicked on

2019-03-21 09:52:47 - [TEST_STEP][PASSED] - delay(3): Delayed 3 second(s)

2019-03-21 09:52:50 - [MESSAGE][PASSED] - Delayed 3 second(s)

2019-03-21 09:52:50 - [TEST_STEP][PASSED] - click(findTestObject("newidsfromspy/Page_Opend/Pubselectbtn")): Object: 'Object Repository/newidsfromspy/Page_Opend/Pubselectbtn' is clicked on

2019-03-21 09:52:50 - [MESSAGE][PASSED] - Object: 'Object Repository/newidsfromspy/Page_Opend/Pubselectbtn' is clicked on

2019-03-21 09:52:50 - [TEST_STEP][PASSED] - delay(3): Delayed 3 second(s)

2019-03-21 09:52:53 - [MESSAGE][PASSED] - Delayed 3 second(s)

2019-03-21 09:52:53 - [TEST_STEP][PASSED] - click(findTestObject("NEWSPYIDS/Page_Opend/label_Normal charges")): Object: 'Object Repository/NEWSPYIDS/Page_Opend/label_Normal charges' is clicked on

2019-03-21 09:52:53 - [MESSAGE][PASSED] - Object: 'Object Repository/NEWSPYIDS/Page_Opend/label_Normal charges' is clicked on

2019-03-21 09:52:53 - [TEST_STEP][PASSED] - delay(5): Delayed 5 second(s)

2019-03-21 09:52:58 - [MESSAGE][PASSED] - Delayed 5 second(s)

2019-03-21 09:52:58 - [TEST_STEP][PASSED] - click(findTestObject("Object Repository/NEWOPENDCPM/Page_Opend/button_Proceed")): Object: 'Object Repository/NEWOPENDCPM/Page_Opend/button_Proceed' is clicked on

2019-03-21 09:52:59 - [MESSAGE][PASSED] - Object: 'Object Repository/NEWOPENDCPM/Page_Opend/button_Proceed' is clicked on

2019-03-21 09:52:59 - [TEST_STEP][PASSED] - delay(5): Delayed 5 second(s)

2019-03-21 09:53:04 - [MESSAGE][PASSED] - Delayed 5 second(s)

2019-03-21 09:53:04 - [TEST_STEP][PASSED] - click(findTestObject("NEWSPYIDS/Page_Opend/label_AB Split")): Object: 'Object Repository/NEWSPYIDS/Page_Opend/label_AB Split' is clicked on

2019-03-21 09:53:05 - [MESSAGE][PASSED] - Object: 'Object Repository/NEWSPYIDS/Page_Opend/label_AB Split' is clicked on

2019-03-21 09:53:05 - [TEST_STEP][PASSED] - delay(2): Delayed 2 second(s)

2019-03-21 09:53:07 - [MESSAGE][PASSED] - Delayed 2 second(s)

2019-03-21 09:53:07 - [TEST_STEP][PASSED] - setText(findTestObject("Object Repository/NEWOPENDCPM/Page_Opend/input_Subject Line_subjectone"), "GOOD AFTERNOON "): Text 'GOOD AFTERNOON ' is set on object 'Object Repository/NEWOPENDCPM/Page_Opend/input_Subject Line_subjectone'

2019-03-21 09:53:07 - [MESSAGE][PASSED] - Text 'GOOD AFTERNOON ' is set on object 'Object Repository/NEWOPENDCPM/Page_Opend/input_Subject Line_subjectone'

2019-03-21 09:53:07 - [TEST_STEP][PASSED] - delay(2): Delayed 2 second(s)

2019-03-21 09:53:09 - [MESSAGE][PASSED] - Delayed 2 second(s)

2019-03-21 09:53:09 - [TEST_STEP][PASSED] - setText(findTestObject("NEWSPYIDS/Page_Opend/input_Subject Line 2_subject2"), "GOOD AFTERNOON TA"): Text 'GOOD AFTERNOON TA' is set on object 'Object Repository/NEWSPYIDS/Page_Opend/input_Subject Line 2_subject2'

2019-03-21 09:53:09 - [MESSAGE][PASSED] - Text 'GOOD AFTERNOON TA' is set on object 'Object Repository/NEWSPYIDS/Page_Opend/input_Subject Line 2_subject2'

2019-03-21 09:53:09 - [TEST_STEP][PASSED] - delay(5): Delayed 5 second(s)

2019-03-21 09:53:14 - [MESSAGE][PASSED] - Delayed 5 second(s)

2019-03-21 09:53:14 - [TEST_STEP][PASSED] - click(findTestObject("newidsfromspy/Page_Opend/input_From Creatives_uploadBtn")): Object: 'Object Repository/newidsfromspy/Page_Opend/input_From Creatives_uploadBtn' is clicked on

2019-03-21 09:53:14 - [MESSAGE][PASSED] - Object: 'Object Repository/newidsfromspy/Page_Opend/input_From Creatives_uploadBtn' is clicked on

2019-03-21 09:53:14 - [TEST_STEP][PASSED] - delay(5): Delayed 5 second(s)

2019-03-21 09:53:19 - [MESSAGE][PASSED] - Delayed 5 second(s)

2019-03-21 09:53:19 - [TEST_STEP][PASSED] - click(findTestObject("Object Repository/NEWOPENDCPM/Page_Opend/button_Select")): Object: 'Object Repository/NEWOPENDCPM/Page_Opend/button_Select' is clicked on

2019-03-21 09:53:20 - [MESSAGE][PASSED] - Object: 'Object Repository/NEWOPENDCPM/Page_Opend/button_Select' is clicked on

2019-03-21 09:53:20 - [TEST_STEP][PASSED] - delay(5): Delayed 5 second(s)

2019-03-21 09:53:25 - [MESSAGE][PASSED] - Delayed 5 second(s)

2019-03-21 09:53:25 - [TEST_STEP][PASSED] - click(findTestObject("NEWOPENDCPM/Step2prcdbtn")): Object: 'Object Repository/NEWOPENDCPM/Step2prcdbtn' is clicked on

2019-03-21 09:53:26 - [MESSAGE][PASSED] - Object: 'Object Repository/NEWOPENDCPM/Step2prcdbtn' is clicked on

2019-03-21 09:53:26 - [TEST_STEP][PASSED] - delay(5): Delayed 5 second(s)

2019-03-21 09:53:31 - [MESSAGE][PASSED] - Delayed 5 second(s)

2019-03-21 09:53:31 - [TEST_STEP][PASSED] - click(findTestObject("NEWOPENDCPM/step3prcdbrn")): Object: 'Object Repository/NEWOPENDCPM/step3prcdbrn' is clicked on

2019-03-21 09:53:31 - [MESSAGE][PASSED] - Object: 'Object Repository/NEWOPENDCPM/step3prcdbrn' is clicked on

2019-03-21 09:53:31 - [TEST_STEP][PASSED] - delay(5): Delayed 5 second(s)

2019-03-21 09:53:36 - [MESSAGE][PASSED] - Delayed 5 second(s)

2019-03-21 09:53:36 - [TEST_STEP][PASSED] - setText(findTestObject("NEWSPYIDS/subjctprct1"), "50"): Text '50' is set on object 'Object Repository/NEWSPYIDS/subjctprct1'

2019-03-21 09:53:36 - [MESSAGE][PASSED] - Text '50' is set on object 'Object Repository/NEWSPYIDS/subjctprct1'

2019-03-21 09:53:36 - [TEST_STEP][PASSED] - delay(2): Delayed 2 second(s)

2019-03-21 09:53:38 - [MESSAGE][PASSED] - Delayed 2 second(s)

2019-03-21 09:53:38 - [TEST_STEP][PASSED] - setText(findTestObject("NEWSPYIDS/subjectprct2"), "50"): Text '50' is set on object 'Object Repository/NEWSPYIDS/subjectprct2'

2019-03-21 09:53:38 - [MESSAGE][PASSED] - Text '50' is set on object 'Object Repository/NEWSPYIDS/subjectprct2'

2019-03-21 09:53:38 - [TEST_STEP][PASSED] - delay(2): Delayed 2 second(s)

2019-03-21 09:53:40 - [MESSAGE][PASSED] - Delayed 2 second(s)

2019-03-21 09:53:40 - [TEST_STEP][NOT_RUN] - click(findTestObject("NEWOPENDCPM/Startcampbtn")): NOT_RUN: click(findTestObject("NEWOPENDCPM/Startcampbtn"))

2019-03-21 09:53:40 - [MESSAGE][NOT_RUN] - NOT_RUN: click(findTestObject("NEWOPENDCPM/Startcampbtn"))

2019-03-21 09:53:40 - [TEST_STEP][PASSED] - delay(5): Delayed 5 second(s)

2019-03-21 09:53:45 - [MESSAGE][PASSED] - Delayed 5 second(s)

2019-03-21 09:53:45 - [TEST_STEP][PASSED] - closeBrowser(): Browser is closed

2019-03-21 09:53:46 - [MESSAGE][PASSED] - Browser is closed]]></system-out>
         <system-err><![CDATA[]]></system-err>
      </testcase>
      <testcase name="Test Cases/CPO WITH AB SPLIT" classname="Test Cases/CPO WITH AB SPLIT" status="PASSED">
         <system-out><![CDATA[2019-03-21 09:53:46 - [TEST_CASE][PASSED] - Test Cases/CPO WITH AB SPLIT: Test Cases/CPO WITH AB SPLIT

2019-03-21 09:53:47 - [TEST_STEP][PASSED] - openBrowser(""): Browser is opened with url: ''

2019-03-21 09:53:47 - [MESSAGE][INFO] - Starting 'Firefox' driver

2019-03-21 09:53:52 - [MESSAGE][PASSED] - Browser is opened with url: ''

2019-03-21 09:53:52 - [TEST_STEP][PASSED] - navigateToUrl("http://campaignsopend.techactive.tk/#/admin_login"): Navigate to 'http://campaignsopend.techactive.tk/#/admin_login' successfully

2019-03-21 09:53:54 - [MESSAGE][PASSED] - Navigate to 'http://campaignsopend.techactive.tk/#/admin_login' successfully

2019-03-21 09:53:54 - [TEST_STEP][PASSED] - setText(findTestObject("Object Repository/NEWOPENDCPM/Page_Opend/input_Admin Login_email_id"), "admin@opend.com"): Text 'admin@opend.com' is set on object 'Object Repository/NEWOPENDCPM/Page_Opend/input_Admin Login_email_id'

2019-03-21 09:53:56 - [MESSAGE][PASSED] - Text 'admin@opend.com' is set on object 'Object Repository/NEWOPENDCPM/Page_Opend/input_Admin Login_email_id'

2019-03-21 09:53:56 - [TEST_STEP][PASSED] - setEncryptedText(findTestObject("Object Repository/NEWOPENDCPM/Page_Opend/input_Admin Login_password"), "4nvbrPglk7k="): Text ****** has been set on object 'Object Repository/NEWOPENDCPM/Page_Opend/input_Admin Login_password'

2019-03-21 09:53:56 - [MESSAGE][PASSED] - Text ****** has been set on object 'Object Repository/NEWOPENDCPM/Page_Opend/input_Admin Login_password'

2019-03-21 09:53:56 - [TEST_STEP][PASSED] - click(findTestObject("Object Repository/NEWOPENDCPM/Page_Opend/button_Sign In")): Object: 'Object Repository/NEWOPENDCPM/Page_Opend/button_Sign In' is clicked on

2019-03-21 09:53:56 - [MESSAGE][PASSED] - Object: 'Object Repository/NEWOPENDCPM/Page_Opend/button_Sign In' is clicked on

2019-03-21 09:53:56 - [TEST_STEP][PASSED] - delay(5): Delayed 5 second(s)

2019-03-21 09:54:01 - [MESSAGE][PASSED] - Delayed 5 second(s)

2019-03-21 09:54:01 - [TEST_STEP][PASSED] - click(findTestObject("Object Repository/NEWOPENDCPM/Page_Opend/a_Campaigns")): Object: 'Object Repository/NEWOPENDCPM/Page_Opend/a_Campaigns' is clicked on

2019-03-21 09:54:01 - [MESSAGE][PASSED] - Object: 'Object Repository/NEWOPENDCPM/Page_Opend/a_Campaigns' is clicked on

2019-03-21 09:54:01 - [TEST_STEP][PASSED] - delay(5): Delayed 5 second(s)

2019-03-21 09:54:06 - [MESSAGE][PASSED] - Delayed 5 second(s)

2019-03-21 09:54:06 - [TEST_STEP][PASSED] - click(findTestObject("Object Repository/NEWOPENDCPM/Page_Opend/a_Start New Campaign")): Object: 'Object Repository/NEWOPENDCPM/Page_Opend/a_Start New Campaign' is clicked on

2019-03-21 09:54:07 - [MESSAGE][PASSED] - Object: 'Object Repository/NEWOPENDCPM/Page_Opend/a_Start New Campaign' is clicked on

2019-03-21 09:54:07 - [TEST_STEP][PASSED] - delay(5): Delayed 5 second(s)

2019-03-21 09:54:12 - [MESSAGE][PASSED] - Delayed 5 second(s)

2019-03-21 09:54:12 - [TEST_STEP][PASSED] - selectOptionByValue(findTestObject("Object Repository/NEWOPENDCPM/Page_Opend/select_Please Select Advertise"), "2", true): All options with value '2' are selected in object 'Object Repository/NEWOPENDCPM/Page_Opend/select_Please Select Advertise'  using regular expression

2019-03-21 09:54:13 - [MESSAGE][PASSED] - All options with value '2' are selected in object 'Object Repository/NEWOPENDCPM/Page_Opend/select_Please Select Advertise'  using regular expression

2019-03-21 09:54:13 - [TEST_STEP][PASSED] - delay(3): Delayed 3 second(s)

2019-03-21 09:54:16 - [MESSAGE][PASSED] - Delayed 3 second(s)

2019-03-21 09:54:16 - [TEST_STEP][PASSED] - setText(findTestObject("Object Repository/NEWOPENDCPM/Page_Opend/input_Campaign Name_camp_name_"), "CPO WITH AB SPLIT CAMPAIGN "): Text 'CPO WITH AB SPLIT CAMPAIGN ' is set on object 'Object Repository/NEWOPENDCPM/Page_Opend/input_Campaign Name_camp_name_'

2019-03-21 09:54:16 - [MESSAGE][PASSED] - Text 'CPO WITH AB SPLIT CAMPAIGN ' is set on object 'Object Repository/NEWOPENDCPM/Page_Opend/input_Campaign Name_camp_name_'

2019-03-21 09:54:16 - [TEST_STEP][PASSED] - delay(2): Delayed 2 second(s)

2019-03-21 09:54:18 - [MESSAGE][PASSED] - Delayed 2 second(s)

2019-03-21 09:54:18 - [TEST_STEP][PASSED] - click(findTestObject("Object Repository/NEWOPENDCPM/Page_Opend/label_Normal charges")): Object: 'Object Repository/NEWOPENDCPM/Page_Opend/label_Normal charges' is clicked on

2019-03-21 09:54:18 - [MESSAGE][PASSED] - Object: 'Object Repository/NEWOPENDCPM/Page_Opend/label_Normal charges' is clicked on

2019-03-21 09:54:18 - [TEST_STEP][PASSED] - click(findTestObject("NEWSPYIDS/Page_Opend/label_CPO")): Object: 'Object Repository/NEWSPYIDS/Page_Opend/label_CPO' is clicked on

2019-03-21 09:54:19 - [MESSAGE][PASSED] - Object: 'Object Repository/NEWSPYIDS/Page_Opend/label_CPO' is clicked on

2019-03-21 09:54:19 - [TEST_STEP][PASSED] - delay(2): Delayed 2 second(s)

2019-03-21 09:54:21 - [MESSAGE][PASSED] - Delayed 2 second(s)

2019-03-21 09:54:21 - [TEST_STEP][PASSED] - selectOptionByValue(findTestObject("Object Repository/NEWOPENDCPM/Page_Opend/select_Please Select Audience"), "2", true): All options with value '2' are selected in object 'Object Repository/NEWOPENDCPM/Page_Opend/select_Please Select Audience'  using regular expression

2019-03-21 09:54:21 - [MESSAGE][PASSED] - All options with value '2' are selected in object 'Object Repository/NEWOPENDCPM/Page_Opend/select_Please Select Audience'  using regular expression

2019-03-21 09:54:21 - [TEST_STEP][PASSED] - delay(3): Delayed 3 second(s)

2019-03-21 09:54:24 - [MESSAGE][PASSED] - Delayed 3 second(s)

2019-03-21 09:54:24 - [TEST_STEP][PASSED] - click(findTestObject("newidsfromspy/Page_Opend/input_Campaign Category_valida")): Object: 'Object Repository/newidsfromspy/Page_Opend/input_Campaign Category_valida' is clicked on

2019-03-21 09:54:24 - [MESSAGE][PASSED] - Object: 'Object Repository/newidsfromspy/Page_Opend/input_Campaign Category_valida' is clicked on

2019-03-21 09:54:24 - [TEST_STEP][PASSED] - delay(3): Delayed 3 second(s)

2019-03-21 09:54:27 - [MESSAGE][PASSED] - Delayed 3 second(s)

2019-03-21 09:54:27 - [TEST_STEP][PASSED] - click(findTestObject("newidsfromspy/Page_Opend/label_fashion")): Object: 'Object Repository/newidsfromspy/Page_Opend/label_fashion' is clicked on

2019-03-21 09:54:28 - [MESSAGE][PASSED] - Object: 'Object Repository/newidsfromspy/Page_Opend/label_fashion' is clicked on

2019-03-21 09:54:28 - [TEST_STEP][PASSED] - delay(3): Delayed 3 second(s)

2019-03-21 09:54:31 - [MESSAGE][PASSED] - Delayed 3 second(s)

2019-03-21 09:54:31 - [TEST_STEP][PASSED] - click(findTestObject("Object Repository/NEWOPENDCPM/Page_Opend/button_Select")): Object: 'Object Repository/NEWOPENDCPM/Page_Opend/button_Select' is clicked on

2019-03-21 09:54:31 - [MESSAGE][PASSED] - Object: 'Object Repository/NEWOPENDCPM/Page_Opend/button_Select' is clicked on

2019-03-21 09:54:31 - [TEST_STEP][PASSED] - delay(3): Delayed 3 second(s)

2019-03-21 09:54:34 - [MESSAGE][PASSED] - Delayed 3 second(s)

2019-03-21 09:54:34 - [TEST_STEP][PASSED] - click(findTestObject("newidsfromspy/Page_Opend/input_Audience Interests_valid")): Object: 'Object Repository/newidsfromspy/Page_Opend/input_Audience Interests_valid' is clicked on

2019-03-21 09:54:34 - [MESSAGE][PASSED] - Object: 'Object Repository/newidsfromspy/Page_Opend/input_Audience Interests_valid' is clicked on

2019-03-21 09:54:34 - [TEST_STEP][PASSED] - delay(3): Delayed 3 second(s)

2019-03-21 09:54:37 - [MESSAGE][PASSED] - Delayed 3 second(s)

2019-03-21 09:54:37 - [TEST_STEP][PASSED] - click(findTestObject("newidsfromspy/Page_Opend/label_Party wear")): Object: 'Object Repository/newidsfromspy/Page_Opend/label_Party wear' is clicked on

2019-03-21 09:54:37 - [MESSAGE][PASSED] - Object: 'Object Repository/newidsfromspy/Page_Opend/label_Party wear' is clicked on

2019-03-21 09:54:37 - [TEST_STEP][PASSED] - delay(2): Delayed 2 second(s)

2019-03-21 09:54:39 - [MESSAGE][PASSED] - Delayed 2 second(s)

2019-03-21 09:54:39 - [TEST_STEP][PASSED] - click(findTestObject("newidsfromspy/Page_Opend/label_Kidz Wear")): Object: 'Object Repository/newidsfromspy/Page_Opend/label_Kidz Wear' is clicked on

2019-03-21 09:54:40 - [MESSAGE][PASSED] - Object: 'Object Repository/newidsfromspy/Page_Opend/label_Kidz Wear' is clicked on

2019-03-21 09:54:40 - [TEST_STEP][PASSED] - delay(5): Delayed 5 second(s)

2019-03-21 09:54:45 - [MESSAGE][PASSED] - Delayed 5 second(s)

2019-03-21 09:54:45 - [TEST_STEP][PASSED] - click(findTestObject("newidsfromspy/Page_Opend/AIselectbtn")): Object: 'Object Repository/newidsfromspy/Page_Opend/AIselectbtn' is clicked on

2019-03-21 09:54:45 - [MESSAGE][PASSED] - Object: 'Object Repository/newidsfromspy/Page_Opend/AIselectbtn' is clicked on

2019-03-21 09:54:45 - [TEST_STEP][PASSED] - delay(3): Delayed 3 second(s)

2019-03-21 09:54:48 - [MESSAGE][PASSED] - Delayed 3 second(s)

2019-03-21 09:54:48 - [TEST_STEP][PASSED] - setText(findTestObject("NEWSPYIDS/Page_Opend/input_CPO price_cplprice"), "2"): Text '2' is set on object 'Object Repository/NEWSPYIDS/Page_Opend/input_CPO price_cplprice'

2019-03-21 09:54:48 - [MESSAGE][PASSED] - Text '2' is set on object 'Object Repository/NEWSPYIDS/Page_Opend/input_CPO price_cplprice'

2019-03-21 09:54:48 - [TEST_STEP][PASSED] - delay(2): Delayed 2 second(s)

2019-03-21 09:54:50 - [MESSAGE][PASSED] - Delayed 2 second(s)

2019-03-21 09:54:50 - [TEST_STEP][PASSED] - click(findTestObject("newidsfromspy/Page_Opend/input_Select Publisher_validat")): Object: 'Object Repository/newidsfromspy/Page_Opend/input_Select Publisher_validat' is clicked on

2019-03-21 09:54:51 - [MESSAGE][PASSED] - Object: 'Object Repository/newidsfromspy/Page_Opend/input_Select Publisher_validat' is clicked on

2019-03-21 09:54:51 - [TEST_STEP][PASSED] - delay(3): Delayed 3 second(s)

2019-03-21 09:54:54 - [MESSAGE][PASSED] - Delayed 3 second(s)

2019-03-21 09:54:54 - [TEST_STEP][PASSED] - click(findTestObject("Object Repository/NEWOPENDCPM/Page_Opend/label_Jack")): Object: 'Object Repository/NEWOPENDCPM/Page_Opend/label_Jack' is clicked on

2019-03-21 09:54:54 - [MESSAGE][PASSED] - Object: 'Object Repository/NEWOPENDCPM/Page_Opend/label_Jack' is clicked on

2019-03-21 09:54:54 - [TEST_STEP][PASSED] - delay(3): Delayed 3 second(s)

2019-03-21 09:54:57 - [MESSAGE][PASSED] - Delayed 3 second(s)

2019-03-21 09:54:57 - [TEST_STEP][PASSED] - click(findTestObject("newidsfromspy/Page_Opend/Pubselectbtn")): Object: 'Object Repository/newidsfromspy/Page_Opend/Pubselectbtn' is clicked on

2019-03-21 09:54:57 - [MESSAGE][PASSED] - Object: 'Object Repository/newidsfromspy/Page_Opend/Pubselectbtn' is clicked on

2019-03-21 09:54:57 - [TEST_STEP][PASSED] - delay(3): Delayed 3 second(s)

2019-03-21 09:55:00 - [MESSAGE][PASSED] - Delayed 3 second(s)

2019-03-21 09:55:00 - [TEST_STEP][PASSED] - click(findTestObject("NEWSPYIDS/Page_Opend/label_Normal charges")): Object: 'Object Repository/NEWSPYIDS/Page_Opend/label_Normal charges' is clicked on

2019-03-21 09:55:00 - [MESSAGE][PASSED] - Object: 'Object Repository/NEWSPYIDS/Page_Opend/label_Normal charges' is clicked on

2019-03-21 09:55:00 - [TEST_STEP][PASSED] - delay(1): Delayed 1 second(s)

2019-03-21 09:55:01 - [MESSAGE][PASSED] - Delayed 1 second(s)

2019-03-21 09:55:01 - [TEST_STEP][PASSED] - setText(findTestObject("NEWSPYIDS/Page_Opend/input_CPO Payout Price_payout_"), "1"): Text '1' is set on object 'Object Repository/NEWSPYIDS/Page_Opend/input_CPO Payout Price_payout_'

2019-03-21 09:55:01 - [MESSAGE][PASSED] - Text '1' is set on object 'Object Repository/NEWSPYIDS/Page_Opend/input_CPO Payout Price_payout_'

2019-03-21 09:55:01 - [TEST_STEP][PASSED] - delay(5): Delayed 5 second(s)

2019-03-21 09:55:06 - [MESSAGE][PASSED] - Delayed 5 second(s)

2019-03-21 09:55:06 - [TEST_STEP][PASSED] - click(findTestObject("Object Repository/NEWOPENDCPM/Page_Opend/button_Proceed")): Object: 'Object Repository/NEWOPENDCPM/Page_Opend/button_Proceed' is clicked on

2019-03-21 09:55:07 - [MESSAGE][PASSED] - Object: 'Object Repository/NEWOPENDCPM/Page_Opend/button_Proceed' is clicked on

2019-03-21 09:55:07 - [TEST_STEP][PASSED] - delay(5): Delayed 5 second(s)

2019-03-21 09:55:12 - [MESSAGE][PASSED] - Delayed 5 second(s)

2019-03-21 09:55:12 - [TEST_STEP][PASSED] - click(findTestObject("NEWSPYIDS/Page_Opend/label_AB Split")): Object: 'Object Repository/NEWSPYIDS/Page_Opend/label_AB Split' is clicked on

2019-03-21 09:55:13 - [MESSAGE][PASSED] - Object: 'Object Repository/NEWSPYIDS/Page_Opend/label_AB Split' is clicked on

2019-03-21 09:55:13 - [TEST_STEP][PASSED] - delay(2): Delayed 2 second(s)

2019-03-21 09:55:15 - [MESSAGE][PASSED] - Delayed 2 second(s)

2019-03-21 09:55:15 - [TEST_STEP][PASSED] - setText(findTestObject("Object Repository/NEWOPENDCPM/Page_Opend/input_Subject Line_subjectone"), "GOOD AFTERNOON "): Text 'GOOD AFTERNOON ' is set on object 'Object Repository/NEWOPENDCPM/Page_Opend/input_Subject Line_subjectone'

2019-03-21 09:55:15 - [MESSAGE][PASSED] - Text 'GOOD AFTERNOON ' is set on object 'Object Repository/NEWOPENDCPM/Page_Opend/input_Subject Line_subjectone'

2019-03-21 09:55:15 - [TEST_STEP][PASSED] - delay(2): Delayed 2 second(s)

2019-03-21 09:55:17 - [MESSAGE][PASSED] - Delayed 2 second(s)

2019-03-21 09:55:17 - [TEST_STEP][PASSED] - setText(findTestObject("NEWSPYIDS/Page_Opend/input_Subject Line 2_subject2"), "GOOD AFTERNOON TA"): Text 'GOOD AFTERNOON TA' is set on object 'Object Repository/NEWSPYIDS/Page_Opend/input_Subject Line 2_subject2'

2019-03-21 09:55:17 - [MESSAGE][PASSED] - Text 'GOOD AFTERNOON TA' is set on object 'Object Repository/NEWSPYIDS/Page_Opend/input_Subject Line 2_subject2'

2019-03-21 09:55:17 - [TEST_STEP][PASSED] - delay(5): Delayed 5 second(s)

2019-03-21 09:55:22 - [MESSAGE][PASSED] - Delayed 5 second(s)

2019-03-21 09:55:22 - [TEST_STEP][PASSED] - click(findTestObject("newidsfromspy/Page_Opend/input_From Creatives_uploadBtn")): Object: 'Object Repository/newidsfromspy/Page_Opend/input_From Creatives_uploadBtn' is clicked on

2019-03-21 09:55:23 - [MESSAGE][PASSED] - Object: 'Object Repository/newidsfromspy/Page_Opend/input_From Creatives_uploadBtn' is clicked on

2019-03-21 09:55:23 - [TEST_STEP][PASSED] - delay(5): Delayed 5 second(s)

2019-03-21 09:55:28 - [MESSAGE][PASSED] - Delayed 5 second(s)

2019-03-21 09:55:28 - [TEST_STEP][PASSED] - click(findTestObject("Object Repository/NEWOPENDCPM/Page_Opend/button_Select")): Object: 'Object Repository/NEWOPENDCPM/Page_Opend/button_Select' is clicked on

2019-03-21 09:55:28 - [MESSAGE][PASSED] - Object: 'Object Repository/NEWOPENDCPM/Page_Opend/button_Select' is clicked on

2019-03-21 09:55:28 - [TEST_STEP][PASSED] - delay(5): Delayed 5 second(s)

2019-03-21 09:55:33 - [MESSAGE][PASSED] - Delayed 5 second(s)

2019-03-21 09:55:33 - [TEST_STEP][PASSED] - click(findTestObject("NEWOPENDCPM/Step2prcdbtn")): Object: 'Object Repository/NEWOPENDCPM/Step2prcdbtn' is clicked on

2019-03-21 09:55:34 - [MESSAGE][PASSED] - Object: 'Object Repository/NEWOPENDCPM/Step2prcdbtn' is clicked on

2019-03-21 09:55:34 - [TEST_STEP][PASSED] - delay(5): Delayed 5 second(s)

2019-03-21 09:55:39 - [MESSAGE][PASSED] - Delayed 5 second(s)

2019-03-21 09:55:39 - [TEST_STEP][PASSED] - click(findTestObject("NEWOPENDCPM/step3prcdbrn")): Object: 'Object Repository/NEWOPENDCPM/step3prcdbrn' is clicked on

2019-03-21 09:55:39 - [MESSAGE][PASSED] - Object: 'Object Repository/NEWOPENDCPM/step3prcdbrn' is clicked on

2019-03-21 09:55:39 - [TEST_STEP][PASSED] - delay(5): Delayed 5 second(s)

2019-03-21 09:55:44 - [MESSAGE][PASSED] - Delayed 5 second(s)

2019-03-21 09:55:44 - [TEST_STEP][PASSED] - setText(findTestObject("NEWSPYIDS/subjctprct1"), "50"): Text '50' is set on object 'Object Repository/NEWSPYIDS/subjctprct1'

2019-03-21 09:55:44 - [MESSAGE][PASSED] - Text '50' is set on object 'Object Repository/NEWSPYIDS/subjctprct1'

2019-03-21 09:55:44 - [TEST_STEP][PASSED] - delay(2): Delayed 2 second(s)

2019-03-21 09:55:46 - [MESSAGE][PASSED] - Delayed 2 second(s)

2019-03-21 09:55:46 - [TEST_STEP][PASSED] - setText(findTestObject("NEWSPYIDS/subjectprct2"), "50"): Text '50' is set on object 'Object Repository/NEWSPYIDS/subjectprct2'

2019-03-21 09:55:46 - [MESSAGE][PASSED] - Text '50' is set on object 'Object Repository/NEWSPYIDS/subjectprct2'

2019-03-21 09:55:46 - [TEST_STEP][PASSED] - delay(2): Delayed 2 second(s)

2019-03-21 09:55:48 - [MESSAGE][PASSED] - Delayed 2 second(s)

2019-03-21 09:55:48 - [TEST_STEP][NOT_RUN] - click(findTestObject("NEWOPENDCPM/Startcampbtn")): NOT_RUN: click(findTestObject("NEWOPENDCPM/Startcampbtn"))

2019-03-21 09:55:48 - [MESSAGE][NOT_RUN] - NOT_RUN: click(findTestObject("NEWOPENDCPM/Startcampbtn"))

2019-03-21 09:55:48 - [TEST_STEP][PASSED] - delay(5): Delayed 5 second(s)

2019-03-21 09:55:53 - [MESSAGE][PASSED] - Delayed 5 second(s)

2019-03-21 09:55:53 - [TEST_STEP][PASSED] - closeBrowser(): Browser is closed

2019-03-21 09:55:55 - [MESSAGE][PASSED] - Browser is closed]]></system-out>
         <system-err><![CDATA[]]></system-err>
      </testcase>
      <testcase name="Test Cases/CPL WITH AB SPLIT" classname="Test Cases/CPL WITH AB SPLIT" status="PASSED">
         <system-out><![CDATA[2019-03-21 09:55:55 - [TEST_CASE][PASSED] - Test Cases/CPL WITH AB SPLIT: Test Cases/CPL WITH AB SPLIT

2019-03-21 09:55:56 - [TEST_STEP][PASSED] - openBrowser(""): Browser is opened with url: ''

2019-03-21 09:55:56 - [MESSAGE][INFO] - Starting 'Firefox' driver

2019-03-21 09:56:02 - [MESSAGE][PASSED] - Browser is opened with url: ''

2019-03-21 09:56:02 - [TEST_STEP][PASSED] - navigateToUrl("http://campaignsopend.techactive.tk/#/admin_login"): Navigate to 'http://campaignsopend.techactive.tk/#/admin_login' successfully

2019-03-21 09:56:05 - [MESSAGE][PASSED] - Navigate to 'http://campaignsopend.techactive.tk/#/admin_login' successfully

2019-03-21 09:56:05 - [TEST_STEP][PASSED] - setText(findTestObject("Object Repository/NEWOPENDCPM/Page_Opend/input_Admin Login_email_id"), "admin@opend.com"): Text 'admin@opend.com' is set on object 'Object Repository/NEWOPENDCPM/Page_Opend/input_Admin Login_email_id'

2019-03-21 09:56:06 - [MESSAGE][PASSED] - Text 'admin@opend.com' is set on object 'Object Repository/NEWOPENDCPM/Page_Opend/input_Admin Login_email_id'

2019-03-21 09:56:06 - [TEST_STEP][PASSED] - setEncryptedText(findTestObject("Object Repository/NEWOPENDCPM/Page_Opend/input_Admin Login_password"), "4nvbrPglk7k="): Text ****** has been set on object 'Object Repository/NEWOPENDCPM/Page_Opend/input_Admin Login_password'

2019-03-21 09:56:06 - [MESSAGE][PASSED] - Text ****** has been set on object 'Object Repository/NEWOPENDCPM/Page_Opend/input_Admin Login_password'

2019-03-21 09:56:06 - [TEST_STEP][PASSED] - click(findTestObject("Object Repository/NEWOPENDCPM/Page_Opend/button_Sign In")): Object: 'Object Repository/NEWOPENDCPM/Page_Opend/button_Sign In' is clicked on

2019-03-21 09:56:07 - [MESSAGE][PASSED] - Object: 'Object Repository/NEWOPENDCPM/Page_Opend/button_Sign In' is clicked on

2019-03-21 09:56:07 - [TEST_STEP][PASSED] - delay(5): Delayed 5 second(s)

2019-03-21 09:56:12 - [MESSAGE][PASSED] - Delayed 5 second(s)

2019-03-21 09:56:12 - [TEST_STEP][PASSED] - click(findTestObject("Object Repository/NEWOPENDCPM/Page_Opend/a_Campaigns")): Object: 'Object Repository/NEWOPENDCPM/Page_Opend/a_Campaigns' is clicked on

2019-03-21 09:56:12 - [MESSAGE][PASSED] - Object: 'Object Repository/NEWOPENDCPM/Page_Opend/a_Campaigns' is clicked on

2019-03-21 09:56:12 - [TEST_STEP][PASSED] - delay(5): Delayed 5 second(s)

2019-03-21 09:56:17 - [MESSAGE][PASSED] - Delayed 5 second(s)

2019-03-21 09:56:17 - [TEST_STEP][PASSED] - click(findTestObject("Object Repository/NEWOPENDCPM/Page_Opend/a_Start New Campaign")): Object: 'Object Repository/NEWOPENDCPM/Page_Opend/a_Start New Campaign' is clicked on

2019-03-21 09:56:17 - [MESSAGE][PASSED] - Object: 'Object Repository/NEWOPENDCPM/Page_Opend/a_Start New Campaign' is clicked on

2019-03-21 09:56:17 - [TEST_STEP][PASSED] - delay(5): Delayed 5 second(s)

2019-03-21 09:56:22 - [MESSAGE][PASSED] - Delayed 5 second(s)

2019-03-21 09:56:22 - [TEST_STEP][PASSED] - selectOptionByValue(findTestObject("Object Repository/NEWOPENDCPM/Page_Opend/select_Please Select Advertise"), "2", true): All options with value '2' are selected in object 'Object Repository/NEWOPENDCPM/Page_Opend/select_Please Select Advertise'  using regular expression

2019-03-21 09:56:23 - [MESSAGE][PASSED] - All options with value '2' are selected in object 'Object Repository/NEWOPENDCPM/Page_Opend/select_Please Select Advertise'  using regular expression

2019-03-21 09:56:23 - [TEST_STEP][PASSED] - delay(3): Delayed 3 second(s)

2019-03-21 09:56:26 - [MESSAGE][PASSED] - Delayed 3 second(s)

2019-03-21 09:56:26 - [TEST_STEP][PASSED] - setText(findTestObject("Object Repository/NEWOPENDCPM/Page_Opend/input_Campaign Name_camp_name_"), "CPL WITH A/B SPLIT CAMPAIGN "): Text 'CPL WITH A/B SPLIT CAMPAIGN ' is set on object 'Object Repository/NEWOPENDCPM/Page_Opend/input_Campaign Name_camp_name_'

2019-03-21 09:56:26 - [MESSAGE][PASSED] - Text 'CPL WITH A/B SPLIT CAMPAIGN ' is set on object 'Object Repository/NEWOPENDCPM/Page_Opend/input_Campaign Name_camp_name_'

2019-03-21 09:56:26 - [TEST_STEP][PASSED] - delay(2): Delayed 2 second(s)

2019-03-21 09:56:28 - [MESSAGE][PASSED] - Delayed 2 second(s)

2019-03-21 09:56:28 - [TEST_STEP][PASSED] - click(findTestObject("Object Repository/NEWOPENDCPM/Page_Opend/label_Normal charges")): Object: 'Object Repository/NEWOPENDCPM/Page_Opend/label_Normal charges' is clicked on

2019-03-21 09:56:29 - [MESSAGE][PASSED] - Object: 'Object Repository/NEWOPENDCPM/Page_Opend/label_Normal charges' is clicked on

2019-03-21 09:56:29 - [TEST_STEP][PASSED] - click(findTestObject("NEWSPYIDS/Page_Opend/label_CPL")): Object: 'Object Repository/NEWSPYIDS/Page_Opend/label_CPL' is clicked on

2019-03-21 09:56:29 - [MESSAGE][PASSED] - Object: 'Object Repository/NEWSPYIDS/Page_Opend/label_CPL' is clicked on

2019-03-21 09:56:29 - [TEST_STEP][PASSED] - delay(2): Delayed 2 second(s)

2019-03-21 09:56:31 - [MESSAGE][PASSED] - Delayed 2 second(s)

2019-03-21 09:56:31 - [TEST_STEP][PASSED] - selectOptionByValue(findTestObject("Object Repository/NEWOPENDCPM/Page_Opend/select_Please Select Audience"), "2", true): All options with value '2' are selected in object 'Object Repository/NEWOPENDCPM/Page_Opend/select_Please Select Audience'  using regular expression

2019-03-21 09:56:32 - [MESSAGE][PASSED] - All options with value '2' are selected in object 'Object Repository/NEWOPENDCPM/Page_Opend/select_Please Select Audience'  using regular expression

2019-03-21 09:56:32 - [TEST_STEP][PASSED] - delay(3): Delayed 3 second(s)

2019-03-21 09:56:35 - [MESSAGE][PASSED] - Delayed 3 second(s)

2019-03-21 09:56:35 - [TEST_STEP][PASSED] - click(findTestObject("newidsfromspy/Page_Opend/input_Campaign Category_valida")): Object: 'Object Repository/newidsfromspy/Page_Opend/input_Campaign Category_valida' is clicked on

2019-03-21 09:56:35 - [MESSAGE][PASSED] - Object: 'Object Repository/newidsfromspy/Page_Opend/input_Campaign Category_valida' is clicked on

2019-03-21 09:56:35 - [TEST_STEP][PASSED] - delay(3): Delayed 3 second(s)

2019-03-21 09:56:38 - [MESSAGE][PASSED] - Delayed 3 second(s)

2019-03-21 09:56:38 - [TEST_STEP][PASSED] - click(findTestObject("newidsfromspy/Page_Opend/label_fashion")): Object: 'Object Repository/newidsfromspy/Page_Opend/label_fashion' is clicked on

2019-03-21 09:56:38 - [MESSAGE][PASSED] - Object: 'Object Repository/newidsfromspy/Page_Opend/label_fashion' is clicked on

2019-03-21 09:56:38 - [TEST_STEP][PASSED] - delay(3): Delayed 3 second(s)

2019-03-21 09:56:41 - [MESSAGE][PASSED] - Delayed 3 second(s)

2019-03-21 09:56:41 - [TEST_STEP][PASSED] - click(findTestObject("Object Repository/NEWOPENDCPM/Page_Opend/button_Select")): Object: 'Object Repository/NEWOPENDCPM/Page_Opend/button_Select' is clicked on

2019-03-21 09:56:41 - [MESSAGE][PASSED] - Object: 'Object Repository/NEWOPENDCPM/Page_Opend/button_Select' is clicked on

2019-03-21 09:56:41 - [TEST_STEP][PASSED] - delay(3): Delayed 3 second(s)

2019-03-21 09:56:44 - [MESSAGE][PASSED] - Delayed 3 second(s)

2019-03-21 09:56:44 - [TEST_STEP][PASSED] - click(findTestObject("newidsfromspy/Page_Opend/input_Audience Interests_valid")): Object: 'Object Repository/newidsfromspy/Page_Opend/input_Audience Interests_valid' is clicked on

2019-03-21 09:56:45 - [MESSAGE][PASSED] - Object: 'Object Repository/newidsfromspy/Page_Opend/input_Audience Interests_valid' is clicked on

2019-03-21 09:56:45 - [TEST_STEP][PASSED] - delay(3): Delayed 3 second(s)

2019-03-21 09:56:48 - [MESSAGE][PASSED] - Delayed 3 second(s)

2019-03-21 09:56:48 - [TEST_STEP][PASSED] - click(findTestObject("newidsfromspy/Page_Opend/label_Party wear")): Object: 'Object Repository/newidsfromspy/Page_Opend/label_Party wear' is clicked on

2019-03-21 09:56:48 - [MESSAGE][PASSED] - Object: 'Object Repository/newidsfromspy/Page_Opend/label_Party wear' is clicked on

2019-03-21 09:56:48 - [TEST_STEP][PASSED] - delay(2): Delayed 2 second(s)

2019-03-21 09:56:50 - [MESSAGE][PASSED] - Delayed 2 second(s)

2019-03-21 09:56:50 - [TEST_STEP][PASSED] - click(findTestObject("newidsfromspy/Page_Opend/label_Kidz Wear")): Object: 'Object Repository/newidsfromspy/Page_Opend/label_Kidz Wear' is clicked on

2019-03-21 09:56:50 - [MESSAGE][PASSED] - Object: 'Object Repository/newidsfromspy/Page_Opend/label_Kidz Wear' is clicked on

2019-03-21 09:56:50 - [TEST_STEP][PASSED] - delay(5): Delayed 5 second(s)

2019-03-21 09:56:55 - [MESSAGE][PASSED] - Delayed 5 second(s)

2019-03-21 09:56:55 - [TEST_STEP][PASSED] - click(findTestObject("newidsfromspy/Page_Opend/AIselectbtn")): Object: 'Object Repository/newidsfromspy/Page_Opend/AIselectbtn' is clicked on

2019-03-21 09:56:56 - [MESSAGE][PASSED] - Object: 'Object Repository/newidsfromspy/Page_Opend/AIselectbtn' is clicked on

2019-03-21 09:56:56 - [TEST_STEP][PASSED] - delay(3): Delayed 3 second(s)

2019-03-21 09:56:59 - [MESSAGE][PASSED] - Delayed 3 second(s)

2019-03-21 09:56:59 - [TEST_STEP][PASSED] - setText(findTestObject("NEWSPYIDS/Page_Opend/input_CPL price_cplprice"), "2"): Text '2' is set on object 'Object Repository/NEWSPYIDS/Page_Opend/input_CPL price_cplprice'

2019-03-21 09:56:59 - [MESSAGE][PASSED] - Text '2' is set on object 'Object Repository/NEWSPYIDS/Page_Opend/input_CPL price_cplprice'

2019-03-21 09:56:59 - [TEST_STEP][PASSED] - delay(2): Delayed 2 second(s)

2019-03-21 09:57:01 - [MESSAGE][PASSED] - Delayed 2 second(s)

2019-03-21 09:57:01 - [TEST_STEP][PASSED] - click(findTestObject("newidsfromspy/Page_Opend/input_Select Publisher_validat")): Object: 'Object Repository/newidsfromspy/Page_Opend/input_Select Publisher_validat' is clicked on

2019-03-21 09:57:01 - [MESSAGE][PASSED] - Object: 'Object Repository/newidsfromspy/Page_Opend/input_Select Publisher_validat' is clicked on

2019-03-21 09:57:01 - [TEST_STEP][PASSED] - delay(3): Delayed 3 second(s)

2019-03-21 09:57:04 - [MESSAGE][PASSED] - Delayed 3 second(s)

2019-03-21 09:57:04 - [TEST_STEP][PASSED] - click(findTestObject("Object Repository/NEWOPENDCPM/Page_Opend/label_Jack")): Object: 'Object Repository/NEWOPENDCPM/Page_Opend/label_Jack' is clicked on

2019-03-21 09:57:04 - [MESSAGE][PASSED] - Object: 'Object Repository/NEWOPENDCPM/Page_Opend/label_Jack' is clicked on

2019-03-21 09:57:04 - [TEST_STEP][PASSED] - delay(3): Delayed 3 second(s)

2019-03-21 09:57:07 - [MESSAGE][PASSED] - Delayed 3 second(s)

2019-03-21 09:57:07 - [TEST_STEP][PASSED] - click(findTestObject("newidsfromspy/Page_Opend/Pubselectbtn")): Object: 'Object Repository/newidsfromspy/Page_Opend/Pubselectbtn' is clicked on

2019-03-21 09:57:08 - [MESSAGE][PASSED] - Object: 'Object Repository/newidsfromspy/Page_Opend/Pubselectbtn' is clicked on

2019-03-21 09:57:08 - [TEST_STEP][PASSED] - delay(3): Delayed 3 second(s)

2019-03-21 09:57:11 - [MESSAGE][PASSED] - Delayed 3 second(s)

2019-03-21 09:57:11 - [TEST_STEP][PASSED] - click(findTestObject("NEWSPYIDS/Page_Opend/label_Normal charges")): Object: 'Object Repository/NEWSPYIDS/Page_Opend/label_Normal charges' is clicked on

2019-03-21 09:57:11 - [MESSAGE][PASSED] - Object: 'Object Repository/NEWSPYIDS/Page_Opend/label_Normal charges' is clicked on

2019-03-21 09:57:11 - [TEST_STEP][PASSED] - delay(1): Delayed 1 second(s)

2019-03-21 09:57:12 - [MESSAGE][PASSED] - Delayed 1 second(s)

2019-03-21 09:57:12 - [TEST_STEP][PASSED] - setText(findTestObject("NEWSPYIDS/Page_Opend/input_CPL Payout Price_payout_"), "1"): Text '1' is set on object 'Object Repository/NEWSPYIDS/Page_Opend/input_CPL Payout Price_payout_'

2019-03-21 09:57:12 - [MESSAGE][PASSED] - Text '1' is set on object 'Object Repository/NEWSPYIDS/Page_Opend/input_CPL Payout Price_payout_'

2019-03-21 09:57:12 - [TEST_STEP][PASSED] - delay(5): Delayed 5 second(s)

2019-03-21 09:57:17 - [MESSAGE][PASSED] - Delayed 5 second(s)

2019-03-21 09:57:17 - [TEST_STEP][PASSED] - click(findTestObject("Object Repository/NEWOPENDCPM/Page_Opend/button_Proceed")): Object: 'Object Repository/NEWOPENDCPM/Page_Opend/button_Proceed' is clicked on

2019-03-21 09:57:18 - [MESSAGE][PASSED] - Object: 'Object Repository/NEWOPENDCPM/Page_Opend/button_Proceed' is clicked on

2019-03-21 09:57:18 - [TEST_STEP][PASSED] - delay(5): Delayed 5 second(s)

2019-03-21 09:57:23 - [MESSAGE][PASSED] - Delayed 5 second(s)

2019-03-21 09:57:23 - [TEST_STEP][PASSED] - click(findTestObject("NEWSPYIDS/Page_Opend/label_AB Split")): Object: 'Object Repository/NEWSPYIDS/Page_Opend/label_AB Split' is clicked on

2019-03-21 09:57:23 - [MESSAGE][PASSED] - Object: 'Object Repository/NEWSPYIDS/Page_Opend/label_AB Split' is clicked on

2019-03-21 09:57:23 - [TEST_STEP][PASSED] - delay(2): Delayed 2 second(s)

2019-03-21 09:57:25 - [MESSAGE][PASSED] - Delayed 2 second(s)

2019-03-21 09:57:25 - [TEST_STEP][PASSED] - setText(findTestObject("Object Repository/NEWOPENDCPM/Page_Opend/input_Subject Line_subjectone"), "GOOD AFTERNOON "): Text 'GOOD AFTERNOON ' is set on object 'Object Repository/NEWOPENDCPM/Page_Opend/input_Subject Line_subjectone'

2019-03-21 09:57:26 - [MESSAGE][PASSED] - Text 'GOOD AFTERNOON ' is set on object 'Object Repository/NEWOPENDCPM/Page_Opend/input_Subject Line_subjectone'

2019-03-21 09:57:26 - [TEST_STEP][PASSED] - delay(2): Delayed 2 second(s)

2019-03-21 09:57:28 - [MESSAGE][PASSED] - Delayed 2 second(s)

2019-03-21 09:57:28 - [TEST_STEP][PASSED] - setText(findTestObject("NEWSPYIDS/Page_Opend/input_Subject Line 2_subject2"), "GOOD AFTERNOON TA"): Text 'GOOD AFTERNOON TA' is set on object 'Object Repository/NEWSPYIDS/Page_Opend/input_Subject Line 2_subject2'

2019-03-21 09:57:28 - [MESSAGE][PASSED] - Text 'GOOD AFTERNOON TA' is set on object 'Object Repository/NEWSPYIDS/Page_Opend/input_Subject Line 2_subject2'

2019-03-21 09:57:28 - [TEST_STEP][PASSED] - delay(5): Delayed 5 second(s)

2019-03-21 09:57:33 - [MESSAGE][PASSED] - Delayed 5 second(s)

2019-03-21 09:57:33 - [TEST_STEP][PASSED] - click(findTestObject("newidsfromspy/Page_Opend/input_From Creatives_uploadBtn")): Object: 'Object Repository/newidsfromspy/Page_Opend/input_From Creatives_uploadBtn' is clicked on

2019-03-21 09:57:33 - [MESSAGE][PASSED] - Object: 'Object Repository/newidsfromspy/Page_Opend/input_From Creatives_uploadBtn' is clicked on

2019-03-21 09:57:33 - [TEST_STEP][PASSED] - delay(5): Delayed 5 second(s)

2019-03-21 09:57:38 - [MESSAGE][PASSED] - Delayed 5 second(s)

2019-03-21 09:57:38 - [TEST_STEP][PASSED] - click(findTestObject("Object Repository/NEWOPENDCPM/Page_Opend/button_Select")): Object: 'Object Repository/NEWOPENDCPM/Page_Opend/button_Select' is clicked on

2019-03-21 09:57:38 - [MESSAGE][PASSED] - Object: 'Object Repository/NEWOPENDCPM/Page_Opend/button_Select' is clicked on

2019-03-21 09:57:38 - [TEST_STEP][PASSED] - delay(5): Delayed 5 second(s)

2019-03-21 09:57:43 - [MESSAGE][PASSED] - Delayed 5 second(s)

2019-03-21 09:57:43 - [TEST_STEP][PASSED] - click(findTestObject("NEWOPENDCPM/Step2prcdbtn")): Object: 'Object Repository/NEWOPENDCPM/Step2prcdbtn' is clicked on

2019-03-21 09:57:44 - [MESSAGE][PASSED] - Object: 'Object Repository/NEWOPENDCPM/Step2prcdbtn' is clicked on

2019-03-21 09:57:44 - [TEST_STEP][PASSED] - delay(5): Delayed 5 second(s)

2019-03-21 09:57:49 - [MESSAGE][PASSED] - Delayed 5 second(s)

2019-03-21 09:57:49 - [TEST_STEP][PASSED] - click(findTestObject("NEWOPENDCPM/step3prcdbrn")): Object: 'Object Repository/NEWOPENDCPM/step3prcdbrn' is clicked on

2019-03-21 09:57:50 - [MESSAGE][PASSED] - Object: 'Object Repository/NEWOPENDCPM/step3prcdbrn' is clicked on

2019-03-21 09:57:50 - [TEST_STEP][PASSED] - delay(5): Delayed 5 second(s)

2019-03-21 09:57:55 - [MESSAGE][PASSED] - Delayed 5 second(s)

2019-03-21 09:57:55 - [TEST_STEP][PASSED] - setText(findTestObject("NEWSPYIDS/subjctprct1"), "50"): Text '50' is set on object 'Object Repository/NEWSPYIDS/subjctprct1'

2019-03-21 09:57:55 - [MESSAGE][PASSED] - Text '50' is set on object 'Object Repository/NEWSPYIDS/subjctprct1'

2019-03-21 09:57:55 - [TEST_STEP][PASSED] - delay(2): Delayed 2 second(s)

2019-03-21 09:57:57 - [MESSAGE][PASSED] - Delayed 2 second(s)

2019-03-21 09:57:57 - [TEST_STEP][PASSED] - setText(findTestObject("NEWSPYIDS/subjectprct2"), "50"): Text '50' is set on object 'Object Repository/NEWSPYIDS/subjectprct2'

2019-03-21 09:57:57 - [MESSAGE][PASSED] - Text '50' is set on object 'Object Repository/NEWSPYIDS/subjectprct2'

2019-03-21 09:57:57 - [TEST_STEP][PASSED] - delay(2): Delayed 2 second(s)

2019-03-21 09:57:59 - [MESSAGE][PASSED] - Delayed 2 second(s)

2019-03-21 09:57:59 - [TEST_STEP][NOT_RUN] - click(findTestObject("NEWOPENDCPM/Startcampbtn")): NOT_RUN: click(findTestObject("NEWOPENDCPM/Startcampbtn"))

2019-03-21 09:57:59 - [MESSAGE][NOT_RUN] - NOT_RUN: click(findTestObject("NEWOPENDCPM/Startcampbtn"))

2019-03-21 09:57:59 - [TEST_STEP][PASSED] - delay(5): Delayed 5 second(s)

2019-03-21 09:58:04 - [MESSAGE][PASSED] - Delayed 5 second(s)

2019-03-21 09:58:04 - [TEST_STEP][PASSED] - closeBrowser(): Browser is closed

2019-03-21 09:58:04 - [MESSAGE][PASSED] - Browser is closed]]></system-out>
         <system-err><![CDATA[]]></system-err>
      </testcase>
      <system-out><![CDATA[2019-03-21 09:51:36 - [TEST_SUITE][PASSED] - TEST SUITE 2: Test Cases/CPL WITH AB SPLIT]]></system-out>
      <system-err><![CDATA[]]></system-err>
   </testsuite>
</testsuites>
