<?xml version="1.0" encoding="UTF-8"?>
<testsuites name="TEST SUITE 2" time="382" tests="3" failures="0" errors="0">
   <testsuite name="TEST SUITE 2" tests="3" failures="0" errors="0" time="382" timestamp="2019-03-19 09:54:26" hostname="activemac05 - activemc05simac" id="Test Suites/TEST SUITE 2">
      <properties>
         <property name="deviceName" value=""/>
         <property name="devicePlatform" value=""/>
         <property name="logFolder" value="/Users/activemac05/git/KATALONOPENDPROJECT1/Reports/TEST SUITE 2/20190319_094801"/>
         <property name="logFiles" value="/Users/activemac05/git/KATALONOPENDPROJECT1/Reports/TEST SUITE 2/20190319_094801/execution0.log"/>
         <property name="attachments" value=""/>
         <property name="hostName" value="activemac05 - activemc05simac"/>
         <property name="os" value="Mac OS X 64bit"/>
         <property name="katalonVersion" value="5.10.1.1"/>
         <property name="browser" value="Firefox 65.0"/>
         <property name="hostAddress" value="192.168.1.135"/>
         <property name="sessionId" value="851c66ec-a732-d14e-94c1-61f037623eb0"/>
         <property name="seleniumVersion" value="3.7.1"/>
         <property name="proxyInformation" value="ProxyInformation{proxyOption=NO_PROXY, proxyServerType=HTTP, password=, proxyServerAddress=, proxyServerPort=0}"/>
         <property name="platform" value="Mac OS X"/>
      </properties>
      <testcase name="Test Cases/CPM WITH AB SPLIT" classname="Test Cases/CPM WITH AB SPLIT" status="PASSED">
         <system-out><![CDATA[2019-03-19 09:54:27 - [TEST_CASE][PASSED] - Test Cases/CPM WITH AB SPLIT: Test Cases/CPM WITH AB SPLIT

2019-03-19 09:54:27 - [TEST_STEP][PASSED] - openBrowser(""): Browser is opened with url: ''

2019-03-19 09:54:29 - [MESSAGE][INFO] - Starting 'Firefox' driver

2019-03-19 09:54:29 - [MESSAGE][INFO] - Action delay is set to 0 seconds

2019-03-19 09:54:35 - [MESSAGE][PASSED] - Browser is opened with url: ''

2019-03-19 09:54:35 - [TEST_STEP][PASSED] - navigateToUrl("http://campaignsopend.techactive.tk/#/admin_login"): Navigate to 'http://campaignsopend.techactive.tk/#/admin_login' successfully

2019-03-19 09:54:37 - [MESSAGE][PASSED] - Navigate to 'http://campaignsopend.techactive.tk/#/admin_login' successfully

2019-03-19 09:54:37 - [TEST_STEP][PASSED] - setText(findTestObject("Object Repository/NEWOPENDCPM/Page_Opend/input_Admin Login_email_id"), "admin@opend.com"): Text 'admin@opend.com' is set on object 'Object Repository/NEWOPENDCPM/Page_Opend/input_Admin Login_email_id'

2019-03-19 09:54:39 - [MESSAGE][PASSED] - Text 'admin@opend.com' is set on object 'Object Repository/NEWOPENDCPM/Page_Opend/input_Admin Login_email_id'

2019-03-19 09:54:39 - [TEST_STEP][PASSED] - setEncryptedText(findTestObject("Object Repository/NEWOPENDCPM/Page_Opend/input_Admin Login_password"), "4nvbrPglk7k="): Text ****** has been set on object 'Object Repository/NEWOPENDCPM/Page_Opend/input_Admin Login_password'

2019-03-19 09:54:39 - [MESSAGE][PASSED] - Text ****** has been set on object 'Object Repository/NEWOPENDCPM/Page_Opend/input_Admin Login_password'

2019-03-19 09:54:39 - [TEST_STEP][PASSED] - click(findTestObject("Object Repository/NEWOPENDCPM/Page_Opend/button_Sign In")): Object: 'Object Repository/NEWOPENDCPM/Page_Opend/button_Sign In' is clicked on

2019-03-19 09:54:40 - [MESSAGE][PASSED] - Object: 'Object Repository/NEWOPENDCPM/Page_Opend/button_Sign In' is clicked on

2019-03-19 09:54:40 - [TEST_STEP][PASSED] - delay(5): Delayed 5 second(s)

2019-03-19 09:54:45 - [MESSAGE][PASSED] - Delayed 5 second(s)

2019-03-19 09:54:45 - [TEST_STEP][PASSED] - click(findTestObject("Object Repository/NEWOPENDCPM/Page_Opend/a_Campaigns")): Object: 'Object Repository/NEWOPENDCPM/Page_Opend/a_Campaigns' is clicked on

2019-03-19 09:54:45 - [MESSAGE][PASSED] - Object: 'Object Repository/NEWOPENDCPM/Page_Opend/a_Campaigns' is clicked on

2019-03-19 09:54:45 - [TEST_STEP][PASSED] - delay(5): Delayed 5 second(s)

2019-03-19 09:54:50 - [MESSAGE][PASSED] - Delayed 5 second(s)

2019-03-19 09:54:50 - [TEST_STEP][PASSED] - click(findTestObject("Object Repository/NEWOPENDCPM/Page_Opend/a_Start New Campaign")): Object: 'Object Repository/NEWOPENDCPM/Page_Opend/a_Start New Campaign' is clicked on

2019-03-19 09:54:50 - [MESSAGE][PASSED] - Object: 'Object Repository/NEWOPENDCPM/Page_Opend/a_Start New Campaign' is clicked on

2019-03-19 09:54:50 - [TEST_STEP][PASSED] - delay(5): Delayed 5 second(s)

2019-03-19 09:54:55 - [MESSAGE][PASSED] - Delayed 5 second(s)

2019-03-19 09:54:55 - [TEST_STEP][PASSED] - selectOptionByValue(findTestObject("Object Repository/NEWOPENDCPM/Page_Opend/select_Please Select Advertise"), "2", true): All options with value '2' are selected in object 'Object Repository/NEWOPENDCPM/Page_Opend/select_Please Select Advertise'  using regular expression

2019-03-19 09:54:56 - [MESSAGE][PASSED] - All options with value '2' are selected in object 'Object Repository/NEWOPENDCPM/Page_Opend/select_Please Select Advertise'  using regular expression

2019-03-19 09:54:56 - [TEST_STEP][PASSED] - delay(3): Delayed 3 second(s)

2019-03-19 09:54:59 - [MESSAGE][PASSED] - Delayed 3 second(s)

2019-03-19 09:54:59 - [TEST_STEP][PASSED] - setText(findTestObject("Object Repository/NEWOPENDCPM/Page_Opend/input_Campaign Name_camp_name_"), "CPM WITH A/B SPLIT CAMPAIGN "): Text 'CPM WITH A/B SPLIT CAMPAIGN ' is set on object 'Object Repository/NEWOPENDCPM/Page_Opend/input_Campaign Name_camp_name_'

2019-03-19 09:55:00 - [MESSAGE][PASSED] - Text 'CPM WITH A/B SPLIT CAMPAIGN ' is set on object 'Object Repository/NEWOPENDCPM/Page_Opend/input_Campaign Name_camp_name_'

2019-03-19 09:55:00 - [TEST_STEP][PASSED] - delay(2): Delayed 2 second(s)

2019-03-19 09:55:02 - [MESSAGE][PASSED] - Delayed 2 second(s)

2019-03-19 09:55:02 - [TEST_STEP][PASSED] - click(findTestObject("Object Repository/NEWOPENDCPM/Page_Opend/label_Normal charges")): Object: 'Object Repository/NEWOPENDCPM/Page_Opend/label_Normal charges' is clicked on

2019-03-19 09:55:02 - [MESSAGE][PASSED] - Object: 'Object Repository/NEWOPENDCPM/Page_Opend/label_Normal charges' is clicked on

2019-03-19 09:55:02 - [TEST_STEP][PASSED] - delay(2): Delayed 2 second(s)

2019-03-19 09:55:04 - [MESSAGE][PASSED] - Delayed 2 second(s)

2019-03-19 09:55:04 - [TEST_STEP][PASSED] - selectOptionByValue(findTestObject("Object Repository/NEWOPENDCPM/Page_Opend/select_Please Select Audience"), "2", true): All options with value '2' are selected in object 'Object Repository/NEWOPENDCPM/Page_Opend/select_Please Select Audience'  using regular expression

2019-03-19 09:55:04 - [MESSAGE][PASSED] - All options with value '2' are selected in object 'Object Repository/NEWOPENDCPM/Page_Opend/select_Please Select Audience'  using regular expression

2019-03-19 09:55:04 - [TEST_STEP][PASSED] - delay(3): Delayed 3 second(s)

2019-03-19 09:55:07 - [MESSAGE][PASSED] - Delayed 3 second(s)

2019-03-19 09:55:07 - [TEST_STEP][PASSED] - click(findTestObject("newidsfromspy/Page_Opend/input_Campaign Category_valida")): Object: 'Object Repository/newidsfromspy/Page_Opend/input_Campaign Category_valida' is clicked on

2019-03-19 09:55:08 - [MESSAGE][PASSED] - Object: 'Object Repository/newidsfromspy/Page_Opend/input_Campaign Category_valida' is clicked on

2019-03-19 09:55:08 - [TEST_STEP][PASSED] - delay(3): Delayed 3 second(s)

2019-03-19 09:55:11 - [MESSAGE][PASSED] - Delayed 3 second(s)

2019-03-19 09:55:11 - [TEST_STEP][PASSED] - click(findTestObject("newidsfromspy/Page_Opend/label_fashion")): Object: 'Object Repository/newidsfromspy/Page_Opend/label_fashion' is clicked on

2019-03-19 09:55:11 - [MESSAGE][PASSED] - Object: 'Object Repository/newidsfromspy/Page_Opend/label_fashion' is clicked on

2019-03-19 09:55:11 - [TEST_STEP][PASSED] - delay(3): Delayed 3 second(s)

2019-03-19 09:55:14 - [MESSAGE][PASSED] - Delayed 3 second(s)

2019-03-19 09:55:14 - [TEST_STEP][PASSED] - click(findTestObject("Object Repository/NEWOPENDCPM/Page_Opend/button_Select")): Object: 'Object Repository/NEWOPENDCPM/Page_Opend/button_Select' is clicked on

2019-03-19 09:55:14 - [MESSAGE][PASSED] - Object: 'Object Repository/NEWOPENDCPM/Page_Opend/button_Select' is clicked on

2019-03-19 09:55:14 - [TEST_STEP][PASSED] - delay(3): Delayed 3 second(s)

2019-03-19 09:55:17 - [MESSAGE][PASSED] - Delayed 3 second(s)

2019-03-19 09:55:17 - [TEST_STEP][PASSED] - click(findTestObject("newidsfromspy/Page_Opend/input_Audience Interests_valid")): Object: 'Object Repository/newidsfromspy/Page_Opend/input_Audience Interests_valid' is clicked on

2019-03-19 09:55:18 - [MESSAGE][PASSED] - Object: 'Object Repository/newidsfromspy/Page_Opend/input_Audience Interests_valid' is clicked on

2019-03-19 09:55:18 - [TEST_STEP][PASSED] - delay(3): Delayed 3 second(s)

2019-03-19 09:55:21 - [MESSAGE][PASSED] - Delayed 3 second(s)

2019-03-19 09:55:21 - [TEST_STEP][PASSED] - click(findTestObject("newidsfromspy/Page_Opend/label_Party wear")): Object: 'Object Repository/newidsfromspy/Page_Opend/label_Party wear' is clicked on

2019-03-19 09:55:21 - [MESSAGE][PASSED] - Object: 'Object Repository/newidsfromspy/Page_Opend/label_Party wear' is clicked on

2019-03-19 09:55:21 - [TEST_STEP][PASSED] - delay(2): Delayed 2 second(s)

2019-03-19 09:55:23 - [MESSAGE][PASSED] - Delayed 2 second(s)

2019-03-19 09:55:23 - [TEST_STEP][PASSED] - click(findTestObject("newidsfromspy/Page_Opend/label_Kidz Wear")): Object: 'Object Repository/newidsfromspy/Page_Opend/label_Kidz Wear' is clicked on

2019-03-19 09:55:23 - [MESSAGE][PASSED] - Object: 'Object Repository/newidsfromspy/Page_Opend/label_Kidz Wear' is clicked on

2019-03-19 09:55:23 - [TEST_STEP][PASSED] - delay(5): Delayed 5 second(s)

2019-03-19 09:55:28 - [MESSAGE][PASSED] - Delayed 5 second(s)

2019-03-19 09:55:28 - [TEST_STEP][PASSED] - click(findTestObject("newidsfromspy/Page_Opend/AIselectbtn")): Object: 'Object Repository/newidsfromspy/Page_Opend/AIselectbtn' is clicked on

2019-03-19 09:55:29 - [MESSAGE][PASSED] - Object: 'Object Repository/newidsfromspy/Page_Opend/AIselectbtn' is clicked on

2019-03-19 09:55:29 - [TEST_STEP][PASSED] - delay(3): Delayed 3 second(s)

2019-03-19 09:55:32 - [MESSAGE][PASSED] - Delayed 3 second(s)

2019-03-19 09:55:32 - [TEST_STEP][PASSED] - click(findTestObject("newidsfromspy/Page_Opend/input_Select Publisher_validat")): Object: 'Object Repository/newidsfromspy/Page_Opend/input_Select Publisher_validat' is clicked on

2019-03-19 09:55:32 - [MESSAGE][PASSED] - Object: 'Object Repository/newidsfromspy/Page_Opend/input_Select Publisher_validat' is clicked on

2019-03-19 09:55:32 - [TEST_STEP][PASSED] - delay(3): Delayed 3 second(s)

2019-03-19 09:55:35 - [MESSAGE][PASSED] - Delayed 3 second(s)

2019-03-19 09:55:35 - [TEST_STEP][PASSED] - click(findTestObject("Object Repository/NEWOPENDCPM/Page_Opend/label_Jack")): Object: 'Object Repository/NEWOPENDCPM/Page_Opend/label_Jack' is clicked on

2019-03-19 09:55:35 - [MESSAGE][PASSED] - Object: 'Object Repository/NEWOPENDCPM/Page_Opend/label_Jack' is clicked on

2019-03-19 09:55:35 - [TEST_STEP][PASSED] - delay(3): Delayed 3 second(s)

2019-03-19 09:55:38 - [MESSAGE][PASSED] - Delayed 3 second(s)

2019-03-19 09:55:38 - [TEST_STEP][PASSED] - click(findTestObject("newidsfromspy/Page_Opend/Pubselectbtn")): Object: 'Object Repository/newidsfromspy/Page_Opend/Pubselectbtn' is clicked on

2019-03-19 09:55:38 - [MESSAGE][PASSED] - Object: 'Object Repository/newidsfromspy/Page_Opend/Pubselectbtn' is clicked on

2019-03-19 09:55:38 - [TEST_STEP][PASSED] - delay(3): Delayed 3 second(s)

2019-03-19 09:55:41 - [MESSAGE][PASSED] - Delayed 3 second(s)

2019-03-19 09:55:41 - [TEST_STEP][PASSED] - click(findTestObject("NEWSPYIDS/Page_Opend/label_Normal charges")): Object: 'Object Repository/NEWSPYIDS/Page_Opend/label_Normal charges' is clicked on

2019-03-19 09:55:42 - [MESSAGE][PASSED] - Object: 'Object Repository/NEWSPYIDS/Page_Opend/label_Normal charges' is clicked on

2019-03-19 09:55:42 - [TEST_STEP][PASSED] - delay(5): Delayed 5 second(s)

2019-03-19 09:55:47 - [MESSAGE][PASSED] - Delayed 5 second(s)

2019-03-19 09:55:47 - [TEST_STEP][PASSED] - click(findTestObject("Object Repository/NEWOPENDCPM/Page_Opend/button_Proceed")): Object: 'Object Repository/NEWOPENDCPM/Page_Opend/button_Proceed' is clicked on

2019-03-19 09:55:47 - [MESSAGE][PASSED] - Object: 'Object Repository/NEWOPENDCPM/Page_Opend/button_Proceed' is clicked on

2019-03-19 09:55:47 - [TEST_STEP][PASSED] - delay(5): Delayed 5 second(s)

2019-03-19 09:55:52 - [MESSAGE][PASSED] - Delayed 5 second(s)

2019-03-19 09:55:52 - [TEST_STEP][PASSED] - click(findTestObject("NEWSPYIDS/Page_Opend/label_AB Split")): Object: 'Object Repository/NEWSPYIDS/Page_Opend/label_AB Split' is clicked on

2019-03-19 09:55:53 - [MESSAGE][PASSED] - Object: 'Object Repository/NEWSPYIDS/Page_Opend/label_AB Split' is clicked on

2019-03-19 09:55:53 - [TEST_STEP][PASSED] - delay(2): Delayed 2 second(s)

2019-03-19 09:55:55 - [MESSAGE][PASSED] - Delayed 2 second(s)

2019-03-19 09:55:55 - [TEST_STEP][PASSED] - setText(findTestObject("Object Repository/NEWOPENDCPM/Page_Opend/input_Subject Line_subjectone"), "GOOD AFTERNOON "): Text 'GOOD AFTERNOON ' is set on object 'Object Repository/NEWOPENDCPM/Page_Opend/input_Subject Line_subjectone'

2019-03-19 09:55:55 - [MESSAGE][PASSED] - Text 'GOOD AFTERNOON ' is set on object 'Object Repository/NEWOPENDCPM/Page_Opend/input_Subject Line_subjectone'

2019-03-19 09:55:55 - [TEST_STEP][PASSED] - delay(2): Delayed 2 second(s)

2019-03-19 09:55:57 - [MESSAGE][PASSED] - Delayed 2 second(s)

2019-03-19 09:55:57 - [TEST_STEP][PASSED] - setText(findTestObject("NEWSPYIDS/Page_Opend/input_Subject Line 2_subject2"), "GOOD AFTERNOON TA"): Text 'GOOD AFTERNOON TA' is set on object 'Object Repository/NEWSPYIDS/Page_Opend/input_Subject Line 2_subject2'

2019-03-19 09:55:57 - [MESSAGE][PASSED] - Text 'GOOD AFTERNOON TA' is set on object 'Object Repository/NEWSPYIDS/Page_Opend/input_Subject Line 2_subject2'

2019-03-19 09:55:57 - [TEST_STEP][PASSED] - delay(5): Delayed 5 second(s)

2019-03-19 09:56:02 - [MESSAGE][PASSED] - Delayed 5 second(s)

2019-03-19 09:56:02 - [TEST_STEP][PASSED] - click(findTestObject("newidsfromspy/Page_Opend/input_From Creatives_uploadBtn")): Object: 'Object Repository/newidsfromspy/Page_Opend/input_From Creatives_uploadBtn' is clicked on

2019-03-19 09:56:02 - [MESSAGE][PASSED] - Object: 'Object Repository/newidsfromspy/Page_Opend/input_From Creatives_uploadBtn' is clicked on

2019-03-19 09:56:02 - [TEST_STEP][PASSED] - delay(5): Delayed 5 second(s)

2019-03-19 09:56:07 - [MESSAGE][PASSED] - Delayed 5 second(s)

2019-03-19 09:56:07 - [TEST_STEP][PASSED] - click(findTestObject("Object Repository/NEWOPENDCPM/Page_Opend/button_Select")): Object: 'Object Repository/NEWOPENDCPM/Page_Opend/button_Select' is clicked on

2019-03-19 09:56:08 - [MESSAGE][PASSED] - Object: 'Object Repository/NEWOPENDCPM/Page_Opend/button_Select' is clicked on

2019-03-19 09:56:08 - [TEST_STEP][PASSED] - delay(5): Delayed 5 second(s)

2019-03-19 09:56:13 - [MESSAGE][PASSED] - Delayed 5 second(s)

2019-03-19 09:56:13 - [TEST_STEP][PASSED] - click(findTestObject("NEWOPENDCPM/Step2prcdbtn")): Object: 'Object Repository/NEWOPENDCPM/Step2prcdbtn' is clicked on

2019-03-19 09:56:14 - [MESSAGE][PASSED] - Object: 'Object Repository/NEWOPENDCPM/Step2prcdbtn' is clicked on

2019-03-19 09:56:14 - [TEST_STEP][PASSED] - delay(5): Delayed 5 second(s)

2019-03-19 09:56:19 - [MESSAGE][PASSED] - Delayed 5 second(s)

2019-03-19 09:56:19 - [TEST_STEP][PASSED] - click(findTestObject("NEWOPENDCPM/step3prcdbrn")): Object: 'Object Repository/NEWOPENDCPM/step3prcdbrn' is clicked on

2019-03-19 09:56:19 - [MESSAGE][PASSED] - Object: 'Object Repository/NEWOPENDCPM/step3prcdbrn' is clicked on

2019-03-19 09:56:19 - [TEST_STEP][PASSED] - delay(5): Delayed 5 second(s)

2019-03-19 09:56:24 - [MESSAGE][PASSED] - Delayed 5 second(s)

2019-03-19 09:56:24 - [TEST_STEP][PASSED] - setText(findTestObject("NEWSPYIDS/subjctprct1"), "50"): Text '50' is set on object 'Object Repository/NEWSPYIDS/subjctprct1'

2019-03-19 09:56:24 - [MESSAGE][PASSED] - Text '50' is set on object 'Object Repository/NEWSPYIDS/subjctprct1'

2019-03-19 09:56:24 - [TEST_STEP][PASSED] - delay(2): Delayed 2 second(s)

2019-03-19 09:56:26 - [MESSAGE][PASSED] - Delayed 2 second(s)

2019-03-19 09:56:26 - [TEST_STEP][PASSED] - setText(findTestObject("NEWSPYIDS/subjectprct2"), "50"): Text '50' is set on object 'Object Repository/NEWSPYIDS/subjectprct2'

2019-03-19 09:56:26 - [MESSAGE][PASSED] - Text '50' is set on object 'Object Repository/NEWSPYIDS/subjectprct2'

2019-03-19 09:56:26 - [TEST_STEP][PASSED] - delay(2): Delayed 2 second(s)

2019-03-19 09:56:28 - [MESSAGE][PASSED] - Delayed 2 second(s)

2019-03-19 09:56:28 - [TEST_STEP][NOT_RUN] - click(findTestObject("NEWOPENDCPM/Startcampbtn")): NOT_RUN: click(findTestObject("NEWOPENDCPM/Startcampbtn"))

2019-03-19 09:56:28 - [MESSAGE][NOT_RUN] - NOT_RUN: click(findTestObject("NEWOPENDCPM/Startcampbtn"))

2019-03-19 09:56:28 - [TEST_STEP][PASSED] - delay(5): Delayed 5 second(s)

2019-03-19 09:56:33 - [MESSAGE][PASSED] - Delayed 5 second(s)

2019-03-19 09:56:33 - [TEST_STEP][PASSED] - closeBrowser(): Browser is closed

2019-03-19 09:56:34 - [MESSAGE][PASSED] - Browser is closed]]></system-out>
         <system-err><![CDATA[]]></system-err>
      </testcase>
      <testcase name="Test Cases/CPO WITH AB SPLIT" classname="Test Cases/CPO WITH AB SPLIT" status="PASSED">
         <system-out><![CDATA[2019-03-19 09:56:34 - [TEST_CASE][PASSED] - Test Cases/CPO WITH AB SPLIT: Test Cases/CPO WITH AB SPLIT

2019-03-19 09:56:35 - [TEST_STEP][PASSED] - openBrowser(""): Browser is opened with url: ''

2019-03-19 09:56:35 - [MESSAGE][INFO] - Starting 'Firefox' driver

2019-03-19 09:56:40 - [MESSAGE][PASSED] - Browser is opened with url: ''

2019-03-19 09:56:40 - [TEST_STEP][PASSED] - navigateToUrl("http://campaignsopend.techactive.tk/#/admin_login"): Navigate to 'http://campaignsopend.techactive.tk/#/admin_login' successfully

2019-03-19 09:56:42 - [MESSAGE][PASSED] - Navigate to 'http://campaignsopend.techactive.tk/#/admin_login' successfully

2019-03-19 09:56:42 - [TEST_STEP][PASSED] - setText(findTestObject("Object Repository/NEWOPENDCPM/Page_Opend/input_Admin Login_email_id"), "admin@opend.com"): Text 'admin@opend.com' is set on object 'Object Repository/NEWOPENDCPM/Page_Opend/input_Admin Login_email_id'

2019-03-19 09:56:44 - [MESSAGE][PASSED] - Text 'admin@opend.com' is set on object 'Object Repository/NEWOPENDCPM/Page_Opend/input_Admin Login_email_id'

2019-03-19 09:56:44 - [TEST_STEP][PASSED] - setEncryptedText(findTestObject("Object Repository/NEWOPENDCPM/Page_Opend/input_Admin Login_password"), "4nvbrPglk7k="): Text ****** has been set on object 'Object Repository/NEWOPENDCPM/Page_Opend/input_Admin Login_password'

2019-03-19 09:56:44 - [MESSAGE][PASSED] - Text ****** has been set on object 'Object Repository/NEWOPENDCPM/Page_Opend/input_Admin Login_password'

2019-03-19 09:56:44 - [TEST_STEP][PASSED] - click(findTestObject("Object Repository/NEWOPENDCPM/Page_Opend/button_Sign In")): Object: 'Object Repository/NEWOPENDCPM/Page_Opend/button_Sign In' is clicked on

2019-03-19 09:56:44 - [MESSAGE][PASSED] - Object: 'Object Repository/NEWOPENDCPM/Page_Opend/button_Sign In' is clicked on

2019-03-19 09:56:44 - [TEST_STEP][PASSED] - delay(5): Delayed 5 second(s)

2019-03-19 09:56:49 - [MESSAGE][PASSED] - Delayed 5 second(s)

2019-03-19 09:56:49 - [TEST_STEP][PASSED] - click(findTestObject("Object Repository/NEWOPENDCPM/Page_Opend/a_Campaigns")): Object: 'Object Repository/NEWOPENDCPM/Page_Opend/a_Campaigns' is clicked on

2019-03-19 09:56:49 - [MESSAGE][PASSED] - Object: 'Object Repository/NEWOPENDCPM/Page_Opend/a_Campaigns' is clicked on

2019-03-19 09:56:49 - [TEST_STEP][PASSED] - delay(5): Delayed 5 second(s)

2019-03-19 09:56:54 - [MESSAGE][PASSED] - Delayed 5 second(s)

2019-03-19 09:56:54 - [TEST_STEP][PASSED] - click(findTestObject("Object Repository/NEWOPENDCPM/Page_Opend/a_Start New Campaign")): Object: 'Object Repository/NEWOPENDCPM/Page_Opend/a_Start New Campaign' is clicked on

2019-03-19 09:56:54 - [MESSAGE][PASSED] - Object: 'Object Repository/NEWOPENDCPM/Page_Opend/a_Start New Campaign' is clicked on

2019-03-19 09:56:54 - [TEST_STEP][PASSED] - delay(5): Delayed 5 second(s)

2019-03-19 09:56:59 - [MESSAGE][PASSED] - Delayed 5 second(s)

2019-03-19 09:56:59 - [TEST_STEP][PASSED] - selectOptionByValue(findTestObject("Object Repository/NEWOPENDCPM/Page_Opend/select_Please Select Advertise"), "2", true): All options with value '2' are selected in object 'Object Repository/NEWOPENDCPM/Page_Opend/select_Please Select Advertise'  using regular expression

2019-03-19 09:57:00 - [MESSAGE][PASSED] - All options with value '2' are selected in object 'Object Repository/NEWOPENDCPM/Page_Opend/select_Please Select Advertise'  using regular expression

2019-03-19 09:57:00 - [TEST_STEP][PASSED] - delay(3): Delayed 3 second(s)

2019-03-19 09:57:03 - [MESSAGE][PASSED] - Delayed 3 second(s)

2019-03-19 09:57:03 - [TEST_STEP][PASSED] - setText(findTestObject("Object Repository/NEWOPENDCPM/Page_Opend/input_Campaign Name_camp_name_"), "CPO WITH AB SPLIT CAMPAIGN "): Text 'CPO WITH AB SPLIT CAMPAIGN ' is set on object 'Object Repository/NEWOPENDCPM/Page_Opend/input_Campaign Name_camp_name_'

2019-03-19 09:57:03 - [MESSAGE][PASSED] - Text 'CPO WITH AB SPLIT CAMPAIGN ' is set on object 'Object Repository/NEWOPENDCPM/Page_Opend/input_Campaign Name_camp_name_'

2019-03-19 09:57:03 - [TEST_STEP][PASSED] - delay(2): Delayed 2 second(s)

2019-03-19 09:57:05 - [MESSAGE][PASSED] - Delayed 2 second(s)

2019-03-19 09:57:05 - [TEST_STEP][PASSED] - click(findTestObject("Object Repository/NEWOPENDCPM/Page_Opend/label_Normal charges")): Object: 'Object Repository/NEWOPENDCPM/Page_Opend/label_Normal charges' is clicked on

2019-03-19 09:57:06 - [MESSAGE][PASSED] - Object: 'Object Repository/NEWOPENDCPM/Page_Opend/label_Normal charges' is clicked on

2019-03-19 09:57:06 - [TEST_STEP][PASSED] - click(findTestObject("NEWSPYIDS/Page_Opend/label_CPO")): Object: 'Object Repository/NEWSPYIDS/Page_Opend/label_CPO' is clicked on

2019-03-19 09:57:06 - [MESSAGE][PASSED] - Object: 'Object Repository/NEWSPYIDS/Page_Opend/label_CPO' is clicked on

2019-03-19 09:57:06 - [TEST_STEP][PASSED] - delay(2): Delayed 2 second(s)

2019-03-19 09:57:08 - [MESSAGE][PASSED] - Delayed 2 second(s)

2019-03-19 09:57:08 - [TEST_STEP][PASSED] - selectOptionByValue(findTestObject("Object Repository/NEWOPENDCPM/Page_Opend/select_Please Select Audience"), "2", true): All options with value '2' are selected in object 'Object Repository/NEWOPENDCPM/Page_Opend/select_Please Select Audience'  using regular expression

2019-03-19 09:57:09 - [MESSAGE][PASSED] - All options with value '2' are selected in object 'Object Repository/NEWOPENDCPM/Page_Opend/select_Please Select Audience'  using regular expression

2019-03-19 09:57:09 - [TEST_STEP][PASSED] - delay(3): Delayed 3 second(s)

2019-03-19 09:57:12 - [MESSAGE][PASSED] - Delayed 3 second(s)

2019-03-19 09:57:12 - [TEST_STEP][PASSED] - click(findTestObject("newidsfromspy/Page_Opend/input_Campaign Category_valida")): Object: 'Object Repository/newidsfromspy/Page_Opend/input_Campaign Category_valida' is clicked on

2019-03-19 09:57:12 - [MESSAGE][PASSED] - Object: 'Object Repository/newidsfromspy/Page_Opend/input_Campaign Category_valida' is clicked on

2019-03-19 09:57:12 - [TEST_STEP][PASSED] - delay(3): Delayed 3 second(s)

2019-03-19 09:57:15 - [MESSAGE][PASSED] - Delayed 3 second(s)

2019-03-19 09:57:15 - [TEST_STEP][PASSED] - click(findTestObject("newidsfromspy/Page_Opend/label_fashion")): Object: 'Object Repository/newidsfromspy/Page_Opend/label_fashion' is clicked on

2019-03-19 09:57:15 - [MESSAGE][PASSED] - Object: 'Object Repository/newidsfromspy/Page_Opend/label_fashion' is clicked on

2019-03-19 09:57:15 - [TEST_STEP][PASSED] - delay(3): Delayed 3 second(s)

2019-03-19 09:57:18 - [MESSAGE][PASSED] - Delayed 3 second(s)

2019-03-19 09:57:18 - [TEST_STEP][PASSED] - click(findTestObject("Object Repository/NEWOPENDCPM/Page_Opend/button_Select")): Object: 'Object Repository/NEWOPENDCPM/Page_Opend/button_Select' is clicked on

2019-03-19 09:57:19 - [MESSAGE][PASSED] - Object: 'Object Repository/NEWOPENDCPM/Page_Opend/button_Select' is clicked on

2019-03-19 09:57:19 - [TEST_STEP][PASSED] - delay(3): Delayed 3 second(s)

2019-03-19 09:57:22 - [MESSAGE][PASSED] - Delayed 3 second(s)

2019-03-19 09:57:22 - [TEST_STEP][PASSED] - click(findTestObject("newidsfromspy/Page_Opend/input_Audience Interests_valid")): Object: 'Object Repository/newidsfromspy/Page_Opend/input_Audience Interests_valid' is clicked on

2019-03-19 09:57:22 - [MESSAGE][PASSED] - Object: 'Object Repository/newidsfromspy/Page_Opend/input_Audience Interests_valid' is clicked on

2019-03-19 09:57:22 - [TEST_STEP][PASSED] - delay(3): Delayed 3 second(s)

2019-03-19 09:57:25 - [MESSAGE][PASSED] - Delayed 3 second(s)

2019-03-19 09:57:25 - [TEST_STEP][PASSED] - click(findTestObject("newidsfromspy/Page_Opend/label_Party wear")): Object: 'Object Repository/newidsfromspy/Page_Opend/label_Party wear' is clicked on

2019-03-19 09:57:25 - [MESSAGE][PASSED] - Object: 'Object Repository/newidsfromspy/Page_Opend/label_Party wear' is clicked on

2019-03-19 09:57:25 - [TEST_STEP][PASSED] - delay(2): Delayed 2 second(s)

2019-03-19 09:57:27 - [MESSAGE][PASSED] - Delayed 2 second(s)

2019-03-19 09:57:27 - [TEST_STEP][PASSED] - click(findTestObject("newidsfromspy/Page_Opend/label_Kidz Wear")): Object: 'Object Repository/newidsfromspy/Page_Opend/label_Kidz Wear' is clicked on

2019-03-19 09:57:27 - [MESSAGE][PASSED] - Object: 'Object Repository/newidsfromspy/Page_Opend/label_Kidz Wear' is clicked on

2019-03-19 09:57:27 - [TEST_STEP][PASSED] - delay(5): Delayed 5 second(s)

2019-03-19 09:57:32 - [MESSAGE][PASSED] - Delayed 5 second(s)

2019-03-19 09:57:32 - [TEST_STEP][PASSED] - click(findTestObject("newidsfromspy/Page_Opend/AIselectbtn")): Object: 'Object Repository/newidsfromspy/Page_Opend/AIselectbtn' is clicked on

2019-03-19 09:57:33 - [MESSAGE][PASSED] - Object: 'Object Repository/newidsfromspy/Page_Opend/AIselectbtn' is clicked on

2019-03-19 09:57:33 - [TEST_STEP][PASSED] - delay(3): Delayed 3 second(s)

2019-03-19 09:57:36 - [MESSAGE][PASSED] - Delayed 3 second(s)

2019-03-19 09:57:36 - [TEST_STEP][PASSED] - setText(findTestObject("NEWSPYIDS/Page_Opend/input_CPO price_cplprice"), "2"): Text '2' is set on object 'Object Repository/NEWSPYIDS/Page_Opend/input_CPO price_cplprice'

2019-03-19 09:57:36 - [MESSAGE][PASSED] - Text '2' is set on object 'Object Repository/NEWSPYIDS/Page_Opend/input_CPO price_cplprice'

2019-03-19 09:57:36 - [TEST_STEP][PASSED] - delay(2): Delayed 2 second(s)

2019-03-19 09:57:38 - [MESSAGE][PASSED] - Delayed 2 second(s)

2019-03-19 09:57:38 - [TEST_STEP][PASSED] - click(findTestObject("newidsfromspy/Page_Opend/input_Select Publisher_validat")): Object: 'Object Repository/newidsfromspy/Page_Opend/input_Select Publisher_validat' is clicked on

2019-03-19 09:57:38 - [MESSAGE][PASSED] - Object: 'Object Repository/newidsfromspy/Page_Opend/input_Select Publisher_validat' is clicked on

2019-03-19 09:57:38 - [TEST_STEP][PASSED] - delay(3): Delayed 3 second(s)

2019-03-19 09:57:41 - [MESSAGE][PASSED] - Delayed 3 second(s)

2019-03-19 09:57:41 - [TEST_STEP][PASSED] - click(findTestObject("Object Repository/NEWOPENDCPM/Page_Opend/label_Jack")): Object: 'Object Repository/NEWOPENDCPM/Page_Opend/label_Jack' is clicked on

2019-03-19 09:57:41 - [MESSAGE][PASSED] - Object: 'Object Repository/NEWOPENDCPM/Page_Opend/label_Jack' is clicked on

2019-03-19 09:57:41 - [TEST_STEP][PASSED] - delay(3): Delayed 3 second(s)

2019-03-19 09:57:44 - [MESSAGE][PASSED] - Delayed 3 second(s)

2019-03-19 09:57:44 - [TEST_STEP][PASSED] - click(findTestObject("newidsfromspy/Page_Opend/Pubselectbtn")): Object: 'Object Repository/newidsfromspy/Page_Opend/Pubselectbtn' is clicked on

2019-03-19 09:57:45 - [MESSAGE][PASSED] - Object: 'Object Repository/newidsfromspy/Page_Opend/Pubselectbtn' is clicked on

2019-03-19 09:57:45 - [TEST_STEP][PASSED] - delay(3): Delayed 3 second(s)

2019-03-19 09:57:48 - [MESSAGE][PASSED] - Delayed 3 second(s)

2019-03-19 09:57:48 - [TEST_STEP][PASSED] - click(findTestObject("NEWSPYIDS/Page_Opend/label_Normal charges")): Object: 'Object Repository/NEWSPYIDS/Page_Opend/label_Normal charges' is clicked on

2019-03-19 09:57:48 - [MESSAGE][PASSED] - Object: 'Object Repository/NEWSPYIDS/Page_Opend/label_Normal charges' is clicked on

2019-03-19 09:57:48 - [TEST_STEP][PASSED] - delay(1): Delayed 1 second(s)

2019-03-19 09:57:49 - [MESSAGE][PASSED] - Delayed 1 second(s)

2019-03-19 09:57:49 - [TEST_STEP][PASSED] - setText(findTestObject("NEWSPYIDS/Page_Opend/input_CPO Payout Price_payout_"), "1"): Text '1' is set on object 'Object Repository/NEWSPYIDS/Page_Opend/input_CPO Payout Price_payout_'

2019-03-19 09:57:49 - [MESSAGE][PASSED] - Text '1' is set on object 'Object Repository/NEWSPYIDS/Page_Opend/input_CPO Payout Price_payout_'

2019-03-19 09:57:49 - [TEST_STEP][PASSED] - delay(5): Delayed 5 second(s)

2019-03-19 09:57:54 - [MESSAGE][PASSED] - Delayed 5 second(s)

2019-03-19 09:57:54 - [TEST_STEP][PASSED] - click(findTestObject("Object Repository/NEWOPENDCPM/Page_Opend/button_Proceed")): Object: 'Object Repository/NEWOPENDCPM/Page_Opend/button_Proceed' is clicked on

2019-03-19 09:57:55 - [MESSAGE][PASSED] - Object: 'Object Repository/NEWOPENDCPM/Page_Opend/button_Proceed' is clicked on

2019-03-19 09:57:55 - [TEST_STEP][PASSED] - delay(5): Delayed 5 second(s)

2019-03-19 09:58:00 - [MESSAGE][PASSED] - Delayed 5 second(s)

2019-03-19 09:58:00 - [TEST_STEP][PASSED] - click(findTestObject("NEWSPYIDS/Page_Opend/label_AB Split")): Object: 'Object Repository/NEWSPYIDS/Page_Opend/label_AB Split' is clicked on

2019-03-19 09:58:00 - [MESSAGE][PASSED] - Object: 'Object Repository/NEWSPYIDS/Page_Opend/label_AB Split' is clicked on

2019-03-19 09:58:00 - [TEST_STEP][PASSED] - delay(2): Delayed 2 second(s)

2019-03-19 09:58:02 - [MESSAGE][PASSED] - Delayed 2 second(s)

2019-03-19 09:58:02 - [TEST_STEP][PASSED] - setText(findTestObject("Object Repository/NEWOPENDCPM/Page_Opend/input_Subject Line_subjectone"), "GOOD AFTERNOON "): Text 'GOOD AFTERNOON ' is set on object 'Object Repository/NEWOPENDCPM/Page_Opend/input_Subject Line_subjectone'

2019-03-19 09:58:03 - [MESSAGE][PASSED] - Text 'GOOD AFTERNOON ' is set on object 'Object Repository/NEWOPENDCPM/Page_Opend/input_Subject Line_subjectone'

2019-03-19 09:58:03 - [TEST_STEP][PASSED] - delay(2): Delayed 2 second(s)

2019-03-19 09:58:05 - [MESSAGE][PASSED] - Delayed 2 second(s)

2019-03-19 09:58:05 - [TEST_STEP][PASSED] - setText(findTestObject("NEWSPYIDS/Page_Opend/input_Subject Line 2_subject2"), "GOOD AFTERNOON TA"): Text 'GOOD AFTERNOON TA' is set on object 'Object Repository/NEWSPYIDS/Page_Opend/input_Subject Line 2_subject2'

2019-03-19 09:58:05 - [MESSAGE][PASSED] - Text 'GOOD AFTERNOON TA' is set on object 'Object Repository/NEWSPYIDS/Page_Opend/input_Subject Line 2_subject2'

2019-03-19 09:58:05 - [TEST_STEP][PASSED] - delay(5): Delayed 5 second(s)

2019-03-19 09:58:10 - [MESSAGE][PASSED] - Delayed 5 second(s)

2019-03-19 09:58:10 - [TEST_STEP][PASSED] - click(findTestObject("newidsfromspy/Page_Opend/input_From Creatives_uploadBtn")): Object: 'Object Repository/newidsfromspy/Page_Opend/input_From Creatives_uploadBtn' is clicked on

2019-03-19 09:58:10 - [MESSAGE][PASSED] - Object: 'Object Repository/newidsfromspy/Page_Opend/input_From Creatives_uploadBtn' is clicked on

2019-03-19 09:58:10 - [TEST_STEP][PASSED] - delay(5): Delayed 5 second(s)

2019-03-19 09:58:15 - [MESSAGE][PASSED] - Delayed 5 second(s)

2019-03-19 09:58:15 - [TEST_STEP][PASSED] - click(findTestObject("Object Repository/NEWOPENDCPM/Page_Opend/button_Select")): Object: 'Object Repository/NEWOPENDCPM/Page_Opend/button_Select' is clicked on

2019-03-19 09:58:15 - [MESSAGE][PASSED] - Object: 'Object Repository/NEWOPENDCPM/Page_Opend/button_Select' is clicked on

2019-03-19 09:58:15 - [TEST_STEP][PASSED] - delay(5): Delayed 5 second(s)

2019-03-19 09:58:20 - [MESSAGE][PASSED] - Delayed 5 second(s)

2019-03-19 09:58:20 - [TEST_STEP][PASSED] - click(findTestObject("NEWOPENDCPM/Step2prcdbtn")): Object: 'Object Repository/NEWOPENDCPM/Step2prcdbtn' is clicked on

2019-03-19 09:58:21 - [MESSAGE][PASSED] - Object: 'Object Repository/NEWOPENDCPM/Step2prcdbtn' is clicked on

2019-03-19 09:58:21 - [TEST_STEP][PASSED] - delay(5): Delayed 5 second(s)

2019-03-19 09:58:26 - [MESSAGE][PASSED] - Delayed 5 second(s)

2019-03-19 09:58:26 - [TEST_STEP][PASSED] - click(findTestObject("NEWOPENDCPM/step3prcdbrn")): Object: 'Object Repository/NEWOPENDCPM/step3prcdbrn' is clicked on

2019-03-19 09:58:26 - [MESSAGE][PASSED] - Object: 'Object Repository/NEWOPENDCPM/step3prcdbrn' is clicked on

2019-03-19 09:58:26 - [TEST_STEP][PASSED] - delay(5): Delayed 5 second(s)

2019-03-19 09:58:31 - [MESSAGE][PASSED] - Delayed 5 second(s)

2019-03-19 09:58:31 - [TEST_STEP][PASSED] - setText(findTestObject("NEWSPYIDS/subjctprct1"), "50"): Text '50' is set on object 'Object Repository/NEWSPYIDS/subjctprct1'

2019-03-19 09:58:32 - [MESSAGE][PASSED] - Text '50' is set on object 'Object Repository/NEWSPYIDS/subjctprct1'

2019-03-19 09:58:32 - [TEST_STEP][PASSED] - delay(2): Delayed 2 second(s)

2019-03-19 09:58:34 - [MESSAGE][PASSED] - Delayed 2 second(s)

2019-03-19 09:58:34 - [TEST_STEP][PASSED] - setText(findTestObject("NEWSPYIDS/subjectprct2"), "50"): Text '50' is set on object 'Object Repository/NEWSPYIDS/subjectprct2'

2019-03-19 09:58:34 - [MESSAGE][PASSED] - Text '50' is set on object 'Object Repository/NEWSPYIDS/subjectprct2'

2019-03-19 09:58:34 - [TEST_STEP][PASSED] - delay(2): Delayed 2 second(s)

2019-03-19 09:58:36 - [MESSAGE][PASSED] - Delayed 2 second(s)

2019-03-19 09:58:36 - [TEST_STEP][NOT_RUN] - click(findTestObject("NEWOPENDCPM/Startcampbtn")): NOT_RUN: click(findTestObject("NEWOPENDCPM/Startcampbtn"))

2019-03-19 09:58:36 - [MESSAGE][NOT_RUN] - NOT_RUN: click(findTestObject("NEWOPENDCPM/Startcampbtn"))

2019-03-19 09:58:36 - [TEST_STEP][PASSED] - delay(5): Delayed 5 second(s)

2019-03-19 09:58:41 - [MESSAGE][PASSED] - Delayed 5 second(s)

2019-03-19 09:58:41 - [TEST_STEP][PASSED] - closeBrowser(): Browser is closed

2019-03-19 09:58:41 - [MESSAGE][PASSED] - Browser is closed]]></system-out>
         <system-err><![CDATA[]]></system-err>
      </testcase>
      <testcase name="Test Cases/CPL WITH AB SPLIT" classname="Test Cases/CPL WITH AB SPLIT" status="PASSED">
         <system-out><![CDATA[2019-03-19 09:58:41 - [TEST_CASE][PASSED] - Test Cases/CPL WITH AB SPLIT: Test Cases/CPL WITH AB SPLIT

2019-03-19 09:58:42 - [TEST_STEP][PASSED] - openBrowser(""): Browser is opened with url: ''

2019-03-19 09:58:42 - [MESSAGE][INFO] - Starting 'Firefox' driver

2019-03-19 09:58:47 - [MESSAGE][PASSED] - Browser is opened with url: ''

2019-03-19 09:58:47 - [TEST_STEP][PASSED] - navigateToUrl("http://campaignsopend.techactive.tk/#/admin_login"): Navigate to 'http://campaignsopend.techactive.tk/#/admin_login' successfully

2019-03-19 09:58:50 - [MESSAGE][PASSED] - Navigate to 'http://campaignsopend.techactive.tk/#/admin_login' successfully

2019-03-19 09:58:50 - [TEST_STEP][PASSED] - setText(findTestObject("Object Repository/NEWOPENDCPM/Page_Opend/input_Admin Login_email_id"), "admin@opend.com"): Text 'admin@opend.com' is set on object 'Object Repository/NEWOPENDCPM/Page_Opend/input_Admin Login_email_id'

2019-03-19 09:58:51 - [MESSAGE][PASSED] - Text 'admin@opend.com' is set on object 'Object Repository/NEWOPENDCPM/Page_Opend/input_Admin Login_email_id'

2019-03-19 09:58:51 - [TEST_STEP][PASSED] - setEncryptedText(findTestObject("Object Repository/NEWOPENDCPM/Page_Opend/input_Admin Login_password"), "4nvbrPglk7k="): Text ****** has been set on object 'Object Repository/NEWOPENDCPM/Page_Opend/input_Admin Login_password'

2019-03-19 09:58:51 - [MESSAGE][PASSED] - Text ****** has been set on object 'Object Repository/NEWOPENDCPM/Page_Opend/input_Admin Login_password'

2019-03-19 09:58:51 - [TEST_STEP][PASSED] - click(findTestObject("Object Repository/NEWOPENDCPM/Page_Opend/button_Sign In")): Object: 'Object Repository/NEWOPENDCPM/Page_Opend/button_Sign In' is clicked on

2019-03-19 09:58:52 - [MESSAGE][PASSED] - Object: 'Object Repository/NEWOPENDCPM/Page_Opend/button_Sign In' is clicked on

2019-03-19 09:58:52 - [TEST_STEP][PASSED] - delay(5): Delayed 5 second(s)

2019-03-19 09:58:57 - [MESSAGE][PASSED] - Delayed 5 second(s)

2019-03-19 09:58:57 - [TEST_STEP][PASSED] - click(findTestObject("Object Repository/NEWOPENDCPM/Page_Opend/a_Campaigns")): Object: 'Object Repository/NEWOPENDCPM/Page_Opend/a_Campaigns' is clicked on

2019-03-19 09:58:57 - [MESSAGE][PASSED] - Object: 'Object Repository/NEWOPENDCPM/Page_Opend/a_Campaigns' is clicked on

2019-03-19 09:58:57 - [TEST_STEP][PASSED] - delay(5): Delayed 5 second(s)

2019-03-19 09:59:02 - [MESSAGE][PASSED] - Delayed 5 second(s)

2019-03-19 09:59:02 - [TEST_STEP][PASSED] - click(findTestObject("Object Repository/NEWOPENDCPM/Page_Opend/a_Start New Campaign")): Object: 'Object Repository/NEWOPENDCPM/Page_Opend/a_Start New Campaign' is clicked on

2019-03-19 09:59:02 - [MESSAGE][PASSED] - Object: 'Object Repository/NEWOPENDCPM/Page_Opend/a_Start New Campaign' is clicked on

2019-03-19 09:59:02 - [TEST_STEP][PASSED] - delay(5): Delayed 5 second(s)

2019-03-19 09:59:07 - [MESSAGE][PASSED] - Delayed 5 second(s)

2019-03-19 09:59:07 - [TEST_STEP][PASSED] - selectOptionByValue(findTestObject("Object Repository/NEWOPENDCPM/Page_Opend/select_Please Select Advertise"), "2", true): All options with value '2' are selected in object 'Object Repository/NEWOPENDCPM/Page_Opend/select_Please Select Advertise'  using regular expression

2019-03-19 09:59:08 - [MESSAGE][PASSED] - All options with value '2' are selected in object 'Object Repository/NEWOPENDCPM/Page_Opend/select_Please Select Advertise'  using regular expression

2019-03-19 09:59:08 - [TEST_STEP][PASSED] - delay(3): Delayed 3 second(s)

2019-03-19 09:59:11 - [MESSAGE][PASSED] - Delayed 3 second(s)

2019-03-19 09:59:11 - [TEST_STEP][PASSED] - setText(findTestObject("Object Repository/NEWOPENDCPM/Page_Opend/input_Campaign Name_camp_name_"), "CPL WITH A/B SPLIT CAMPAIGN "): Text 'CPL WITH A/B SPLIT CAMPAIGN ' is set on object 'Object Repository/NEWOPENDCPM/Page_Opend/input_Campaign Name_camp_name_'

2019-03-19 09:59:11 - [MESSAGE][PASSED] - Text 'CPL WITH A/B SPLIT CAMPAIGN ' is set on object 'Object Repository/NEWOPENDCPM/Page_Opend/input_Campaign Name_camp_name_'

2019-03-19 09:59:11 - [TEST_STEP][PASSED] - delay(2): Delayed 2 second(s)

2019-03-19 09:59:13 - [MESSAGE][PASSED] - Delayed 2 second(s)

2019-03-19 09:59:13 - [TEST_STEP][PASSED] - click(findTestObject("Object Repository/NEWOPENDCPM/Page_Opend/label_Normal charges")): Object: 'Object Repository/NEWOPENDCPM/Page_Opend/label_Normal charges' is clicked on

2019-03-19 09:59:13 - [MESSAGE][PASSED] - Object: 'Object Repository/NEWOPENDCPM/Page_Opend/label_Normal charges' is clicked on

2019-03-19 09:59:13 - [TEST_STEP][PASSED] - click(findTestObject("NEWSPYIDS/Page_Opend/label_CPL")): Object: 'Object Repository/NEWSPYIDS/Page_Opend/label_CPL' is clicked on

2019-03-19 09:59:14 - [MESSAGE][PASSED] - Object: 'Object Repository/NEWSPYIDS/Page_Opend/label_CPL' is clicked on

2019-03-19 09:59:14 - [TEST_STEP][PASSED] - delay(2): Delayed 2 second(s)

2019-03-19 09:59:16 - [MESSAGE][PASSED] - Delayed 2 second(s)

2019-03-19 09:59:16 - [TEST_STEP][PASSED] - selectOptionByValue(findTestObject("Object Repository/NEWOPENDCPM/Page_Opend/select_Please Select Audience"), "2", true): All options with value '2' are selected in object 'Object Repository/NEWOPENDCPM/Page_Opend/select_Please Select Audience'  using regular expression

2019-03-19 09:59:16 - [MESSAGE][PASSED] - All options with value '2' are selected in object 'Object Repository/NEWOPENDCPM/Page_Opend/select_Please Select Audience'  using regular expression

2019-03-19 09:59:16 - [TEST_STEP][PASSED] - delay(3): Delayed 3 second(s)

2019-03-19 09:59:19 - [MESSAGE][PASSED] - Delayed 3 second(s)

2019-03-19 09:59:19 - [TEST_STEP][PASSED] - click(findTestObject("newidsfromspy/Page_Opend/input_Campaign Category_valida")): Object: 'Object Repository/newidsfromspy/Page_Opend/input_Campaign Category_valida' is clicked on

2019-03-19 09:59:19 - [MESSAGE][PASSED] - Object: 'Object Repository/newidsfromspy/Page_Opend/input_Campaign Category_valida' is clicked on

2019-03-19 09:59:19 - [TEST_STEP][PASSED] - delay(3): Delayed 3 second(s)

2019-03-19 09:59:22 - [MESSAGE][PASSED] - Delayed 3 second(s)

2019-03-19 09:59:22 - [TEST_STEP][PASSED] - click(findTestObject("newidsfromspy/Page_Opend/label_fashion")): Object: 'Object Repository/newidsfromspy/Page_Opend/label_fashion' is clicked on

2019-03-19 09:59:23 - [MESSAGE][PASSED] - Object: 'Object Repository/newidsfromspy/Page_Opend/label_fashion' is clicked on

2019-03-19 09:59:23 - [TEST_STEP][PASSED] - delay(3): Delayed 3 second(s)

2019-03-19 09:59:26 - [MESSAGE][PASSED] - Delayed 3 second(s)

2019-03-19 09:59:26 - [TEST_STEP][PASSED] - click(findTestObject("Object Repository/NEWOPENDCPM/Page_Opend/button_Select")): Object: 'Object Repository/NEWOPENDCPM/Page_Opend/button_Select' is clicked on

2019-03-19 09:59:26 - [MESSAGE][PASSED] - Object: 'Object Repository/NEWOPENDCPM/Page_Opend/button_Select' is clicked on

2019-03-19 09:59:26 - [TEST_STEP][PASSED] - delay(3): Delayed 3 second(s)

2019-03-19 09:59:29 - [MESSAGE][PASSED] - Delayed 3 second(s)

2019-03-19 09:59:29 - [TEST_STEP][PASSED] - click(findTestObject("newidsfromspy/Page_Opend/input_Audience Interests_valid")): Object: 'Object Repository/newidsfromspy/Page_Opend/input_Audience Interests_valid' is clicked on

2019-03-19 09:59:29 - [MESSAGE][PASSED] - Object: 'Object Repository/newidsfromspy/Page_Opend/input_Audience Interests_valid' is clicked on

2019-03-19 09:59:29 - [TEST_STEP][PASSED] - delay(3): Delayed 3 second(s)

2019-03-19 09:59:32 - [MESSAGE][PASSED] - Delayed 3 second(s)

2019-03-19 09:59:32 - [TEST_STEP][PASSED] - click(findTestObject("newidsfromspy/Page_Opend/label_Party wear")): Object: 'Object Repository/newidsfromspy/Page_Opend/label_Party wear' is clicked on

2019-03-19 09:59:32 - [MESSAGE][PASSED] - Object: 'Object Repository/newidsfromspy/Page_Opend/label_Party wear' is clicked on

2019-03-19 09:59:32 - [TEST_STEP][PASSED] - delay(2): Delayed 2 second(s)

2019-03-19 09:59:34 - [MESSAGE][PASSED] - Delayed 2 second(s)

2019-03-19 09:59:34 - [TEST_STEP][PASSED] - click(findTestObject("newidsfromspy/Page_Opend/label_Kidz Wear")): Object: 'Object Repository/newidsfromspy/Page_Opend/label_Kidz Wear' is clicked on

2019-03-19 09:59:35 - [MESSAGE][PASSED] - Object: 'Object Repository/newidsfromspy/Page_Opend/label_Kidz Wear' is clicked on

2019-03-19 09:59:35 - [TEST_STEP][PASSED] - delay(5): Delayed 5 second(s)

2019-03-19 09:59:40 - [MESSAGE][PASSED] - Delayed 5 second(s)

2019-03-19 09:59:40 - [TEST_STEP][PASSED] - click(findTestObject("newidsfromspy/Page_Opend/AIselectbtn")): Object: 'Object Repository/newidsfromspy/Page_Opend/AIselectbtn' is clicked on

2019-03-19 09:59:40 - [MESSAGE][PASSED] - Object: 'Object Repository/newidsfromspy/Page_Opend/AIselectbtn' is clicked on

2019-03-19 09:59:40 - [TEST_STEP][PASSED] - delay(3): Delayed 3 second(s)

2019-03-19 09:59:43 - [MESSAGE][PASSED] - Delayed 3 second(s)

2019-03-19 09:59:43 - [TEST_STEP][PASSED] - setText(findTestObject("NEWSPYIDS/Page_Opend/input_CPL price_cplprice"), "2"): Text '2' is set on object 'Object Repository/NEWSPYIDS/Page_Opend/input_CPL price_cplprice'

2019-03-19 09:59:43 - [MESSAGE][PASSED] - Text '2' is set on object 'Object Repository/NEWSPYIDS/Page_Opend/input_CPL price_cplprice'

2019-03-19 09:59:43 - [TEST_STEP][PASSED] - delay(2): Delayed 2 second(s)

2019-03-19 09:59:45 - [MESSAGE][PASSED] - Delayed 2 second(s)

2019-03-19 09:59:45 - [TEST_STEP][PASSED] - click(findTestObject("newidsfromspy/Page_Opend/input_Select Publisher_validat")): Object: 'Object Repository/newidsfromspy/Page_Opend/input_Select Publisher_validat' is clicked on

2019-03-19 09:59:45 - [MESSAGE][PASSED] - Object: 'Object Repository/newidsfromspy/Page_Opend/input_Select Publisher_validat' is clicked on

2019-03-19 09:59:45 - [TEST_STEP][PASSED] - delay(3): Delayed 3 second(s)

2019-03-19 09:59:48 - [MESSAGE][PASSED] - Delayed 3 second(s)

2019-03-19 09:59:48 - [TEST_STEP][PASSED] - click(findTestObject("Object Repository/NEWOPENDCPM/Page_Opend/label_Jack")): Object: 'Object Repository/NEWOPENDCPM/Page_Opend/label_Jack' is clicked on

2019-03-19 09:59:49 - [MESSAGE][PASSED] - Object: 'Object Repository/NEWOPENDCPM/Page_Opend/label_Jack' is clicked on

2019-03-19 09:59:49 - [TEST_STEP][PASSED] - delay(3): Delayed 3 second(s)

2019-03-19 09:59:52 - [MESSAGE][PASSED] - Delayed 3 second(s)

2019-03-19 09:59:52 - [TEST_STEP][PASSED] - click(findTestObject("newidsfromspy/Page_Opend/Pubselectbtn")): Object: 'Object Repository/newidsfromspy/Page_Opend/Pubselectbtn' is clicked on

2019-03-19 09:59:52 - [MESSAGE][PASSED] - Object: 'Object Repository/newidsfromspy/Page_Opend/Pubselectbtn' is clicked on

2019-03-19 09:59:52 - [TEST_STEP][PASSED] - delay(3): Delayed 3 second(s)

2019-03-19 09:59:55 - [MESSAGE][PASSED] - Delayed 3 second(s)

2019-03-19 09:59:55 - [TEST_STEP][PASSED] - click(findTestObject("NEWSPYIDS/Page_Opend/label_Normal charges")): Object: 'Object Repository/NEWSPYIDS/Page_Opend/label_Normal charges' is clicked on

2019-03-19 09:59:55 - [MESSAGE][PASSED] - Object: 'Object Repository/NEWSPYIDS/Page_Opend/label_Normal charges' is clicked on

2019-03-19 09:59:55 - [TEST_STEP][PASSED] - delay(1): Delayed 1 second(s)

2019-03-19 09:59:56 - [MESSAGE][PASSED] - Delayed 1 second(s)

2019-03-19 09:59:56 - [TEST_STEP][PASSED] - setText(findTestObject("NEWSPYIDS/Page_Opend/input_CPL Payout Price_payout_"), "1"): Text '1' is set on object 'Object Repository/NEWSPYIDS/Page_Opend/input_CPL Payout Price_payout_'

2019-03-19 09:59:56 - [MESSAGE][PASSED] - Text '1' is set on object 'Object Repository/NEWSPYIDS/Page_Opend/input_CPL Payout Price_payout_'

2019-03-19 09:59:56 - [TEST_STEP][PASSED] - delay(5): Delayed 5 second(s)

2019-03-19 10:00:01 - [MESSAGE][PASSED] - Delayed 5 second(s)

2019-03-19 10:00:01 - [TEST_STEP][PASSED] - click(findTestObject("Object Repository/NEWOPENDCPM/Page_Opend/button_Proceed")): Object: 'Object Repository/NEWOPENDCPM/Page_Opend/button_Proceed' is clicked on

2019-03-19 10:00:02 - [MESSAGE][PASSED] - Object: 'Object Repository/NEWOPENDCPM/Page_Opend/button_Proceed' is clicked on

2019-03-19 10:00:02 - [TEST_STEP][PASSED] - delay(5): Delayed 5 second(s)

2019-03-19 10:00:07 - [MESSAGE][PASSED] - Delayed 5 second(s)

2019-03-19 10:00:07 - [TEST_STEP][PASSED] - click(findTestObject("NEWSPYIDS/Page_Opend/label_AB Split")): Object: 'Object Repository/NEWSPYIDS/Page_Opend/label_AB Split' is clicked on

2019-03-19 10:00:07 - [MESSAGE][PASSED] - Object: 'Object Repository/NEWSPYIDS/Page_Opend/label_AB Split' is clicked on

2019-03-19 10:00:07 - [TEST_STEP][PASSED] - delay(2): Delayed 2 second(s)

2019-03-19 10:00:09 - [MESSAGE][PASSED] - Delayed 2 second(s)

2019-03-19 10:00:09 - [TEST_STEP][PASSED] - setText(findTestObject("Object Repository/NEWOPENDCPM/Page_Opend/input_Subject Line_subjectone"), "GOOD AFTERNOON "): Text 'GOOD AFTERNOON ' is set on object 'Object Repository/NEWOPENDCPM/Page_Opend/input_Subject Line_subjectone'

2019-03-19 10:00:10 - [MESSAGE][PASSED] - Text 'GOOD AFTERNOON ' is set on object 'Object Repository/NEWOPENDCPM/Page_Opend/input_Subject Line_subjectone'

2019-03-19 10:00:10 - [TEST_STEP][PASSED] - delay(2): Delayed 2 second(s)

2019-03-19 10:00:12 - [MESSAGE][PASSED] - Delayed 2 second(s)

2019-03-19 10:00:12 - [TEST_STEP][PASSED] - setText(findTestObject("NEWSPYIDS/Page_Opend/input_Subject Line 2_subject2"), "GOOD AFTERNOON TA"): Text 'GOOD AFTERNOON TA' is set on object 'Object Repository/NEWSPYIDS/Page_Opend/input_Subject Line 2_subject2'

2019-03-19 10:00:12 - [MESSAGE][PASSED] - Text 'GOOD AFTERNOON TA' is set on object 'Object Repository/NEWSPYIDS/Page_Opend/input_Subject Line 2_subject2'

2019-03-19 10:00:12 - [TEST_STEP][PASSED] - delay(5): Delayed 5 second(s)

2019-03-19 10:00:17 - [MESSAGE][PASSED] - Delayed 5 second(s)

2019-03-19 10:00:17 - [TEST_STEP][PASSED] - click(findTestObject("newidsfromspy/Page_Opend/input_From Creatives_uploadBtn")): Object: 'Object Repository/newidsfromspy/Page_Opend/input_From Creatives_uploadBtn' is clicked on

2019-03-19 10:00:17 - [MESSAGE][PASSED] - Object: 'Object Repository/newidsfromspy/Page_Opend/input_From Creatives_uploadBtn' is clicked on

2019-03-19 10:00:17 - [TEST_STEP][PASSED] - delay(5): Delayed 5 second(s)

2019-03-19 10:00:22 - [MESSAGE][PASSED] - Delayed 5 second(s)

2019-03-19 10:00:22 - [TEST_STEP][PASSED] - click(findTestObject("Object Repository/NEWOPENDCPM/Page_Opend/button_Select")): Object: 'Object Repository/NEWOPENDCPM/Page_Opend/button_Select' is clicked on

2019-03-19 10:00:23 - [MESSAGE][PASSED] - Object: 'Object Repository/NEWOPENDCPM/Page_Opend/button_Select' is clicked on

2019-03-19 10:00:23 - [TEST_STEP][PASSED] - delay(5): Delayed 5 second(s)

2019-03-19 10:00:28 - [MESSAGE][PASSED] - Delayed 5 second(s)

2019-03-19 10:00:28 - [TEST_STEP][PASSED] - click(findTestObject("NEWOPENDCPM/Step2prcdbtn")): Object: 'Object Repository/NEWOPENDCPM/Step2prcdbtn' is clicked on

2019-03-19 10:00:29 - [MESSAGE][PASSED] - Object: 'Object Repository/NEWOPENDCPM/Step2prcdbtn' is clicked on

2019-03-19 10:00:29 - [TEST_STEP][PASSED] - delay(5): Delayed 5 second(s)

2019-03-19 10:00:34 - [MESSAGE][PASSED] - Delayed 5 second(s)

2019-03-19 10:00:34 - [TEST_STEP][PASSED] - click(findTestObject("NEWOPENDCPM/step3prcdbrn")): Object: 'Object Repository/NEWOPENDCPM/step3prcdbrn' is clicked on

2019-03-19 10:00:34 - [MESSAGE][PASSED] - Object: 'Object Repository/NEWOPENDCPM/step3prcdbrn' is clicked on

2019-03-19 10:00:34 - [TEST_STEP][PASSED] - delay(5): Delayed 5 second(s)

2019-03-19 10:00:39 - [MESSAGE][PASSED] - Delayed 5 second(s)

2019-03-19 10:00:39 - [TEST_STEP][PASSED] - setText(findTestObject("NEWSPYIDS/subjctprct1"), "50"): Text '50' is set on object 'Object Repository/NEWSPYIDS/subjctprct1'

2019-03-19 10:00:39 - [MESSAGE][PASSED] - Text '50' is set on object 'Object Repository/NEWSPYIDS/subjctprct1'

2019-03-19 10:00:39 - [TEST_STEP][PASSED] - delay(2): Delayed 2 second(s)

2019-03-19 10:00:41 - [MESSAGE][PASSED] - Delayed 2 second(s)

2019-03-19 10:00:41 - [TEST_STEP][PASSED] - setText(findTestObject("NEWSPYIDS/subjectprct2"), "50"): Text '50' is set on object 'Object Repository/NEWSPYIDS/subjectprct2'

2019-03-19 10:00:41 - [MESSAGE][PASSED] - Text '50' is set on object 'Object Repository/NEWSPYIDS/subjectprct2'

2019-03-19 10:00:41 - [TEST_STEP][PASSED] - delay(2): Delayed 2 second(s)

2019-03-19 10:00:43 - [MESSAGE][PASSED] - Delayed 2 second(s)

2019-03-19 10:00:43 - [TEST_STEP][NOT_RUN] - click(findTestObject("NEWOPENDCPM/Startcampbtn")): NOT_RUN: click(findTestObject("NEWOPENDCPM/Startcampbtn"))

2019-03-19 10:00:43 - [MESSAGE][NOT_RUN] - NOT_RUN: click(findTestObject("NEWOPENDCPM/Startcampbtn"))

2019-03-19 10:00:43 - [TEST_STEP][PASSED] - delay(5): Delayed 5 second(s)

2019-03-19 10:00:48 - [MESSAGE][PASSED] - Delayed 5 second(s)

2019-03-19 10:00:48 - [TEST_STEP][PASSED] - closeBrowser(): Browser is closed

2019-03-19 10:00:49 - [MESSAGE][PASSED] - Browser is closed]]></system-out>
         <system-err><![CDATA[]]></system-err>
      </testcase>
      <system-out><![CDATA[2019-03-19 09:54:26 - [TEST_SUITE][PASSED] - TEST SUITE 2: Test Cases/CPL WITH AB SPLIT]]></system-out>
      <system-err><![CDATA[]]></system-err>
   </testsuite>
</testsuites>
