<?xml version="1.0" encoding="UTF-8"?>
<testsuites name="TEST SUITE1" time="367" tests="3" failures="0" errors="0">
   <testsuite name="TEST SUITE1" tests="3" failures="0" errors="0" time="367" timestamp="2019-04-12 11:43:58" hostname="activemac08 - activemc08simac" id="Test Suites/TEST SUITE1">
      <properties>
         <property name="deviceName" value=""/>
         <property name="devicePlatform" value=""/>
         <property name="logFolder" value="/Users/activemac08/git/KATALONOPENDPROJECT/Reports/TEST SUITE1/20190412_114352"/>
         <property name="logFiles" value="/Users/activemac08/git/KATALONOPENDPROJECT/Reports/TEST SUITE1/20190412_114352/execution0.log"/>
         <property name="attachments" value=""/>
         <property name="hostName" value="activemac08 - activemc08simac"/>
         <property name="os" value="Mac OS X 64bit"/>
         <property name="katalonVersion" value="6.1.0.1"/>
         <property name="browser" value="Firefox 66.0"/>
         <property name="hostAddress" value="192.168.1.22"/>
         <property name="sessionId" value="21dceb7c-91e4-7b48-8178-61bcca14ff92"/>
         <property name="seleniumVersion" value="3.7.1"/>
         <property name="proxyInformation" value="ProxyInformation{proxyOption=NO_PROXY, proxyServerType=HTTP, password=, proxyServerAddress=, proxyServerPort=0}"/>
         <property name="platform" value="Mac OS X"/>
      </properties>
      <testcase name="Test Cases/CREATING CPM CAMPAIGN" classname="Test Cases/CREATING CPM CAMPAIGN" status="PASSED">
         <system-out><![CDATA[2019-04-12 11:44:00 - [TEST_CASE][PASSED] - Test Cases/CREATING CPM CAMPAIGN: Test Cases/CREATING CPM CAMPAIGN

2019-04-12 11:44:02 - [TEST_STEP][PASSED] - openBrowser(""): Browser is opened with url: ''

2019-04-12 11:44:03 - [MESSAGE][INFO] - Starting 'Firefox' driver

2019-04-12 11:44:03 - [MESSAGE][INFO] - Action delay is set to 0 seconds

2019-04-12 11:44:12 - [MESSAGE][PASSED] - Browser is opened with url: ''

2019-04-12 11:44:12 - [TEST_STEP][PASSED] - navigateToUrl("http://campaignsopend.techactive.tk/#/admin_login"): Navigate to 'http://campaignsopend.techactive.tk/#/admin_login' successfully

2019-04-12 11:44:14 - [MESSAGE][PASSED] - Navigate to 'http://campaignsopend.techactive.tk/#/admin_login' successfully

2019-04-12 11:44:14 - [TEST_STEP][PASSED] - delay(5): Delayed 5 second(s)

2019-04-12 11:44:19 - [MESSAGE][PASSED] - Delayed 5 second(s)

2019-04-12 11:44:19 - [TEST_STEP][PASSED] - setText(findTestObject("Object Repository/NEWOPENDCPM/Page_Opend/input_Admin Login_email_id"), "admin@opend.com"): Text 'admin@opend.com' is set on object 'Object Repository/NEWOPENDCPM/Page_Opend/input_Admin Login_email_id'

2019-04-12 11:44:20 - [MESSAGE][PASSED] - Text 'admin@opend.com' is set on object 'Object Repository/NEWOPENDCPM/Page_Opend/input_Admin Login_email_id'

2019-04-12 11:44:20 - [TEST_STEP][PASSED] - setEncryptedText(findTestObject("Object Repository/NEWOPENDCPM/Page_Opend/input_Admin Login_password"), "4nvbrPglk7k="): Text ****** has been set on object 'Object Repository/NEWOPENDCPM/Page_Opend/input_Admin Login_password'

2019-04-12 11:44:20 - [MESSAGE][PASSED] - Text ****** has been set on object 'Object Repository/NEWOPENDCPM/Page_Opend/input_Admin Login_password'

2019-04-12 11:44:20 - [TEST_STEP][PASSED] - click(findTestObject("Object Repository/NEWOPENDCPM/Page_Opend/button_Sign In")): Object: 'Object Repository/NEWOPENDCPM/Page_Opend/button_Sign In' is clicked on

2019-04-12 11:44:20 - [MESSAGE][PASSED] - Object: 'Object Repository/NEWOPENDCPM/Page_Opend/button_Sign In' is clicked on

2019-04-12 11:44:20 - [TEST_STEP][PASSED] - delay(5): Delayed 5 second(s)

2019-04-12 11:44:25 - [MESSAGE][PASSED] - Delayed 5 second(s)

2019-04-12 11:44:25 - [TEST_STEP][PASSED] - click(findTestObject("Object Repository/NEWOPENDCPM/Page_Opend/a_Campaigns")): Object: 'Object Repository/NEWOPENDCPM/Page_Opend/a_Campaigns' is clicked on

2019-04-12 11:44:26 - [MESSAGE][PASSED] - Object: 'Object Repository/NEWOPENDCPM/Page_Opend/a_Campaigns' is clicked on

2019-04-12 11:44:26 - [TEST_STEP][PASSED] - delay(5): Delayed 5 second(s)

2019-04-12 11:44:31 - [MESSAGE][PASSED] - Delayed 5 second(s)

2019-04-12 11:44:31 - [TEST_STEP][PASSED] - click(findTestObject("Object Repository/NEWOPENDCPM/Page_Opend/a_Start New Campaign")): Object: 'Object Repository/NEWOPENDCPM/Page_Opend/a_Start New Campaign' is clicked on

2019-04-12 11:44:31 - [MESSAGE][PASSED] - Object: 'Object Repository/NEWOPENDCPM/Page_Opend/a_Start New Campaign' is clicked on

2019-04-12 11:44:31 - [TEST_STEP][PASSED] - delay(5): Delayed 5 second(s)

2019-04-12 11:44:36 - [MESSAGE][PASSED] - Delayed 5 second(s)

2019-04-12 11:44:36 - [TEST_STEP][PASSED] - selectOptionByValue(findTestObject("Object Repository/NEWOPENDCPM/Page_Opend/select_Please Select Advertise"), "2", true): All options with value '2' are selected in object 'Object Repository/NEWOPENDCPM/Page_Opend/select_Please Select Advertise'  using regular expression

2019-04-12 11:44:37 - [MESSAGE][PASSED] - All options with value '2' are selected in object 'Object Repository/NEWOPENDCPM/Page_Opend/select_Please Select Advertise'  using regular expression

2019-04-12 11:44:37 - [TEST_STEP][PASSED] - delay(3): Delayed 3 second(s)

2019-04-12 11:44:40 - [MESSAGE][PASSED] - Delayed 3 second(s)

2019-04-12 11:44:40 - [TEST_STEP][PASSED] - setText(findTestObject("Object Repository/NEWOPENDCPM/Page_Opend/input_Campaign Name_camp_name_"), "TEST CAMPAIGN 2"): Text 'TEST CAMPAIGN 2' is set on object 'Object Repository/NEWOPENDCPM/Page_Opend/input_Campaign Name_camp_name_'

2019-04-12 11:44:40 - [MESSAGE][PASSED] - Text 'TEST CAMPAIGN 2' is set on object 'Object Repository/NEWOPENDCPM/Page_Opend/input_Campaign Name_camp_name_'

2019-04-12 11:44:40 - [TEST_STEP][PASSED] - delay(2): Delayed 2 second(s)

2019-04-12 11:44:42 - [MESSAGE][PASSED] - Delayed 2 second(s)

2019-04-12 11:44:42 - [TEST_STEP][PASSED] - click(findTestObject("Object Repository/NEWOPENDCPM/Page_Opend/label_Normal charges")): Object: 'Object Repository/NEWOPENDCPM/Page_Opend/label_Normal charges' is clicked on

2019-04-12 11:44:42 - [MESSAGE][PASSED] - Object: 'Object Repository/NEWOPENDCPM/Page_Opend/label_Normal charges' is clicked on

2019-04-12 11:44:42 - [TEST_STEP][PASSED] - delay(2): Delayed 2 second(s)

2019-04-12 11:44:44 - [MESSAGE][PASSED] - Delayed 2 second(s)

2019-04-12 11:44:44 - [TEST_STEP][PASSED] - selectOptionByValue(findTestObject("Object Repository/NEWOPENDCPM/Page_Opend/select_Please Select Audience"), "2", true): All options with value '2' are selected in object 'Object Repository/NEWOPENDCPM/Page_Opend/select_Please Select Audience'  using regular expression

2019-04-12 11:44:45 - [MESSAGE][PASSED] - All options with value '2' are selected in object 'Object Repository/NEWOPENDCPM/Page_Opend/select_Please Select Audience'  using regular expression

2019-04-12 11:44:45 - [TEST_STEP][PASSED] - delay(3): Delayed 3 second(s)

2019-04-12 11:44:48 - [MESSAGE][PASSED] - Delayed 3 second(s)

2019-04-12 11:44:48 - [TEST_STEP][PASSED] - click(findTestObject("newidsfromspy/Page_Opend/input_Campaign Category_valida")): Object: 'Object Repository/newidsfromspy/Page_Opend/input_Campaign Category_valida' is clicked on

2019-04-12 11:44:48 - [MESSAGE][PASSED] - Object: 'Object Repository/newidsfromspy/Page_Opend/input_Campaign Category_valida' is clicked on

2019-04-12 11:44:48 - [TEST_STEP][PASSED] - delay(3): Delayed 3 second(s)

2019-04-12 11:44:51 - [MESSAGE][PASSED] - Delayed 3 second(s)

2019-04-12 11:44:51 - [TEST_STEP][PASSED] - click(findTestObject("newidsfromspy/Page_Opend/label_fashion")): Object: 'Object Repository/newidsfromspy/Page_Opend/label_fashion' is clicked on

2019-04-12 11:44:51 - [MESSAGE][PASSED] - Object: 'Object Repository/newidsfromspy/Page_Opend/label_fashion' is clicked on

2019-04-12 11:44:51 - [TEST_STEP][PASSED] - delay(3): Delayed 3 second(s)

2019-04-12 11:44:54 - [MESSAGE][PASSED] - Delayed 3 second(s)

2019-04-12 11:44:54 - [TEST_STEP][PASSED] - click(findTestObject("Object Repository/NEWOPENDCPM/Page_Opend/button_Select")): Object: 'Object Repository/NEWOPENDCPM/Page_Opend/button_Select' is clicked on

2019-04-12 11:44:55 - [MESSAGE][PASSED] - Object: 'Object Repository/NEWOPENDCPM/Page_Opend/button_Select' is clicked on

2019-04-12 11:44:55 - [TEST_STEP][PASSED] - delay(3): Delayed 3 second(s)

2019-04-12 11:44:58 - [MESSAGE][PASSED] - Delayed 3 second(s)

2019-04-12 11:44:58 - [TEST_STEP][PASSED] - click(findTestObject("newidsfromspy/Page_Opend/input_Audience Interests_valid")): Object: 'Object Repository/newidsfromspy/Page_Opend/input_Audience Interests_valid' is clicked on

2019-04-12 11:44:58 - [MESSAGE][PASSED] - Object: 'Object Repository/newidsfromspy/Page_Opend/input_Audience Interests_valid' is clicked on

2019-04-12 11:44:58 - [TEST_STEP][PASSED] - delay(3): Delayed 3 second(s)

2019-04-12 11:45:01 - [MESSAGE][PASSED] - Delayed 3 second(s)

2019-04-12 11:45:01 - [TEST_STEP][PASSED] - click(findTestObject("newidsfromspy/Page_Opend/label_Party wear")): Object: 'Object Repository/newidsfromspy/Page_Opend/label_Party wear' is clicked on

2019-04-12 11:45:01 - [MESSAGE][PASSED] - Object: 'Object Repository/newidsfromspy/Page_Opend/label_Party wear' is clicked on

2019-04-12 11:45:01 - [TEST_STEP][PASSED] - delay(2): Delayed 2 second(s)

2019-04-12 11:45:03 - [MESSAGE][PASSED] - Delayed 2 second(s)

2019-04-12 11:45:03 - [TEST_STEP][PASSED] - click(findTestObject("newidsfromspy/Page_Opend/label_Kidz Wear")): Object: 'Object Repository/newidsfromspy/Page_Opend/label_Kidz Wear' is clicked on

2019-04-12 11:45:04 - [MESSAGE][PASSED] - Object: 'Object Repository/newidsfromspy/Page_Opend/label_Kidz Wear' is clicked on

2019-04-12 11:45:04 - [TEST_STEP][PASSED] - delay(5): Delayed 5 second(s)

2019-04-12 11:45:09 - [MESSAGE][PASSED] - Delayed 5 second(s)

2019-04-12 11:45:09 - [TEST_STEP][PASSED] - click(findTestObject("newidsfromspy/Page_Opend/AIselectbtn")): Object: 'Object Repository/newidsfromspy/Page_Opend/AIselectbtn' is clicked on

2019-04-12 11:45:09 - [MESSAGE][PASSED] - Object: 'Object Repository/newidsfromspy/Page_Opend/AIselectbtn' is clicked on

2019-04-12 11:45:09 - [TEST_STEP][PASSED] - delay(3): Delayed 3 second(s)

2019-04-12 11:45:12 - [MESSAGE][PASSED] - Delayed 3 second(s)

2019-04-12 11:45:12 - [TEST_STEP][PASSED] - click(findTestObject("newidsfromspy/Page_Opend/input_Select Publisher_validat")): Object: 'Object Repository/newidsfromspy/Page_Opend/input_Select Publisher_validat' is clicked on

2019-04-12 11:45:12 - [MESSAGE][PASSED] - Object: 'Object Repository/newidsfromspy/Page_Opend/input_Select Publisher_validat' is clicked on

2019-04-12 11:45:12 - [TEST_STEP][PASSED] - delay(3): Delayed 3 second(s)

2019-04-12 11:45:15 - [MESSAGE][PASSED] - Delayed 3 second(s)

2019-04-12 11:45:15 - [TEST_STEP][PASSED] - click(findTestObject("Object Repository/NEWOPENDCPM/Page_Opend/label_Jack")): Object: 'Object Repository/NEWOPENDCPM/Page_Opend/label_Jack' is clicked on

2019-04-12 11:45:15 - [MESSAGE][PASSED] - Object: 'Object Repository/NEWOPENDCPM/Page_Opend/label_Jack' is clicked on

2019-04-12 11:45:15 - [TEST_STEP][PASSED] - delay(3): Delayed 3 second(s)

2019-04-12 11:45:19 - [MESSAGE][PASSED] - Delayed 3 second(s)

2019-04-12 11:45:19 - [TEST_STEP][PASSED] - click(findTestObject("newidsfromspy/Page_Opend/Pubselectbtn")): Object: 'Object Repository/newidsfromspy/Page_Opend/Pubselectbtn' is clicked on

2019-04-12 11:45:19 - [MESSAGE][PASSED] - Object: 'Object Repository/newidsfromspy/Page_Opend/Pubselectbtn' is clicked on

2019-04-12 11:45:19 - [TEST_STEP][PASSED] - delay(3): Delayed 3 second(s)

2019-04-12 11:45:22 - [MESSAGE][PASSED] - Delayed 3 second(s)

2019-04-12 11:45:22 - [TEST_STEP][PASSED] - click(findTestObject("NEWSPYIDS/Page_Opend/label_Normal charges")): Object: 'Object Repository/NEWSPYIDS/Page_Opend/label_Normal charges' is clicked on

2019-04-12 11:45:22 - [MESSAGE][PASSED] - Object: 'Object Repository/NEWSPYIDS/Page_Opend/label_Normal charges' is clicked on

2019-04-12 11:45:22 - [TEST_STEP][PASSED] - delay(5): Delayed 5 second(s)

2019-04-12 11:45:27 - [MESSAGE][PASSED] - Delayed 5 second(s)

2019-04-12 11:45:27 - [TEST_STEP][PASSED] - click(findTestObject("Object Repository/NEWOPENDCPM/Page_Opend/button_Proceed")): Object: 'Object Repository/NEWOPENDCPM/Page_Opend/button_Proceed' is clicked on

2019-04-12 11:45:28 - [MESSAGE][PASSED] - Object: 'Object Repository/NEWOPENDCPM/Page_Opend/button_Proceed' is clicked on

2019-04-12 11:45:28 - [TEST_STEP][PASSED] - delay(5): Delayed 5 second(s)

2019-04-12 11:45:33 - [MESSAGE][PASSED] - Delayed 5 second(s)

2019-04-12 11:45:33 - [TEST_STEP][PASSED] - setText(findTestObject("Object Repository/NEWOPENDCPM/Page_Opend/input_Subject Line_subjectone"), "GOOD MORNING "): Text 'GOOD MORNING ' is set on object 'Object Repository/NEWOPENDCPM/Page_Opend/input_Subject Line_subjectone'

2019-04-12 11:45:33 - [MESSAGE][PASSED] - Text 'GOOD MORNING ' is set on object 'Object Repository/NEWOPENDCPM/Page_Opend/input_Subject Line_subjectone'

2019-04-12 11:45:33 - [TEST_STEP][PASSED] - delay(5): Delayed 5 second(s)

2019-04-12 11:45:38 - [MESSAGE][PASSED] - Delayed 5 second(s)

2019-04-12 11:45:38 - [TEST_STEP][PASSED] - click(findTestObject("newidsfromspy/Page_Opend/input_From Creatives_uploadBtn")): Object: 'Object Repository/newidsfromspy/Page_Opend/input_From Creatives_uploadBtn' is clicked on

2019-04-12 11:45:38 - [MESSAGE][PASSED] - Object: 'Object Repository/newidsfromspy/Page_Opend/input_From Creatives_uploadBtn' is clicked on

2019-04-12 11:45:38 - [TEST_STEP][PASSED] - delay(5): Delayed 5 second(s)

2019-04-12 11:45:43 - [MESSAGE][PASSED] - Delayed 5 second(s)

2019-04-12 11:45:43 - [TEST_STEP][PASSED] - click(findTestObject("Object Repository/NEWOPENDCPM/Page_Opend/button_Select")): Object: 'Object Repository/NEWOPENDCPM/Page_Opend/button_Select' is clicked on

2019-04-12 11:45:44 - [MESSAGE][PASSED] - Object: 'Object Repository/NEWOPENDCPM/Page_Opend/button_Select' is clicked on

2019-04-12 11:45:44 - [TEST_STEP][PASSED] - delay(5): Delayed 5 second(s)

2019-04-12 11:45:49 - [MESSAGE][PASSED] - Delayed 5 second(s)

2019-04-12 11:45:49 - [TEST_STEP][PASSED] - click(findTestObject("NEWOPENDCPM/Step2prcdbtn")): Object: 'Object Repository/NEWOPENDCPM/Step2prcdbtn' is clicked on

2019-04-12 11:45:50 - [MESSAGE][PASSED] - Object: 'Object Repository/NEWOPENDCPM/Step2prcdbtn' is clicked on

2019-04-12 11:45:50 - [TEST_STEP][PASSED] - delay(5): Delayed 5 second(s)

2019-04-12 11:45:55 - [MESSAGE][PASSED] - Delayed 5 second(s)

2019-04-12 11:45:55 - [TEST_STEP][PASSED] - click(findTestObject("NEWOPENDCPM/step3prcdbrn")): Object: 'Object Repository/NEWOPENDCPM/step3prcdbrn' is clicked on

2019-04-12 11:45:55 - [MESSAGE][PASSED] - Object: 'Object Repository/NEWOPENDCPM/step3prcdbrn' is clicked on

2019-04-12 11:45:55 - [TEST_STEP][PASSED] - delay(5): Delayed 5 second(s)

2019-04-12 11:46:00 - [MESSAGE][PASSED] - Delayed 5 second(s)

2019-04-12 11:46:00 - [TEST_STEP][NOT_RUN] - click(findTestObject("NEWOPENDCPM/Startcampbtn")): NOT_RUN: click(findTestObject("NEWOPENDCPM/Startcampbtn"))

2019-04-12 11:46:00 - [MESSAGE][NOT_RUN] - NOT_RUN: click(findTestObject("NEWOPENDCPM/Startcampbtn"))

2019-04-12 11:46:00 - [TEST_STEP][PASSED] - delay(5): Delayed 5 second(s)

2019-04-12 11:46:05 - [MESSAGE][PASSED] - Delayed 5 second(s)

2019-04-12 11:46:05 - [TEST_STEP][PASSED] - closeBrowser(): Browser is closed

2019-04-12 11:46:06 - [MESSAGE][PASSED] - Browser is closed]]></system-out>
         <system-err><![CDATA[]]></system-err>
      </testcase>
      <testcase name="Test Cases/CREATING CPO CAMPAIGN" classname="Test Cases/CREATING CPO CAMPAIGN" status="PASSED">
         <system-out><![CDATA[2019-04-12 11:46:06 - [TEST_CASE][PASSED] - Test Cases/CREATING CPO CAMPAIGN: Test Cases/CREATING CPO CAMPAIGN

2019-04-12 11:46:07 - [TEST_STEP][PASSED] - openBrowser(""): Browser is opened with url: ''

2019-04-12 11:46:07 - [MESSAGE][INFO] - Starting 'Firefox' driver

2019-04-12 11:46:11 - [MESSAGE][PASSED] - Browser is opened with url: ''

2019-04-12 11:46:11 - [TEST_STEP][PASSED] - navigateToUrl("http://campaignsopend.techactive.tk/#/admin_login"): Navigate to 'http://campaignsopend.techactive.tk/#/admin_login' successfully

2019-04-12 11:46:13 - [MESSAGE][PASSED] - Navigate to 'http://campaignsopend.techactive.tk/#/admin_login' successfully

2019-04-12 11:46:13 - [TEST_STEP][PASSED] - setText(findTestObject("Object Repository/NEWOPENDCPM/Page_Opend/input_Admin Login_email_id"), "admin@opend.com"): Text 'admin@opend.com' is set on object 'Object Repository/NEWOPENDCPM/Page_Opend/input_Admin Login_email_id'

2019-04-12 11:46:14 - [MESSAGE][PASSED] - Text 'admin@opend.com' is set on object 'Object Repository/NEWOPENDCPM/Page_Opend/input_Admin Login_email_id'

2019-04-12 11:46:14 - [TEST_STEP][PASSED] - setEncryptedText(findTestObject("Object Repository/NEWOPENDCPM/Page_Opend/input_Admin Login_password"), "4nvbrPglk7k="): Text ****** has been set on object 'Object Repository/NEWOPENDCPM/Page_Opend/input_Admin Login_password'

2019-04-12 11:46:14 - [MESSAGE][PASSED] - Text ****** has been set on object 'Object Repository/NEWOPENDCPM/Page_Opend/input_Admin Login_password'

2019-04-12 11:46:14 - [TEST_STEP][PASSED] - click(findTestObject("Object Repository/NEWOPENDCPM/Page_Opend/button_Sign In")): Object: 'Object Repository/NEWOPENDCPM/Page_Opend/button_Sign In' is clicked on

2019-04-12 11:46:14 - [MESSAGE][PASSED] - Object: 'Object Repository/NEWOPENDCPM/Page_Opend/button_Sign In' is clicked on

2019-04-12 11:46:14 - [TEST_STEP][PASSED] - delay(5): Delayed 5 second(s)

2019-04-12 11:46:19 - [MESSAGE][PASSED] - Delayed 5 second(s)

2019-04-12 11:46:19 - [TEST_STEP][PASSED] - click(findTestObject("Object Repository/NEWOPENDCPM/Page_Opend/a_Campaigns")): Object: 'Object Repository/NEWOPENDCPM/Page_Opend/a_Campaigns' is clicked on

2019-04-12 11:46:20 - [MESSAGE][PASSED] - Object: 'Object Repository/NEWOPENDCPM/Page_Opend/a_Campaigns' is clicked on

2019-04-12 11:46:20 - [TEST_STEP][PASSED] - delay(5): Delayed 5 second(s)

2019-04-12 11:46:25 - [MESSAGE][PASSED] - Delayed 5 second(s)

2019-04-12 11:46:25 - [TEST_STEP][PASSED] - click(findTestObject("Object Repository/NEWOPENDCPM/Page_Opend/a_Start New Campaign")): Object: 'Object Repository/NEWOPENDCPM/Page_Opend/a_Start New Campaign' is clicked on

2019-04-12 11:46:26 - [MESSAGE][PASSED] - Object: 'Object Repository/NEWOPENDCPM/Page_Opend/a_Start New Campaign' is clicked on

2019-04-12 11:46:26 - [TEST_STEP][PASSED] - delay(5): Delayed 5 second(s)

2019-04-12 11:46:31 - [MESSAGE][PASSED] - Delayed 5 second(s)

2019-04-12 11:46:31 - [TEST_STEP][PASSED] - selectOptionByValue(findTestObject("Object Repository/NEWOPENDCPM/Page_Opend/select_Please Select Advertise"), "2", true): All options with value '2' are selected in object 'Object Repository/NEWOPENDCPM/Page_Opend/select_Please Select Advertise'  using regular expression

2019-04-12 11:46:31 - [MESSAGE][PASSED] - All options with value '2' are selected in object 'Object Repository/NEWOPENDCPM/Page_Opend/select_Please Select Advertise'  using regular expression

2019-04-12 11:46:31 - [TEST_STEP][PASSED] - delay(3): Delayed 3 second(s)

2019-04-12 11:46:34 - [MESSAGE][PASSED] - Delayed 3 second(s)

2019-04-12 11:46:34 - [TEST_STEP][PASSED] - setText(findTestObject("Object Repository/NEWOPENDCPM/Page_Opend/input_Campaign Name_camp_name_"), "TEST CPO CAMPAIGN "): Text 'TEST CPO CAMPAIGN ' is set on object 'Object Repository/NEWOPENDCPM/Page_Opend/input_Campaign Name_camp_name_'

2019-04-12 11:46:34 - [MESSAGE][PASSED] - Text 'TEST CPO CAMPAIGN ' is set on object 'Object Repository/NEWOPENDCPM/Page_Opend/input_Campaign Name_camp_name_'

2019-04-12 11:46:34 - [TEST_STEP][PASSED] - delay(2): Delayed 2 second(s)

2019-04-12 11:46:36 - [MESSAGE][PASSED] - Delayed 2 second(s)

2019-04-12 11:46:36 - [TEST_STEP][PASSED] - click(findTestObject("Object Repository/NEWOPENDCPM/Page_Opend/label_Normal charges")): Object: 'Object Repository/NEWOPENDCPM/Page_Opend/label_Normal charges' is clicked on

2019-04-12 11:46:37 - [MESSAGE][PASSED] - Object: 'Object Repository/NEWOPENDCPM/Page_Opend/label_Normal charges' is clicked on

2019-04-12 11:46:37 - [TEST_STEP][PASSED] - click(findTestObject("NEWSPYIDS/Page_Opend/label_CPO")): Object: 'Object Repository/NEWSPYIDS/Page_Opend/label_CPO' is clicked on

2019-04-12 11:46:37 - [MESSAGE][PASSED] - Object: 'Object Repository/NEWSPYIDS/Page_Opend/label_CPO' is clicked on

2019-04-12 11:46:37 - [TEST_STEP][PASSED] - delay(2): Delayed 2 second(s)

2019-04-12 11:46:39 - [MESSAGE][PASSED] - Delayed 2 second(s)

2019-04-12 11:46:39 - [TEST_STEP][PASSED] - selectOptionByValue(findTestObject("Object Repository/NEWOPENDCPM/Page_Opend/select_Please Select Audience"), "2", true): All options with value '2' are selected in object 'Object Repository/NEWOPENDCPM/Page_Opend/select_Please Select Audience'  using regular expression

2019-04-12 11:46:40 - [MESSAGE][PASSED] - All options with value '2' are selected in object 'Object Repository/NEWOPENDCPM/Page_Opend/select_Please Select Audience'  using regular expression

2019-04-12 11:46:40 - [TEST_STEP][PASSED] - delay(3): Delayed 3 second(s)

2019-04-12 11:46:43 - [MESSAGE][PASSED] - Delayed 3 second(s)

2019-04-12 11:46:43 - [TEST_STEP][PASSED] - click(findTestObject("newidsfromspy/Page_Opend/input_Campaign Category_valida")): Object: 'Object Repository/newidsfromspy/Page_Opend/input_Campaign Category_valida' is clicked on

2019-04-12 11:46:43 - [MESSAGE][PASSED] - Object: 'Object Repository/newidsfromspy/Page_Opend/input_Campaign Category_valida' is clicked on

2019-04-12 11:46:43 - [TEST_STEP][PASSED] - delay(3): Delayed 3 second(s)

2019-04-12 11:46:46 - [MESSAGE][PASSED] - Delayed 3 second(s)

2019-04-12 11:46:46 - [TEST_STEP][PASSED] - click(findTestObject("newidsfromspy/Page_Opend/label_fashion")): Object: 'Object Repository/newidsfromspy/Page_Opend/label_fashion' is clicked on

2019-04-12 11:46:46 - [MESSAGE][PASSED] - Object: 'Object Repository/newidsfromspy/Page_Opend/label_fashion' is clicked on

2019-04-12 11:46:46 - [TEST_STEP][PASSED] - delay(3): Delayed 3 second(s)

2019-04-12 11:46:49 - [MESSAGE][PASSED] - Delayed 3 second(s)

2019-04-12 11:46:49 - [TEST_STEP][PASSED] - click(findTestObject("Object Repository/NEWOPENDCPM/Page_Opend/button_Select")): Object: 'Object Repository/NEWOPENDCPM/Page_Opend/button_Select' is clicked on

2019-04-12 11:46:50 - [MESSAGE][PASSED] - Object: 'Object Repository/NEWOPENDCPM/Page_Opend/button_Select' is clicked on

2019-04-12 11:46:50 - [TEST_STEP][PASSED] - delay(3): Delayed 3 second(s)

2019-04-12 11:46:53 - [MESSAGE][PASSED] - Delayed 3 second(s)

2019-04-12 11:46:53 - [TEST_STEP][PASSED] - click(findTestObject("newidsfromspy/Page_Opend/input_Audience Interests_valid")): Object: 'Object Repository/newidsfromspy/Page_Opend/input_Audience Interests_valid' is clicked on

2019-04-12 11:46:53 - [MESSAGE][PASSED] - Object: 'Object Repository/newidsfromspy/Page_Opend/input_Audience Interests_valid' is clicked on

2019-04-12 11:46:53 - [TEST_STEP][PASSED] - delay(3): Delayed 3 second(s)

2019-04-12 11:46:56 - [MESSAGE][PASSED] - Delayed 3 second(s)

2019-04-12 11:46:56 - [TEST_STEP][PASSED] - click(findTestObject("newidsfromspy/Page_Opend/label_Party wear")): Object: 'Object Repository/newidsfromspy/Page_Opend/label_Party wear' is clicked on

2019-04-12 11:46:56 - [MESSAGE][PASSED] - Object: 'Object Repository/newidsfromspy/Page_Opend/label_Party wear' is clicked on

2019-04-12 11:46:56 - [TEST_STEP][PASSED] - delay(2): Delayed 2 second(s)

2019-04-12 11:46:58 - [MESSAGE][PASSED] - Delayed 2 second(s)

2019-04-12 11:46:58 - [TEST_STEP][PASSED] - click(findTestObject("newidsfromspy/Page_Opend/label_Kidz Wear")): Object: 'Object Repository/newidsfromspy/Page_Opend/label_Kidz Wear' is clicked on

2019-04-12 11:46:58 - [MESSAGE][PASSED] - Object: 'Object Repository/newidsfromspy/Page_Opend/label_Kidz Wear' is clicked on

2019-04-12 11:46:58 - [TEST_STEP][PASSED] - delay(5): Delayed 5 second(s)

2019-04-12 11:47:03 - [MESSAGE][PASSED] - Delayed 5 second(s)

2019-04-12 11:47:03 - [TEST_STEP][PASSED] - click(findTestObject("newidsfromspy/Page_Opend/AIselectbtn")): Object: 'Object Repository/newidsfromspy/Page_Opend/AIselectbtn' is clicked on

2019-04-12 11:47:04 - [MESSAGE][PASSED] - Object: 'Object Repository/newidsfromspy/Page_Opend/AIselectbtn' is clicked on

2019-04-12 11:47:04 - [TEST_STEP][PASSED] - delay(3): Delayed 3 second(s)

2019-04-12 11:47:07 - [MESSAGE][PASSED] - Delayed 3 second(s)

2019-04-12 11:47:07 - [TEST_STEP][PASSED] - setText(findTestObject("NEWSPYIDS/Page_Opend/input_CPO price_cplprice"), "2"): Text '2' is set on object 'Object Repository/NEWSPYIDS/Page_Opend/input_CPO price_cplprice'

2019-04-12 11:47:07 - [MESSAGE][PASSED] - Text '2' is set on object 'Object Repository/NEWSPYIDS/Page_Opend/input_CPO price_cplprice'

2019-04-12 11:47:07 - [TEST_STEP][PASSED] - delay(2): Delayed 2 second(s)

2019-04-12 11:47:09 - [MESSAGE][PASSED] - Delayed 2 second(s)

2019-04-12 11:47:09 - [TEST_STEP][PASSED] - click(findTestObject("newidsfromspy/Page_Opend/input_Select Publisher_validat")): Object: 'Object Repository/newidsfromspy/Page_Opend/input_Select Publisher_validat' is clicked on

2019-04-12 11:47:09 - [MESSAGE][PASSED] - Object: 'Object Repository/newidsfromspy/Page_Opend/input_Select Publisher_validat' is clicked on

2019-04-12 11:47:09 - [TEST_STEP][PASSED] - delay(3): Delayed 3 second(s)

2019-04-12 11:47:12 - [MESSAGE][PASSED] - Delayed 3 second(s)

2019-04-12 11:47:12 - [TEST_STEP][PASSED] - click(findTestObject("Object Repository/NEWOPENDCPM/Page_Opend/label_Jack")): Object: 'Object Repository/NEWOPENDCPM/Page_Opend/label_Jack' is clicked on

2019-04-12 11:47:12 - [MESSAGE][PASSED] - Object: 'Object Repository/NEWOPENDCPM/Page_Opend/label_Jack' is clicked on

2019-04-12 11:47:12 - [TEST_STEP][PASSED] - delay(3): Delayed 3 second(s)

2019-04-12 11:47:15 - [MESSAGE][PASSED] - Delayed 3 second(s)

2019-04-12 11:47:15 - [TEST_STEP][PASSED] - click(findTestObject("newidsfromspy/Page_Opend/Pubselectbtn")): Object: 'Object Repository/newidsfromspy/Page_Opend/Pubselectbtn' is clicked on

2019-04-12 11:47:16 - [MESSAGE][PASSED] - Object: 'Object Repository/newidsfromspy/Page_Opend/Pubselectbtn' is clicked on

2019-04-12 11:47:16 - [TEST_STEP][PASSED] - delay(3): Delayed 3 second(s)

2019-04-12 11:47:19 - [MESSAGE][PASSED] - Delayed 3 second(s)

2019-04-12 11:47:19 - [TEST_STEP][PASSED] - click(findTestObject("NEWSPYIDS/Page_Opend/label_Normal charges")): Object: 'Object Repository/NEWSPYIDS/Page_Opend/label_Normal charges' is clicked on

2019-04-12 11:47:19 - [MESSAGE][PASSED] - Object: 'Object Repository/NEWSPYIDS/Page_Opend/label_Normal charges' is clicked on

2019-04-12 11:47:19 - [TEST_STEP][PASSED] - delay(1): Delayed 1 second(s)

2019-04-12 11:47:20 - [MESSAGE][PASSED] - Delayed 1 second(s)

2019-04-12 11:47:20 - [TEST_STEP][PASSED] - setText(findTestObject("NEWSPYIDS/Page_Opend/input_CPO Payout Price_payout_"), "1"): Text '1' is set on object 'Object Repository/NEWSPYIDS/Page_Opend/input_CPO Payout Price_payout_'

2019-04-12 11:47:20 - [MESSAGE][PASSED] - Text '1' is set on object 'Object Repository/NEWSPYIDS/Page_Opend/input_CPO Payout Price_payout_'

2019-04-12 11:47:20 - [TEST_STEP][PASSED] - delay(5): Delayed 5 second(s)

2019-04-12 11:47:25 - [MESSAGE][PASSED] - Delayed 5 second(s)

2019-04-12 11:47:25 - [TEST_STEP][PASSED] - click(findTestObject("Object Repository/NEWOPENDCPM/Page_Opend/button_Proceed")): Object: 'Object Repository/NEWOPENDCPM/Page_Opend/button_Proceed' is clicked on

2019-04-12 11:47:26 - [MESSAGE][PASSED] - Object: 'Object Repository/NEWOPENDCPM/Page_Opend/button_Proceed' is clicked on

2019-04-12 11:47:26 - [TEST_STEP][PASSED] - delay(5): Delayed 5 second(s)

2019-04-12 11:47:31 - [MESSAGE][PASSED] - Delayed 5 second(s)

2019-04-12 11:47:31 - [TEST_STEP][PASSED] - setText(findTestObject("Object Repository/NEWOPENDCPM/Page_Opend/input_Subject Line_subjectone"), "GOOD Morning "): Text 'GOOD Morning ' is set on object 'Object Repository/NEWOPENDCPM/Page_Opend/input_Subject Line_subjectone'

2019-04-12 11:47:31 - [MESSAGE][PASSED] - Text 'GOOD Morning ' is set on object 'Object Repository/NEWOPENDCPM/Page_Opend/input_Subject Line_subjectone'

2019-04-12 11:47:31 - [TEST_STEP][PASSED] - delay(5): Delayed 5 second(s)

2019-04-12 11:47:36 - [MESSAGE][PASSED] - Delayed 5 second(s)

2019-04-12 11:47:36 - [TEST_STEP][PASSED] - click(findTestObject("newidsfromspy/Page_Opend/input_From Creatives_uploadBtn")): Object: 'Object Repository/newidsfromspy/Page_Opend/input_From Creatives_uploadBtn' is clicked on

2019-04-12 11:47:36 - [MESSAGE][PASSED] - Object: 'Object Repository/newidsfromspy/Page_Opend/input_From Creatives_uploadBtn' is clicked on

2019-04-12 11:47:36 - [TEST_STEP][PASSED] - delay(5): Delayed 5 second(s)

2019-04-12 11:47:41 - [MESSAGE][PASSED] - Delayed 5 second(s)

2019-04-12 11:47:41 - [TEST_STEP][PASSED] - click(findTestObject("Object Repository/NEWOPENDCPM/Page_Opend/button_Select")): Object: 'Object Repository/NEWOPENDCPM/Page_Opend/button_Select' is clicked on

2019-04-12 11:47:42 - [MESSAGE][PASSED] - Object: 'Object Repository/NEWOPENDCPM/Page_Opend/button_Select' is clicked on

2019-04-12 11:47:42 - [TEST_STEP][PASSED] - delay(5): Delayed 5 second(s)

2019-04-12 11:47:47 - [MESSAGE][PASSED] - Delayed 5 second(s)

2019-04-12 11:47:47 - [TEST_STEP][PASSED] - click(findTestObject("NEWOPENDCPM/Step2prcdbtn")): Object: 'Object Repository/NEWOPENDCPM/Step2prcdbtn' is clicked on

2019-04-12 11:47:47 - [MESSAGE][PASSED] - Object: 'Object Repository/NEWOPENDCPM/Step2prcdbtn' is clicked on

2019-04-12 11:47:47 - [TEST_STEP][PASSED] - delay(5): Delayed 5 second(s)

2019-04-12 11:47:52 - [MESSAGE][PASSED] - Delayed 5 second(s)

2019-04-12 11:47:52 - [TEST_STEP][PASSED] - click(findTestObject("NEWOPENDCPM/step3prcdbrn")): Object: 'Object Repository/NEWOPENDCPM/step3prcdbrn' is clicked on

2019-04-12 11:47:53 - [MESSAGE][PASSED] - Object: 'Object Repository/NEWOPENDCPM/step3prcdbrn' is clicked on

2019-04-12 11:47:53 - [TEST_STEP][PASSED] - delay(5): Delayed 5 second(s)

2019-04-12 11:47:58 - [MESSAGE][PASSED] - Delayed 5 second(s)

2019-04-12 11:47:58 - [TEST_STEP][NOT_RUN] - click(findTestObject("NEWOPENDCPM/Startcampbtn")): NOT_RUN: click(findTestObject("NEWOPENDCPM/Startcampbtn"))

2019-04-12 11:47:58 - [MESSAGE][NOT_RUN] - NOT_RUN: click(findTestObject("NEWOPENDCPM/Startcampbtn"))

2019-04-12 11:47:58 - [TEST_STEP][PASSED] - delay(5): Delayed 5 second(s)

2019-04-12 11:48:03 - [MESSAGE][PASSED] - Delayed 5 second(s)

2019-04-12 11:48:03 - [TEST_STEP][PASSED] - closeBrowser(): Browser is closed

2019-04-12 11:48:03 - [MESSAGE][PASSED] - Browser is closed]]></system-out>
         <system-err><![CDATA[]]></system-err>
      </testcase>
      <testcase name="Test Cases/CREATE CPL CAMPAGN" classname="Test Cases/CREATE CPL CAMPAGN" status="PASSED">
         <system-out><![CDATA[2019-04-12 11:48:03 - [TEST_CASE][PASSED] - Test Cases/CREATE CPL CAMPAGN: Test Cases/CREATE CPL CAMPAGN

2019-04-12 11:48:04 - [TEST_STEP][PASSED] - openBrowser(""): Browser is opened with url: ''

2019-04-12 11:48:04 - [MESSAGE][INFO] - Starting 'Firefox' driver

2019-04-12 11:48:08 - [MESSAGE][PASSED] - Browser is opened with url: ''

2019-04-12 11:48:08 - [TEST_STEP][PASSED] - navigateToUrl("http://campaignsopend.techactive.tk/#/admin_login"): Navigate to 'http://campaignsopend.techactive.tk/#/admin_login' successfully

2019-04-12 11:48:10 - [MESSAGE][PASSED] - Navigate to 'http://campaignsopend.techactive.tk/#/admin_login' successfully

2019-04-12 11:48:10 - [TEST_STEP][PASSED] - setText(findTestObject("Object Repository/NEWOPENDCPM/Page_Opend/input_Admin Login_email_id"), "admin@opend.com"): Text 'admin@opend.com' is set on object 'Object Repository/NEWOPENDCPM/Page_Opend/input_Admin Login_email_id'

2019-04-12 11:48:11 - [MESSAGE][PASSED] - Text 'admin@opend.com' is set on object 'Object Repository/NEWOPENDCPM/Page_Opend/input_Admin Login_email_id'

2019-04-12 11:48:11 - [TEST_STEP][PASSED] - setEncryptedText(findTestObject("Object Repository/NEWOPENDCPM/Page_Opend/input_Admin Login_password"), "4nvbrPglk7k="): Text ****** has been set on object 'Object Repository/NEWOPENDCPM/Page_Opend/input_Admin Login_password'

2019-04-12 11:48:11 - [MESSAGE][PASSED] - Text ****** has been set on object 'Object Repository/NEWOPENDCPM/Page_Opend/input_Admin Login_password'

2019-04-12 11:48:11 - [TEST_STEP][PASSED] - click(findTestObject("Object Repository/NEWOPENDCPM/Page_Opend/button_Sign In")): Object: 'Object Repository/NEWOPENDCPM/Page_Opend/button_Sign In' is clicked on

2019-04-12 11:48:12 - [MESSAGE][PASSED] - Object: 'Object Repository/NEWOPENDCPM/Page_Opend/button_Sign In' is clicked on

2019-04-12 11:48:12 - [TEST_STEP][PASSED] - delay(5): Delayed 5 second(s)

2019-04-12 11:48:17 - [MESSAGE][PASSED] - Delayed 5 second(s)

2019-04-12 11:48:17 - [TEST_STEP][PASSED] - click(findTestObject("Object Repository/NEWOPENDCPM/Page_Opend/a_Campaigns")): Object: 'Object Repository/NEWOPENDCPM/Page_Opend/a_Campaigns' is clicked on

2019-04-12 11:48:17 - [MESSAGE][PASSED] - Object: 'Object Repository/NEWOPENDCPM/Page_Opend/a_Campaigns' is clicked on

2019-04-12 11:48:17 - [TEST_STEP][PASSED] - delay(8): Delayed 8 second(s)

2019-04-12 11:48:25 - [MESSAGE][PASSED] - Delayed 8 second(s)

2019-04-12 11:48:25 - [TEST_STEP][PASSED] - click(findTestObject("Object Repository/NEWOPENDCPM/Page_Opend/a_Start New Campaign")): Object: 'Object Repository/NEWOPENDCPM/Page_Opend/a_Start New Campaign' is clicked on

2019-04-12 11:48:25 - [MESSAGE][PASSED] - Object: 'Object Repository/NEWOPENDCPM/Page_Opend/a_Start New Campaign' is clicked on

2019-04-12 11:48:25 - [TEST_STEP][PASSED] - delay(5): Delayed 5 second(s)

2019-04-12 11:48:30 - [MESSAGE][PASSED] - Delayed 5 second(s)

2019-04-12 11:48:30 - [TEST_STEP][PASSED] - selectOptionByValue(findTestObject("Object Repository/NEWOPENDCPM/Page_Opend/select_Please Select Advertise"), "2", true): All options with value '2' are selected in object 'Object Repository/NEWOPENDCPM/Page_Opend/select_Please Select Advertise'  using regular expression

2019-04-12 11:48:31 - [MESSAGE][PASSED] - All options with value '2' are selected in object 'Object Repository/NEWOPENDCPM/Page_Opend/select_Please Select Advertise'  using regular expression

2019-04-12 11:48:31 - [TEST_STEP][PASSED] - delay(5): Delayed 5 second(s)

2019-04-12 11:48:36 - [MESSAGE][PASSED] - Delayed 5 second(s)

2019-04-12 11:48:36 - [TEST_STEP][PASSED] - setText(findTestObject("Object Repository/NEWOPENDCPM/Page_Opend/input_Campaign Name_camp_name_"), "TEST CPL CAMPAIGN "): Text 'TEST CPL CAMPAIGN ' is set on object 'Object Repository/NEWOPENDCPM/Page_Opend/input_Campaign Name_camp_name_'

2019-04-12 11:48:36 - [MESSAGE][PASSED] - Text 'TEST CPL CAMPAIGN ' is set on object 'Object Repository/NEWOPENDCPM/Page_Opend/input_Campaign Name_camp_name_'

2019-04-12 11:48:36 - [TEST_STEP][PASSED] - delay(2): Delayed 2 second(s)

2019-04-12 11:48:38 - [MESSAGE][PASSED] - Delayed 2 second(s)

2019-04-12 11:48:38 - [TEST_STEP][PASSED] - click(findTestObject("Object Repository/NEWOPENDCPM/Page_Opend/label_Normal charges")): Object: 'Object Repository/NEWOPENDCPM/Page_Opend/label_Normal charges' is clicked on

2019-04-12 11:48:38 - [MESSAGE][PASSED] - Object: 'Object Repository/NEWOPENDCPM/Page_Opend/label_Normal charges' is clicked on

2019-04-12 11:48:38 - [TEST_STEP][PASSED] - click(findTestObject("NEWSPYIDS/Page_Opend/label_CPL")): Object: 'Object Repository/NEWSPYIDS/Page_Opend/label_CPL' is clicked on

2019-04-12 11:48:39 - [MESSAGE][PASSED] - Object: 'Object Repository/NEWSPYIDS/Page_Opend/label_CPL' is clicked on

2019-04-12 11:48:39 - [TEST_STEP][PASSED] - delay(2): Delayed 2 second(s)

2019-04-12 11:48:41 - [MESSAGE][PASSED] - Delayed 2 second(s)

2019-04-12 11:48:41 - [TEST_STEP][PASSED] - selectOptionByValue(findTestObject("Object Repository/NEWOPENDCPM/Page_Opend/select_Please Select Audience"), "2", true): All options with value '2' are selected in object 'Object Repository/NEWOPENDCPM/Page_Opend/select_Please Select Audience'  using regular expression

2019-04-12 11:48:41 - [MESSAGE][PASSED] - All options with value '2' are selected in object 'Object Repository/NEWOPENDCPM/Page_Opend/select_Please Select Audience'  using regular expression

2019-04-12 11:48:41 - [TEST_STEP][PASSED] - delay(3): Delayed 3 second(s)

2019-04-12 11:48:44 - [MESSAGE][PASSED] - Delayed 3 second(s)

2019-04-12 11:48:44 - [TEST_STEP][PASSED] - click(findTestObject("newidsfromspy/Page_Opend/input_Campaign Category_valida")): Object: 'Object Repository/newidsfromspy/Page_Opend/input_Campaign Category_valida' is clicked on

2019-04-12 11:48:44 - [MESSAGE][PASSED] - Object: 'Object Repository/newidsfromspy/Page_Opend/input_Campaign Category_valida' is clicked on

2019-04-12 11:48:44 - [TEST_STEP][PASSED] - delay(3): Delayed 3 second(s)

2019-04-12 11:48:47 - [MESSAGE][PASSED] - Delayed 3 second(s)

2019-04-12 11:48:47 - [TEST_STEP][PASSED] - click(findTestObject("newidsfromspy/Page_Opend/label_fashion")): Object: 'Object Repository/newidsfromspy/Page_Opend/label_fashion' is clicked on

2019-04-12 11:48:48 - [MESSAGE][PASSED] - Object: 'Object Repository/newidsfromspy/Page_Opend/label_fashion' is clicked on

2019-04-12 11:48:48 - [TEST_STEP][PASSED] - delay(3): Delayed 3 second(s)

2019-04-12 11:48:51 - [MESSAGE][PASSED] - Delayed 3 second(s)

2019-04-12 11:48:51 - [TEST_STEP][PASSED] - click(findTestObject("Object Repository/NEWOPENDCPM/Page_Opend/button_Select")): Object: 'Object Repository/NEWOPENDCPM/Page_Opend/button_Select' is clicked on

2019-04-12 11:48:51 - [MESSAGE][PASSED] - Object: 'Object Repository/NEWOPENDCPM/Page_Opend/button_Select' is clicked on

2019-04-12 11:48:51 - [TEST_STEP][PASSED] - delay(3): Delayed 3 second(s)

2019-04-12 11:48:54 - [MESSAGE][PASSED] - Delayed 3 second(s)

2019-04-12 11:48:54 - [TEST_STEP][PASSED] - click(findTestObject("newidsfromspy/Page_Opend/input_Audience Interests_valid")): Object: 'Object Repository/newidsfromspy/Page_Opend/input_Audience Interests_valid' is clicked on

2019-04-12 11:48:54 - [MESSAGE][PASSED] - Object: 'Object Repository/newidsfromspy/Page_Opend/input_Audience Interests_valid' is clicked on

2019-04-12 11:48:54 - [TEST_STEP][PASSED] - delay(3): Delayed 3 second(s)

2019-04-12 11:48:57 - [MESSAGE][PASSED] - Delayed 3 second(s)

2019-04-12 11:48:57 - [TEST_STEP][PASSED] - click(findTestObject("newidsfromspy/Page_Opend/label_Party wear")): Object: 'Object Repository/newidsfromspy/Page_Opend/label_Party wear' is clicked on

2019-04-12 11:48:58 - [MESSAGE][PASSED] - Object: 'Object Repository/newidsfromspy/Page_Opend/label_Party wear' is clicked on

2019-04-12 11:48:58 - [TEST_STEP][PASSED] - delay(2): Delayed 2 second(s)

2019-04-12 11:49:00 - [MESSAGE][PASSED] - Delayed 2 second(s)

2019-04-12 11:49:00 - [TEST_STEP][PASSED] - click(findTestObject("newidsfromspy/Page_Opend/label_Kidz Wear")): Object: 'Object Repository/newidsfromspy/Page_Opend/label_Kidz Wear' is clicked on

2019-04-12 11:49:00 - [MESSAGE][PASSED] - Object: 'Object Repository/newidsfromspy/Page_Opend/label_Kidz Wear' is clicked on

2019-04-12 11:49:00 - [TEST_STEP][PASSED] - delay(5): Delayed 5 second(s)

2019-04-12 11:49:05 - [MESSAGE][PASSED] - Delayed 5 second(s)

2019-04-12 11:49:05 - [TEST_STEP][PASSED] - click(findTestObject("newidsfromspy/Page_Opend/AIselectbtn")): Object: 'Object Repository/newidsfromspy/Page_Opend/AIselectbtn' is clicked on

2019-04-12 11:49:05 - [MESSAGE][PASSED] - Object: 'Object Repository/newidsfromspy/Page_Opend/AIselectbtn' is clicked on

2019-04-12 11:49:05 - [TEST_STEP][PASSED] - delay(3): Delayed 3 second(s)

2019-04-12 11:49:08 - [MESSAGE][PASSED] - Delayed 3 second(s)

2019-04-12 11:49:08 - [TEST_STEP][PASSED] - setText(findTestObject("NEWSPYIDS/Page_Opend/input_CPL price_cplprice"), "2"): Text '2' is set on object 'Object Repository/NEWSPYIDS/Page_Opend/input_CPL price_cplprice'

2019-04-12 11:49:08 - [MESSAGE][PASSED] - Text '2' is set on object 'Object Repository/NEWSPYIDS/Page_Opend/input_CPL price_cplprice'

2019-04-12 11:49:08 - [TEST_STEP][PASSED] - delay(2): Delayed 2 second(s)

2019-04-12 11:49:10 - [MESSAGE][PASSED] - Delayed 2 second(s)

2019-04-12 11:49:10 - [TEST_STEP][PASSED] - click(findTestObject("newidsfromspy/Page_Opend/input_Select Publisher_validat")): Object: 'Object Repository/newidsfromspy/Page_Opend/input_Select Publisher_validat' is clicked on

2019-04-12 11:49:10 - [MESSAGE][PASSED] - Object: 'Object Repository/newidsfromspy/Page_Opend/input_Select Publisher_validat' is clicked on

2019-04-12 11:49:10 - [TEST_STEP][PASSED] - delay(3): Delayed 3 second(s)

2019-04-12 11:49:13 - [MESSAGE][PASSED] - Delayed 3 second(s)

2019-04-12 11:49:13 - [TEST_STEP][PASSED] - click(findTestObject("Object Repository/NEWOPENDCPM/Page_Opend/label_Jack")): Object: 'Object Repository/NEWOPENDCPM/Page_Opend/label_Jack' is clicked on

2019-04-12 11:49:14 - [MESSAGE][PASSED] - Object: 'Object Repository/NEWOPENDCPM/Page_Opend/label_Jack' is clicked on

2019-04-12 11:49:14 - [TEST_STEP][PASSED] - delay(3): Delayed 3 second(s)

2019-04-12 11:49:17 - [MESSAGE][PASSED] - Delayed 3 second(s)

2019-04-12 11:49:17 - [TEST_STEP][PASSED] - click(findTestObject("newidsfromspy/Page_Opend/Pubselectbtn")): Object: 'Object Repository/newidsfromspy/Page_Opend/Pubselectbtn' is clicked on

2019-04-12 11:49:17 - [MESSAGE][PASSED] - Object: 'Object Repository/newidsfromspy/Page_Opend/Pubselectbtn' is clicked on

2019-04-12 11:49:17 - [TEST_STEP][PASSED] - delay(3): Delayed 3 second(s)

2019-04-12 11:49:20 - [MESSAGE][PASSED] - Delayed 3 second(s)

2019-04-12 11:49:20 - [TEST_STEP][PASSED] - click(findTestObject("NEWSPYIDS/Page_Opend/label_Normal charges")): Object: 'Object Repository/NEWSPYIDS/Page_Opend/label_Normal charges' is clicked on

2019-04-12 11:49:20 - [MESSAGE][PASSED] - Object: 'Object Repository/NEWSPYIDS/Page_Opend/label_Normal charges' is clicked on

2019-04-12 11:49:20 - [TEST_STEP][PASSED] - delay(1): Delayed 1 second(s)

2019-04-12 11:49:21 - [MESSAGE][PASSED] - Delayed 1 second(s)

2019-04-12 11:49:21 - [TEST_STEP][PASSED] - setText(findTestObject("NEWSPYIDS/Page_Opend/input_CPL Payout Price_payout_"), "1"): Text '1' is set on object 'Object Repository/NEWSPYIDS/Page_Opend/input_CPL Payout Price_payout_'

2019-04-12 11:49:21 - [MESSAGE][PASSED] - Text '1' is set on object 'Object Repository/NEWSPYIDS/Page_Opend/input_CPL Payout Price_payout_'

2019-04-12 11:49:21 - [TEST_STEP][PASSED] - delay(5): Delayed 5 second(s)

2019-04-12 11:49:26 - [MESSAGE][PASSED] - Delayed 5 second(s)

2019-04-12 11:49:26 - [TEST_STEP][PASSED] - click(findTestObject("Object Repository/NEWOPENDCPM/Page_Opend/button_Proceed")): Object: 'Object Repository/NEWOPENDCPM/Page_Opend/button_Proceed' is clicked on

2019-04-12 11:49:27 - [MESSAGE][PASSED] - Object: 'Object Repository/NEWOPENDCPM/Page_Opend/button_Proceed' is clicked on

2019-04-12 11:49:27 - [TEST_STEP][PASSED] - delay(5): Delayed 5 second(s)

2019-04-12 11:49:32 - [MESSAGE][PASSED] - Delayed 5 second(s)

2019-04-12 11:49:32 - [TEST_STEP][PASSED] - setText(findTestObject("Object Repository/NEWOPENDCPM/Page_Opend/input_Subject Line_subjectone"), "GOOD MORNING TA"): Text 'GOOD MORNING TA' is set on object 'Object Repository/NEWOPENDCPM/Page_Opend/input_Subject Line_subjectone'

2019-04-12 11:49:32 - [MESSAGE][PASSED] - Text 'GOOD MORNING TA' is set on object 'Object Repository/NEWOPENDCPM/Page_Opend/input_Subject Line_subjectone'

2019-04-12 11:49:32 - [TEST_STEP][PASSED] - delay(5): Delayed 5 second(s)

2019-04-12 11:49:37 - [MESSAGE][PASSED] - Delayed 5 second(s)

2019-04-12 11:49:37 - [TEST_STEP][PASSED] - click(findTestObject("newidsfromspy/Page_Opend/input_From Creatives_uploadBtn")): Object: 'Object Repository/newidsfromspy/Page_Opend/input_From Creatives_uploadBtn' is clicked on

2019-04-12 11:49:38 - [MESSAGE][PASSED] - Object: 'Object Repository/newidsfromspy/Page_Opend/input_From Creatives_uploadBtn' is clicked on

2019-04-12 11:49:38 - [TEST_STEP][PASSED] - delay(5): Delayed 5 second(s)

2019-04-12 11:49:43 - [MESSAGE][PASSED] - Delayed 5 second(s)

2019-04-12 11:49:43 - [TEST_STEP][PASSED] - click(findTestObject("Object Repository/NEWOPENDCPM/Page_Opend/button_Select")): Object: 'Object Repository/NEWOPENDCPM/Page_Opend/button_Select' is clicked on

2019-04-12 11:49:43 - [MESSAGE][PASSED] - Object: 'Object Repository/NEWOPENDCPM/Page_Opend/button_Select' is clicked on

2019-04-12 11:49:43 - [TEST_STEP][PASSED] - delay(5): Delayed 5 second(s)

2019-04-12 11:49:48 - [MESSAGE][PASSED] - Delayed 5 second(s)

2019-04-12 11:49:48 - [TEST_STEP][PASSED] - click(findTestObject("NEWOPENDCPM/Step2prcdbtn")): Object: 'Object Repository/NEWOPENDCPM/Step2prcdbtn' is clicked on

2019-04-12 11:49:49 - [MESSAGE][PASSED] - Object: 'Object Repository/NEWOPENDCPM/Step2prcdbtn' is clicked on

2019-04-12 11:49:49 - [TEST_STEP][PASSED] - delay(5): Delayed 5 second(s)

2019-04-12 11:49:54 - [MESSAGE][PASSED] - Delayed 5 second(s)

2019-04-12 11:49:54 - [TEST_STEP][PASSED] - click(findTestObject("NEWOPENDCPM/step3prcdbrn")): Object: 'Object Repository/NEWOPENDCPM/step3prcdbrn' is clicked on

2019-04-12 11:49:54 - [MESSAGE][PASSED] - Object: 'Object Repository/NEWOPENDCPM/step3prcdbrn' is clicked on

2019-04-12 11:49:54 - [TEST_STEP][PASSED] - delay(5): Delayed 5 second(s)

2019-04-12 11:49:59 - [MESSAGE][PASSED] - Delayed 5 second(s)

2019-04-12 11:49:59 - [TEST_STEP][NOT_RUN] - click(findTestObject("NEWOPENDCPM/Startcampbtn")): NOT_RUN: click(findTestObject("NEWOPENDCPM/Startcampbtn"))

2019-04-12 11:49:59 - [MESSAGE][NOT_RUN] - NOT_RUN: click(findTestObject("NEWOPENDCPM/Startcampbtn"))

2019-04-12 11:49:59 - [TEST_STEP][PASSED] - delay(5): Delayed 5 second(s)

2019-04-12 11:50:04 - [MESSAGE][PASSED] - Delayed 5 second(s)

2019-04-12 11:50:04 - [TEST_STEP][PASSED] - closeBrowser(): Browser is closed

2019-04-12 11:50:05 - [MESSAGE][PASSED] - Browser is closed]]></system-out>
         <system-err><![CDATA[]]></system-err>
      </testcase>
      <system-out><![CDATA[2019-04-12 11:43:58 - [TEST_SUITE][PASSED] - TEST SUITE1: Test Cases/CREATE CPL CAMPAGN]]></system-out>
      <system-err><![CDATA[]]></system-err>
   </testsuite>
</testsuites>
