<?xml version="1.0" encoding="UTF-8"?>
<testsuites name="TEST SUITE1" time="370" tests="3" failures="0" errors="0">
   <testsuite name="TEST SUITE1" tests="3" failures="0" errors="0" time="370" timestamp="2019-04-11 10:31:17" hostname="activemac08 - activemc08simac" id="Test Suites/TEST SUITE1">
      <properties>
         <property name="deviceName" value=""/>
         <property name="devicePlatform" value=""/>
         <property name="logFolder" value="/Users/activemac08/git/KATALONOPENDPROJECT/Reports/TEST SUITE1/20190411_103110"/>
         <property name="logFiles" value="/Users/activemac08/git/KATALONOPENDPROJECT/Reports/TEST SUITE1/20190411_103110/execution0.log"/>
         <property name="attachments" value=""/>
         <property name="hostName" value="activemac08 - activemc08simac"/>
         <property name="os" value="Mac OS X 64bit"/>
         <property name="katalonVersion" value="6.1.0.1"/>
         <property name="browser" value="Firefox 66.0"/>
         <property name="hostAddress" value="192.168.1.22"/>
         <property name="sessionId" value="814e8034-ce2f-8944-8611-a578ecf8a4b5"/>
         <property name="seleniumVersion" value="3.7.1"/>
         <property name="proxyInformation" value="ProxyInformation{proxyOption=NO_PROXY, proxyServerType=HTTP, password=, proxyServerAddress=, proxyServerPort=0}"/>
         <property name="platform" value="Mac OS X"/>
      </properties>
      <testcase name="Test Cases/CREATING CPM CAMPAIGN" classname="Test Cases/CREATING CPM CAMPAIGN" status="PASSED">
         <system-out><![CDATA[2019-04-11 10:31:17 - [TEST_CASE][PASSED] - Test Cases/CREATING CPM CAMPAIGN: Test Cases/CREATING CPM CAMPAIGN

2019-04-11 10:31:18 - [TEST_STEP][PASSED] - openBrowser(""): Browser is opened with url: ''

2019-04-11 10:31:19 - [MESSAGE][INFO] - Starting 'Firefox' driver

2019-04-11 10:31:19 - [MESSAGE][INFO] - Action delay is set to 0 seconds

2019-04-11 10:31:27 - [MESSAGE][PASSED] - Browser is opened with url: ''

2019-04-11 10:31:27 - [TEST_STEP][PASSED] - navigateToUrl("http://campaignsopend.techactive.tk/#/admin_login"): Navigate to 'http://campaignsopend.techactive.tk/#/admin_login' successfully

2019-04-11 10:31:33 - [MESSAGE][PASSED] - Navigate to 'http://campaignsopend.techactive.tk/#/admin_login' successfully

2019-04-11 10:31:33 - [TEST_STEP][PASSED] - delay(5): Delayed 5 second(s)

2019-04-11 10:31:38 - [MESSAGE][PASSED] - Delayed 5 second(s)

2019-04-11 10:31:38 - [TEST_STEP][PASSED] - setText(findTestObject("Object Repository/NEWOPENDCPM/Page_Opend/input_Admin Login_email_id"), "admin@opend.com"): Text 'admin@opend.com' is set on object 'Object Repository/NEWOPENDCPM/Page_Opend/input_Admin Login_email_id'

2019-04-11 10:31:38 - [MESSAGE][PASSED] - Text 'admin@opend.com' is set on object 'Object Repository/NEWOPENDCPM/Page_Opend/input_Admin Login_email_id'

2019-04-11 10:31:38 - [TEST_STEP][PASSED] - setEncryptedText(findTestObject("Object Repository/NEWOPENDCPM/Page_Opend/input_Admin Login_password"), "4nvbrPglk7k="): Text ****** has been set on object 'Object Repository/NEWOPENDCPM/Page_Opend/input_Admin Login_password'

2019-04-11 10:31:38 - [MESSAGE][PASSED] - Text ****** has been set on object 'Object Repository/NEWOPENDCPM/Page_Opend/input_Admin Login_password'

2019-04-11 10:31:38 - [TEST_STEP][PASSED] - click(findTestObject("Object Repository/NEWOPENDCPM/Page_Opend/button_Sign In")): Object: 'Object Repository/NEWOPENDCPM/Page_Opend/button_Sign In' is clicked on

2019-04-11 10:31:39 - [MESSAGE][PASSED] - Object: 'Object Repository/NEWOPENDCPM/Page_Opend/button_Sign In' is clicked on

2019-04-11 10:31:39 - [TEST_STEP][PASSED] - delay(5): Delayed 5 second(s)

2019-04-11 10:31:44 - [MESSAGE][PASSED] - Delayed 5 second(s)

2019-04-11 10:31:44 - [TEST_STEP][PASSED] - click(findTestObject("Object Repository/NEWOPENDCPM/Page_Opend/a_Campaigns")): Object: 'Object Repository/NEWOPENDCPM/Page_Opend/a_Campaigns' is clicked on

2019-04-11 10:31:44 - [MESSAGE][PASSED] - Object: 'Object Repository/NEWOPENDCPM/Page_Opend/a_Campaigns' is clicked on

2019-04-11 10:31:44 - [TEST_STEP][PASSED] - delay(5): Delayed 5 second(s)

2019-04-11 10:31:49 - [MESSAGE][PASSED] - Delayed 5 second(s)

2019-04-11 10:31:49 - [TEST_STEP][PASSED] - click(findTestObject("Object Repository/NEWOPENDCPM/Page_Opend/a_Start New Campaign")): Object: 'Object Repository/NEWOPENDCPM/Page_Opend/a_Start New Campaign' is clicked on

2019-04-11 10:31:49 - [MESSAGE][PASSED] - Object: 'Object Repository/NEWOPENDCPM/Page_Opend/a_Start New Campaign' is clicked on

2019-04-11 10:31:49 - [TEST_STEP][PASSED] - delay(5): Delayed 5 second(s)

2019-04-11 10:31:54 - [MESSAGE][PASSED] - Delayed 5 second(s)

2019-04-11 10:31:54 - [TEST_STEP][PASSED] - selectOptionByValue(findTestObject("Object Repository/NEWOPENDCPM/Page_Opend/select_Please Select Advertise"), "2", true): All options with value '2' are selected in object 'Object Repository/NEWOPENDCPM/Page_Opend/select_Please Select Advertise'  using regular expression

2019-04-11 10:31:55 - [MESSAGE][PASSED] - All options with value '2' are selected in object 'Object Repository/NEWOPENDCPM/Page_Opend/select_Please Select Advertise'  using regular expression

2019-04-11 10:31:55 - [TEST_STEP][PASSED] - delay(3): Delayed 3 second(s)

2019-04-11 10:31:58 - [MESSAGE][PASSED] - Delayed 3 second(s)

2019-04-11 10:31:58 - [TEST_STEP][PASSED] - setText(findTestObject("Object Repository/NEWOPENDCPM/Page_Opend/input_Campaign Name_camp_name_"), "TEST CAMPAIGN 2"): Text 'TEST CAMPAIGN 2' is set on object 'Object Repository/NEWOPENDCPM/Page_Opend/input_Campaign Name_camp_name_'

2019-04-11 10:31:59 - [MESSAGE][PASSED] - Text 'TEST CAMPAIGN 2' is set on object 'Object Repository/NEWOPENDCPM/Page_Opend/input_Campaign Name_camp_name_'

2019-04-11 10:31:59 - [TEST_STEP][PASSED] - delay(2): Delayed 2 second(s)

2019-04-11 10:32:01 - [MESSAGE][PASSED] - Delayed 2 second(s)

2019-04-11 10:32:01 - [TEST_STEP][PASSED] - click(findTestObject("Object Repository/NEWOPENDCPM/Page_Opend/label_Normal charges")): Object: 'Object Repository/NEWOPENDCPM/Page_Opend/label_Normal charges' is clicked on

2019-04-11 10:32:01 - [MESSAGE][PASSED] - Object: 'Object Repository/NEWOPENDCPM/Page_Opend/label_Normal charges' is clicked on

2019-04-11 10:32:01 - [TEST_STEP][PASSED] - delay(2): Delayed 2 second(s)

2019-04-11 10:32:03 - [MESSAGE][PASSED] - Delayed 2 second(s)

2019-04-11 10:32:03 - [TEST_STEP][PASSED] - selectOptionByValue(findTestObject("Object Repository/NEWOPENDCPM/Page_Opend/select_Please Select Audience"), "2", true): All options with value '2' are selected in object 'Object Repository/NEWOPENDCPM/Page_Opend/select_Please Select Audience'  using regular expression

2019-04-11 10:32:04 - [MESSAGE][PASSED] - All options with value '2' are selected in object 'Object Repository/NEWOPENDCPM/Page_Opend/select_Please Select Audience'  using regular expression

2019-04-11 10:32:04 - [TEST_STEP][PASSED] - delay(3): Delayed 3 second(s)

2019-04-11 10:32:07 - [MESSAGE][PASSED] - Delayed 3 second(s)

2019-04-11 10:32:07 - [TEST_STEP][PASSED] - click(findTestObject("newidsfromspy/Page_Opend/input_Campaign Category_valida")): Object: 'Object Repository/newidsfromspy/Page_Opend/input_Campaign Category_valida' is clicked on

2019-04-11 10:32:07 - [MESSAGE][PASSED] - Object: 'Object Repository/newidsfromspy/Page_Opend/input_Campaign Category_valida' is clicked on

2019-04-11 10:32:07 - [TEST_STEP][PASSED] - delay(3): Delayed 3 second(s)

2019-04-11 10:32:10 - [MESSAGE][PASSED] - Delayed 3 second(s)

2019-04-11 10:32:10 - [TEST_STEP][PASSED] - click(findTestObject("newidsfromspy/Page_Opend/label_fashion")): Object: 'Object Repository/newidsfromspy/Page_Opend/label_fashion' is clicked on

2019-04-11 10:32:10 - [MESSAGE][PASSED] - Object: 'Object Repository/newidsfromspy/Page_Opend/label_fashion' is clicked on

2019-04-11 10:32:10 - [TEST_STEP][PASSED] - delay(3): Delayed 3 second(s)

2019-04-11 10:32:13 - [MESSAGE][PASSED] - Delayed 3 second(s)

2019-04-11 10:32:13 - [TEST_STEP][PASSED] - click(findTestObject("Object Repository/NEWOPENDCPM/Page_Opend/button_Select")): Object: 'Object Repository/NEWOPENDCPM/Page_Opend/button_Select' is clicked on

2019-04-11 10:32:14 - [MESSAGE][PASSED] - Object: 'Object Repository/NEWOPENDCPM/Page_Opend/button_Select' is clicked on

2019-04-11 10:32:14 - [TEST_STEP][PASSED] - delay(3): Delayed 3 second(s)

2019-04-11 10:32:17 - [MESSAGE][PASSED] - Delayed 3 second(s)

2019-04-11 10:32:17 - [TEST_STEP][PASSED] - click(findTestObject("newidsfromspy/Page_Opend/input_Audience Interests_valid")): Object: 'Object Repository/newidsfromspy/Page_Opend/input_Audience Interests_valid' is clicked on

2019-04-11 10:32:17 - [MESSAGE][PASSED] - Object: 'Object Repository/newidsfromspy/Page_Opend/input_Audience Interests_valid' is clicked on

2019-04-11 10:32:17 - [TEST_STEP][PASSED] - delay(3): Delayed 3 second(s)

2019-04-11 10:32:20 - [MESSAGE][PASSED] - Delayed 3 second(s)

2019-04-11 10:32:20 - [TEST_STEP][PASSED] - click(findTestObject("newidsfromspy/Page_Opend/label_Party wear")): Object: 'Object Repository/newidsfromspy/Page_Opend/label_Party wear' is clicked on

2019-04-11 10:32:20 - [MESSAGE][PASSED] - Object: 'Object Repository/newidsfromspy/Page_Opend/label_Party wear' is clicked on

2019-04-11 10:32:20 - [TEST_STEP][PASSED] - delay(2): Delayed 2 second(s)

2019-04-11 10:32:22 - [MESSAGE][PASSED] - Delayed 2 second(s)

2019-04-11 10:32:22 - [TEST_STEP][PASSED] - click(findTestObject("newidsfromspy/Page_Opend/label_Kidz Wear")): Object: 'Object Repository/newidsfromspy/Page_Opend/label_Kidz Wear' is clicked on

2019-04-11 10:32:23 - [MESSAGE][PASSED] - Object: 'Object Repository/newidsfromspy/Page_Opend/label_Kidz Wear' is clicked on

2019-04-11 10:32:23 - [TEST_STEP][PASSED] - delay(5): Delayed 5 second(s)

2019-04-11 10:32:28 - [MESSAGE][PASSED] - Delayed 5 second(s)

2019-04-11 10:32:28 - [TEST_STEP][PASSED] - click(findTestObject("newidsfromspy/Page_Opend/AIselectbtn")): Object: 'Object Repository/newidsfromspy/Page_Opend/AIselectbtn' is clicked on

2019-04-11 10:32:28 - [MESSAGE][PASSED] - Object: 'Object Repository/newidsfromspy/Page_Opend/AIselectbtn' is clicked on

2019-04-11 10:32:28 - [TEST_STEP][PASSED] - delay(3): Delayed 3 second(s)

2019-04-11 10:32:31 - [MESSAGE][PASSED] - Delayed 3 second(s)

2019-04-11 10:32:31 - [TEST_STEP][PASSED] - click(findTestObject("newidsfromspy/Page_Opend/input_Select Publisher_validat")): Object: 'Object Repository/newidsfromspy/Page_Opend/input_Select Publisher_validat' is clicked on

2019-04-11 10:32:31 - [MESSAGE][PASSED] - Object: 'Object Repository/newidsfromspy/Page_Opend/input_Select Publisher_validat' is clicked on

2019-04-11 10:32:31 - [TEST_STEP][PASSED] - delay(3): Delayed 3 second(s)

2019-04-11 10:32:34 - [MESSAGE][PASSED] - Delayed 3 second(s)

2019-04-11 10:32:34 - [TEST_STEP][PASSED] - click(findTestObject("Object Repository/NEWOPENDCPM/Page_Opend/label_Jack")): Object: 'Object Repository/NEWOPENDCPM/Page_Opend/label_Jack' is clicked on

2019-04-11 10:32:35 - [MESSAGE][PASSED] - Object: 'Object Repository/NEWOPENDCPM/Page_Opend/label_Jack' is clicked on

2019-04-11 10:32:35 - [TEST_STEP][PASSED] - delay(3): Delayed 3 second(s)

2019-04-11 10:32:38 - [MESSAGE][PASSED] - Delayed 3 second(s)

2019-04-11 10:32:38 - [TEST_STEP][PASSED] - click(findTestObject("newidsfromspy/Page_Opend/Pubselectbtn")): Object: 'Object Repository/newidsfromspy/Page_Opend/Pubselectbtn' is clicked on

2019-04-11 10:32:38 - [MESSAGE][PASSED] - Object: 'Object Repository/newidsfromspy/Page_Opend/Pubselectbtn' is clicked on

2019-04-11 10:32:38 - [TEST_STEP][PASSED] - delay(3): Delayed 3 second(s)

2019-04-11 10:32:41 - [MESSAGE][PASSED] - Delayed 3 second(s)

2019-04-11 10:32:41 - [TEST_STEP][PASSED] - click(findTestObject("NEWSPYIDS/Page_Opend/label_Normal charges")): Object: 'Object Repository/NEWSPYIDS/Page_Opend/label_Normal charges' is clicked on

2019-04-11 10:32:41 - [MESSAGE][PASSED] - Object: 'Object Repository/NEWSPYIDS/Page_Opend/label_Normal charges' is clicked on

2019-04-11 10:32:41 - [TEST_STEP][PASSED] - delay(5): Delayed 5 second(s)

2019-04-11 10:32:46 - [MESSAGE][PASSED] - Delayed 5 second(s)

2019-04-11 10:32:46 - [TEST_STEP][PASSED] - click(findTestObject("Object Repository/NEWOPENDCPM/Page_Opend/button_Proceed")): Object: 'Object Repository/NEWOPENDCPM/Page_Opend/button_Proceed' is clicked on

2019-04-11 10:32:47 - [MESSAGE][PASSED] - Object: 'Object Repository/NEWOPENDCPM/Page_Opend/button_Proceed' is clicked on

2019-04-11 10:32:47 - [TEST_STEP][PASSED] - delay(5): Delayed 5 second(s)

2019-04-11 10:32:52 - [MESSAGE][PASSED] - Delayed 5 second(s)

2019-04-11 10:32:52 - [TEST_STEP][PASSED] - setText(findTestObject("Object Repository/NEWOPENDCPM/Page_Opend/input_Subject Line_subjectone"), "GOOD MORNING "): Text 'GOOD MORNING ' is set on object 'Object Repository/NEWOPENDCPM/Page_Opend/input_Subject Line_subjectone'

2019-04-11 10:32:52 - [MESSAGE][PASSED] - Text 'GOOD MORNING ' is set on object 'Object Repository/NEWOPENDCPM/Page_Opend/input_Subject Line_subjectone'

2019-04-11 10:32:52 - [TEST_STEP][PASSED] - delay(5): Delayed 5 second(s)

2019-04-11 10:32:57 - [MESSAGE][PASSED] - Delayed 5 second(s)

2019-04-11 10:32:57 - [TEST_STEP][PASSED] - click(findTestObject("newidsfromspy/Page_Opend/input_From Creatives_uploadBtn")): Object: 'Object Repository/newidsfromspy/Page_Opend/input_From Creatives_uploadBtn' is clicked on

2019-04-11 10:32:58 - [MESSAGE][PASSED] - Object: 'Object Repository/newidsfromspy/Page_Opend/input_From Creatives_uploadBtn' is clicked on

2019-04-11 10:32:58 - [TEST_STEP][PASSED] - delay(5): Delayed 5 second(s)

2019-04-11 10:33:03 - [MESSAGE][PASSED] - Delayed 5 second(s)

2019-04-11 10:33:03 - [TEST_STEP][PASSED] - click(findTestObject("Object Repository/NEWOPENDCPM/Page_Opend/button_Select")): Object: 'Object Repository/NEWOPENDCPM/Page_Opend/button_Select' is clicked on

2019-04-11 10:33:03 - [MESSAGE][PASSED] - Object: 'Object Repository/NEWOPENDCPM/Page_Opend/button_Select' is clicked on

2019-04-11 10:33:03 - [TEST_STEP][PASSED] - delay(5): Delayed 5 second(s)

2019-04-11 10:33:08 - [MESSAGE][PASSED] - Delayed 5 second(s)

2019-04-11 10:33:08 - [TEST_STEP][PASSED] - click(findTestObject("NEWOPENDCPM/Step2prcdbtn")): Object: 'Object Repository/NEWOPENDCPM/Step2prcdbtn' is clicked on

2019-04-11 10:33:09 - [MESSAGE][PASSED] - Object: 'Object Repository/NEWOPENDCPM/Step2prcdbtn' is clicked on

2019-04-11 10:33:09 - [TEST_STEP][PASSED] - delay(5): Delayed 5 second(s)

2019-04-11 10:33:14 - [MESSAGE][PASSED] - Delayed 5 second(s)

2019-04-11 10:33:14 - [TEST_STEP][PASSED] - click(findTestObject("NEWOPENDCPM/step3prcdbrn")): Object: 'Object Repository/NEWOPENDCPM/step3prcdbrn' is clicked on

2019-04-11 10:33:14 - [MESSAGE][PASSED] - Object: 'Object Repository/NEWOPENDCPM/step3prcdbrn' is clicked on

2019-04-11 10:33:14 - [TEST_STEP][PASSED] - delay(5): Delayed 5 second(s)

2019-04-11 10:33:19 - [MESSAGE][PASSED] - Delayed 5 second(s)

2019-04-11 10:33:19 - [TEST_STEP][NOT_RUN] - click(findTestObject("NEWOPENDCPM/Startcampbtn")): NOT_RUN: click(findTestObject("NEWOPENDCPM/Startcampbtn"))

2019-04-11 10:33:19 - [MESSAGE][NOT_RUN] - NOT_RUN: click(findTestObject("NEWOPENDCPM/Startcampbtn"))

2019-04-11 10:33:19 - [TEST_STEP][PASSED] - delay(5): Delayed 5 second(s)

2019-04-11 10:33:24 - [MESSAGE][PASSED] - Delayed 5 second(s)

2019-04-11 10:33:24 - [TEST_STEP][PASSED] - closeBrowser(): Browser is closed

2019-04-11 10:33:25 - [MESSAGE][PASSED] - Browser is closed]]></system-out>
         <system-err><![CDATA[]]></system-err>
      </testcase>
      <testcase name="Test Cases/CREATING CPO CAMPAIGN" classname="Test Cases/CREATING CPO CAMPAIGN" status="PASSED">
         <system-out><![CDATA[2019-04-11 10:33:25 - [TEST_CASE][PASSED] - Test Cases/CREATING CPO CAMPAIGN: Test Cases/CREATING CPO CAMPAIGN

2019-04-11 10:33:26 - [TEST_STEP][PASSED] - openBrowser(""): Browser is opened with url: ''

2019-04-11 10:33:26 - [MESSAGE][INFO] - Starting 'Firefox' driver

2019-04-11 10:33:30 - [MESSAGE][PASSED] - Browser is opened with url: ''

2019-04-11 10:33:30 - [TEST_STEP][PASSED] - navigateToUrl("http://campaignsopend.techactive.tk/#/admin_login"): Navigate to 'http://campaignsopend.techactive.tk/#/admin_login' successfully

2019-04-11 10:33:32 - [MESSAGE][PASSED] - Navigate to 'http://campaignsopend.techactive.tk/#/admin_login' successfully

2019-04-11 10:33:32 - [TEST_STEP][PASSED] - setText(findTestObject("Object Repository/NEWOPENDCPM/Page_Opend/input_Admin Login_email_id"), "admin@opend.com"): Text 'admin@opend.com' is set on object 'Object Repository/NEWOPENDCPM/Page_Opend/input_Admin Login_email_id'

2019-04-11 10:33:33 - [MESSAGE][PASSED] - Text 'admin@opend.com' is set on object 'Object Repository/NEWOPENDCPM/Page_Opend/input_Admin Login_email_id'

2019-04-11 10:33:33 - [TEST_STEP][PASSED] - setEncryptedText(findTestObject("Object Repository/NEWOPENDCPM/Page_Opend/input_Admin Login_password"), "4nvbrPglk7k="): Text ****** has been set on object 'Object Repository/NEWOPENDCPM/Page_Opend/input_Admin Login_password'

2019-04-11 10:33:33 - [MESSAGE][PASSED] - Text ****** has been set on object 'Object Repository/NEWOPENDCPM/Page_Opend/input_Admin Login_password'

2019-04-11 10:33:33 - [TEST_STEP][PASSED] - click(findTestObject("Object Repository/NEWOPENDCPM/Page_Opend/button_Sign In")): Object: 'Object Repository/NEWOPENDCPM/Page_Opend/button_Sign In' is clicked on

2019-04-11 10:33:34 - [MESSAGE][PASSED] - Object: 'Object Repository/NEWOPENDCPM/Page_Opend/button_Sign In' is clicked on

2019-04-11 10:33:34 - [TEST_STEP][PASSED] - delay(5): Delayed 5 second(s)

2019-04-11 10:33:39 - [MESSAGE][PASSED] - Delayed 5 second(s)

2019-04-11 10:33:39 - [TEST_STEP][PASSED] - click(findTestObject("Object Repository/NEWOPENDCPM/Page_Opend/a_Campaigns")): Object: 'Object Repository/NEWOPENDCPM/Page_Opend/a_Campaigns' is clicked on

2019-04-11 10:33:39 - [MESSAGE][PASSED] - Object: 'Object Repository/NEWOPENDCPM/Page_Opend/a_Campaigns' is clicked on

2019-04-11 10:33:39 - [TEST_STEP][PASSED] - delay(5): Delayed 5 second(s)

2019-04-11 10:33:44 - [MESSAGE][PASSED] - Delayed 5 second(s)

2019-04-11 10:33:44 - [TEST_STEP][PASSED] - click(findTestObject("Object Repository/NEWOPENDCPM/Page_Opend/a_Start New Campaign")): Object: 'Object Repository/NEWOPENDCPM/Page_Opend/a_Start New Campaign' is clicked on

2019-04-11 10:33:45 - [MESSAGE][PASSED] - Object: 'Object Repository/NEWOPENDCPM/Page_Opend/a_Start New Campaign' is clicked on

2019-04-11 10:33:45 - [TEST_STEP][PASSED] - delay(5): Delayed 5 second(s)

2019-04-11 10:33:50 - [MESSAGE][PASSED] - Delayed 5 second(s)

2019-04-11 10:33:50 - [TEST_STEP][PASSED] - selectOptionByValue(findTestObject("Object Repository/NEWOPENDCPM/Page_Opend/select_Please Select Advertise"), "2", true): All options with value '2' are selected in object 'Object Repository/NEWOPENDCPM/Page_Opend/select_Please Select Advertise'  using regular expression

2019-04-11 10:33:50 - [MESSAGE][PASSED] - All options with value '2' are selected in object 'Object Repository/NEWOPENDCPM/Page_Opend/select_Please Select Advertise'  using regular expression

2019-04-11 10:33:50 - [TEST_STEP][PASSED] - delay(3): Delayed 3 second(s)

2019-04-11 10:33:53 - [MESSAGE][PASSED] - Delayed 3 second(s)

2019-04-11 10:33:53 - [TEST_STEP][PASSED] - setText(findTestObject("Object Repository/NEWOPENDCPM/Page_Opend/input_Campaign Name_camp_name_"), "TEST CPO CAMPAIGN "): Text 'TEST CPO CAMPAIGN ' is set on object 'Object Repository/NEWOPENDCPM/Page_Opend/input_Campaign Name_camp_name_'

2019-04-11 10:33:54 - [MESSAGE][PASSED] - Text 'TEST CPO CAMPAIGN ' is set on object 'Object Repository/NEWOPENDCPM/Page_Opend/input_Campaign Name_camp_name_'

2019-04-11 10:33:54 - [TEST_STEP][PASSED] - delay(2): Delayed 2 second(s)

2019-04-11 10:33:56 - [MESSAGE][PASSED] - Delayed 2 second(s)

2019-04-11 10:33:56 - [TEST_STEP][PASSED] - click(findTestObject("Object Repository/NEWOPENDCPM/Page_Opend/label_Normal charges")): Object: 'Object Repository/NEWOPENDCPM/Page_Opend/label_Normal charges' is clicked on

2019-04-11 10:33:56 - [MESSAGE][PASSED] - Object: 'Object Repository/NEWOPENDCPM/Page_Opend/label_Normal charges' is clicked on

2019-04-11 10:33:56 - [TEST_STEP][PASSED] - click(findTestObject("NEWSPYIDS/Page_Opend/label_CPO")): Object: 'Object Repository/NEWSPYIDS/Page_Opend/label_CPO' is clicked on

2019-04-11 10:33:56 - [MESSAGE][PASSED] - Object: 'Object Repository/NEWSPYIDS/Page_Opend/label_CPO' is clicked on

2019-04-11 10:33:56 - [TEST_STEP][PASSED] - delay(2): Delayed 2 second(s)

2019-04-11 10:33:58 - [MESSAGE][PASSED] - Delayed 2 second(s)

2019-04-11 10:33:58 - [TEST_STEP][PASSED] - selectOptionByValue(findTestObject("Object Repository/NEWOPENDCPM/Page_Opend/select_Please Select Audience"), "2", true): All options with value '2' are selected in object 'Object Repository/NEWOPENDCPM/Page_Opend/select_Please Select Audience'  using regular expression

2019-04-11 10:33:59 - [MESSAGE][PASSED] - All options with value '2' are selected in object 'Object Repository/NEWOPENDCPM/Page_Opend/select_Please Select Audience'  using regular expression

2019-04-11 10:33:59 - [TEST_STEP][PASSED] - delay(3): Delayed 3 second(s)

2019-04-11 10:34:02 - [MESSAGE][PASSED] - Delayed 3 second(s)

2019-04-11 10:34:02 - [TEST_STEP][PASSED] - click(findTestObject("newidsfromspy/Page_Opend/input_Campaign Category_valida")): Object: 'Object Repository/newidsfromspy/Page_Opend/input_Campaign Category_valida' is clicked on

2019-04-11 10:34:02 - [MESSAGE][PASSED] - Object: 'Object Repository/newidsfromspy/Page_Opend/input_Campaign Category_valida' is clicked on

2019-04-11 10:34:02 - [TEST_STEP][PASSED] - delay(3): Delayed 3 second(s)

2019-04-11 10:34:05 - [MESSAGE][PASSED] - Delayed 3 second(s)

2019-04-11 10:34:05 - [TEST_STEP][PASSED] - click(findTestObject("newidsfromspy/Page_Opend/label_fashion")): Object: 'Object Repository/newidsfromspy/Page_Opend/label_fashion' is clicked on

2019-04-11 10:34:05 - [MESSAGE][PASSED] - Object: 'Object Repository/newidsfromspy/Page_Opend/label_fashion' is clicked on

2019-04-11 10:34:05 - [TEST_STEP][PASSED] - delay(3): Delayed 3 second(s)

2019-04-11 10:34:08 - [MESSAGE][PASSED] - Delayed 3 second(s)

2019-04-11 10:34:08 - [TEST_STEP][PASSED] - click(findTestObject("Object Repository/NEWOPENDCPM/Page_Opend/button_Select")): Object: 'Object Repository/NEWOPENDCPM/Page_Opend/button_Select' is clicked on

2019-04-11 10:34:09 - [MESSAGE][PASSED] - Object: 'Object Repository/NEWOPENDCPM/Page_Opend/button_Select' is clicked on

2019-04-11 10:34:09 - [TEST_STEP][PASSED] - delay(3): Delayed 3 second(s)

2019-04-11 10:34:12 - [MESSAGE][PASSED] - Delayed 3 second(s)

2019-04-11 10:34:12 - [TEST_STEP][PASSED] - click(findTestObject("newidsfromspy/Page_Opend/input_Audience Interests_valid")): Object: 'Object Repository/newidsfromspy/Page_Opend/input_Audience Interests_valid' is clicked on

2019-04-11 10:34:12 - [MESSAGE][PASSED] - Object: 'Object Repository/newidsfromspy/Page_Opend/input_Audience Interests_valid' is clicked on

2019-04-11 10:34:12 - [TEST_STEP][PASSED] - delay(3): Delayed 3 second(s)

2019-04-11 10:34:15 - [MESSAGE][PASSED] - Delayed 3 second(s)

2019-04-11 10:34:15 - [TEST_STEP][PASSED] - click(findTestObject("newidsfromspy/Page_Opend/label_Party wear")): Object: 'Object Repository/newidsfromspy/Page_Opend/label_Party wear' is clicked on

2019-04-11 10:34:15 - [MESSAGE][PASSED] - Object: 'Object Repository/newidsfromspy/Page_Opend/label_Party wear' is clicked on

2019-04-11 10:34:15 - [TEST_STEP][PASSED] - delay(2): Delayed 2 second(s)

2019-04-11 10:34:17 - [MESSAGE][PASSED] - Delayed 2 second(s)

2019-04-11 10:34:17 - [TEST_STEP][PASSED] - click(findTestObject("newidsfromspy/Page_Opend/label_Kidz Wear")): Object: 'Object Repository/newidsfromspy/Page_Opend/label_Kidz Wear' is clicked on

2019-04-11 10:34:18 - [MESSAGE][PASSED] - Object: 'Object Repository/newidsfromspy/Page_Opend/label_Kidz Wear' is clicked on

2019-04-11 10:34:18 - [TEST_STEP][PASSED] - delay(5): Delayed 5 second(s)

2019-04-11 10:34:23 - [MESSAGE][PASSED] - Delayed 5 second(s)

2019-04-11 10:34:23 - [TEST_STEP][PASSED] - click(findTestObject("newidsfromspy/Page_Opend/AIselectbtn")): Object: 'Object Repository/newidsfromspy/Page_Opend/AIselectbtn' is clicked on

2019-04-11 10:34:23 - [MESSAGE][PASSED] - Object: 'Object Repository/newidsfromspy/Page_Opend/AIselectbtn' is clicked on

2019-04-11 10:34:23 - [TEST_STEP][PASSED] - delay(3): Delayed 3 second(s)

2019-04-11 10:34:26 - [MESSAGE][PASSED] - Delayed 3 second(s)

2019-04-11 10:34:26 - [TEST_STEP][PASSED] - setText(findTestObject("NEWSPYIDS/Page_Opend/input_CPO price_cplprice"), "2"): Text '2' is set on object 'Object Repository/NEWSPYIDS/Page_Opend/input_CPO price_cplprice'

2019-04-11 10:34:26 - [MESSAGE][PASSED] - Text '2' is set on object 'Object Repository/NEWSPYIDS/Page_Opend/input_CPO price_cplprice'

2019-04-11 10:34:26 - [TEST_STEP][PASSED] - delay(2): Delayed 2 second(s)

2019-04-11 10:34:28 - [MESSAGE][PASSED] - Delayed 2 second(s)

2019-04-11 10:34:28 - [TEST_STEP][PASSED] - click(findTestObject("newidsfromspy/Page_Opend/input_Select Publisher_validat")): Object: 'Object Repository/newidsfromspy/Page_Opend/input_Select Publisher_validat' is clicked on

2019-04-11 10:34:28 - [MESSAGE][PASSED] - Object: 'Object Repository/newidsfromspy/Page_Opend/input_Select Publisher_validat' is clicked on

2019-04-11 10:34:28 - [TEST_STEP][PASSED] - delay(3): Delayed 3 second(s)

2019-04-11 10:34:31 - [MESSAGE][PASSED] - Delayed 3 second(s)

2019-04-11 10:34:31 - [TEST_STEP][PASSED] - click(findTestObject("Object Repository/NEWOPENDCPM/Page_Opend/label_Jack")): Object: 'Object Repository/NEWOPENDCPM/Page_Opend/label_Jack' is clicked on

2019-04-11 10:34:32 - [MESSAGE][PASSED] - Object: 'Object Repository/NEWOPENDCPM/Page_Opend/label_Jack' is clicked on

2019-04-11 10:34:32 - [TEST_STEP][PASSED] - delay(3): Delayed 3 second(s)

2019-04-11 10:34:35 - [MESSAGE][PASSED] - Delayed 3 second(s)

2019-04-11 10:34:35 - [TEST_STEP][PASSED] - click(findTestObject("newidsfromspy/Page_Opend/Pubselectbtn")): Object: 'Object Repository/newidsfromspy/Page_Opend/Pubselectbtn' is clicked on

2019-04-11 10:34:35 - [MESSAGE][PASSED] - Object: 'Object Repository/newidsfromspy/Page_Opend/Pubselectbtn' is clicked on

2019-04-11 10:34:35 - [TEST_STEP][PASSED] - delay(3): Delayed 3 second(s)

2019-04-11 10:34:38 - [MESSAGE][PASSED] - Delayed 3 second(s)

2019-04-11 10:34:38 - [TEST_STEP][PASSED] - click(findTestObject("NEWSPYIDS/Page_Opend/label_Normal charges")): Object: 'Object Repository/NEWSPYIDS/Page_Opend/label_Normal charges' is clicked on

2019-04-11 10:34:38 - [MESSAGE][PASSED] - Object: 'Object Repository/NEWSPYIDS/Page_Opend/label_Normal charges' is clicked on

2019-04-11 10:34:38 - [TEST_STEP][PASSED] - delay(1): Delayed 1 second(s)

2019-04-11 10:34:39 - [MESSAGE][PASSED] - Delayed 1 second(s)

2019-04-11 10:34:39 - [TEST_STEP][PASSED] - setText(findTestObject("NEWSPYIDS/Page_Opend/input_CPO Payout Price_payout_"), "1"): Text '1' is set on object 'Object Repository/NEWSPYIDS/Page_Opend/input_CPO Payout Price_payout_'

2019-04-11 10:34:39 - [MESSAGE][PASSED] - Text '1' is set on object 'Object Repository/NEWSPYIDS/Page_Opend/input_CPO Payout Price_payout_'

2019-04-11 10:34:39 - [TEST_STEP][PASSED] - delay(5): Delayed 5 second(s)

2019-04-11 10:34:44 - [MESSAGE][PASSED] - Delayed 5 second(s)

2019-04-11 10:34:44 - [TEST_STEP][PASSED] - click(findTestObject("Object Repository/NEWOPENDCPM/Page_Opend/button_Proceed")): Object: 'Object Repository/NEWOPENDCPM/Page_Opend/button_Proceed' is clicked on

2019-04-11 10:34:45 - [MESSAGE][PASSED] - Object: 'Object Repository/NEWOPENDCPM/Page_Opend/button_Proceed' is clicked on

2019-04-11 10:34:45 - [TEST_STEP][PASSED] - delay(5): Delayed 5 second(s)

2019-04-11 10:34:50 - [MESSAGE][PASSED] - Delayed 5 second(s)

2019-04-11 10:34:50 - [TEST_STEP][PASSED] - setText(findTestObject("Object Repository/NEWOPENDCPM/Page_Opend/input_Subject Line_subjectone"), "GOOD Morning "): Text 'GOOD Morning ' is set on object 'Object Repository/NEWOPENDCPM/Page_Opend/input_Subject Line_subjectone'

2019-04-11 10:34:51 - [MESSAGE][PASSED] - Text 'GOOD Morning ' is set on object 'Object Repository/NEWOPENDCPM/Page_Opend/input_Subject Line_subjectone'

2019-04-11 10:34:51 - [TEST_STEP][PASSED] - delay(5): Delayed 5 second(s)

2019-04-11 10:34:56 - [MESSAGE][PASSED] - Delayed 5 second(s)

2019-04-11 10:34:56 - [TEST_STEP][PASSED] - click(findTestObject("newidsfromspy/Page_Opend/input_From Creatives_uploadBtn")): Object: 'Object Repository/newidsfromspy/Page_Opend/input_From Creatives_uploadBtn' is clicked on

2019-04-11 10:34:56 - [MESSAGE][PASSED] - Object: 'Object Repository/newidsfromspy/Page_Opend/input_From Creatives_uploadBtn' is clicked on

2019-04-11 10:34:56 - [TEST_STEP][PASSED] - delay(5): Delayed 5 second(s)

2019-04-11 10:35:01 - [MESSAGE][PASSED] - Delayed 5 second(s)

2019-04-11 10:35:01 - [TEST_STEP][PASSED] - click(findTestObject("Object Repository/NEWOPENDCPM/Page_Opend/button_Select")): Object: 'Object Repository/NEWOPENDCPM/Page_Opend/button_Select' is clicked on

2019-04-11 10:35:01 - [MESSAGE][PASSED] - Object: 'Object Repository/NEWOPENDCPM/Page_Opend/button_Select' is clicked on

2019-04-11 10:35:01 - [TEST_STEP][PASSED] - delay(5): Delayed 5 second(s)

2019-04-11 10:35:06 - [MESSAGE][PASSED] - Delayed 5 second(s)

2019-04-11 10:35:06 - [TEST_STEP][PASSED] - click(findTestObject("NEWOPENDCPM/Step2prcdbtn")): Object: 'Object Repository/NEWOPENDCPM/Step2prcdbtn' is clicked on

2019-04-11 10:35:07 - [MESSAGE][PASSED] - Object: 'Object Repository/NEWOPENDCPM/Step2prcdbtn' is clicked on

2019-04-11 10:35:07 - [TEST_STEP][PASSED] - delay(5): Delayed 5 second(s)

2019-04-11 10:35:12 - [MESSAGE][PASSED] - Delayed 5 second(s)

2019-04-11 10:35:12 - [TEST_STEP][PASSED] - click(findTestObject("NEWOPENDCPM/step3prcdbrn")): Object: 'Object Repository/NEWOPENDCPM/step3prcdbrn' is clicked on

2019-04-11 10:35:13 - [MESSAGE][PASSED] - Object: 'Object Repository/NEWOPENDCPM/step3prcdbrn' is clicked on

2019-04-11 10:35:13 - [TEST_STEP][PASSED] - delay(5): Delayed 5 second(s)

2019-04-11 10:35:18 - [MESSAGE][PASSED] - Delayed 5 second(s)

2019-04-11 10:35:18 - [TEST_STEP][NOT_RUN] - click(findTestObject("NEWOPENDCPM/Startcampbtn")): NOT_RUN: click(findTestObject("NEWOPENDCPM/Startcampbtn"))

2019-04-11 10:35:18 - [MESSAGE][NOT_RUN] - NOT_RUN: click(findTestObject("NEWOPENDCPM/Startcampbtn"))

2019-04-11 10:35:18 - [TEST_STEP][PASSED] - delay(5): Delayed 5 second(s)

2019-04-11 10:35:23 - [MESSAGE][PASSED] - Delayed 5 second(s)

2019-04-11 10:35:23 - [TEST_STEP][PASSED] - closeBrowser(): Browser is closed

2019-04-11 10:35:28 - [MESSAGE][PASSED] - Browser is closed]]></system-out>
         <system-err><![CDATA[]]></system-err>
      </testcase>
      <testcase name="Test Cases/CREATE CPL CAMPAGN" classname="Test Cases/CREATE CPL CAMPAGN" status="PASSED">
         <system-out><![CDATA[2019-04-11 10:35:28 - [TEST_CASE][PASSED] - Test Cases/CREATE CPL CAMPAGN: Test Cases/CREATE CPL CAMPAGN

2019-04-11 10:35:29 - [TEST_STEP][PASSED] - openBrowser(""): Browser is opened with url: ''

2019-04-11 10:35:29 - [MESSAGE][INFO] - Starting 'Firefox' driver

2019-04-11 10:35:33 - [MESSAGE][PASSED] - Browser is opened with url: ''

2019-04-11 10:35:33 - [TEST_STEP][PASSED] - navigateToUrl("http://campaignsopend.techactive.tk/#/admin_login"): Navigate to 'http://campaignsopend.techactive.tk/#/admin_login' successfully

2019-04-11 10:35:35 - [MESSAGE][PASSED] - Navigate to 'http://campaignsopend.techactive.tk/#/admin_login' successfully

2019-04-11 10:35:35 - [TEST_STEP][PASSED] - setText(findTestObject("Object Repository/NEWOPENDCPM/Page_Opend/input_Admin Login_email_id"), "admin@opend.com"): Text 'admin@opend.com' is set on object 'Object Repository/NEWOPENDCPM/Page_Opend/input_Admin Login_email_id'

2019-04-11 10:35:38 - [MESSAGE][PASSED] - Text 'admin@opend.com' is set on object 'Object Repository/NEWOPENDCPM/Page_Opend/input_Admin Login_email_id'

2019-04-11 10:35:38 - [TEST_STEP][PASSED] - setEncryptedText(findTestObject("Object Repository/NEWOPENDCPM/Page_Opend/input_Admin Login_password"), "4nvbrPglk7k="): Text ****** has been set on object 'Object Repository/NEWOPENDCPM/Page_Opend/input_Admin Login_password'

2019-04-11 10:35:39 - [MESSAGE][PASSED] - Text ****** has been set on object 'Object Repository/NEWOPENDCPM/Page_Opend/input_Admin Login_password'

2019-04-11 10:35:39 - [TEST_STEP][PASSED] - click(findTestObject("Object Repository/NEWOPENDCPM/Page_Opend/button_Sign In")): Object: 'Object Repository/NEWOPENDCPM/Page_Opend/button_Sign In' is clicked on

2019-04-11 10:35:39 - [MESSAGE][PASSED] - Object: 'Object Repository/NEWOPENDCPM/Page_Opend/button_Sign In' is clicked on

2019-04-11 10:35:39 - [TEST_STEP][PASSED] - delay(5): Delayed 5 second(s)

2019-04-11 10:35:44 - [MESSAGE][PASSED] - Delayed 5 second(s)

2019-04-11 10:35:44 - [TEST_STEP][PASSED] - click(findTestObject("Object Repository/NEWOPENDCPM/Page_Opend/a_Campaigns")): Object: 'Object Repository/NEWOPENDCPM/Page_Opend/a_Campaigns' is clicked on

2019-04-11 10:35:44 - [MESSAGE][PASSED] - Object: 'Object Repository/NEWOPENDCPM/Page_Opend/a_Campaigns' is clicked on

2019-04-11 10:35:44 - [TEST_STEP][PASSED] - delay(5): Delayed 5 second(s)

2019-04-11 10:35:49 - [MESSAGE][PASSED] - Delayed 5 second(s)

2019-04-11 10:35:49 - [TEST_STEP][PASSED] - click(findTestObject("Object Repository/NEWOPENDCPM/Page_Opend/a_Start New Campaign")): Object: 'Object Repository/NEWOPENDCPM/Page_Opend/a_Start New Campaign' is clicked on

2019-04-11 10:35:49 - [MESSAGE][PASSED] - Object: 'Object Repository/NEWOPENDCPM/Page_Opend/a_Start New Campaign' is clicked on

2019-04-11 10:35:49 - [TEST_STEP][PASSED] - delay(5): Delayed 5 second(s)

2019-04-11 10:35:54 - [MESSAGE][PASSED] - Delayed 5 second(s)

2019-04-11 10:35:54 - [TEST_STEP][PASSED] - selectOptionByValue(findTestObject("Object Repository/NEWOPENDCPM/Page_Opend/select_Please Select Advertise"), "2", true): All options with value '2' are selected in object 'Object Repository/NEWOPENDCPM/Page_Opend/select_Please Select Advertise'  using regular expression

2019-04-11 10:35:55 - [MESSAGE][PASSED] - All options with value '2' are selected in object 'Object Repository/NEWOPENDCPM/Page_Opend/select_Please Select Advertise'  using regular expression

2019-04-11 10:35:55 - [TEST_STEP][PASSED] - delay(3): Delayed 3 second(s)

2019-04-11 10:35:58 - [MESSAGE][PASSED] - Delayed 3 second(s)

2019-04-11 10:35:58 - [TEST_STEP][PASSED] - setText(findTestObject("Object Repository/NEWOPENDCPM/Page_Opend/input_Campaign Name_camp_name_"), "TEST CPL CAMPAIGN "): Text 'TEST CPL CAMPAIGN ' is set on object 'Object Repository/NEWOPENDCPM/Page_Opend/input_Campaign Name_camp_name_'

2019-04-11 10:35:58 - [MESSAGE][PASSED] - Text 'TEST CPL CAMPAIGN ' is set on object 'Object Repository/NEWOPENDCPM/Page_Opend/input_Campaign Name_camp_name_'

2019-04-11 10:35:58 - [TEST_STEP][PASSED] - delay(2): Delayed 2 second(s)

2019-04-11 10:36:00 - [MESSAGE][PASSED] - Delayed 2 second(s)

2019-04-11 10:36:00 - [TEST_STEP][PASSED] - click(findTestObject("Object Repository/NEWOPENDCPM/Page_Opend/label_Normal charges")): Object: 'Object Repository/NEWOPENDCPM/Page_Opend/label_Normal charges' is clicked on

2019-04-11 10:36:01 - [MESSAGE][PASSED] - Object: 'Object Repository/NEWOPENDCPM/Page_Opend/label_Normal charges' is clicked on

2019-04-11 10:36:01 - [TEST_STEP][PASSED] - click(findTestObject("NEWSPYIDS/Page_Opend/label_CPL")): Object: 'Object Repository/NEWSPYIDS/Page_Opend/label_CPL' is clicked on

2019-04-11 10:36:01 - [MESSAGE][PASSED] - Object: 'Object Repository/NEWSPYIDS/Page_Opend/label_CPL' is clicked on

2019-04-11 10:36:01 - [TEST_STEP][PASSED] - delay(2): Delayed 2 second(s)

2019-04-11 10:36:03 - [MESSAGE][PASSED] - Delayed 2 second(s)

2019-04-11 10:36:03 - [TEST_STEP][PASSED] - selectOptionByValue(findTestObject("Object Repository/NEWOPENDCPM/Page_Opend/select_Please Select Audience"), "2", true): All options with value '2' are selected in object 'Object Repository/NEWOPENDCPM/Page_Opend/select_Please Select Audience'  using regular expression

2019-04-11 10:36:03 - [MESSAGE][PASSED] - All options with value '2' are selected in object 'Object Repository/NEWOPENDCPM/Page_Opend/select_Please Select Audience'  using regular expression

2019-04-11 10:36:03 - [TEST_STEP][PASSED] - delay(3): Delayed 3 second(s)

2019-04-11 10:36:06 - [MESSAGE][PASSED] - Delayed 3 second(s)

2019-04-11 10:36:06 - [TEST_STEP][PASSED] - click(findTestObject("newidsfromspy/Page_Opend/input_Campaign Category_valida")): Object: 'Object Repository/newidsfromspy/Page_Opend/input_Campaign Category_valida' is clicked on

2019-04-11 10:36:07 - [MESSAGE][PASSED] - Object: 'Object Repository/newidsfromspy/Page_Opend/input_Campaign Category_valida' is clicked on

2019-04-11 10:36:07 - [TEST_STEP][PASSED] - delay(3): Delayed 3 second(s)

2019-04-11 10:36:10 - [MESSAGE][PASSED] - Delayed 3 second(s)

2019-04-11 10:36:10 - [TEST_STEP][PASSED] - click(findTestObject("newidsfromspy/Page_Opend/label_fashion")): Object: 'Object Repository/newidsfromspy/Page_Opend/label_fashion' is clicked on

2019-04-11 10:36:10 - [MESSAGE][PASSED] - Object: 'Object Repository/newidsfromspy/Page_Opend/label_fashion' is clicked on

2019-04-11 10:36:10 - [TEST_STEP][PASSED] - delay(3): Delayed 3 second(s)

2019-04-11 10:36:13 - [MESSAGE][PASSED] - Delayed 3 second(s)

2019-04-11 10:36:13 - [TEST_STEP][PASSED] - click(findTestObject("Object Repository/NEWOPENDCPM/Page_Opend/button_Select")): Object: 'Object Repository/NEWOPENDCPM/Page_Opend/button_Select' is clicked on

2019-04-11 10:36:13 - [MESSAGE][PASSED] - Object: 'Object Repository/NEWOPENDCPM/Page_Opend/button_Select' is clicked on

2019-04-11 10:36:13 - [TEST_STEP][PASSED] - delay(3): Delayed 3 second(s)

2019-04-11 10:36:16 - [MESSAGE][PASSED] - Delayed 3 second(s)

2019-04-11 10:36:16 - [TEST_STEP][PASSED] - click(findTestObject("newidsfromspy/Page_Opend/input_Audience Interests_valid")): Object: 'Object Repository/newidsfromspy/Page_Opend/input_Audience Interests_valid' is clicked on

2019-04-11 10:36:17 - [MESSAGE][PASSED] - Object: 'Object Repository/newidsfromspy/Page_Opend/input_Audience Interests_valid' is clicked on

2019-04-11 10:36:17 - [TEST_STEP][PASSED] - delay(3): Delayed 3 second(s)

2019-04-11 10:36:20 - [MESSAGE][PASSED] - Delayed 3 second(s)

2019-04-11 10:36:20 - [TEST_STEP][PASSED] - click(findTestObject("newidsfromspy/Page_Opend/label_Party wear")): Object: 'Object Repository/newidsfromspy/Page_Opend/label_Party wear' is clicked on

2019-04-11 10:36:20 - [MESSAGE][PASSED] - Object: 'Object Repository/newidsfromspy/Page_Opend/label_Party wear' is clicked on

2019-04-11 10:36:20 - [TEST_STEP][PASSED] - delay(2): Delayed 2 second(s)

2019-04-11 10:36:22 - [MESSAGE][PASSED] - Delayed 2 second(s)

2019-04-11 10:36:22 - [TEST_STEP][PASSED] - click(findTestObject("newidsfromspy/Page_Opend/label_Kidz Wear")): Object: 'Object Repository/newidsfromspy/Page_Opend/label_Kidz Wear' is clicked on

2019-04-11 10:36:22 - [MESSAGE][PASSED] - Object: 'Object Repository/newidsfromspy/Page_Opend/label_Kidz Wear' is clicked on

2019-04-11 10:36:22 - [TEST_STEP][PASSED] - delay(5): Delayed 5 second(s)

2019-04-11 10:36:27 - [MESSAGE][PASSED] - Delayed 5 second(s)

2019-04-11 10:36:27 - [TEST_STEP][PASSED] - click(findTestObject("newidsfromspy/Page_Opend/AIselectbtn")): Object: 'Object Repository/newidsfromspy/Page_Opend/AIselectbtn' is clicked on

2019-04-11 10:36:28 - [MESSAGE][PASSED] - Object: 'Object Repository/newidsfromspy/Page_Opend/AIselectbtn' is clicked on

2019-04-11 10:36:28 - [TEST_STEP][PASSED] - delay(3): Delayed 3 second(s)

2019-04-11 10:36:31 - [MESSAGE][PASSED] - Delayed 3 second(s)

2019-04-11 10:36:31 - [TEST_STEP][PASSED] - setText(findTestObject("NEWSPYIDS/Page_Opend/input_CPL price_cplprice"), "2"): Text '2' is set on object 'Object Repository/NEWSPYIDS/Page_Opend/input_CPL price_cplprice'

2019-04-11 10:36:31 - [MESSAGE][PASSED] - Text '2' is set on object 'Object Repository/NEWSPYIDS/Page_Opend/input_CPL price_cplprice'

2019-04-11 10:36:31 - [TEST_STEP][PASSED] - delay(2): Delayed 2 second(s)

2019-04-11 10:36:33 - [MESSAGE][PASSED] - Delayed 2 second(s)

2019-04-11 10:36:33 - [TEST_STEP][PASSED] - click(findTestObject("newidsfromspy/Page_Opend/input_Select Publisher_validat")): Object: 'Object Repository/newidsfromspy/Page_Opend/input_Select Publisher_validat' is clicked on

2019-04-11 10:36:33 - [MESSAGE][PASSED] - Object: 'Object Repository/newidsfromspy/Page_Opend/input_Select Publisher_validat' is clicked on

2019-04-11 10:36:33 - [TEST_STEP][PASSED] - delay(3): Delayed 3 second(s)

2019-04-11 10:36:36 - [MESSAGE][PASSED] - Delayed 3 second(s)

2019-04-11 10:36:36 - [TEST_STEP][PASSED] - click(findTestObject("Object Repository/NEWOPENDCPM/Page_Opend/label_Jack")): Object: 'Object Repository/NEWOPENDCPM/Page_Opend/label_Jack' is clicked on

2019-04-11 10:36:36 - [MESSAGE][PASSED] - Object: 'Object Repository/NEWOPENDCPM/Page_Opend/label_Jack' is clicked on

2019-04-11 10:36:36 - [TEST_STEP][PASSED] - delay(3): Delayed 3 second(s)

2019-04-11 10:36:39 - [MESSAGE][PASSED] - Delayed 3 second(s)

2019-04-11 10:36:39 - [TEST_STEP][PASSED] - click(findTestObject("newidsfromspy/Page_Opend/Pubselectbtn")): Object: 'Object Repository/newidsfromspy/Page_Opend/Pubselectbtn' is clicked on

2019-04-11 10:36:40 - [MESSAGE][PASSED] - Object: 'Object Repository/newidsfromspy/Page_Opend/Pubselectbtn' is clicked on

2019-04-11 10:36:40 - [TEST_STEP][PASSED] - delay(3): Delayed 3 second(s)

2019-04-11 10:36:43 - [MESSAGE][PASSED] - Delayed 3 second(s)

2019-04-11 10:36:43 - [TEST_STEP][PASSED] - click(findTestObject("NEWSPYIDS/Page_Opend/label_Normal charges")): Object: 'Object Repository/NEWSPYIDS/Page_Opend/label_Normal charges' is clicked on

2019-04-11 10:36:43 - [MESSAGE][PASSED] - Object: 'Object Repository/NEWSPYIDS/Page_Opend/label_Normal charges' is clicked on

2019-04-11 10:36:43 - [TEST_STEP][PASSED] - delay(1): Delayed 1 second(s)

2019-04-11 10:36:44 - [MESSAGE][PASSED] - Delayed 1 second(s)

2019-04-11 10:36:44 - [TEST_STEP][PASSED] - setText(findTestObject("NEWSPYIDS/Page_Opend/input_CPL Payout Price_payout_"), "1"): Text '1' is set on object 'Object Repository/NEWSPYIDS/Page_Opend/input_CPL Payout Price_payout_'

2019-04-11 10:36:44 - [MESSAGE][PASSED] - Text '1' is set on object 'Object Repository/NEWSPYIDS/Page_Opend/input_CPL Payout Price_payout_'

2019-04-11 10:36:44 - [TEST_STEP][PASSED] - delay(5): Delayed 5 second(s)

2019-04-11 10:36:49 - [MESSAGE][PASSED] - Delayed 5 second(s)

2019-04-11 10:36:49 - [TEST_STEP][PASSED] - click(findTestObject("Object Repository/NEWOPENDCPM/Page_Opend/button_Proceed")): Object: 'Object Repository/NEWOPENDCPM/Page_Opend/button_Proceed' is clicked on

2019-04-11 10:36:50 - [MESSAGE][PASSED] - Object: 'Object Repository/NEWOPENDCPM/Page_Opend/button_Proceed' is clicked on

2019-04-11 10:36:50 - [TEST_STEP][PASSED] - delay(5): Delayed 5 second(s)

2019-04-11 10:36:55 - [MESSAGE][PASSED] - Delayed 5 second(s)

2019-04-11 10:36:55 - [TEST_STEP][PASSED] - setText(findTestObject("Object Repository/NEWOPENDCPM/Page_Opend/input_Subject Line_subjectone"), "GOOD MORNING TA"): Text 'GOOD MORNING TA' is set on object 'Object Repository/NEWOPENDCPM/Page_Opend/input_Subject Line_subjectone'

2019-04-11 10:36:55 - [MESSAGE][PASSED] - Text 'GOOD MORNING TA' is set on object 'Object Repository/NEWOPENDCPM/Page_Opend/input_Subject Line_subjectone'

2019-04-11 10:36:55 - [TEST_STEP][PASSED] - delay(5): Delayed 5 second(s)

2019-04-11 10:37:00 - [MESSAGE][PASSED] - Delayed 5 second(s)

2019-04-11 10:37:00 - [TEST_STEP][PASSED] - click(findTestObject("newidsfromspy/Page_Opend/input_From Creatives_uploadBtn")): Object: 'Object Repository/newidsfromspy/Page_Opend/input_From Creatives_uploadBtn' is clicked on

2019-04-11 10:37:00 - [MESSAGE][PASSED] - Object: 'Object Repository/newidsfromspy/Page_Opend/input_From Creatives_uploadBtn' is clicked on

2019-04-11 10:37:00 - [TEST_STEP][PASSED] - delay(5): Delayed 5 second(s)

2019-04-11 10:37:05 - [MESSAGE][PASSED] - Delayed 5 second(s)

2019-04-11 10:37:05 - [TEST_STEP][PASSED] - click(findTestObject("Object Repository/NEWOPENDCPM/Page_Opend/button_Select")): Object: 'Object Repository/NEWOPENDCPM/Page_Opend/button_Select' is clicked on

2019-04-11 10:37:06 - [MESSAGE][PASSED] - Object: 'Object Repository/NEWOPENDCPM/Page_Opend/button_Select' is clicked on

2019-04-11 10:37:06 - [TEST_STEP][PASSED] - delay(5): Delayed 5 second(s)

2019-04-11 10:37:11 - [MESSAGE][PASSED] - Delayed 5 second(s)

2019-04-11 10:37:11 - [TEST_STEP][PASSED] - click(findTestObject("NEWOPENDCPM/Step2prcdbtn")): Object: 'Object Repository/NEWOPENDCPM/Step2prcdbtn' is clicked on

2019-04-11 10:37:11 - [MESSAGE][PASSED] - Object: 'Object Repository/NEWOPENDCPM/Step2prcdbtn' is clicked on

2019-04-11 10:37:11 - [TEST_STEP][PASSED] - delay(5): Delayed 5 second(s)

2019-04-11 10:37:16 - [MESSAGE][PASSED] - Delayed 5 second(s)

2019-04-11 10:37:16 - [TEST_STEP][PASSED] - click(findTestObject("NEWOPENDCPM/step3prcdbrn")): Object: 'Object Repository/NEWOPENDCPM/step3prcdbrn' is clicked on

2019-04-11 10:37:17 - [MESSAGE][PASSED] - Object: 'Object Repository/NEWOPENDCPM/step3prcdbrn' is clicked on

2019-04-11 10:37:17 - [TEST_STEP][PASSED] - delay(5): Delayed 5 second(s)

2019-04-11 10:37:22 - [MESSAGE][PASSED] - Delayed 5 second(s)

2019-04-11 10:37:22 - [TEST_STEP][NOT_RUN] - click(findTestObject("NEWOPENDCPM/Startcampbtn")): NOT_RUN: click(findTestObject("NEWOPENDCPM/Startcampbtn"))

2019-04-11 10:37:22 - [MESSAGE][NOT_RUN] - NOT_RUN: click(findTestObject("NEWOPENDCPM/Startcampbtn"))

2019-04-11 10:37:22 - [TEST_STEP][PASSED] - delay(5): Delayed 5 second(s)

2019-04-11 10:37:27 - [MESSAGE][PASSED] - Delayed 5 second(s)

2019-04-11 10:37:27 - [TEST_STEP][PASSED] - closeBrowser(): Browser is closed

2019-04-11 10:37:28 - [MESSAGE][PASSED] - Browser is closed]]></system-out>
         <system-err><![CDATA[]]></system-err>
      </testcase>
      <system-out><![CDATA[2019-04-11 10:31:17 - [TEST_SUITE][PASSED] - TEST SUITE1: Test Cases/CREATE CPL CAMPAGN]]></system-out>
      <system-err><![CDATA[]]></system-err>
   </testsuite>
</testsuites>
