<?xml version="1.0" encoding="UTF-8"?>
<testsuites name="TEST SUITE1" time="359" tests="3" failures="0" errors="0">
   <testsuite name="TEST SUITE1" tests="3" failures="0" errors="0" time="359" timestamp="2019-04-05 09:40:04" hostname="activemac08 - activemc08simac" id="Test Suites/TEST SUITE1">
      <properties>
         <property name="deviceName" value=""/>
         <property name="devicePlatform" value=""/>
         <property name="logFolder" value="/Users/activemac08/git/KATALONOPENDPROJECT/Reports/TEST SUITE1/20190405_093959"/>
         <property name="logFiles" value="/Users/activemac08/git/KATALONOPENDPROJECT/Reports/TEST SUITE1/20190405_093959/execution0.log"/>
         <property name="attachments" value=""/>
         <property name="hostName" value="activemac08 - activemc08simac"/>
         <property name="os" value="Mac OS X 64bit"/>
         <property name="katalonVersion" value="6.1.0.1"/>
         <property name="browser" value="Firefox 66.0"/>
         <property name="hostAddress" value="192.168.1.21"/>
         <property name="sessionId" value="10c5be67-35f4-bc49-8882-9949b72d6d7b"/>
         <property name="seleniumVersion" value="3.7.1"/>
         <property name="proxyInformation" value="ProxyInformation{proxyOption=NO_PROXY, proxyServerType=HTTP, password=, proxyServerAddress=, proxyServerPort=0}"/>
         <property name="platform" value="Mac OS X"/>
      </properties>
      <testcase name="Test Cases/CREATING CPM CAMPAIGN" classname="Test Cases/CREATING CPM CAMPAIGN" status="PASSED">
         <system-out><![CDATA[2019-04-05 09:40:05 - [TEST_CASE][PASSED] - Test Cases/CREATING CPM CAMPAIGN: Test Cases/CREATING CPM CAMPAIGN

2019-04-05 09:40:06 - [TEST_STEP][PASSED] - openBrowser(""): Browser is opened with url: ''

2019-04-05 09:40:06 - [MESSAGE][INFO] - Starting 'Firefox' driver

2019-04-05 09:40:06 - [MESSAGE][INFO] - Action delay is set to 0 seconds

2019-04-05 09:40:14 - [MESSAGE][PASSED] - Browser is opened with url: ''

2019-04-05 09:40:14 - [TEST_STEP][PASSED] - navigateToUrl("http://campaignsopend.techactive.tk/#/admin_login"): Navigate to 'http://campaignsopend.techactive.tk/#/admin_login' successfully

2019-04-05 09:40:16 - [MESSAGE][PASSED] - Navigate to 'http://campaignsopend.techactive.tk/#/admin_login' successfully

2019-04-05 09:40:16 - [TEST_STEP][PASSED] - delay(5): Delayed 5 second(s)

2019-04-05 09:40:21 - [MESSAGE][PASSED] - Delayed 5 second(s)

2019-04-05 09:40:21 - [TEST_STEP][PASSED] - setText(findTestObject("Object Repository/NEWOPENDCPM/Page_Opend/input_Admin Login_email_id"), "admin@opend.com"): Text 'admin@opend.com' is set on object 'Object Repository/NEWOPENDCPM/Page_Opend/input_Admin Login_email_id'

2019-04-05 09:40:22 - [MESSAGE][PASSED] - Text 'admin@opend.com' is set on object 'Object Repository/NEWOPENDCPM/Page_Opend/input_Admin Login_email_id'

2019-04-05 09:40:22 - [TEST_STEP][PASSED] - setEncryptedText(findTestObject("Object Repository/NEWOPENDCPM/Page_Opend/input_Admin Login_password"), "4nvbrPglk7k="): Text ****** has been set on object 'Object Repository/NEWOPENDCPM/Page_Opend/input_Admin Login_password'

2019-04-05 09:40:22 - [MESSAGE][PASSED] - Text ****** has been set on object 'Object Repository/NEWOPENDCPM/Page_Opend/input_Admin Login_password'

2019-04-05 09:40:22 - [TEST_STEP][PASSED] - click(findTestObject("Object Repository/NEWOPENDCPM/Page_Opend/button_Sign In")): Object: 'Object Repository/NEWOPENDCPM/Page_Opend/button_Sign In' is clicked on

2019-04-05 09:40:22 - [MESSAGE][PASSED] - Object: 'Object Repository/NEWOPENDCPM/Page_Opend/button_Sign In' is clicked on

2019-04-05 09:40:22 - [TEST_STEP][PASSED] - delay(5): Delayed 5 second(s)

2019-04-05 09:40:27 - [MESSAGE][PASSED] - Delayed 5 second(s)

2019-04-05 09:40:27 - [TEST_STEP][PASSED] - click(findTestObject("Object Repository/NEWOPENDCPM/Page_Opend/a_Campaigns")): Object: 'Object Repository/NEWOPENDCPM/Page_Opend/a_Campaigns' is clicked on

2019-04-05 09:40:28 - [MESSAGE][PASSED] - Object: 'Object Repository/NEWOPENDCPM/Page_Opend/a_Campaigns' is clicked on

2019-04-05 09:40:28 - [TEST_STEP][PASSED] - delay(5): Delayed 5 second(s)

2019-04-05 09:40:33 - [MESSAGE][PASSED] - Delayed 5 second(s)

2019-04-05 09:40:33 - [TEST_STEP][PASSED] - click(findTestObject("Object Repository/NEWOPENDCPM/Page_Opend/a_Start New Campaign")): Object: 'Object Repository/NEWOPENDCPM/Page_Opend/a_Start New Campaign' is clicked on

2019-04-05 09:40:33 - [MESSAGE][PASSED] - Object: 'Object Repository/NEWOPENDCPM/Page_Opend/a_Start New Campaign' is clicked on

2019-04-05 09:40:33 - [TEST_STEP][PASSED] - delay(5): Delayed 5 second(s)

2019-04-05 09:40:38 - [MESSAGE][PASSED] - Delayed 5 second(s)

2019-04-05 09:40:38 - [TEST_STEP][PASSED] - selectOptionByValue(findTestObject("Object Repository/NEWOPENDCPM/Page_Opend/select_Please Select Advertise"), "2", true): All options with value '2' are selected in object 'Object Repository/NEWOPENDCPM/Page_Opend/select_Please Select Advertise'  using regular expression

2019-04-05 09:40:39 - [MESSAGE][PASSED] - All options with value '2' are selected in object 'Object Repository/NEWOPENDCPM/Page_Opend/select_Please Select Advertise'  using regular expression

2019-04-05 09:40:39 - [TEST_STEP][PASSED] - delay(3): Delayed 3 second(s)

2019-04-05 09:40:42 - [MESSAGE][PASSED] - Delayed 3 second(s)

2019-04-05 09:40:42 - [TEST_STEP][PASSED] - setText(findTestObject("Object Repository/NEWOPENDCPM/Page_Opend/input_Campaign Name_camp_name_"), "TEST CAMPAIGN 2"): Text 'TEST CAMPAIGN 2' is set on object 'Object Repository/NEWOPENDCPM/Page_Opend/input_Campaign Name_camp_name_'

2019-04-05 09:40:42 - [MESSAGE][PASSED] - Text 'TEST CAMPAIGN 2' is set on object 'Object Repository/NEWOPENDCPM/Page_Opend/input_Campaign Name_camp_name_'

2019-04-05 09:40:42 - [TEST_STEP][PASSED] - delay(2): Delayed 2 second(s)

2019-04-05 09:40:44 - [MESSAGE][PASSED] - Delayed 2 second(s)

2019-04-05 09:40:44 - [TEST_STEP][PASSED] - click(findTestObject("Object Repository/NEWOPENDCPM/Page_Opend/label_Normal charges")): Object: 'Object Repository/NEWOPENDCPM/Page_Opend/label_Normal charges' is clicked on

2019-04-05 09:40:45 - [MESSAGE][PASSED] - Object: 'Object Repository/NEWOPENDCPM/Page_Opend/label_Normal charges' is clicked on

2019-04-05 09:40:45 - [TEST_STEP][PASSED] - delay(2): Delayed 2 second(s)

2019-04-05 09:40:47 - [MESSAGE][PASSED] - Delayed 2 second(s)

2019-04-05 09:40:47 - [TEST_STEP][PASSED] - selectOptionByValue(findTestObject("Object Repository/NEWOPENDCPM/Page_Opend/select_Please Select Audience"), "2", true): All options with value '2' are selected in object 'Object Repository/NEWOPENDCPM/Page_Opend/select_Please Select Audience'  using regular expression

2019-04-05 09:40:47 - [MESSAGE][PASSED] - All options with value '2' are selected in object 'Object Repository/NEWOPENDCPM/Page_Opend/select_Please Select Audience'  using regular expression

2019-04-05 09:40:47 - [TEST_STEP][PASSED] - delay(3): Delayed 3 second(s)

2019-04-05 09:40:50 - [MESSAGE][PASSED] - Delayed 3 second(s)

2019-04-05 09:40:50 - [TEST_STEP][PASSED] - click(findTestObject("newidsfromspy/Page_Opend/input_Campaign Category_valida")): Object: 'Object Repository/newidsfromspy/Page_Opend/input_Campaign Category_valida' is clicked on

2019-04-05 09:40:51 - [MESSAGE][PASSED] - Object: 'Object Repository/newidsfromspy/Page_Opend/input_Campaign Category_valida' is clicked on

2019-04-05 09:40:51 - [TEST_STEP][PASSED] - delay(3): Delayed 3 second(s)

2019-04-05 09:40:54 - [MESSAGE][PASSED] - Delayed 3 second(s)

2019-04-05 09:40:54 - [TEST_STEP][PASSED] - click(findTestObject("newidsfromspy/Page_Opend/label_fashion")): Object: 'Object Repository/newidsfromspy/Page_Opend/label_fashion' is clicked on

2019-04-05 09:40:54 - [MESSAGE][PASSED] - Object: 'Object Repository/newidsfromspy/Page_Opend/label_fashion' is clicked on

2019-04-05 09:40:54 - [TEST_STEP][PASSED] - delay(3): Delayed 3 second(s)

2019-04-05 09:40:57 - [MESSAGE][PASSED] - Delayed 3 second(s)

2019-04-05 09:40:57 - [TEST_STEP][PASSED] - click(findTestObject("Object Repository/NEWOPENDCPM/Page_Opend/button_Select")): Object: 'Object Repository/NEWOPENDCPM/Page_Opend/button_Select' is clicked on

2019-04-05 09:40:57 - [MESSAGE][PASSED] - Object: 'Object Repository/NEWOPENDCPM/Page_Opend/button_Select' is clicked on

2019-04-05 09:40:57 - [TEST_STEP][PASSED] - delay(3): Delayed 3 second(s)

2019-04-05 09:41:00 - [MESSAGE][PASSED] - Delayed 3 second(s)

2019-04-05 09:41:00 - [TEST_STEP][PASSED] - click(findTestObject("newidsfromspy/Page_Opend/input_Audience Interests_valid")): Object: 'Object Repository/newidsfromspy/Page_Opend/input_Audience Interests_valid' is clicked on

2019-04-05 09:41:01 - [MESSAGE][PASSED] - Object: 'Object Repository/newidsfromspy/Page_Opend/input_Audience Interests_valid' is clicked on

2019-04-05 09:41:01 - [TEST_STEP][PASSED] - delay(3): Delayed 3 second(s)

2019-04-05 09:41:04 - [MESSAGE][PASSED] - Delayed 3 second(s)

2019-04-05 09:41:04 - [TEST_STEP][PASSED] - click(findTestObject("newidsfromspy/Page_Opend/label_Party wear")): Object: 'Object Repository/newidsfromspy/Page_Opend/label_Party wear' is clicked on

2019-04-05 09:41:04 - [MESSAGE][PASSED] - Object: 'Object Repository/newidsfromspy/Page_Opend/label_Party wear' is clicked on

2019-04-05 09:41:04 - [TEST_STEP][PASSED] - delay(2): Delayed 2 second(s)

2019-04-05 09:41:06 - [MESSAGE][PASSED] - Delayed 2 second(s)

2019-04-05 09:41:06 - [TEST_STEP][PASSED] - click(findTestObject("newidsfromspy/Page_Opend/label_Kidz Wear")): Object: 'Object Repository/newidsfromspy/Page_Opend/label_Kidz Wear' is clicked on

2019-04-05 09:41:06 - [MESSAGE][PASSED] - Object: 'Object Repository/newidsfromspy/Page_Opend/label_Kidz Wear' is clicked on

2019-04-05 09:41:06 - [TEST_STEP][PASSED] - delay(5): Delayed 5 second(s)

2019-04-05 09:41:11 - [MESSAGE][PASSED] - Delayed 5 second(s)

2019-04-05 09:41:11 - [TEST_STEP][PASSED] - click(findTestObject("newidsfromspy/Page_Opend/AIselectbtn")): Object: 'Object Repository/newidsfromspy/Page_Opend/AIselectbtn' is clicked on

2019-04-05 09:41:12 - [MESSAGE][PASSED] - Object: 'Object Repository/newidsfromspy/Page_Opend/AIselectbtn' is clicked on

2019-04-05 09:41:12 - [TEST_STEP][PASSED] - delay(3): Delayed 3 second(s)

2019-04-05 09:41:15 - [MESSAGE][PASSED] - Delayed 3 second(s)

2019-04-05 09:41:15 - [TEST_STEP][PASSED] - click(findTestObject("newidsfromspy/Page_Opend/input_Select Publisher_validat")): Object: 'Object Repository/newidsfromspy/Page_Opend/input_Select Publisher_validat' is clicked on

2019-04-05 09:41:15 - [MESSAGE][PASSED] - Object: 'Object Repository/newidsfromspy/Page_Opend/input_Select Publisher_validat' is clicked on

2019-04-05 09:41:15 - [TEST_STEP][PASSED] - delay(3): Delayed 3 second(s)

2019-04-05 09:41:18 - [MESSAGE][PASSED] - Delayed 3 second(s)

2019-04-05 09:41:18 - [TEST_STEP][PASSED] - click(findTestObject("Object Repository/NEWOPENDCPM/Page_Opend/label_Jack")): Object: 'Object Repository/NEWOPENDCPM/Page_Opend/label_Jack' is clicked on

2019-04-05 09:41:18 - [MESSAGE][PASSED] - Object: 'Object Repository/NEWOPENDCPM/Page_Opend/label_Jack' is clicked on

2019-04-05 09:41:18 - [TEST_STEP][PASSED] - delay(3): Delayed 3 second(s)

2019-04-05 09:41:21 - [MESSAGE][PASSED] - Delayed 3 second(s)

2019-04-05 09:41:21 - [TEST_STEP][PASSED] - click(findTestObject("newidsfromspy/Page_Opend/Pubselectbtn")): Object: 'Object Repository/newidsfromspy/Page_Opend/Pubselectbtn' is clicked on

2019-04-05 09:41:22 - [MESSAGE][PASSED] - Object: 'Object Repository/newidsfromspy/Page_Opend/Pubselectbtn' is clicked on

2019-04-05 09:41:22 - [TEST_STEP][PASSED] - delay(3): Delayed 3 second(s)

2019-04-05 09:41:25 - [MESSAGE][PASSED] - Delayed 3 second(s)

2019-04-05 09:41:25 - [TEST_STEP][PASSED] - click(findTestObject("NEWSPYIDS/Page_Opend/label_Normal charges")): Object: 'Object Repository/NEWSPYIDS/Page_Opend/label_Normal charges' is clicked on

2019-04-05 09:41:25 - [MESSAGE][PASSED] - Object: 'Object Repository/NEWSPYIDS/Page_Opend/label_Normal charges' is clicked on

2019-04-05 09:41:25 - [TEST_STEP][PASSED] - delay(5): Delayed 5 second(s)

2019-04-05 09:41:30 - [MESSAGE][PASSED] - Delayed 5 second(s)

2019-04-05 09:41:30 - [TEST_STEP][PASSED] - click(findTestObject("Object Repository/NEWOPENDCPM/Page_Opend/button_Proceed")): Object: 'Object Repository/NEWOPENDCPM/Page_Opend/button_Proceed' is clicked on

2019-04-05 09:41:31 - [MESSAGE][PASSED] - Object: 'Object Repository/NEWOPENDCPM/Page_Opend/button_Proceed' is clicked on

2019-04-05 09:41:31 - [TEST_STEP][PASSED] - delay(5): Delayed 5 second(s)

2019-04-05 09:41:36 - [MESSAGE][PASSED] - Delayed 5 second(s)

2019-04-05 09:41:36 - [TEST_STEP][PASSED] - setText(findTestObject("Object Repository/NEWOPENDCPM/Page_Opend/input_Subject Line_subjectone"), "GOOD MORNING "): Text 'GOOD MORNING ' is set on object 'Object Repository/NEWOPENDCPM/Page_Opend/input_Subject Line_subjectone'

2019-04-05 09:41:36 - [MESSAGE][PASSED] - Text 'GOOD MORNING ' is set on object 'Object Repository/NEWOPENDCPM/Page_Opend/input_Subject Line_subjectone'

2019-04-05 09:41:36 - [TEST_STEP][PASSED] - delay(5): Delayed 5 second(s)

2019-04-05 09:41:41 - [MESSAGE][PASSED] - Delayed 5 second(s)

2019-04-05 09:41:41 - [TEST_STEP][PASSED] - click(findTestObject("newidsfromspy/Page_Opend/input_From Creatives_uploadBtn")): Object: 'Object Repository/newidsfromspy/Page_Opend/input_From Creatives_uploadBtn' is clicked on

2019-04-05 09:41:41 - [MESSAGE][PASSED] - Object: 'Object Repository/newidsfromspy/Page_Opend/input_From Creatives_uploadBtn' is clicked on

2019-04-05 09:41:41 - [TEST_STEP][PASSED] - delay(5): Delayed 5 second(s)

2019-04-05 09:41:46 - [MESSAGE][PASSED] - Delayed 5 second(s)

2019-04-05 09:41:46 - [TEST_STEP][PASSED] - click(findTestObject("Object Repository/NEWOPENDCPM/Page_Opend/button_Select")): Object: 'Object Repository/NEWOPENDCPM/Page_Opend/button_Select' is clicked on

2019-04-05 09:41:47 - [MESSAGE][PASSED] - Object: 'Object Repository/NEWOPENDCPM/Page_Opend/button_Select' is clicked on

2019-04-05 09:41:47 - [TEST_STEP][PASSED] - delay(5): Delayed 5 second(s)

2019-04-05 09:41:52 - [MESSAGE][PASSED] - Delayed 5 second(s)

2019-04-05 09:41:52 - [TEST_STEP][PASSED] - click(findTestObject("NEWOPENDCPM/Step2prcdbtn")): Object: 'Object Repository/NEWOPENDCPM/Step2prcdbtn' is clicked on

2019-04-05 09:41:53 - [MESSAGE][PASSED] - Object: 'Object Repository/NEWOPENDCPM/Step2prcdbtn' is clicked on

2019-04-05 09:41:53 - [TEST_STEP][PASSED] - delay(5): Delayed 5 second(s)

2019-04-05 09:41:58 - [MESSAGE][PASSED] - Delayed 5 second(s)

2019-04-05 09:41:58 - [TEST_STEP][PASSED] - click(findTestObject("NEWOPENDCPM/step3prcdbrn")): Object: 'Object Repository/NEWOPENDCPM/step3prcdbrn' is clicked on

2019-04-05 09:41:58 - [MESSAGE][PASSED] - Object: 'Object Repository/NEWOPENDCPM/step3prcdbrn' is clicked on

2019-04-05 09:41:58 - [TEST_STEP][PASSED] - delay(5): Delayed 5 second(s)

2019-04-05 09:42:03 - [MESSAGE][PASSED] - Delayed 5 second(s)

2019-04-05 09:42:03 - [TEST_STEP][NOT_RUN] - click(findTestObject("NEWOPENDCPM/Startcampbtn")): NOT_RUN: click(findTestObject("NEWOPENDCPM/Startcampbtn"))

2019-04-05 09:42:03 - [MESSAGE][NOT_RUN] - NOT_RUN: click(findTestObject("NEWOPENDCPM/Startcampbtn"))

2019-04-05 09:42:03 - [TEST_STEP][PASSED] - delay(5): Delayed 5 second(s)

2019-04-05 09:42:08 - [MESSAGE][PASSED] - Delayed 5 second(s)

2019-04-05 09:42:08 - [TEST_STEP][PASSED] - closeBrowser(): Browser is closed

2019-04-05 09:42:09 - [MESSAGE][PASSED] - Browser is closed]]></system-out>
         <system-err><![CDATA[]]></system-err>
      </testcase>
      <testcase name="Test Cases/CREATING CPO CAMPAIGN" classname="Test Cases/CREATING CPO CAMPAIGN" status="PASSED">
         <system-out><![CDATA[2019-04-05 09:42:09 - [TEST_CASE][PASSED] - Test Cases/CREATING CPO CAMPAIGN: Test Cases/CREATING CPO CAMPAIGN

2019-04-05 09:42:10 - [TEST_STEP][PASSED] - openBrowser(""): Browser is opened with url: ''

2019-04-05 09:42:10 - [MESSAGE][INFO] - Starting 'Firefox' driver

2019-04-05 09:42:14 - [MESSAGE][PASSED] - Browser is opened with url: ''

2019-04-05 09:42:14 - [TEST_STEP][PASSED] - navigateToUrl("http://campaignsopend.techactive.tk/#/admin_login"): Navigate to 'http://campaignsopend.techactive.tk/#/admin_login' successfully

2019-04-05 09:42:16 - [MESSAGE][PASSED] - Navigate to 'http://campaignsopend.techactive.tk/#/admin_login' successfully

2019-04-05 09:42:16 - [TEST_STEP][PASSED] - setText(findTestObject("Object Repository/NEWOPENDCPM/Page_Opend/input_Admin Login_email_id"), "admin@opend.com"): Text 'admin@opend.com' is set on object 'Object Repository/NEWOPENDCPM/Page_Opend/input_Admin Login_email_id'

2019-04-05 09:42:17 - [MESSAGE][PASSED] - Text 'admin@opend.com' is set on object 'Object Repository/NEWOPENDCPM/Page_Opend/input_Admin Login_email_id'

2019-04-05 09:42:17 - [TEST_STEP][PASSED] - setEncryptedText(findTestObject("Object Repository/NEWOPENDCPM/Page_Opend/input_Admin Login_password"), "4nvbrPglk7k="): Text ****** has been set on object 'Object Repository/NEWOPENDCPM/Page_Opend/input_Admin Login_password'

2019-04-05 09:42:18 - [MESSAGE][PASSED] - Text ****** has been set on object 'Object Repository/NEWOPENDCPM/Page_Opend/input_Admin Login_password'

2019-04-05 09:42:18 - [TEST_STEP][PASSED] - click(findTestObject("Object Repository/NEWOPENDCPM/Page_Opend/button_Sign In")): Object: 'Object Repository/NEWOPENDCPM/Page_Opend/button_Sign In' is clicked on

2019-04-05 09:42:18 - [MESSAGE][PASSED] - Object: 'Object Repository/NEWOPENDCPM/Page_Opend/button_Sign In' is clicked on

2019-04-05 09:42:18 - [TEST_STEP][PASSED] - delay(5): Delayed 5 second(s)

2019-04-05 09:42:23 - [MESSAGE][PASSED] - Delayed 5 second(s)

2019-04-05 09:42:23 - [TEST_STEP][PASSED] - click(findTestObject("Object Repository/NEWOPENDCPM/Page_Opend/a_Campaigns")): Object: 'Object Repository/NEWOPENDCPM/Page_Opend/a_Campaigns' is clicked on

2019-04-05 09:42:23 - [MESSAGE][PASSED] - Object: 'Object Repository/NEWOPENDCPM/Page_Opend/a_Campaigns' is clicked on

2019-04-05 09:42:23 - [TEST_STEP][PASSED] - delay(5): Delayed 5 second(s)

2019-04-05 09:42:28 - [MESSAGE][PASSED] - Delayed 5 second(s)

2019-04-05 09:42:28 - [TEST_STEP][PASSED] - click(findTestObject("Object Repository/NEWOPENDCPM/Page_Opend/a_Start New Campaign")): Object: 'Object Repository/NEWOPENDCPM/Page_Opend/a_Start New Campaign' is clicked on

2019-04-05 09:42:29 - [MESSAGE][PASSED] - Object: 'Object Repository/NEWOPENDCPM/Page_Opend/a_Start New Campaign' is clicked on

2019-04-05 09:42:29 - [TEST_STEP][PASSED] - delay(5): Delayed 5 second(s)

2019-04-05 09:42:34 - [MESSAGE][PASSED] - Delayed 5 second(s)

2019-04-05 09:42:34 - [TEST_STEP][PASSED] - selectOptionByValue(findTestObject("Object Repository/NEWOPENDCPM/Page_Opend/select_Please Select Advertise"), "2", true): All options with value '2' are selected in object 'Object Repository/NEWOPENDCPM/Page_Opend/select_Please Select Advertise'  using regular expression

2019-04-05 09:42:34 - [MESSAGE][PASSED] - All options with value '2' are selected in object 'Object Repository/NEWOPENDCPM/Page_Opend/select_Please Select Advertise'  using regular expression

2019-04-05 09:42:34 - [TEST_STEP][PASSED] - delay(3): Delayed 3 second(s)

2019-04-05 09:42:37 - [MESSAGE][PASSED] - Delayed 3 second(s)

2019-04-05 09:42:37 - [TEST_STEP][PASSED] - setText(findTestObject("Object Repository/NEWOPENDCPM/Page_Opend/input_Campaign Name_camp_name_"), "TEST CPO CAMPAIGN "): Text 'TEST CPO CAMPAIGN ' is set on object 'Object Repository/NEWOPENDCPM/Page_Opend/input_Campaign Name_camp_name_'

2019-04-05 09:42:38 - [MESSAGE][PASSED] - Text 'TEST CPO CAMPAIGN ' is set on object 'Object Repository/NEWOPENDCPM/Page_Opend/input_Campaign Name_camp_name_'

2019-04-05 09:42:38 - [TEST_STEP][PASSED] - delay(2): Delayed 2 second(s)

2019-04-05 09:42:40 - [MESSAGE][PASSED] - Delayed 2 second(s)

2019-04-05 09:42:40 - [TEST_STEP][PASSED] - click(findTestObject("Object Repository/NEWOPENDCPM/Page_Opend/label_Normal charges")): Object: 'Object Repository/NEWOPENDCPM/Page_Opend/label_Normal charges' is clicked on

2019-04-05 09:42:40 - [MESSAGE][PASSED] - Object: 'Object Repository/NEWOPENDCPM/Page_Opend/label_Normal charges' is clicked on

2019-04-05 09:42:40 - [TEST_STEP][PASSED] - click(findTestObject("NEWSPYIDS/Page_Opend/label_CPO")): Object: 'Object Repository/NEWSPYIDS/Page_Opend/label_CPO' is clicked on

2019-04-05 09:42:40 - [MESSAGE][PASSED] - Object: 'Object Repository/NEWSPYIDS/Page_Opend/label_CPO' is clicked on

2019-04-05 09:42:40 - [TEST_STEP][PASSED] - delay(2): Delayed 2 second(s)

2019-04-05 09:42:42 - [MESSAGE][PASSED] - Delayed 2 second(s)

2019-04-05 09:42:42 - [TEST_STEP][PASSED] - selectOptionByValue(findTestObject("Object Repository/NEWOPENDCPM/Page_Opend/select_Please Select Audience"), "2", true): All options with value '2' are selected in object 'Object Repository/NEWOPENDCPM/Page_Opend/select_Please Select Audience'  using regular expression

2019-04-05 09:42:43 - [MESSAGE][PASSED] - All options with value '2' are selected in object 'Object Repository/NEWOPENDCPM/Page_Opend/select_Please Select Audience'  using regular expression

2019-04-05 09:42:43 - [TEST_STEP][PASSED] - delay(3): Delayed 3 second(s)

2019-04-05 09:42:46 - [MESSAGE][PASSED] - Delayed 3 second(s)

2019-04-05 09:42:46 - [TEST_STEP][PASSED] - click(findTestObject("newidsfromspy/Page_Opend/input_Campaign Category_valida")): Object: 'Object Repository/newidsfromspy/Page_Opend/input_Campaign Category_valida' is clicked on

2019-04-05 09:42:46 - [MESSAGE][PASSED] - Object: 'Object Repository/newidsfromspy/Page_Opend/input_Campaign Category_valida' is clicked on

2019-04-05 09:42:46 - [TEST_STEP][PASSED] - delay(3): Delayed 3 second(s)

2019-04-05 09:42:49 - [MESSAGE][PASSED] - Delayed 3 second(s)

2019-04-05 09:42:49 - [TEST_STEP][PASSED] - click(findTestObject("newidsfromspy/Page_Opend/label_fashion")): Object: 'Object Repository/newidsfromspy/Page_Opend/label_fashion' is clicked on

2019-04-05 09:42:49 - [MESSAGE][PASSED] - Object: 'Object Repository/newidsfromspy/Page_Opend/label_fashion' is clicked on

2019-04-05 09:42:49 - [TEST_STEP][PASSED] - delay(3): Delayed 3 second(s)

2019-04-05 09:42:52 - [MESSAGE][PASSED] - Delayed 3 second(s)

2019-04-05 09:42:52 - [TEST_STEP][PASSED] - click(findTestObject("Object Repository/NEWOPENDCPM/Page_Opend/button_Select")): Object: 'Object Repository/NEWOPENDCPM/Page_Opend/button_Select' is clicked on

2019-04-05 09:42:53 - [MESSAGE][PASSED] - Object: 'Object Repository/NEWOPENDCPM/Page_Opend/button_Select' is clicked on

2019-04-05 09:42:53 - [TEST_STEP][PASSED] - delay(3): Delayed 3 second(s)

2019-04-05 09:42:56 - [MESSAGE][PASSED] - Delayed 3 second(s)

2019-04-05 09:42:56 - [TEST_STEP][PASSED] - click(findTestObject("newidsfromspy/Page_Opend/input_Audience Interests_valid")): Object: 'Object Repository/newidsfromspy/Page_Opend/input_Audience Interests_valid' is clicked on

2019-04-05 09:42:56 - [MESSAGE][PASSED] - Object: 'Object Repository/newidsfromspy/Page_Opend/input_Audience Interests_valid' is clicked on

2019-04-05 09:42:56 - [TEST_STEP][PASSED] - delay(3): Delayed 3 second(s)

2019-04-05 09:42:59 - [MESSAGE][PASSED] - Delayed 3 second(s)

2019-04-05 09:42:59 - [TEST_STEP][PASSED] - click(findTestObject("newidsfromspy/Page_Opend/label_Party wear")): Object: 'Object Repository/newidsfromspy/Page_Opend/label_Party wear' is clicked on

2019-04-05 09:42:59 - [MESSAGE][PASSED] - Object: 'Object Repository/newidsfromspy/Page_Opend/label_Party wear' is clicked on

2019-04-05 09:42:59 - [TEST_STEP][PASSED] - delay(2): Delayed 2 second(s)

2019-04-05 09:43:01 - [MESSAGE][PASSED] - Delayed 2 second(s)

2019-04-05 09:43:01 - [TEST_STEP][PASSED] - click(findTestObject("newidsfromspy/Page_Opend/label_Kidz Wear")): Object: 'Object Repository/newidsfromspy/Page_Opend/label_Kidz Wear' is clicked on

2019-04-05 09:43:01 - [MESSAGE][PASSED] - Object: 'Object Repository/newidsfromspy/Page_Opend/label_Kidz Wear' is clicked on

2019-04-05 09:43:01 - [TEST_STEP][PASSED] - delay(5): Delayed 5 second(s)

2019-04-05 09:43:06 - [MESSAGE][PASSED] - Delayed 5 second(s)

2019-04-05 09:43:06 - [TEST_STEP][PASSED] - click(findTestObject("newidsfromspy/Page_Opend/AIselectbtn")): Object: 'Object Repository/newidsfromspy/Page_Opend/AIselectbtn' is clicked on

2019-04-05 09:43:07 - [MESSAGE][PASSED] - Object: 'Object Repository/newidsfromspy/Page_Opend/AIselectbtn' is clicked on

2019-04-05 09:43:07 - [TEST_STEP][PASSED] - delay(3): Delayed 3 second(s)

2019-04-05 09:43:10 - [MESSAGE][PASSED] - Delayed 3 second(s)

2019-04-05 09:43:10 - [TEST_STEP][PASSED] - setText(findTestObject("NEWSPYIDS/Page_Opend/input_CPO price_cplprice"), "2"): Text '2' is set on object 'Object Repository/NEWSPYIDS/Page_Opend/input_CPO price_cplprice'

2019-04-05 09:43:10 - [MESSAGE][PASSED] - Text '2' is set on object 'Object Repository/NEWSPYIDS/Page_Opend/input_CPO price_cplprice'

2019-04-05 09:43:10 - [TEST_STEP][PASSED] - delay(2): Delayed 2 second(s)

2019-04-05 09:43:12 - [MESSAGE][PASSED] - Delayed 2 second(s)

2019-04-05 09:43:12 - [TEST_STEP][PASSED] - click(findTestObject("newidsfromspy/Page_Opend/input_Select Publisher_validat")): Object: 'Object Repository/newidsfromspy/Page_Opend/input_Select Publisher_validat' is clicked on

2019-04-05 09:43:12 - [MESSAGE][PASSED] - Object: 'Object Repository/newidsfromspy/Page_Opend/input_Select Publisher_validat' is clicked on

2019-04-05 09:43:12 - [TEST_STEP][PASSED] - delay(3): Delayed 3 second(s)

2019-04-05 09:43:15 - [MESSAGE][PASSED] - Delayed 3 second(s)

2019-04-05 09:43:15 - [TEST_STEP][PASSED] - click(findTestObject("Object Repository/NEWOPENDCPM/Page_Opend/label_Jack")): Object: 'Object Repository/NEWOPENDCPM/Page_Opend/label_Jack' is clicked on

2019-04-05 09:43:15 - [MESSAGE][PASSED] - Object: 'Object Repository/NEWOPENDCPM/Page_Opend/label_Jack' is clicked on

2019-04-05 09:43:15 - [TEST_STEP][PASSED] - delay(3): Delayed 3 second(s)

2019-04-05 09:43:18 - [MESSAGE][PASSED] - Delayed 3 second(s)

2019-04-05 09:43:18 - [TEST_STEP][PASSED] - click(findTestObject("newidsfromspy/Page_Opend/Pubselectbtn")): Object: 'Object Repository/newidsfromspy/Page_Opend/Pubselectbtn' is clicked on

2019-04-05 09:43:19 - [MESSAGE][PASSED] - Object: 'Object Repository/newidsfromspy/Page_Opend/Pubselectbtn' is clicked on

2019-04-05 09:43:19 - [TEST_STEP][PASSED] - delay(3): Delayed 3 second(s)

2019-04-05 09:43:22 - [MESSAGE][PASSED] - Delayed 3 second(s)

2019-04-05 09:43:22 - [TEST_STEP][PASSED] - click(findTestObject("NEWSPYIDS/Page_Opend/label_Normal charges")): Object: 'Object Repository/NEWSPYIDS/Page_Opend/label_Normal charges' is clicked on

2019-04-05 09:43:22 - [MESSAGE][PASSED] - Object: 'Object Repository/NEWSPYIDS/Page_Opend/label_Normal charges' is clicked on

2019-04-05 09:43:22 - [TEST_STEP][PASSED] - delay(1): Delayed 1 second(s)

2019-04-05 09:43:23 - [MESSAGE][PASSED] - Delayed 1 second(s)

2019-04-05 09:43:23 - [TEST_STEP][PASSED] - setText(findTestObject("NEWSPYIDS/Page_Opend/input_CPO Payout Price_payout_"), "1"): Text '1' is set on object 'Object Repository/NEWSPYIDS/Page_Opend/input_CPO Payout Price_payout_'

2019-04-05 09:43:23 - [MESSAGE][PASSED] - Text '1' is set on object 'Object Repository/NEWSPYIDS/Page_Opend/input_CPO Payout Price_payout_'

2019-04-05 09:43:23 - [TEST_STEP][PASSED] - delay(5): Delayed 5 second(s)

2019-04-05 09:43:28 - [MESSAGE][PASSED] - Delayed 5 second(s)

2019-04-05 09:43:28 - [TEST_STEP][PASSED] - click(findTestObject("Object Repository/NEWOPENDCPM/Page_Opend/button_Proceed")): Object: 'Object Repository/NEWOPENDCPM/Page_Opend/button_Proceed' is clicked on

2019-04-05 09:43:29 - [MESSAGE][PASSED] - Object: 'Object Repository/NEWOPENDCPM/Page_Opend/button_Proceed' is clicked on

2019-04-05 09:43:29 - [TEST_STEP][PASSED] - delay(5): Delayed 5 second(s)

2019-04-05 09:43:34 - [MESSAGE][PASSED] - Delayed 5 second(s)

2019-04-05 09:43:34 - [TEST_STEP][PASSED] - setText(findTestObject("Object Repository/NEWOPENDCPM/Page_Opend/input_Subject Line_subjectone"), "GOOD Morning "): Text 'GOOD Morning ' is set on object 'Object Repository/NEWOPENDCPM/Page_Opend/input_Subject Line_subjectone'

2019-04-05 09:43:34 - [MESSAGE][PASSED] - Text 'GOOD Morning ' is set on object 'Object Repository/NEWOPENDCPM/Page_Opend/input_Subject Line_subjectone'

2019-04-05 09:43:34 - [TEST_STEP][PASSED] - delay(5): Delayed 5 second(s)

2019-04-05 09:43:39 - [MESSAGE][PASSED] - Delayed 5 second(s)

2019-04-05 09:43:39 - [TEST_STEP][PASSED] - click(findTestObject("newidsfromspy/Page_Opend/input_From Creatives_uploadBtn")): Object: 'Object Repository/newidsfromspy/Page_Opend/input_From Creatives_uploadBtn' is clicked on

2019-04-05 09:43:39 - [MESSAGE][PASSED] - Object: 'Object Repository/newidsfromspy/Page_Opend/input_From Creatives_uploadBtn' is clicked on

2019-04-05 09:43:39 - [TEST_STEP][PASSED] - delay(5): Delayed 5 second(s)

2019-04-05 09:43:44 - [MESSAGE][PASSED] - Delayed 5 second(s)

2019-04-05 09:43:44 - [TEST_STEP][PASSED] - click(findTestObject("Object Repository/NEWOPENDCPM/Page_Opend/button_Select")): Object: 'Object Repository/NEWOPENDCPM/Page_Opend/button_Select' is clicked on

2019-04-05 09:43:45 - [MESSAGE][PASSED] - Object: 'Object Repository/NEWOPENDCPM/Page_Opend/button_Select' is clicked on

2019-04-05 09:43:45 - [TEST_STEP][PASSED] - delay(5): Delayed 5 second(s)

2019-04-05 09:43:50 - [MESSAGE][PASSED] - Delayed 5 second(s)

2019-04-05 09:43:50 - [TEST_STEP][PASSED] - click(findTestObject("NEWOPENDCPM/Step2prcdbtn")): Object: 'Object Repository/NEWOPENDCPM/Step2prcdbtn' is clicked on

2019-04-05 09:43:51 - [MESSAGE][PASSED] - Object: 'Object Repository/NEWOPENDCPM/Step2prcdbtn' is clicked on

2019-04-05 09:43:51 - [TEST_STEP][PASSED] - delay(5): Delayed 5 second(s)

2019-04-05 09:43:56 - [MESSAGE][PASSED] - Delayed 5 second(s)

2019-04-05 09:43:56 - [TEST_STEP][PASSED] - click(findTestObject("NEWOPENDCPM/step3prcdbrn")): Object: 'Object Repository/NEWOPENDCPM/step3prcdbrn' is clicked on

2019-04-05 09:43:56 - [MESSAGE][PASSED] - Object: 'Object Repository/NEWOPENDCPM/step3prcdbrn' is clicked on

2019-04-05 09:43:56 - [TEST_STEP][PASSED] - delay(5): Delayed 5 second(s)

2019-04-05 09:44:01 - [MESSAGE][PASSED] - Delayed 5 second(s)

2019-04-05 09:44:01 - [TEST_STEP][NOT_RUN] - click(findTestObject("NEWOPENDCPM/Startcampbtn")): NOT_RUN: click(findTestObject("NEWOPENDCPM/Startcampbtn"))

2019-04-05 09:44:01 - [MESSAGE][NOT_RUN] - NOT_RUN: click(findTestObject("NEWOPENDCPM/Startcampbtn"))

2019-04-05 09:44:01 - [TEST_STEP][PASSED] - delay(5): Delayed 5 second(s)

2019-04-05 09:44:06 - [MESSAGE][PASSED] - Delayed 5 second(s)

2019-04-05 09:44:06 - [TEST_STEP][PASSED] - closeBrowser(): Browser is closed

2019-04-05 09:44:07 - [MESSAGE][PASSED] - Browser is closed]]></system-out>
         <system-err><![CDATA[]]></system-err>
      </testcase>
      <testcase name="Test Cases/CREATE CPL CAMPAGN" classname="Test Cases/CREATE CPL CAMPAGN" status="PASSED">
         <system-out><![CDATA[2019-04-05 09:44:07 - [TEST_CASE][PASSED] - Test Cases/CREATE CPL CAMPAGN: Test Cases/CREATE CPL CAMPAGN

2019-04-05 09:44:07 - [TEST_STEP][PASSED] - openBrowser(""): Browser is opened with url: ''

2019-04-05 09:44:07 - [MESSAGE][INFO] - Starting 'Firefox' driver

2019-04-05 09:44:12 - [MESSAGE][PASSED] - Browser is opened with url: ''

2019-04-05 09:44:12 - [TEST_STEP][PASSED] - navigateToUrl("http://campaignsopend.techactive.tk/#/admin_login"): Navigate to 'http://campaignsopend.techactive.tk/#/admin_login' successfully

2019-04-05 09:44:13 - [MESSAGE][PASSED] - Navigate to 'http://campaignsopend.techactive.tk/#/admin_login' successfully

2019-04-05 09:44:13 - [TEST_STEP][PASSED] - setText(findTestObject("Object Repository/NEWOPENDCPM/Page_Opend/input_Admin Login_email_id"), "admin@opend.com"): Text 'admin@opend.com' is set on object 'Object Repository/NEWOPENDCPM/Page_Opend/input_Admin Login_email_id'

2019-04-05 09:44:14 - [MESSAGE][PASSED] - Text 'admin@opend.com' is set on object 'Object Repository/NEWOPENDCPM/Page_Opend/input_Admin Login_email_id'

2019-04-05 09:44:14 - [TEST_STEP][PASSED] - setEncryptedText(findTestObject("Object Repository/NEWOPENDCPM/Page_Opend/input_Admin Login_password"), "4nvbrPglk7k="): Text ****** has been set on object 'Object Repository/NEWOPENDCPM/Page_Opend/input_Admin Login_password'

2019-04-05 09:44:14 - [MESSAGE][PASSED] - Text ****** has been set on object 'Object Repository/NEWOPENDCPM/Page_Opend/input_Admin Login_password'

2019-04-05 09:44:14 - [TEST_STEP][PASSED] - click(findTestObject("Object Repository/NEWOPENDCPM/Page_Opend/button_Sign In")): Object: 'Object Repository/NEWOPENDCPM/Page_Opend/button_Sign In' is clicked on

2019-04-05 09:44:15 - [MESSAGE][PASSED] - Object: 'Object Repository/NEWOPENDCPM/Page_Opend/button_Sign In' is clicked on

2019-04-05 09:44:15 - [TEST_STEP][PASSED] - delay(5): Delayed 5 second(s)

2019-04-05 09:44:20 - [MESSAGE][PASSED] - Delayed 5 second(s)

2019-04-05 09:44:20 - [TEST_STEP][PASSED] - click(findTestObject("Object Repository/NEWOPENDCPM/Page_Opend/a_Campaigns")): Object: 'Object Repository/NEWOPENDCPM/Page_Opend/a_Campaigns' is clicked on

2019-04-05 09:44:20 - [MESSAGE][PASSED] - Object: 'Object Repository/NEWOPENDCPM/Page_Opend/a_Campaigns' is clicked on

2019-04-05 09:44:20 - [TEST_STEP][PASSED] - delay(5): Delayed 5 second(s)

2019-04-05 09:44:25 - [MESSAGE][PASSED] - Delayed 5 second(s)

2019-04-05 09:44:25 - [TEST_STEP][PASSED] - click(findTestObject("Object Repository/NEWOPENDCPM/Page_Opend/a_Start New Campaign")): Object: 'Object Repository/NEWOPENDCPM/Page_Opend/a_Start New Campaign' is clicked on

2019-04-05 09:44:25 - [MESSAGE][PASSED] - Object: 'Object Repository/NEWOPENDCPM/Page_Opend/a_Start New Campaign' is clicked on

2019-04-05 09:44:25 - [TEST_STEP][PASSED] - delay(5): Delayed 5 second(s)

2019-04-05 09:44:30 - [MESSAGE][PASSED] - Delayed 5 second(s)

2019-04-05 09:44:30 - [TEST_STEP][PASSED] - selectOptionByValue(findTestObject("Object Repository/NEWOPENDCPM/Page_Opend/select_Please Select Advertise"), "2", true): All options with value '2' are selected in object 'Object Repository/NEWOPENDCPM/Page_Opend/select_Please Select Advertise'  using regular expression

2019-04-05 09:44:31 - [MESSAGE][PASSED] - All options with value '2' are selected in object 'Object Repository/NEWOPENDCPM/Page_Opend/select_Please Select Advertise'  using regular expression

2019-04-05 09:44:31 - [TEST_STEP][PASSED] - delay(3): Delayed 3 second(s)

2019-04-05 09:44:34 - [MESSAGE][PASSED] - Delayed 3 second(s)

2019-04-05 09:44:34 - [TEST_STEP][PASSED] - setText(findTestObject("Object Repository/NEWOPENDCPM/Page_Opend/input_Campaign Name_camp_name_"), "TEST CPL CAMPAIGN "): Text 'TEST CPL CAMPAIGN ' is set on object 'Object Repository/NEWOPENDCPM/Page_Opend/input_Campaign Name_camp_name_'

2019-04-05 09:44:34 - [MESSAGE][PASSED] - Text 'TEST CPL CAMPAIGN ' is set on object 'Object Repository/NEWOPENDCPM/Page_Opend/input_Campaign Name_camp_name_'

2019-04-05 09:44:34 - [TEST_STEP][PASSED] - delay(2): Delayed 2 second(s)

2019-04-05 09:44:36 - [MESSAGE][PASSED] - Delayed 2 second(s)

2019-04-05 09:44:36 - [TEST_STEP][PASSED] - click(findTestObject("Object Repository/NEWOPENDCPM/Page_Opend/label_Normal charges")): Object: 'Object Repository/NEWOPENDCPM/Page_Opend/label_Normal charges' is clicked on

2019-04-05 09:44:36 - [MESSAGE][PASSED] - Object: 'Object Repository/NEWOPENDCPM/Page_Opend/label_Normal charges' is clicked on

2019-04-05 09:44:36 - [TEST_STEP][PASSED] - click(findTestObject("NEWSPYIDS/Page_Opend/label_CPL")): Object: 'Object Repository/NEWSPYIDS/Page_Opend/label_CPL' is clicked on

2019-04-05 09:44:37 - [MESSAGE][PASSED] - Object: 'Object Repository/NEWSPYIDS/Page_Opend/label_CPL' is clicked on

2019-04-05 09:44:37 - [TEST_STEP][PASSED] - delay(2): Delayed 2 second(s)

2019-04-05 09:44:39 - [MESSAGE][PASSED] - Delayed 2 second(s)

2019-04-05 09:44:39 - [TEST_STEP][PASSED] - selectOptionByValue(findTestObject("Object Repository/NEWOPENDCPM/Page_Opend/select_Please Select Audience"), "2", true): All options with value '2' are selected in object 'Object Repository/NEWOPENDCPM/Page_Opend/select_Please Select Audience'  using regular expression

2019-04-05 09:44:39 - [MESSAGE][PASSED] - All options with value '2' are selected in object 'Object Repository/NEWOPENDCPM/Page_Opend/select_Please Select Audience'  using regular expression

2019-04-05 09:44:39 - [TEST_STEP][PASSED] - delay(3): Delayed 3 second(s)

2019-04-05 09:44:42 - [MESSAGE][PASSED] - Delayed 3 second(s)

2019-04-05 09:44:42 - [TEST_STEP][PASSED] - click(findTestObject("newidsfromspy/Page_Opend/input_Campaign Category_valida")): Object: 'Object Repository/newidsfromspy/Page_Opend/input_Campaign Category_valida' is clicked on

2019-04-05 09:44:42 - [MESSAGE][PASSED] - Object: 'Object Repository/newidsfromspy/Page_Opend/input_Campaign Category_valida' is clicked on

2019-04-05 09:44:42 - [TEST_STEP][PASSED] - delay(3): Delayed 3 second(s)

2019-04-05 09:44:45 - [MESSAGE][PASSED] - Delayed 3 second(s)

2019-04-05 09:44:45 - [TEST_STEP][PASSED] - click(findTestObject("newidsfromspy/Page_Opend/label_fashion")): Object: 'Object Repository/newidsfromspy/Page_Opend/label_fashion' is clicked on

2019-04-05 09:44:46 - [MESSAGE][PASSED] - Object: 'Object Repository/newidsfromspy/Page_Opend/label_fashion' is clicked on

2019-04-05 09:44:46 - [TEST_STEP][PASSED] - delay(3): Delayed 3 second(s)

2019-04-05 09:44:49 - [MESSAGE][PASSED] - Delayed 3 second(s)

2019-04-05 09:44:49 - [TEST_STEP][PASSED] - click(findTestObject("Object Repository/NEWOPENDCPM/Page_Opend/button_Select")): Object: 'Object Repository/NEWOPENDCPM/Page_Opend/button_Select' is clicked on

2019-04-05 09:44:49 - [MESSAGE][PASSED] - Object: 'Object Repository/NEWOPENDCPM/Page_Opend/button_Select' is clicked on

2019-04-05 09:44:49 - [TEST_STEP][PASSED] - delay(3): Delayed 3 second(s)

2019-04-05 09:44:52 - [MESSAGE][PASSED] - Delayed 3 second(s)

2019-04-05 09:44:52 - [TEST_STEP][PASSED] - click(findTestObject("newidsfromspy/Page_Opend/input_Audience Interests_valid")): Object: 'Object Repository/newidsfromspy/Page_Opend/input_Audience Interests_valid' is clicked on

2019-04-05 09:44:52 - [MESSAGE][PASSED] - Object: 'Object Repository/newidsfromspy/Page_Opend/input_Audience Interests_valid' is clicked on

2019-04-05 09:44:52 - [TEST_STEP][PASSED] - delay(3): Delayed 3 second(s)

2019-04-05 09:44:55 - [MESSAGE][PASSED] - Delayed 3 second(s)

2019-04-05 09:44:55 - [TEST_STEP][PASSED] - click(findTestObject("newidsfromspy/Page_Opend/label_Party wear")): Object: 'Object Repository/newidsfromspy/Page_Opend/label_Party wear' is clicked on

2019-04-05 09:44:56 - [MESSAGE][PASSED] - Object: 'Object Repository/newidsfromspy/Page_Opend/label_Party wear' is clicked on

2019-04-05 09:44:56 - [TEST_STEP][PASSED] - delay(2): Delayed 2 second(s)

2019-04-05 09:44:58 - [MESSAGE][PASSED] - Delayed 2 second(s)

2019-04-05 09:44:58 - [TEST_STEP][PASSED] - click(findTestObject("newidsfromspy/Page_Opend/label_Kidz Wear")): Object: 'Object Repository/newidsfromspy/Page_Opend/label_Kidz Wear' is clicked on

2019-04-05 09:44:58 - [MESSAGE][PASSED] - Object: 'Object Repository/newidsfromspy/Page_Opend/label_Kidz Wear' is clicked on

2019-04-05 09:44:58 - [TEST_STEP][PASSED] - delay(5): Delayed 5 second(s)

2019-04-05 09:45:03 - [MESSAGE][PASSED] - Delayed 5 second(s)

2019-04-05 09:45:03 - [TEST_STEP][PASSED] - click(findTestObject("newidsfromspy/Page_Opend/AIselectbtn")): Object: 'Object Repository/newidsfromspy/Page_Opend/AIselectbtn' is clicked on

2019-04-05 09:45:03 - [MESSAGE][PASSED] - Object: 'Object Repository/newidsfromspy/Page_Opend/AIselectbtn' is clicked on

2019-04-05 09:45:03 - [TEST_STEP][PASSED] - delay(3): Delayed 3 second(s)

2019-04-05 09:45:06 - [MESSAGE][PASSED] - Delayed 3 second(s)

2019-04-05 09:45:06 - [TEST_STEP][PASSED] - setText(findTestObject("NEWSPYIDS/Page_Opend/input_CPL price_cplprice"), "2"): Text '2' is set on object 'Object Repository/NEWSPYIDS/Page_Opend/input_CPL price_cplprice'

2019-04-05 09:45:06 - [MESSAGE][PASSED] - Text '2' is set on object 'Object Repository/NEWSPYIDS/Page_Opend/input_CPL price_cplprice'

2019-04-05 09:45:06 - [TEST_STEP][PASSED] - delay(2): Delayed 2 second(s)

2019-04-05 09:45:08 - [MESSAGE][PASSED] - Delayed 2 second(s)

2019-04-05 09:45:08 - [TEST_STEP][PASSED] - click(findTestObject("newidsfromspy/Page_Opend/input_Select Publisher_validat")): Object: 'Object Repository/newidsfromspy/Page_Opend/input_Select Publisher_validat' is clicked on

2019-04-05 09:45:09 - [MESSAGE][PASSED] - Object: 'Object Repository/newidsfromspy/Page_Opend/input_Select Publisher_validat' is clicked on

2019-04-05 09:45:09 - [TEST_STEP][PASSED] - delay(3): Delayed 3 second(s)

2019-04-05 09:45:12 - [MESSAGE][PASSED] - Delayed 3 second(s)

2019-04-05 09:45:12 - [TEST_STEP][PASSED] - click(findTestObject("Object Repository/NEWOPENDCPM/Page_Opend/label_Jack")): Object: 'Object Repository/NEWOPENDCPM/Page_Opend/label_Jack' is clicked on

2019-04-05 09:45:12 - [MESSAGE][PASSED] - Object: 'Object Repository/NEWOPENDCPM/Page_Opend/label_Jack' is clicked on

2019-04-05 09:45:12 - [TEST_STEP][PASSED] - delay(3): Delayed 3 second(s)

2019-04-05 09:45:15 - [MESSAGE][PASSED] - Delayed 3 second(s)

2019-04-05 09:45:15 - [TEST_STEP][PASSED] - click(findTestObject("newidsfromspy/Page_Opend/Pubselectbtn")): Object: 'Object Repository/newidsfromspy/Page_Opend/Pubselectbtn' is clicked on

2019-04-05 09:45:15 - [MESSAGE][PASSED] - Object: 'Object Repository/newidsfromspy/Page_Opend/Pubselectbtn' is clicked on

2019-04-05 09:45:15 - [TEST_STEP][PASSED] - delay(3): Delayed 3 second(s)

2019-04-05 09:45:18 - [MESSAGE][PASSED] - Delayed 3 second(s)

2019-04-05 09:45:18 - [TEST_STEP][PASSED] - click(findTestObject("NEWSPYIDS/Page_Opend/label_Normal charges")): Object: 'Object Repository/NEWSPYIDS/Page_Opend/label_Normal charges' is clicked on

2019-04-05 09:45:18 - [MESSAGE][PASSED] - Object: 'Object Repository/NEWSPYIDS/Page_Opend/label_Normal charges' is clicked on

2019-04-05 09:45:18 - [TEST_STEP][PASSED] - delay(1): Delayed 1 second(s)

2019-04-05 09:45:19 - [MESSAGE][PASSED] - Delayed 1 second(s)

2019-04-05 09:45:19 - [TEST_STEP][PASSED] - setText(findTestObject("NEWSPYIDS/Page_Opend/input_CPL Payout Price_payout_"), "1"): Text '1' is set on object 'Object Repository/NEWSPYIDS/Page_Opend/input_CPL Payout Price_payout_'

2019-04-05 09:45:19 - [MESSAGE][PASSED] - Text '1' is set on object 'Object Repository/NEWSPYIDS/Page_Opend/input_CPL Payout Price_payout_'

2019-04-05 09:45:19 - [TEST_STEP][PASSED] - delay(5): Delayed 5 second(s)

2019-04-05 09:45:24 - [MESSAGE][PASSED] - Delayed 5 second(s)

2019-04-05 09:45:24 - [TEST_STEP][PASSED] - click(findTestObject("Object Repository/NEWOPENDCPM/Page_Opend/button_Proceed")): Object: 'Object Repository/NEWOPENDCPM/Page_Opend/button_Proceed' is clicked on

2019-04-05 09:45:25 - [MESSAGE][PASSED] - Object: 'Object Repository/NEWOPENDCPM/Page_Opend/button_Proceed' is clicked on

2019-04-05 09:45:25 - [TEST_STEP][PASSED] - delay(5): Delayed 5 second(s)

2019-04-05 09:45:30 - [MESSAGE][PASSED] - Delayed 5 second(s)

2019-04-05 09:45:30 - [TEST_STEP][PASSED] - setText(findTestObject("Object Repository/NEWOPENDCPM/Page_Opend/input_Subject Line_subjectone"), "GOOD MORNING TA"): Text 'GOOD MORNING TA' is set on object 'Object Repository/NEWOPENDCPM/Page_Opend/input_Subject Line_subjectone'

2019-04-05 09:45:30 - [MESSAGE][PASSED] - Text 'GOOD MORNING TA' is set on object 'Object Repository/NEWOPENDCPM/Page_Opend/input_Subject Line_subjectone'

2019-04-05 09:45:30 - [TEST_STEP][PASSED] - delay(5): Delayed 5 second(s)

2019-04-05 09:45:35 - [MESSAGE][PASSED] - Delayed 5 second(s)

2019-04-05 09:45:35 - [TEST_STEP][PASSED] - click(findTestObject("newidsfromspy/Page_Opend/input_From Creatives_uploadBtn")): Object: 'Object Repository/newidsfromspy/Page_Opend/input_From Creatives_uploadBtn' is clicked on

2019-04-05 09:45:36 - [MESSAGE][PASSED] - Object: 'Object Repository/newidsfromspy/Page_Opend/input_From Creatives_uploadBtn' is clicked on

2019-04-05 09:45:36 - [TEST_STEP][PASSED] - delay(5): Delayed 5 second(s)

2019-04-05 09:45:41 - [MESSAGE][PASSED] - Delayed 5 second(s)

2019-04-05 09:45:41 - [TEST_STEP][PASSED] - click(findTestObject("Object Repository/NEWOPENDCPM/Page_Opend/button_Select")): Object: 'Object Repository/NEWOPENDCPM/Page_Opend/button_Select' is clicked on

2019-04-05 09:45:41 - [MESSAGE][PASSED] - Object: 'Object Repository/NEWOPENDCPM/Page_Opend/button_Select' is clicked on

2019-04-05 09:45:41 - [TEST_STEP][PASSED] - delay(5): Delayed 5 second(s)

2019-04-05 09:45:46 - [MESSAGE][PASSED] - Delayed 5 second(s)

2019-04-05 09:45:46 - [TEST_STEP][PASSED] - click(findTestObject("NEWOPENDCPM/Step2prcdbtn")): Object: 'Object Repository/NEWOPENDCPM/Step2prcdbtn' is clicked on

2019-04-05 09:45:47 - [MESSAGE][PASSED] - Object: 'Object Repository/NEWOPENDCPM/Step2prcdbtn' is clicked on

2019-04-05 09:45:47 - [TEST_STEP][PASSED] - delay(5): Delayed 5 second(s)

2019-04-05 09:45:52 - [MESSAGE][PASSED] - Delayed 5 second(s)

2019-04-05 09:45:52 - [TEST_STEP][PASSED] - click(findTestObject("NEWOPENDCPM/step3prcdbrn")): Object: 'Object Repository/NEWOPENDCPM/step3prcdbrn' is clicked on

2019-04-05 09:45:52 - [MESSAGE][PASSED] - Object: 'Object Repository/NEWOPENDCPM/step3prcdbrn' is clicked on

2019-04-05 09:45:52 - [TEST_STEP][PASSED] - delay(5): Delayed 5 second(s)

2019-04-05 09:45:57 - [MESSAGE][PASSED] - Delayed 5 second(s)

2019-04-05 09:45:57 - [TEST_STEP][NOT_RUN] - click(findTestObject("NEWOPENDCPM/Startcampbtn")): NOT_RUN: click(findTestObject("NEWOPENDCPM/Startcampbtn"))

2019-04-05 09:45:57 - [MESSAGE][NOT_RUN] - NOT_RUN: click(findTestObject("NEWOPENDCPM/Startcampbtn"))

2019-04-05 09:45:57 - [TEST_STEP][PASSED] - delay(5): Delayed 5 second(s)

2019-04-05 09:46:02 - [MESSAGE][PASSED] - Delayed 5 second(s)

2019-04-05 09:46:02 - [TEST_STEP][PASSED] - closeBrowser(): Browser is closed

2019-04-05 09:46:03 - [MESSAGE][PASSED] - Browser is closed]]></system-out>
         <system-err><![CDATA[]]></system-err>
      </testcase>
      <system-out><![CDATA[2019-04-05 09:40:04 - [TEST_SUITE][PASSED] - TEST SUITE1: Test Cases/CREATE CPL CAMPAGN]]></system-out>
      <system-err><![CDATA[]]></system-err>
   </testsuite>
</testsuites>
