<?xml version="1.0" encoding="UTF-8"?>
<testsuites name="TEST SUITE 2" time="386" tests="3" failures="0" errors="0">
   <testsuite name="TEST SUITE 2" tests="3" failures="0" errors="0" time="386" timestamp="2019-04-12 12:01:16" hostname="activemac08 - activemc08simac" id="Test Suites/TEST SUITE 2">
      <properties>
         <property name="deviceName" value=""/>
         <property name="devicePlatform" value=""/>
         <property name="logFolder" value="/Users/activemac08/git/KATALONOPENDPROJECT/Reports/TEST SUITE 2/20190412_120111"/>
         <property name="logFiles" value="/Users/activemac08/git/KATALONOPENDPROJECT/Reports/TEST SUITE 2/20190412_120111/execution0.log"/>
         <property name="attachments" value=""/>
         <property name="hostName" value="activemac08 - activemc08simac"/>
         <property name="os" value="Mac OS X 64bit"/>
         <property name="katalonVersion" value="6.1.0.1"/>
         <property name="browser" value="Firefox 66.0"/>
         <property name="hostAddress" value="192.168.1.22"/>
         <property name="sessionId" value="d346e36f-c789-924c-a744-1f13c43e7af3"/>
         <property name="seleniumVersion" value="3.7.1"/>
         <property name="proxyInformation" value="ProxyInformation{proxyOption=NO_PROXY, proxyServerType=HTTP, password=, proxyServerAddress=, proxyServerPort=0}"/>
         <property name="platform" value="Mac OS X"/>
      </properties>
      <testcase name="Test Cases/CPM WITH AB SPLIT" classname="Test Cases/CPM WITH AB SPLIT" status="PASSED">
         <system-out><![CDATA[2019-04-12 12:01:17 - [TEST_CASE][PASSED] - Test Cases/CPM WITH AB SPLIT: Test Cases/CPM WITH AB SPLIT

2019-04-12 12:01:18 - [TEST_STEP][PASSED] - openBrowser(""): Browser is opened with url: ''

2019-04-12 12:01:19 - [MESSAGE][INFO] - Starting 'Firefox' driver

2019-04-12 12:01:19 - [MESSAGE][INFO] - Action delay is set to 0 seconds

2019-04-12 12:01:29 - [MESSAGE][PASSED] - Browser is opened with url: ''

2019-04-12 12:01:29 - [TEST_STEP][PASSED] - navigateToUrl("http://campaignsopend.techactive.tk/#/admin_login"): Navigate to 'http://campaignsopend.techactive.tk/#/admin_login' successfully

2019-04-12 12:01:32 - [MESSAGE][PASSED] - Navigate to 'http://campaignsopend.techactive.tk/#/admin_login' successfully

2019-04-12 12:01:32 - [TEST_STEP][PASSED] - setText(findTestObject("Object Repository/NEWOPENDCPM/Page_Opend/input_Admin Login_email_id"), "admin@opend.com"): Text 'admin@opend.com' is set on object 'Object Repository/NEWOPENDCPM/Page_Opend/input_Admin Login_email_id'

2019-04-12 12:01:33 - [MESSAGE][PASSED] - Text 'admin@opend.com' is set on object 'Object Repository/NEWOPENDCPM/Page_Opend/input_Admin Login_email_id'

2019-04-12 12:01:33 - [TEST_STEP][PASSED] - setEncryptedText(findTestObject("Object Repository/NEWOPENDCPM/Page_Opend/input_Admin Login_password"), "4nvbrPglk7k="): Text ****** has been set on object 'Object Repository/NEWOPENDCPM/Page_Opend/input_Admin Login_password'

2019-04-12 12:01:33 - [MESSAGE][PASSED] - Text ****** has been set on object 'Object Repository/NEWOPENDCPM/Page_Opend/input_Admin Login_password'

2019-04-12 12:01:33 - [TEST_STEP][PASSED] - click(findTestObject("Object Repository/NEWOPENDCPM/Page_Opend/button_Sign In")): Object: 'Object Repository/NEWOPENDCPM/Page_Opend/button_Sign In' is clicked on

2019-04-12 12:01:34 - [MESSAGE][PASSED] - Object: 'Object Repository/NEWOPENDCPM/Page_Opend/button_Sign In' is clicked on

2019-04-12 12:01:34 - [TEST_STEP][PASSED] - delay(5): Delayed 5 second(s)

2019-04-12 12:01:39 - [MESSAGE][PASSED] - Delayed 5 second(s)

2019-04-12 12:01:39 - [TEST_STEP][PASSED] - click(findTestObject("Object Repository/NEWOPENDCPM/Page_Opend/a_Campaigns")): Object: 'Object Repository/NEWOPENDCPM/Page_Opend/a_Campaigns' is clicked on

2019-04-12 12:01:39 - [MESSAGE][PASSED] - Object: 'Object Repository/NEWOPENDCPM/Page_Opend/a_Campaigns' is clicked on

2019-04-12 12:01:39 - [TEST_STEP][PASSED] - delay(5): Delayed 5 second(s)

2019-04-12 12:01:44 - [MESSAGE][PASSED] - Delayed 5 second(s)

2019-04-12 12:01:44 - [TEST_STEP][PASSED] - click(findTestObject("Object Repository/NEWOPENDCPM/Page_Opend/a_Start New Campaign")): Object: 'Object Repository/NEWOPENDCPM/Page_Opend/a_Start New Campaign' is clicked on

2019-04-12 12:01:45 - [MESSAGE][PASSED] - Object: 'Object Repository/NEWOPENDCPM/Page_Opend/a_Start New Campaign' is clicked on

2019-04-12 12:01:45 - [TEST_STEP][PASSED] - delay(5): Delayed 5 second(s)

2019-04-12 12:01:50 - [MESSAGE][PASSED] - Delayed 5 second(s)

2019-04-12 12:01:50 - [TEST_STEP][PASSED] - selectOptionByValue(findTestObject("Object Repository/NEWOPENDCPM/Page_Opend/select_Please Select Advertise"), "2", true): All options with value '2' are selected in object 'Object Repository/NEWOPENDCPM/Page_Opend/select_Please Select Advertise'  using regular expression

2019-04-12 12:01:50 - [MESSAGE][PASSED] - All options with value '2' are selected in object 'Object Repository/NEWOPENDCPM/Page_Opend/select_Please Select Advertise'  using regular expression

2019-04-12 12:01:50 - [TEST_STEP][PASSED] - delay(3): Delayed 3 second(s)

2019-04-12 12:01:53 - [MESSAGE][PASSED] - Delayed 3 second(s)

2019-04-12 12:01:53 - [TEST_STEP][PASSED] - setText(findTestObject("Object Repository/NEWOPENDCPM/Page_Opend/input_Campaign Name_camp_name_"), "CPM WITH A/B SPLIT CAMPAIGN "): Text 'CPM WITH A/B SPLIT CAMPAIGN ' is set on object 'Object Repository/NEWOPENDCPM/Page_Opend/input_Campaign Name_camp_name_'

2019-04-12 12:01:53 - [MESSAGE][PASSED] - Text 'CPM WITH A/B SPLIT CAMPAIGN ' is set on object 'Object Repository/NEWOPENDCPM/Page_Opend/input_Campaign Name_camp_name_'

2019-04-12 12:01:53 - [TEST_STEP][PASSED] - delay(2): Delayed 2 second(s)

2019-04-12 12:01:55 - [MESSAGE][PASSED] - Delayed 2 second(s)

2019-04-12 12:01:55 - [TEST_STEP][PASSED] - click(findTestObject("Object Repository/NEWOPENDCPM/Page_Opend/label_Normal charges")): Object: 'Object Repository/NEWOPENDCPM/Page_Opend/label_Normal charges' is clicked on

2019-04-12 12:01:56 - [MESSAGE][PASSED] - Object: 'Object Repository/NEWOPENDCPM/Page_Opend/label_Normal charges' is clicked on

2019-04-12 12:01:56 - [TEST_STEP][PASSED] - delay(2): Delayed 2 second(s)

2019-04-12 12:01:58 - [MESSAGE][PASSED] - Delayed 2 second(s)

2019-04-12 12:01:58 - [TEST_STEP][PASSED] - selectOptionByValue(findTestObject("Object Repository/NEWOPENDCPM/Page_Opend/select_Please Select Audience"), "2", true): All options with value '2' are selected in object 'Object Repository/NEWOPENDCPM/Page_Opend/select_Please Select Audience'  using regular expression

2019-04-12 12:01:58 - [MESSAGE][PASSED] - All options with value '2' are selected in object 'Object Repository/NEWOPENDCPM/Page_Opend/select_Please Select Audience'  using regular expression

2019-04-12 12:01:58 - [TEST_STEP][PASSED] - delay(3): Delayed 3 second(s)

2019-04-12 12:02:01 - [MESSAGE][PASSED] - Delayed 3 second(s)

2019-04-12 12:02:01 - [TEST_STEP][PASSED] - click(findTestObject("newidsfromspy/Page_Opend/input_Campaign Category_valida")): Object: 'Object Repository/newidsfromspy/Page_Opend/input_Campaign Category_valida' is clicked on

2019-04-12 12:02:02 - [MESSAGE][PASSED] - Object: 'Object Repository/newidsfromspy/Page_Opend/input_Campaign Category_valida' is clicked on

2019-04-12 12:02:02 - [TEST_STEP][PASSED] - delay(3): Delayed 3 second(s)

2019-04-12 12:02:05 - [MESSAGE][PASSED] - Delayed 3 second(s)

2019-04-12 12:02:05 - [TEST_STEP][PASSED] - click(findTestObject("newidsfromspy/Page_Opend/label_fashion")): Object: 'Object Repository/newidsfromspy/Page_Opend/label_fashion' is clicked on

2019-04-12 12:02:05 - [MESSAGE][PASSED] - Object: 'Object Repository/newidsfromspy/Page_Opend/label_fashion' is clicked on

2019-04-12 12:02:05 - [TEST_STEP][PASSED] - delay(3): Delayed 3 second(s)

2019-04-12 12:02:08 - [MESSAGE][PASSED] - Delayed 3 second(s)

2019-04-12 12:02:08 - [TEST_STEP][PASSED] - click(findTestObject("Object Repository/NEWOPENDCPM/Page_Opend/button_Select")): Object: 'Object Repository/NEWOPENDCPM/Page_Opend/button_Select' is clicked on

2019-04-12 12:02:08 - [MESSAGE][PASSED] - Object: 'Object Repository/NEWOPENDCPM/Page_Opend/button_Select' is clicked on

2019-04-12 12:02:08 - [TEST_STEP][PASSED] - delay(3): Delayed 3 second(s)

2019-04-12 12:02:11 - [MESSAGE][PASSED] - Delayed 3 second(s)

2019-04-12 12:02:11 - [TEST_STEP][PASSED] - click(findTestObject("newidsfromspy/Page_Opend/input_Audience Interests_valid")): Object: 'Object Repository/newidsfromspy/Page_Opend/input_Audience Interests_valid' is clicked on

2019-04-12 12:02:11 - [MESSAGE][PASSED] - Object: 'Object Repository/newidsfromspy/Page_Opend/input_Audience Interests_valid' is clicked on

2019-04-12 12:02:11 - [TEST_STEP][PASSED] - delay(3): Delayed 3 second(s)

2019-04-12 12:02:14 - [MESSAGE][PASSED] - Delayed 3 second(s)

2019-04-12 12:02:14 - [TEST_STEP][PASSED] - click(findTestObject("newidsfromspy/Page_Opend/label_Party wear")): Object: 'Object Repository/newidsfromspy/Page_Opend/label_Party wear' is clicked on

2019-04-12 12:02:15 - [MESSAGE][PASSED] - Object: 'Object Repository/newidsfromspy/Page_Opend/label_Party wear' is clicked on

2019-04-12 12:02:15 - [TEST_STEP][PASSED] - delay(2): Delayed 2 second(s)

2019-04-12 12:02:17 - [MESSAGE][PASSED] - Delayed 2 second(s)

2019-04-12 12:02:17 - [TEST_STEP][PASSED] - click(findTestObject("newidsfromspy/Page_Opend/label_Kidz Wear")): Object: 'Object Repository/newidsfromspy/Page_Opend/label_Kidz Wear' is clicked on

2019-04-12 12:02:17 - [MESSAGE][PASSED] - Object: 'Object Repository/newidsfromspy/Page_Opend/label_Kidz Wear' is clicked on

2019-04-12 12:02:17 - [TEST_STEP][PASSED] - delay(5): Delayed 5 second(s)

2019-04-12 12:02:22 - [MESSAGE][PASSED] - Delayed 5 second(s)

2019-04-12 12:02:22 - [TEST_STEP][PASSED] - click(findTestObject("newidsfromspy/Page_Opend/AIselectbtn")): Object: 'Object Repository/newidsfromspy/Page_Opend/AIselectbtn' is clicked on

2019-04-12 12:02:23 - [MESSAGE][PASSED] - Object: 'Object Repository/newidsfromspy/Page_Opend/AIselectbtn' is clicked on

2019-04-12 12:02:23 - [TEST_STEP][PASSED] - delay(3): Delayed 3 second(s)

2019-04-12 12:02:26 - [MESSAGE][PASSED] - Delayed 3 second(s)

2019-04-12 12:02:26 - [TEST_STEP][PASSED] - click(findTestObject("newidsfromspy/Page_Opend/input_Select Publisher_validat")): Object: 'Object Repository/newidsfromspy/Page_Opend/input_Select Publisher_validat' is clicked on

2019-04-12 12:02:26 - [MESSAGE][PASSED] - Object: 'Object Repository/newidsfromspy/Page_Opend/input_Select Publisher_validat' is clicked on

2019-04-12 12:02:26 - [TEST_STEP][PASSED] - delay(3): Delayed 3 second(s)

2019-04-12 12:02:29 - [MESSAGE][PASSED] - Delayed 3 second(s)

2019-04-12 12:02:29 - [TEST_STEP][PASSED] - click(findTestObject("Object Repository/NEWOPENDCPM/Page_Opend/label_Jack")): Object: 'Object Repository/NEWOPENDCPM/Page_Opend/label_Jack' is clicked on

2019-04-12 12:02:29 - [MESSAGE][PASSED] - Object: 'Object Repository/NEWOPENDCPM/Page_Opend/label_Jack' is clicked on

2019-04-12 12:02:29 - [TEST_STEP][PASSED] - delay(3): Delayed 3 second(s)

2019-04-12 12:02:32 - [MESSAGE][PASSED] - Delayed 3 second(s)

2019-04-12 12:02:32 - [TEST_STEP][PASSED] - click(findTestObject("newidsfromspy/Page_Opend/Pubselectbtn")): Object: 'Object Repository/newidsfromspy/Page_Opend/Pubselectbtn' is clicked on

2019-04-12 12:02:32 - [MESSAGE][PASSED] - Object: 'Object Repository/newidsfromspy/Page_Opend/Pubselectbtn' is clicked on

2019-04-12 12:02:32 - [TEST_STEP][PASSED] - delay(3): Delayed 3 second(s)

2019-04-12 12:02:35 - [MESSAGE][PASSED] - Delayed 3 second(s)

2019-04-12 12:02:35 - [TEST_STEP][PASSED] - click(findTestObject("NEWSPYIDS/Page_Opend/label_Normal charges")): Object: 'Object Repository/NEWSPYIDS/Page_Opend/label_Normal charges' is clicked on

2019-04-12 12:02:36 - [MESSAGE][PASSED] - Object: 'Object Repository/NEWSPYIDS/Page_Opend/label_Normal charges' is clicked on

2019-04-12 12:02:36 - [TEST_STEP][PASSED] - delay(5): Delayed 5 second(s)

2019-04-12 12:02:41 - [MESSAGE][PASSED] - Delayed 5 second(s)

2019-04-12 12:02:41 - [TEST_STEP][PASSED] - click(findTestObject("Object Repository/NEWOPENDCPM/Page_Opend/button_Proceed")): Object: 'Object Repository/NEWOPENDCPM/Page_Opend/button_Proceed' is clicked on

2019-04-12 12:02:41 - [MESSAGE][PASSED] - Object: 'Object Repository/NEWOPENDCPM/Page_Opend/button_Proceed' is clicked on

2019-04-12 12:02:41 - [TEST_STEP][PASSED] - delay(5): Delayed 5 second(s)

2019-04-12 12:02:46 - [MESSAGE][PASSED] - Delayed 5 second(s)

2019-04-12 12:02:46 - [TEST_STEP][PASSED] - click(findTestObject("NEWSPYIDS/Page_Opend/label_AB Split")): Object: 'Object Repository/NEWSPYIDS/Page_Opend/label_AB Split' is clicked on

2019-04-12 12:02:47 - [MESSAGE][PASSED] - Object: 'Object Repository/NEWSPYIDS/Page_Opend/label_AB Split' is clicked on

2019-04-12 12:02:47 - [TEST_STEP][PASSED] - delay(2): Delayed 2 second(s)

2019-04-12 12:02:49 - [MESSAGE][PASSED] - Delayed 2 second(s)

2019-04-12 12:02:49 - [TEST_STEP][PASSED] - setText(findTestObject("Object Repository/NEWOPENDCPM/Page_Opend/input_Subject Line_subjectone"), "GOOD AFTERNOON "): Text 'GOOD AFTERNOON ' is set on object 'Object Repository/NEWOPENDCPM/Page_Opend/input_Subject Line_subjectone'

2019-04-12 12:02:49 - [MESSAGE][PASSED] - Text 'GOOD AFTERNOON ' is set on object 'Object Repository/NEWOPENDCPM/Page_Opend/input_Subject Line_subjectone'

2019-04-12 12:02:49 - [TEST_STEP][PASSED] - delay(2): Delayed 2 second(s)

2019-04-12 12:02:51 - [MESSAGE][PASSED] - Delayed 2 second(s)

2019-04-12 12:02:51 - [TEST_STEP][PASSED] - setText(findTestObject("NEWSPYIDS/Page_Opend/input_Subject Line 2_subject2"), "GOOD AFTERNOON TA"): Text 'GOOD AFTERNOON TA' is set on object 'Object Repository/NEWSPYIDS/Page_Opend/input_Subject Line 2_subject2'

2019-04-12 12:02:51 - [MESSAGE][PASSED] - Text 'GOOD AFTERNOON TA' is set on object 'Object Repository/NEWSPYIDS/Page_Opend/input_Subject Line 2_subject2'

2019-04-12 12:02:51 - [TEST_STEP][PASSED] - delay(5): Delayed 5 second(s)

2019-04-12 12:02:56 - [MESSAGE][PASSED] - Delayed 5 second(s)

2019-04-12 12:02:56 - [TEST_STEP][PASSED] - click(findTestObject("newidsfromspy/Page_Opend/input_From Creatives_uploadBtn")): Object: 'Object Repository/newidsfromspy/Page_Opend/input_From Creatives_uploadBtn' is clicked on

2019-04-12 12:02:57 - [MESSAGE][PASSED] - Object: 'Object Repository/newidsfromspy/Page_Opend/input_From Creatives_uploadBtn' is clicked on

2019-04-12 12:02:57 - [TEST_STEP][PASSED] - delay(5): Delayed 5 second(s)

2019-04-12 12:03:02 - [MESSAGE][PASSED] - Delayed 5 second(s)

2019-04-12 12:03:02 - [TEST_STEP][PASSED] - click(findTestObject("Object Repository/NEWOPENDCPM/Page_Opend/button_Select")): Object: 'Object Repository/NEWOPENDCPM/Page_Opend/button_Select' is clicked on

2019-04-12 12:03:02 - [MESSAGE][PASSED] - Object: 'Object Repository/NEWOPENDCPM/Page_Opend/button_Select' is clicked on

2019-04-12 12:03:02 - [TEST_STEP][PASSED] - delay(5): Delayed 5 second(s)

2019-04-12 12:03:07 - [MESSAGE][PASSED] - Delayed 5 second(s)

2019-04-12 12:03:07 - [TEST_STEP][PASSED] - click(findTestObject("NEWOPENDCPM/Step2prcdbtn")): Object: 'Object Repository/NEWOPENDCPM/Step2prcdbtn' is clicked on

2019-04-12 12:03:08 - [MESSAGE][PASSED] - Object: 'Object Repository/NEWOPENDCPM/Step2prcdbtn' is clicked on

2019-04-12 12:03:08 - [TEST_STEP][PASSED] - delay(5): Delayed 5 second(s)

2019-04-12 12:03:13 - [MESSAGE][PASSED] - Delayed 5 second(s)

2019-04-12 12:03:13 - [TEST_STEP][PASSED] - click(findTestObject("NEWOPENDCPM/step3prcdbrn")): Object: 'Object Repository/NEWOPENDCPM/step3prcdbrn' is clicked on

2019-04-12 12:03:13 - [MESSAGE][PASSED] - Object: 'Object Repository/NEWOPENDCPM/step3prcdbrn' is clicked on

2019-04-12 12:03:13 - [TEST_STEP][PASSED] - delay(5): Delayed 5 second(s)

2019-04-12 12:03:18 - [MESSAGE][PASSED] - Delayed 5 second(s)

2019-04-12 12:03:18 - [TEST_STEP][PASSED] - setText(findTestObject("NEWSPYIDS/subjctprct1"), "50"): Text '50' is set on object 'Object Repository/NEWSPYIDS/subjctprct1'

2019-04-12 12:03:18 - [MESSAGE][PASSED] - Text '50' is set on object 'Object Repository/NEWSPYIDS/subjctprct1'

2019-04-12 12:03:18 - [TEST_STEP][PASSED] - delay(2): Delayed 2 second(s)

2019-04-12 12:03:20 - [MESSAGE][PASSED] - Delayed 2 second(s)

2019-04-12 12:03:20 - [TEST_STEP][PASSED] - setText(findTestObject("NEWSPYIDS/subjectprct2"), "50"): Text '50' is set on object 'Object Repository/NEWSPYIDS/subjectprct2'

2019-04-12 12:03:20 - [MESSAGE][PASSED] - Text '50' is set on object 'Object Repository/NEWSPYIDS/subjectprct2'

2019-04-12 12:03:20 - [TEST_STEP][PASSED] - delay(2): Delayed 2 second(s)

2019-04-12 12:03:22 - [MESSAGE][PASSED] - Delayed 2 second(s)

2019-04-12 12:03:22 - [TEST_STEP][NOT_RUN] - click(findTestObject("NEWOPENDCPM/Startcampbtn")): NOT_RUN: click(findTestObject("NEWOPENDCPM/Startcampbtn"))

2019-04-12 12:03:22 - [MESSAGE][NOT_RUN] - NOT_RUN: click(findTestObject("NEWOPENDCPM/Startcampbtn"))

2019-04-12 12:03:22 - [TEST_STEP][PASSED] - delay(5): Delayed 5 second(s)

2019-04-12 12:03:27 - [MESSAGE][PASSED] - Delayed 5 second(s)

2019-04-12 12:03:27 - [TEST_STEP][PASSED] - closeBrowser(): Browser is closed

2019-04-12 12:03:28 - [MESSAGE][PASSED] - Browser is closed]]></system-out>
         <system-err><![CDATA[]]></system-err>
      </testcase>
      <testcase name="Test Cases/CPO WITH AB SPLIT" classname="Test Cases/CPO WITH AB SPLIT" status="PASSED">
         <system-out><![CDATA[2019-04-12 12:03:28 - [TEST_CASE][PASSED] - Test Cases/CPO WITH AB SPLIT: Test Cases/CPO WITH AB SPLIT

2019-04-12 12:03:28 - [TEST_STEP][PASSED] - openBrowser(""): Browser is opened with url: ''

2019-04-12 12:03:28 - [MESSAGE][INFO] - Starting 'Firefox' driver

2019-04-12 12:03:33 - [MESSAGE][PASSED] - Browser is opened with url: ''

2019-04-12 12:03:33 - [TEST_STEP][PASSED] - navigateToUrl("http://campaignsopend.techactive.tk/#/admin_login"): Navigate to 'http://campaignsopend.techactive.tk/#/admin_login' successfully

2019-04-12 12:03:35 - [MESSAGE][PASSED] - Navigate to 'http://campaignsopend.techactive.tk/#/admin_login' successfully

2019-04-12 12:03:35 - [TEST_STEP][PASSED] - setText(findTestObject("Object Repository/NEWOPENDCPM/Page_Opend/input_Admin Login_email_id"), "admin@opend.com"): Text 'admin@opend.com' is set on object 'Object Repository/NEWOPENDCPM/Page_Opend/input_Admin Login_email_id'

2019-04-12 12:03:39 - [MESSAGE][PASSED] - Text 'admin@opend.com' is set on object 'Object Repository/NEWOPENDCPM/Page_Opend/input_Admin Login_email_id'

2019-04-12 12:03:39 - [TEST_STEP][PASSED] - setEncryptedText(findTestObject("Object Repository/NEWOPENDCPM/Page_Opend/input_Admin Login_password"), "4nvbrPglk7k="): Text ****** has been set on object 'Object Repository/NEWOPENDCPM/Page_Opend/input_Admin Login_password'

2019-04-12 12:03:39 - [MESSAGE][PASSED] - Text ****** has been set on object 'Object Repository/NEWOPENDCPM/Page_Opend/input_Admin Login_password'

2019-04-12 12:03:39 - [TEST_STEP][PASSED] - click(findTestObject("Object Repository/NEWOPENDCPM/Page_Opend/button_Sign In")): Object: 'Object Repository/NEWOPENDCPM/Page_Opend/button_Sign In' is clicked on

2019-04-12 12:03:39 - [MESSAGE][PASSED] - Object: 'Object Repository/NEWOPENDCPM/Page_Opend/button_Sign In' is clicked on

2019-04-12 12:03:39 - [TEST_STEP][PASSED] - delay(5): Delayed 5 second(s)

2019-04-12 12:03:44 - [MESSAGE][PASSED] - Delayed 5 second(s)

2019-04-12 12:03:44 - [TEST_STEP][PASSED] - click(findTestObject("Object Repository/NEWOPENDCPM/Page_Opend/a_Campaigns")): Object: 'Object Repository/NEWOPENDCPM/Page_Opend/a_Campaigns' is clicked on

2019-04-12 12:03:45 - [MESSAGE][PASSED] - Object: 'Object Repository/NEWOPENDCPM/Page_Opend/a_Campaigns' is clicked on

2019-04-12 12:03:45 - [TEST_STEP][PASSED] - delay(5): Delayed 5 second(s)

2019-04-12 12:03:50 - [MESSAGE][PASSED] - Delayed 5 second(s)

2019-04-12 12:03:50 - [TEST_STEP][PASSED] - click(findTestObject("Object Repository/NEWOPENDCPM/Page_Opend/a_Start New Campaign")): Object: 'Object Repository/NEWOPENDCPM/Page_Opend/a_Start New Campaign' is clicked on

2019-04-12 12:03:50 - [MESSAGE][PASSED] - Object: 'Object Repository/NEWOPENDCPM/Page_Opend/a_Start New Campaign' is clicked on

2019-04-12 12:03:50 - [TEST_STEP][PASSED] - delay(5): Delayed 5 second(s)

2019-04-12 12:03:55 - [MESSAGE][PASSED] - Delayed 5 second(s)

2019-04-12 12:03:55 - [TEST_STEP][PASSED] - selectOptionByValue(findTestObject("Object Repository/NEWOPENDCPM/Page_Opend/select_Please Select Advertise"), "2", true): All options with value '2' are selected in object 'Object Repository/NEWOPENDCPM/Page_Opend/select_Please Select Advertise'  using regular expression

2019-04-12 12:03:55 - [MESSAGE][PASSED] - All options with value '2' are selected in object 'Object Repository/NEWOPENDCPM/Page_Opend/select_Please Select Advertise'  using regular expression

2019-04-12 12:03:55 - [TEST_STEP][PASSED] - delay(3): Delayed 3 second(s)

2019-04-12 12:03:58 - [MESSAGE][PASSED] - Delayed 3 second(s)

2019-04-12 12:03:58 - [TEST_STEP][PASSED] - setText(findTestObject("Object Repository/NEWOPENDCPM/Page_Opend/input_Campaign Name_camp_name_"), "CPO WITH AB SPLIT CAMPAIGN "): Text 'CPO WITH AB SPLIT CAMPAIGN ' is set on object 'Object Repository/NEWOPENDCPM/Page_Opend/input_Campaign Name_camp_name_'

2019-04-12 12:03:59 - [MESSAGE][PASSED] - Text 'CPO WITH AB SPLIT CAMPAIGN ' is set on object 'Object Repository/NEWOPENDCPM/Page_Opend/input_Campaign Name_camp_name_'

2019-04-12 12:03:59 - [TEST_STEP][PASSED] - delay(2): Delayed 2 second(s)

2019-04-12 12:04:01 - [MESSAGE][PASSED] - Delayed 2 second(s)

2019-04-12 12:04:01 - [TEST_STEP][PASSED] - click(findTestObject("Object Repository/NEWOPENDCPM/Page_Opend/label_Normal charges")): Object: 'Object Repository/NEWOPENDCPM/Page_Opend/label_Normal charges' is clicked on

2019-04-12 12:04:01 - [MESSAGE][PASSED] - Object: 'Object Repository/NEWOPENDCPM/Page_Opend/label_Normal charges' is clicked on

2019-04-12 12:04:01 - [TEST_STEP][PASSED] - click(findTestObject("NEWSPYIDS/Page_Opend/label_CPO")): Object: 'Object Repository/NEWSPYIDS/Page_Opend/label_CPO' is clicked on

2019-04-12 12:04:01 - [MESSAGE][PASSED] - Object: 'Object Repository/NEWSPYIDS/Page_Opend/label_CPO' is clicked on

2019-04-12 12:04:01 - [TEST_STEP][PASSED] - delay(2): Delayed 2 second(s)

2019-04-12 12:04:03 - [MESSAGE][PASSED] - Delayed 2 second(s)

2019-04-12 12:04:03 - [TEST_STEP][PASSED] - selectOptionByValue(findTestObject("Object Repository/NEWOPENDCPM/Page_Opend/select_Please Select Audience"), "2", true): All options with value '2' are selected in object 'Object Repository/NEWOPENDCPM/Page_Opend/select_Please Select Audience'  using regular expression

2019-04-12 12:04:04 - [MESSAGE][PASSED] - All options with value '2' are selected in object 'Object Repository/NEWOPENDCPM/Page_Opend/select_Please Select Audience'  using regular expression

2019-04-12 12:04:04 - [TEST_STEP][PASSED] - delay(3): Delayed 3 second(s)

2019-04-12 12:04:07 - [MESSAGE][PASSED] - Delayed 3 second(s)

2019-04-12 12:04:07 - [TEST_STEP][PASSED] - click(findTestObject("newidsfromspy/Page_Opend/input_Campaign Category_valida")): Object: 'Object Repository/newidsfromspy/Page_Opend/input_Campaign Category_valida' is clicked on

2019-04-12 12:04:07 - [MESSAGE][PASSED] - Object: 'Object Repository/newidsfromspy/Page_Opend/input_Campaign Category_valida' is clicked on

2019-04-12 12:04:07 - [TEST_STEP][PASSED] - delay(3): Delayed 3 second(s)

2019-04-12 12:04:10 - [MESSAGE][PASSED] - Delayed 3 second(s)

2019-04-12 12:04:10 - [TEST_STEP][PASSED] - click(findTestObject("newidsfromspy/Page_Opend/label_fashion")): Object: 'Object Repository/newidsfromspy/Page_Opend/label_fashion' is clicked on

2019-04-12 12:04:11 - [MESSAGE][PASSED] - Object: 'Object Repository/newidsfromspy/Page_Opend/label_fashion' is clicked on

2019-04-12 12:04:11 - [TEST_STEP][PASSED] - delay(3): Delayed 3 second(s)

2019-04-12 12:04:14 - [MESSAGE][PASSED] - Delayed 3 second(s)

2019-04-12 12:04:14 - [TEST_STEP][PASSED] - click(findTestObject("Object Repository/NEWOPENDCPM/Page_Opend/button_Select")): Object: 'Object Repository/NEWOPENDCPM/Page_Opend/button_Select' is clicked on

2019-04-12 12:04:14 - [MESSAGE][PASSED] - Object: 'Object Repository/NEWOPENDCPM/Page_Opend/button_Select' is clicked on

2019-04-12 12:04:14 - [TEST_STEP][PASSED] - delay(3): Delayed 3 second(s)

2019-04-12 12:04:17 - [MESSAGE][PASSED] - Delayed 3 second(s)

2019-04-12 12:04:17 - [TEST_STEP][PASSED] - click(findTestObject("newidsfromspy/Page_Opend/input_Audience Interests_valid")): Object: 'Object Repository/newidsfromspy/Page_Opend/input_Audience Interests_valid' is clicked on

2019-04-12 12:04:17 - [MESSAGE][PASSED] - Object: 'Object Repository/newidsfromspy/Page_Opend/input_Audience Interests_valid' is clicked on

2019-04-12 12:04:17 - [TEST_STEP][PASSED] - delay(3): Delayed 3 second(s)

2019-04-12 12:04:20 - [MESSAGE][PASSED] - Delayed 3 second(s)

2019-04-12 12:04:20 - [TEST_STEP][PASSED] - click(findTestObject("newidsfromspy/Page_Opend/label_Party wear")): Object: 'Object Repository/newidsfromspy/Page_Opend/label_Party wear' is clicked on

2019-04-12 12:04:20 - [MESSAGE][PASSED] - Object: 'Object Repository/newidsfromspy/Page_Opend/label_Party wear' is clicked on

2019-04-12 12:04:20 - [TEST_STEP][PASSED] - delay(2): Delayed 2 second(s)

2019-04-12 12:04:22 - [MESSAGE][PASSED] - Delayed 2 second(s)

2019-04-12 12:04:22 - [TEST_STEP][PASSED] - click(findTestObject("newidsfromspy/Page_Opend/label_Kidz Wear")): Object: 'Object Repository/newidsfromspy/Page_Opend/label_Kidz Wear' is clicked on

2019-04-12 12:04:23 - [MESSAGE][PASSED] - Object: 'Object Repository/newidsfromspy/Page_Opend/label_Kidz Wear' is clicked on

2019-04-12 12:04:23 - [TEST_STEP][PASSED] - delay(5): Delayed 5 second(s)

2019-04-12 12:04:28 - [MESSAGE][PASSED] - Delayed 5 second(s)

2019-04-12 12:04:28 - [TEST_STEP][PASSED] - click(findTestObject("newidsfromspy/Page_Opend/AIselectbtn")): Object: 'Object Repository/newidsfromspy/Page_Opend/AIselectbtn' is clicked on

2019-04-12 12:04:28 - [MESSAGE][PASSED] - Object: 'Object Repository/newidsfromspy/Page_Opend/AIselectbtn' is clicked on

2019-04-12 12:04:28 - [TEST_STEP][PASSED] - delay(3): Delayed 3 second(s)

2019-04-12 12:04:31 - [MESSAGE][PASSED] - Delayed 3 second(s)

2019-04-12 12:04:31 - [TEST_STEP][PASSED] - setText(findTestObject("NEWSPYIDS/Page_Opend/input_CPO price_cplprice"), "2"): Text '2' is set on object 'Object Repository/NEWSPYIDS/Page_Opend/input_CPO price_cplprice'

2019-04-12 12:04:31 - [MESSAGE][PASSED] - Text '2' is set on object 'Object Repository/NEWSPYIDS/Page_Opend/input_CPO price_cplprice'

2019-04-12 12:04:31 - [TEST_STEP][PASSED] - delay(2): Delayed 2 second(s)

2019-04-12 12:04:33 - [MESSAGE][PASSED] - Delayed 2 second(s)

2019-04-12 12:04:33 - [TEST_STEP][PASSED] - click(findTestObject("newidsfromspy/Page_Opend/input_Select Publisher_validat")): Object: 'Object Repository/newidsfromspy/Page_Opend/input_Select Publisher_validat' is clicked on

2019-04-12 12:04:33 - [MESSAGE][PASSED] - Object: 'Object Repository/newidsfromspy/Page_Opend/input_Select Publisher_validat' is clicked on

2019-04-12 12:04:33 - [TEST_STEP][PASSED] - delay(3): Delayed 3 second(s)

2019-04-12 12:04:36 - [MESSAGE][PASSED] - Delayed 3 second(s)

2019-04-12 12:04:36 - [TEST_STEP][PASSED] - click(findTestObject("Object Repository/NEWOPENDCPM/Page_Opend/label_Jack")): Object: 'Object Repository/NEWOPENDCPM/Page_Opend/label_Jack' is clicked on

2019-04-12 12:04:37 - [MESSAGE][PASSED] - Object: 'Object Repository/NEWOPENDCPM/Page_Opend/label_Jack' is clicked on

2019-04-12 12:04:37 - [TEST_STEP][PASSED] - delay(3): Delayed 3 second(s)

2019-04-12 12:04:40 - [MESSAGE][PASSED] - Delayed 3 second(s)

2019-04-12 12:04:40 - [TEST_STEP][PASSED] - click(findTestObject("newidsfromspy/Page_Opend/Pubselectbtn")): Object: 'Object Repository/newidsfromspy/Page_Opend/Pubselectbtn' is clicked on

2019-04-12 12:04:40 - [MESSAGE][PASSED] - Object: 'Object Repository/newidsfromspy/Page_Opend/Pubselectbtn' is clicked on

2019-04-12 12:04:40 - [TEST_STEP][PASSED] - delay(3): Delayed 3 second(s)

2019-04-12 12:04:43 - [MESSAGE][PASSED] - Delayed 3 second(s)

2019-04-12 12:04:43 - [TEST_STEP][PASSED] - click(findTestObject("NEWSPYIDS/Page_Opend/label_Normal charges")): Object: 'Object Repository/NEWSPYIDS/Page_Opend/label_Normal charges' is clicked on

2019-04-12 12:04:43 - [MESSAGE][PASSED] - Object: 'Object Repository/NEWSPYIDS/Page_Opend/label_Normal charges' is clicked on

2019-04-12 12:04:43 - [TEST_STEP][PASSED] - delay(1): Delayed 1 second(s)

2019-04-12 12:04:44 - [MESSAGE][PASSED] - Delayed 1 second(s)

2019-04-12 12:04:44 - [TEST_STEP][PASSED] - setText(findTestObject("NEWSPYIDS/Page_Opend/input_CPO Payout Price_payout_"), "1"): Text '1' is set on object 'Object Repository/NEWSPYIDS/Page_Opend/input_CPO Payout Price_payout_'

2019-04-12 12:04:44 - [MESSAGE][PASSED] - Text '1' is set on object 'Object Repository/NEWSPYIDS/Page_Opend/input_CPO Payout Price_payout_'

2019-04-12 12:04:44 - [TEST_STEP][PASSED] - delay(5): Delayed 5 second(s)

2019-04-12 12:04:49 - [MESSAGE][PASSED] - Delayed 5 second(s)

2019-04-12 12:04:49 - [TEST_STEP][PASSED] - click(findTestObject("Object Repository/NEWOPENDCPM/Page_Opend/button_Proceed")): Object: 'Object Repository/NEWOPENDCPM/Page_Opend/button_Proceed' is clicked on

2019-04-12 12:04:50 - [MESSAGE][PASSED] - Object: 'Object Repository/NEWOPENDCPM/Page_Opend/button_Proceed' is clicked on

2019-04-12 12:04:50 - [TEST_STEP][PASSED] - delay(5): Delayed 5 second(s)

2019-04-12 12:04:55 - [MESSAGE][PASSED] - Delayed 5 second(s)

2019-04-12 12:04:55 - [TEST_STEP][PASSED] - click(findTestObject("NEWSPYIDS/Page_Opend/label_AB Split")): Object: 'Object Repository/NEWSPYIDS/Page_Opend/label_AB Split' is clicked on

2019-04-12 12:04:55 - [MESSAGE][PASSED] - Object: 'Object Repository/NEWSPYIDS/Page_Opend/label_AB Split' is clicked on

2019-04-12 12:04:55 - [TEST_STEP][PASSED] - delay(2): Delayed 2 second(s)

2019-04-12 12:04:57 - [MESSAGE][PASSED] - Delayed 2 second(s)

2019-04-12 12:04:57 - [TEST_STEP][PASSED] - setText(findTestObject("Object Repository/NEWOPENDCPM/Page_Opend/input_Subject Line_subjectone"), "GOOD AFTERNOON "): Text 'GOOD AFTERNOON ' is set on object 'Object Repository/NEWOPENDCPM/Page_Opend/input_Subject Line_subjectone'

2019-04-12 12:04:58 - [MESSAGE][PASSED] - Text 'GOOD AFTERNOON ' is set on object 'Object Repository/NEWOPENDCPM/Page_Opend/input_Subject Line_subjectone'

2019-04-12 12:04:58 - [TEST_STEP][PASSED] - delay(2): Delayed 2 second(s)

2019-04-12 12:05:00 - [MESSAGE][PASSED] - Delayed 2 second(s)

2019-04-12 12:05:00 - [TEST_STEP][PASSED] - setText(findTestObject("NEWSPYIDS/Page_Opend/input_Subject Line 2_subject2"), "GOOD AFTERNOON TA"): Text 'GOOD AFTERNOON TA' is set on object 'Object Repository/NEWSPYIDS/Page_Opend/input_Subject Line 2_subject2'

2019-04-12 12:05:00 - [MESSAGE][PASSED] - Text 'GOOD AFTERNOON TA' is set on object 'Object Repository/NEWSPYIDS/Page_Opend/input_Subject Line 2_subject2'

2019-04-12 12:05:00 - [TEST_STEP][PASSED] - delay(5): Delayed 5 second(s)

2019-04-12 12:05:05 - [MESSAGE][PASSED] - Delayed 5 second(s)

2019-04-12 12:05:05 - [TEST_STEP][PASSED] - click(findTestObject("newidsfromspy/Page_Opend/input_From Creatives_uploadBtn")): Object: 'Object Repository/newidsfromspy/Page_Opend/input_From Creatives_uploadBtn' is clicked on

2019-04-12 12:05:05 - [MESSAGE][PASSED] - Object: 'Object Repository/newidsfromspy/Page_Opend/input_From Creatives_uploadBtn' is clicked on

2019-04-12 12:05:05 - [TEST_STEP][PASSED] - delay(5): Delayed 5 second(s)

2019-04-12 12:05:10 - [MESSAGE][PASSED] - Delayed 5 second(s)

2019-04-12 12:05:10 - [TEST_STEP][PASSED] - click(findTestObject("Object Repository/NEWOPENDCPM/Page_Opend/button_Select")): Object: 'Object Repository/NEWOPENDCPM/Page_Opend/button_Select' is clicked on

2019-04-12 12:05:11 - [MESSAGE][PASSED] - Object: 'Object Repository/NEWOPENDCPM/Page_Opend/button_Select' is clicked on

2019-04-12 12:05:11 - [TEST_STEP][PASSED] - delay(5): Delayed 5 second(s)

2019-04-12 12:05:16 - [MESSAGE][PASSED] - Delayed 5 second(s)

2019-04-12 12:05:16 - [TEST_STEP][PASSED] - click(findTestObject("NEWOPENDCPM/Step2prcdbtn")): Object: 'Object Repository/NEWOPENDCPM/Step2prcdbtn' is clicked on

2019-04-12 12:05:16 - [MESSAGE][PASSED] - Object: 'Object Repository/NEWOPENDCPM/Step2prcdbtn' is clicked on

2019-04-12 12:05:16 - [TEST_STEP][PASSED] - delay(5): Delayed 5 second(s)

2019-04-12 12:05:21 - [MESSAGE][PASSED] - Delayed 5 second(s)

2019-04-12 12:05:21 - [TEST_STEP][PASSED] - click(findTestObject("NEWOPENDCPM/step3prcdbrn")): Object: 'Object Repository/NEWOPENDCPM/step3prcdbrn' is clicked on

2019-04-12 12:05:22 - [MESSAGE][PASSED] - Object: 'Object Repository/NEWOPENDCPM/step3prcdbrn' is clicked on

2019-04-12 12:05:22 - [TEST_STEP][PASSED] - delay(5): Delayed 5 second(s)

2019-04-12 12:05:27 - [MESSAGE][PASSED] - Delayed 5 second(s)

2019-04-12 12:05:27 - [TEST_STEP][PASSED] - setText(findTestObject("NEWSPYIDS/subjctprct1"), "50"): Text '50' is set on object 'Object Repository/NEWSPYIDS/subjctprct1'

2019-04-12 12:05:27 - [MESSAGE][PASSED] - Text '50' is set on object 'Object Repository/NEWSPYIDS/subjctprct1'

2019-04-12 12:05:27 - [TEST_STEP][PASSED] - delay(2): Delayed 2 second(s)

2019-04-12 12:05:29 - [MESSAGE][PASSED] - Delayed 2 second(s)

2019-04-12 12:05:29 - [TEST_STEP][PASSED] - setText(findTestObject("NEWSPYIDS/subjectprct2"), "50"): Text '50' is set on object 'Object Repository/NEWSPYIDS/subjectprct2'

2019-04-12 12:05:29 - [MESSAGE][PASSED] - Text '50' is set on object 'Object Repository/NEWSPYIDS/subjectprct2'

2019-04-12 12:05:29 - [TEST_STEP][PASSED] - delay(2): Delayed 2 second(s)

2019-04-12 12:05:31 - [MESSAGE][PASSED] - Delayed 2 second(s)

2019-04-12 12:05:31 - [TEST_STEP][NOT_RUN] - click(findTestObject("NEWOPENDCPM/Startcampbtn")): NOT_RUN: click(findTestObject("NEWOPENDCPM/Startcampbtn"))

2019-04-12 12:05:31 - [MESSAGE][NOT_RUN] - NOT_RUN: click(findTestObject("NEWOPENDCPM/Startcampbtn"))

2019-04-12 12:05:31 - [TEST_STEP][PASSED] - delay(5): Delayed 5 second(s)

2019-04-12 12:05:36 - [MESSAGE][PASSED] - Delayed 5 second(s)

2019-04-12 12:05:36 - [TEST_STEP][PASSED] - closeBrowser(): Browser is closed

2019-04-12 12:05:36 - [MESSAGE][PASSED] - Browser is closed]]></system-out>
         <system-err><![CDATA[]]></system-err>
      </testcase>
      <testcase name="Test Cases/CPL WITH AB SPLIT" classname="Test Cases/CPL WITH AB SPLIT" status="PASSED">
         <system-out><![CDATA[2019-04-12 12:05:36 - [TEST_CASE][PASSED] - Test Cases/CPL WITH AB SPLIT: Test Cases/CPL WITH AB SPLIT

2019-04-12 12:05:37 - [TEST_STEP][PASSED] - openBrowser(""): Browser is opened with url: ''

2019-04-12 12:05:37 - [MESSAGE][INFO] - Starting 'Firefox' driver

2019-04-12 12:05:41 - [MESSAGE][PASSED] - Browser is opened with url: ''

2019-04-12 12:05:41 - [TEST_STEP][PASSED] - navigateToUrl("http://campaignsopend.techactive.tk/#/admin_login"): Navigate to 'http://campaignsopend.techactive.tk/#/admin_login' successfully

2019-04-12 12:05:43 - [MESSAGE][PASSED] - Navigate to 'http://campaignsopend.techactive.tk/#/admin_login' successfully

2019-04-12 12:05:43 - [TEST_STEP][PASSED] - setText(findTestObject("Object Repository/NEWOPENDCPM/Page_Opend/input_Admin Login_email_id"), "admin@opend.com"): Text 'admin@opend.com' is set on object 'Object Repository/NEWOPENDCPM/Page_Opend/input_Admin Login_email_id'

2019-04-12 12:05:45 - [MESSAGE][PASSED] - Text 'admin@opend.com' is set on object 'Object Repository/NEWOPENDCPM/Page_Opend/input_Admin Login_email_id'

2019-04-12 12:05:45 - [TEST_STEP][PASSED] - setEncryptedText(findTestObject("Object Repository/NEWOPENDCPM/Page_Opend/input_Admin Login_password"), "4nvbrPglk7k="): Text ****** has been set on object 'Object Repository/NEWOPENDCPM/Page_Opend/input_Admin Login_password'

2019-04-12 12:05:45 - [MESSAGE][PASSED] - Text ****** has been set on object 'Object Repository/NEWOPENDCPM/Page_Opend/input_Admin Login_password'

2019-04-12 12:05:45 - [TEST_STEP][PASSED] - click(findTestObject("Object Repository/NEWOPENDCPM/Page_Opend/button_Sign In")): Object: 'Object Repository/NEWOPENDCPM/Page_Opend/button_Sign In' is clicked on

2019-04-12 12:05:45 - [MESSAGE][PASSED] - Object: 'Object Repository/NEWOPENDCPM/Page_Opend/button_Sign In' is clicked on

2019-04-12 12:05:45 - [TEST_STEP][PASSED] - delay(5): Delayed 5 second(s)

2019-04-12 12:05:50 - [MESSAGE][PASSED] - Delayed 5 second(s)

2019-04-12 12:05:50 - [TEST_STEP][PASSED] - click(findTestObject("Object Repository/NEWOPENDCPM/Page_Opend/a_Campaigns")): Object: 'Object Repository/NEWOPENDCPM/Page_Opend/a_Campaigns' is clicked on

2019-04-12 12:05:50 - [MESSAGE][PASSED] - Object: 'Object Repository/NEWOPENDCPM/Page_Opend/a_Campaigns' is clicked on

2019-04-12 12:05:50 - [TEST_STEP][PASSED] - delay(5): Delayed 5 second(s)

2019-04-12 12:05:55 - [MESSAGE][PASSED] - Delayed 5 second(s)

2019-04-12 12:05:55 - [TEST_STEP][PASSED] - click(findTestObject("Object Repository/NEWOPENDCPM/Page_Opend/a_Start New Campaign")): Object: 'Object Repository/NEWOPENDCPM/Page_Opend/a_Start New Campaign' is clicked on

2019-04-12 12:05:56 - [MESSAGE][PASSED] - Object: 'Object Repository/NEWOPENDCPM/Page_Opend/a_Start New Campaign' is clicked on

2019-04-12 12:05:56 - [TEST_STEP][PASSED] - delay(5): Delayed 5 second(s)

2019-04-12 12:06:01 - [MESSAGE][PASSED] - Delayed 5 second(s)

2019-04-12 12:06:01 - [TEST_STEP][PASSED] - selectOptionByValue(findTestObject("Object Repository/NEWOPENDCPM/Page_Opend/select_Please Select Advertise"), "2", true): All options with value '2' are selected in object 'Object Repository/NEWOPENDCPM/Page_Opend/select_Please Select Advertise'  using regular expression

2019-04-12 12:06:01 - [MESSAGE][PASSED] - All options with value '2' are selected in object 'Object Repository/NEWOPENDCPM/Page_Opend/select_Please Select Advertise'  using regular expression

2019-04-12 12:06:01 - [TEST_STEP][PASSED] - delay(3): Delayed 3 second(s)

2019-04-12 12:06:04 - [MESSAGE][PASSED] - Delayed 3 second(s)

2019-04-12 12:06:04 - [TEST_STEP][PASSED] - setText(findTestObject("Object Repository/NEWOPENDCPM/Page_Opend/input_Campaign Name_camp_name_"), "CPL WITH A/B SPLIT CAMPAIGN "): Text 'CPL WITH A/B SPLIT CAMPAIGN ' is set on object 'Object Repository/NEWOPENDCPM/Page_Opend/input_Campaign Name_camp_name_'

2019-04-12 12:06:05 - [MESSAGE][PASSED] - Text 'CPL WITH A/B SPLIT CAMPAIGN ' is set on object 'Object Repository/NEWOPENDCPM/Page_Opend/input_Campaign Name_camp_name_'

2019-04-12 12:06:05 - [TEST_STEP][PASSED] - delay(2): Delayed 2 second(s)

2019-04-12 12:06:07 - [MESSAGE][PASSED] - Delayed 2 second(s)

2019-04-12 12:06:07 - [TEST_STEP][PASSED] - click(findTestObject("Object Repository/NEWOPENDCPM/Page_Opend/label_Normal charges")): Object: 'Object Repository/NEWOPENDCPM/Page_Opend/label_Normal charges' is clicked on

2019-04-12 12:06:07 - [MESSAGE][PASSED] - Object: 'Object Repository/NEWOPENDCPM/Page_Opend/label_Normal charges' is clicked on

2019-04-12 12:06:07 - [TEST_STEP][PASSED] - click(findTestObject("NEWSPYIDS/Page_Opend/label_CPL")): Object: 'Object Repository/NEWSPYIDS/Page_Opend/label_CPL' is clicked on

2019-04-12 12:06:07 - [MESSAGE][PASSED] - Object: 'Object Repository/NEWSPYIDS/Page_Opend/label_CPL' is clicked on

2019-04-12 12:06:07 - [TEST_STEP][PASSED] - delay(2): Delayed 2 second(s)

2019-04-12 12:06:09 - [MESSAGE][PASSED] - Delayed 2 second(s)

2019-04-12 12:06:09 - [TEST_STEP][PASSED] - selectOptionByValue(findTestObject("Object Repository/NEWOPENDCPM/Page_Opend/select_Please Select Audience"), "2", true): All options with value '2' are selected in object 'Object Repository/NEWOPENDCPM/Page_Opend/select_Please Select Audience'  using regular expression

2019-04-12 12:06:10 - [MESSAGE][PASSED] - All options with value '2' are selected in object 'Object Repository/NEWOPENDCPM/Page_Opend/select_Please Select Audience'  using regular expression

2019-04-12 12:06:10 - [TEST_STEP][PASSED] - delay(3): Delayed 3 second(s)

2019-04-12 12:06:13 - [MESSAGE][PASSED] - Delayed 3 second(s)

2019-04-12 12:06:13 - [TEST_STEP][PASSED] - click(findTestObject("newidsfromspy/Page_Opend/input_Campaign Category_valida")): Object: 'Object Repository/newidsfromspy/Page_Opend/input_Campaign Category_valida' is clicked on

2019-04-12 12:06:13 - [MESSAGE][PASSED] - Object: 'Object Repository/newidsfromspy/Page_Opend/input_Campaign Category_valida' is clicked on

2019-04-12 12:06:13 - [TEST_STEP][PASSED] - delay(3): Delayed 3 second(s)

2019-04-12 12:06:16 - [MESSAGE][PASSED] - Delayed 3 second(s)

2019-04-12 12:06:16 - [TEST_STEP][PASSED] - click(findTestObject("newidsfromspy/Page_Opend/label_fashion")): Object: 'Object Repository/newidsfromspy/Page_Opend/label_fashion' is clicked on

2019-04-12 12:06:16 - [MESSAGE][PASSED] - Object: 'Object Repository/newidsfromspy/Page_Opend/label_fashion' is clicked on

2019-04-12 12:06:16 - [TEST_STEP][PASSED] - delay(3): Delayed 3 second(s)

2019-04-12 12:06:19 - [MESSAGE][PASSED] - Delayed 3 second(s)

2019-04-12 12:06:19 - [TEST_STEP][PASSED] - click(findTestObject("Object Repository/NEWOPENDCPM/Page_Opend/button_Select")): Object: 'Object Repository/NEWOPENDCPM/Page_Opend/button_Select' is clicked on

2019-04-12 12:06:20 - [MESSAGE][PASSED] - Object: 'Object Repository/NEWOPENDCPM/Page_Opend/button_Select' is clicked on

2019-04-12 12:06:20 - [TEST_STEP][PASSED] - delay(3): Delayed 3 second(s)

2019-04-12 12:06:23 - [MESSAGE][PASSED] - Delayed 3 second(s)

2019-04-12 12:06:23 - [TEST_STEP][PASSED] - click(findTestObject("newidsfromspy/Page_Opend/input_Audience Interests_valid")): Object: 'Object Repository/newidsfromspy/Page_Opend/input_Audience Interests_valid' is clicked on

2019-04-12 12:06:23 - [MESSAGE][PASSED] - Object: 'Object Repository/newidsfromspy/Page_Opend/input_Audience Interests_valid' is clicked on

2019-04-12 12:06:23 - [TEST_STEP][PASSED] - delay(3): Delayed 3 second(s)

2019-04-12 12:06:26 - [MESSAGE][PASSED] - Delayed 3 second(s)

2019-04-12 12:06:26 - [TEST_STEP][PASSED] - click(findTestObject("newidsfromspy/Page_Opend/label_Party wear")): Object: 'Object Repository/newidsfromspy/Page_Opend/label_Party wear' is clicked on

2019-04-12 12:06:26 - [MESSAGE][PASSED] - Object: 'Object Repository/newidsfromspy/Page_Opend/label_Party wear' is clicked on

2019-04-12 12:06:26 - [TEST_STEP][PASSED] - delay(2): Delayed 2 second(s)

2019-04-12 12:06:28 - [MESSAGE][PASSED] - Delayed 2 second(s)

2019-04-12 12:06:28 - [TEST_STEP][PASSED] - click(findTestObject("newidsfromspy/Page_Opend/label_Kidz Wear")): Object: 'Object Repository/newidsfromspy/Page_Opend/label_Kidz Wear' is clicked on

2019-04-12 12:06:29 - [MESSAGE][PASSED] - Object: 'Object Repository/newidsfromspy/Page_Opend/label_Kidz Wear' is clicked on

2019-04-12 12:06:29 - [TEST_STEP][PASSED] - delay(5): Delayed 5 second(s)

2019-04-12 12:06:34 - [MESSAGE][PASSED] - Delayed 5 second(s)

2019-04-12 12:06:34 - [TEST_STEP][PASSED] - click(findTestObject("newidsfromspy/Page_Opend/AIselectbtn")): Object: 'Object Repository/newidsfromspy/Page_Opend/AIselectbtn' is clicked on

2019-04-12 12:06:34 - [MESSAGE][PASSED] - Object: 'Object Repository/newidsfromspy/Page_Opend/AIselectbtn' is clicked on

2019-04-12 12:06:34 - [TEST_STEP][PASSED] - delay(3): Delayed 3 second(s)

2019-04-12 12:06:37 - [MESSAGE][PASSED] - Delayed 3 second(s)

2019-04-12 12:06:37 - [TEST_STEP][PASSED] - setText(findTestObject("NEWSPYIDS/Page_Opend/input_CPL price_cplprice"), "2"): Text '2' is set on object 'Object Repository/NEWSPYIDS/Page_Opend/input_CPL price_cplprice'

2019-04-12 12:06:37 - [MESSAGE][PASSED] - Text '2' is set on object 'Object Repository/NEWSPYIDS/Page_Opend/input_CPL price_cplprice'

2019-04-12 12:06:37 - [TEST_STEP][PASSED] - delay(2): Delayed 2 second(s)

2019-04-12 12:06:39 - [MESSAGE][PASSED] - Delayed 2 second(s)

2019-04-12 12:06:39 - [TEST_STEP][PASSED] - click(findTestObject("newidsfromspy/Page_Opend/input_Select Publisher_validat")): Object: 'Object Repository/newidsfromspy/Page_Opend/input_Select Publisher_validat' is clicked on

2019-04-12 12:06:39 - [MESSAGE][PASSED] - Object: 'Object Repository/newidsfromspy/Page_Opend/input_Select Publisher_validat' is clicked on

2019-04-12 12:06:39 - [TEST_STEP][PASSED] - delay(3): Delayed 3 second(s)

2019-04-12 12:06:42 - [MESSAGE][PASSED] - Delayed 3 second(s)

2019-04-12 12:06:42 - [TEST_STEP][PASSED] - click(findTestObject("Object Repository/NEWOPENDCPM/Page_Opend/label_Jack")): Object: 'Object Repository/NEWOPENDCPM/Page_Opend/label_Jack' is clicked on

2019-04-12 12:06:43 - [MESSAGE][PASSED] - Object: 'Object Repository/NEWOPENDCPM/Page_Opend/label_Jack' is clicked on

2019-04-12 12:06:43 - [TEST_STEP][PASSED] - delay(3): Delayed 3 second(s)

2019-04-12 12:06:46 - [MESSAGE][PASSED] - Delayed 3 second(s)

2019-04-12 12:06:46 - [TEST_STEP][PASSED] - click(findTestObject("newidsfromspy/Page_Opend/Pubselectbtn")): Object: 'Object Repository/newidsfromspy/Page_Opend/Pubselectbtn' is clicked on

2019-04-12 12:06:46 - [MESSAGE][PASSED] - Object: 'Object Repository/newidsfromspy/Page_Opend/Pubselectbtn' is clicked on

2019-04-12 12:06:46 - [TEST_STEP][PASSED] - delay(3): Delayed 3 second(s)

2019-04-12 12:06:49 - [MESSAGE][PASSED] - Delayed 3 second(s)

2019-04-12 12:06:49 - [TEST_STEP][PASSED] - click(findTestObject("NEWSPYIDS/Page_Opend/label_Normal charges")): Object: 'Object Repository/NEWSPYIDS/Page_Opend/label_Normal charges' is clicked on

2019-04-12 12:06:49 - [MESSAGE][PASSED] - Object: 'Object Repository/NEWSPYIDS/Page_Opend/label_Normal charges' is clicked on

2019-04-12 12:06:49 - [TEST_STEP][PASSED] - delay(1): Delayed 1 second(s)

2019-04-12 12:06:50 - [MESSAGE][PASSED] - Delayed 1 second(s)

2019-04-12 12:06:50 - [TEST_STEP][PASSED] - setText(findTestObject("NEWSPYIDS/Page_Opend/input_CPL Payout Price_payout_"), "1"): Text '1' is set on object 'Object Repository/NEWSPYIDS/Page_Opend/input_CPL Payout Price_payout_'

2019-04-12 12:06:50 - [MESSAGE][PASSED] - Text '1' is set on object 'Object Repository/NEWSPYIDS/Page_Opend/input_CPL Payout Price_payout_'

2019-04-12 12:06:50 - [TEST_STEP][PASSED] - delay(5): Delayed 5 second(s)

2019-04-12 12:06:55 - [MESSAGE][PASSED] - Delayed 5 second(s)

2019-04-12 12:06:55 - [TEST_STEP][PASSED] - click(findTestObject("Object Repository/NEWOPENDCPM/Page_Opend/button_Proceed")): Object: 'Object Repository/NEWOPENDCPM/Page_Opend/button_Proceed' is clicked on

2019-04-12 12:06:56 - [MESSAGE][PASSED] - Object: 'Object Repository/NEWOPENDCPM/Page_Opend/button_Proceed' is clicked on

2019-04-12 12:06:56 - [TEST_STEP][PASSED] - delay(5): Delayed 5 second(s)

2019-04-12 12:07:01 - [MESSAGE][PASSED] - Delayed 5 second(s)

2019-04-12 12:07:01 - [TEST_STEP][PASSED] - click(findTestObject("NEWSPYIDS/Page_Opend/label_AB Split")): Object: 'Object Repository/NEWSPYIDS/Page_Opend/label_AB Split' is clicked on

2019-04-12 12:07:01 - [MESSAGE][PASSED] - Object: 'Object Repository/NEWSPYIDS/Page_Opend/label_AB Split' is clicked on

2019-04-12 12:07:01 - [TEST_STEP][PASSED] - delay(2): Delayed 2 second(s)

2019-04-12 12:07:03 - [MESSAGE][PASSED] - Delayed 2 second(s)

2019-04-12 12:07:03 - [TEST_STEP][PASSED] - setText(findTestObject("Object Repository/NEWOPENDCPM/Page_Opend/input_Subject Line_subjectone"), "GOOD AFTERNOON "): Text 'GOOD AFTERNOON ' is set on object 'Object Repository/NEWOPENDCPM/Page_Opend/input_Subject Line_subjectone'

2019-04-12 12:07:03 - [MESSAGE][PASSED] - Text 'GOOD AFTERNOON ' is set on object 'Object Repository/NEWOPENDCPM/Page_Opend/input_Subject Line_subjectone'

2019-04-12 12:07:03 - [TEST_STEP][PASSED] - delay(2): Delayed 2 second(s)

2019-04-12 12:07:05 - [MESSAGE][PASSED] - Delayed 2 second(s)

2019-04-12 12:07:05 - [TEST_STEP][PASSED] - setText(findTestObject("NEWSPYIDS/Page_Opend/input_Subject Line 2_subject2"), "GOOD AFTERNOON TA"): Text 'GOOD AFTERNOON TA' is set on object 'Object Repository/NEWSPYIDS/Page_Opend/input_Subject Line 2_subject2'

2019-04-12 12:07:06 - [MESSAGE][PASSED] - Text 'GOOD AFTERNOON TA' is set on object 'Object Repository/NEWSPYIDS/Page_Opend/input_Subject Line 2_subject2'

2019-04-12 12:07:06 - [TEST_STEP][PASSED] - delay(5): Delayed 5 second(s)

2019-04-12 12:07:11 - [MESSAGE][PASSED] - Delayed 5 second(s)

2019-04-12 12:07:11 - [TEST_STEP][PASSED] - click(findTestObject("newidsfromspy/Page_Opend/input_From Creatives_uploadBtn")): Object: 'Object Repository/newidsfromspy/Page_Opend/input_From Creatives_uploadBtn' is clicked on

2019-04-12 12:07:11 - [MESSAGE][PASSED] - Object: 'Object Repository/newidsfromspy/Page_Opend/input_From Creatives_uploadBtn' is clicked on

2019-04-12 12:07:11 - [TEST_STEP][PASSED] - delay(5): Delayed 5 second(s)

2019-04-12 12:07:16 - [MESSAGE][PASSED] - Delayed 5 second(s)

2019-04-12 12:07:16 - [TEST_STEP][PASSED] - click(findTestObject("Object Repository/NEWOPENDCPM/Page_Opend/button_Select")): Object: 'Object Repository/NEWOPENDCPM/Page_Opend/button_Select' is clicked on

2019-04-12 12:07:16 - [MESSAGE][PASSED] - Object: 'Object Repository/NEWOPENDCPM/Page_Opend/button_Select' is clicked on

2019-04-12 12:07:16 - [TEST_STEP][PASSED] - delay(5): Delayed 5 second(s)

2019-04-12 12:07:21 - [MESSAGE][PASSED] - Delayed 5 second(s)

2019-04-12 12:07:21 - [TEST_STEP][PASSED] - click(findTestObject("NEWOPENDCPM/Step2prcdbtn")): Object: 'Object Repository/NEWOPENDCPM/Step2prcdbtn' is clicked on

2019-04-12 12:07:22 - [MESSAGE][PASSED] - Object: 'Object Repository/NEWOPENDCPM/Step2prcdbtn' is clicked on

2019-04-12 12:07:22 - [TEST_STEP][PASSED] - delay(5): Delayed 5 second(s)

2019-04-12 12:07:27 - [MESSAGE][PASSED] - Delayed 5 second(s)

2019-04-12 12:07:27 - [TEST_STEP][PASSED] - click(findTestObject("NEWOPENDCPM/step3prcdbrn")): Object: 'Object Repository/NEWOPENDCPM/step3prcdbrn' is clicked on

2019-04-12 12:07:27 - [MESSAGE][PASSED] - Object: 'Object Repository/NEWOPENDCPM/step3prcdbrn' is clicked on

2019-04-12 12:07:27 - [TEST_STEP][PASSED] - delay(5): Delayed 5 second(s)

2019-04-12 12:07:32 - [MESSAGE][PASSED] - Delayed 5 second(s)

2019-04-12 12:07:32 - [TEST_STEP][PASSED] - setText(findTestObject("NEWSPYIDS/subjctprct1"), "50"): Text '50' is set on object 'Object Repository/NEWSPYIDS/subjctprct1'

2019-04-12 12:07:32 - [MESSAGE][PASSED] - Text '50' is set on object 'Object Repository/NEWSPYIDS/subjctprct1'

2019-04-12 12:07:32 - [TEST_STEP][PASSED] - delay(2): Delayed 2 second(s)

2019-04-12 12:07:34 - [MESSAGE][PASSED] - Delayed 2 second(s)

2019-04-12 12:07:34 - [TEST_STEP][PASSED] - setText(findTestObject("NEWSPYIDS/subjectprct2"), "50"): Text '50' is set on object 'Object Repository/NEWSPYIDS/subjectprct2'

2019-04-12 12:07:35 - [MESSAGE][PASSED] - Text '50' is set on object 'Object Repository/NEWSPYIDS/subjectprct2'

2019-04-12 12:07:35 - [TEST_STEP][PASSED] - delay(2): Delayed 2 second(s)

2019-04-12 12:07:37 - [MESSAGE][PASSED] - Delayed 2 second(s)

2019-04-12 12:07:37 - [TEST_STEP][NOT_RUN] - click(findTestObject("NEWOPENDCPM/Startcampbtn")): NOT_RUN: click(findTestObject("NEWOPENDCPM/Startcampbtn"))

2019-04-12 12:07:37 - [MESSAGE][NOT_RUN] - NOT_RUN: click(findTestObject("NEWOPENDCPM/Startcampbtn"))

2019-04-12 12:07:37 - [TEST_STEP][PASSED] - delay(5): Delayed 5 second(s)

2019-04-12 12:07:42 - [MESSAGE][PASSED] - Delayed 5 second(s)

2019-04-12 12:07:42 - [TEST_STEP][PASSED] - closeBrowser(): Browser is closed

2019-04-12 12:07:42 - [MESSAGE][PASSED] - Browser is closed]]></system-out>
         <system-err><![CDATA[]]></system-err>
      </testcase>
      <system-out><![CDATA[2019-04-12 12:01:16 - [TEST_SUITE][PASSED] - TEST SUITE 2: Test Cases/CPL WITH AB SPLIT]]></system-out>
      <system-err><![CDATA[]]></system-err>
   </testsuite>
</testsuites>
