<?xml version="1.0" encoding="UTF-8"?>
<testsuites name="TEST SUITE1" time="420" tests="3" failures="0" errors="0">
   <testsuite name="TEST SUITE1" tests="3" failures="0" errors="0" time="420" timestamp="2019-04-20 11:57:37" hostname="activemac08 - activemc08simac" id="Test Suites/TEST SUITE1">
      <properties>
         <property name="deviceName" value=""/>
         <property name="devicePlatform" value=""/>
         <property name="logFolder" value="/Users/activemac08/git/KATALONOPENDPROJECT1/Reports/TEST SUITE1/20190420_115726"/>
         <property name="logFiles" value="/Users/activemac08/git/KATALONOPENDPROJECT1/Reports/TEST SUITE1/20190420_115726/execution0.log"/>
         <property name="attachments" value=""/>
         <property name="hostName" value="activemac08 - activemc08simac"/>
         <property name="os" value="Mac OS X 64bit"/>
         <property name="katalonVersion" value="6.1.0.1"/>
         <property name="browser" value="Firefox 66.0"/>
         <property name="hostAddress" value="192.168.1.20"/>
         <property name="sessionId" value="6cf5e21c-8d06-d048-b48e-3ebeec413851"/>
         <property name="seleniumVersion" value="3.7.1"/>
         <property name="proxyInformation" value="ProxyInformation{proxyOption=NO_PROXY, proxyServerType=HTTP, password=, proxyServerAddress=, proxyServerPort=0}"/>
         <property name="platform" value="Mac OS X"/>
      </properties>
      <testcase name="Test Cases/CREATING CPM CAMPAIGN" classname="Test Cases/CREATING CPM CAMPAIGN" status="PASSED">
         <system-out><![CDATA[2019-04-20 11:57:38 - [TEST_CASE][PASSED] - Test Cases/CREATING CPM CAMPAIGN: Test Cases/CREATING CPM CAMPAIGN

2019-04-20 11:57:41 - [TEST_STEP][PASSED] - openBrowser(""): Browser is opened with url: ''

2019-04-20 11:57:42 - [MESSAGE][INFO] - Starting 'Firefox' driver

2019-04-20 11:57:42 - [MESSAGE][INFO] - Action delay is set to 0 seconds

2019-04-20 11:57:58 - [MESSAGE][PASSED] - Browser is opened with url: ''

2019-04-20 11:57:58 - [TEST_STEP][PASSED] - navigateToUrl("http://campaignsopend.techactive.tk/#/admin_login"): Navigate to 'http://campaignsopend.techactive.tk/#/admin_login' successfully

2019-04-20 11:58:02 - [MESSAGE][PASSED] - Navigate to 'http://campaignsopend.techactive.tk/#/admin_login' successfully

2019-04-20 11:58:02 - [TEST_STEP][PASSED] - delay(5): Delayed 5 second(s)

2019-04-20 11:58:07 - [MESSAGE][PASSED] - Delayed 5 second(s)

2019-04-20 11:58:07 - [TEST_STEP][PASSED] - setText(findTestObject("Object Repository/NEWOPENDCPM/Page_Opend/input_Admin Login_email_id"), "admin@opend.com"): Text 'admin@opend.com' is set on object 'Object Repository/NEWOPENDCPM/Page_Opend/input_Admin Login_email_id'

2019-04-20 11:58:08 - [MESSAGE][PASSED] - Text 'admin@opend.com' is set on object 'Object Repository/NEWOPENDCPM/Page_Opend/input_Admin Login_email_id'

2019-04-20 11:58:08 - [TEST_STEP][PASSED] - setEncryptedText(findTestObject("Object Repository/NEWOPENDCPM/Page_Opend/input_Admin Login_password"), "4nvbrPglk7k="): Text ****** has been set on object 'Object Repository/NEWOPENDCPM/Page_Opend/input_Admin Login_password'

2019-04-20 11:58:08 - [MESSAGE][PASSED] - Text ****** has been set on object 'Object Repository/NEWOPENDCPM/Page_Opend/input_Admin Login_password'

2019-04-20 11:58:08 - [TEST_STEP][PASSED] - click(findTestObject("Object Repository/NEWOPENDCPM/Page_Opend/button_Sign In")): Object: 'Object Repository/NEWOPENDCPM/Page_Opend/button_Sign In' is clicked on

2019-04-20 11:58:09 - [MESSAGE][PASSED] - Object: 'Object Repository/NEWOPENDCPM/Page_Opend/button_Sign In' is clicked on

2019-04-20 11:58:09 - [TEST_STEP][PASSED] - delay(5): Delayed 5 second(s)

2019-04-20 11:58:14 - [MESSAGE][PASSED] - Delayed 5 second(s)

2019-04-20 11:58:14 - [TEST_STEP][PASSED] - click(findTestObject("Object Repository/NEWOPENDCPM/Page_Opend/a_Campaigns")): Object: 'Object Repository/NEWOPENDCPM/Page_Opend/a_Campaigns' is clicked on

2019-04-20 11:58:14 - [MESSAGE][PASSED] - Object: 'Object Repository/NEWOPENDCPM/Page_Opend/a_Campaigns' is clicked on

2019-04-20 11:58:14 - [TEST_STEP][PASSED] - delay(5): Delayed 5 second(s)

2019-04-20 11:58:19 - [MESSAGE][PASSED] - Delayed 5 second(s)

2019-04-20 11:58:19 - [TEST_STEP][PASSED] - click(findTestObject("Object Repository/NEWOPENDCPM/Page_Opend/a_Start New Campaign")): Object: 'Object Repository/NEWOPENDCPM/Page_Opend/a_Start New Campaign' is clicked on

2019-04-20 11:58:20 - [MESSAGE][PASSED] - Object: 'Object Repository/NEWOPENDCPM/Page_Opend/a_Start New Campaign' is clicked on

2019-04-20 11:58:20 - [TEST_STEP][PASSED] - delay(5): Delayed 5 second(s)

2019-04-20 11:58:25 - [MESSAGE][PASSED] - Delayed 5 second(s)

2019-04-20 11:58:25 - [TEST_STEP][PASSED] - selectOptionByValue(findTestObject("Object Repository/NEWOPENDCPM/Page_Opend/select_Please Select Advertise"), "2", true): All options with value '2' are selected in object 'Object Repository/NEWOPENDCPM/Page_Opend/select_Please Select Advertise'  using regular expression

2019-04-20 11:58:26 - [MESSAGE][PASSED] - All options with value '2' are selected in object 'Object Repository/NEWOPENDCPM/Page_Opend/select_Please Select Advertise'  using regular expression

2019-04-20 11:58:26 - [TEST_STEP][PASSED] - delay(3): Delayed 3 second(s)

2019-04-20 11:58:29 - [MESSAGE][PASSED] - Delayed 3 second(s)

2019-04-20 11:58:29 - [TEST_STEP][PASSED] - setText(findTestObject("Object Repository/NEWOPENDCPM/Page_Opend/input_Campaign Name_camp_name_"), "TEST CAMPAIGN 3"): Text 'TEST CAMPAIGN 3' is set on object 'Object Repository/NEWOPENDCPM/Page_Opend/input_Campaign Name_camp_name_'

2019-04-20 11:58:30 - [MESSAGE][PASSED] - Text 'TEST CAMPAIGN 3' is set on object 'Object Repository/NEWOPENDCPM/Page_Opend/input_Campaign Name_camp_name_'

2019-04-20 11:58:30 - [TEST_STEP][PASSED] - delay(2): Delayed 2 second(s)

2019-04-20 11:58:32 - [MESSAGE][PASSED] - Delayed 2 second(s)

2019-04-20 11:58:32 - [TEST_STEP][PASSED] - click(findTestObject("Object Repository/NEWOPENDCPM/Page_Opend/label_Normal charges")): Object: 'Object Repository/NEWOPENDCPM/Page_Opend/label_Normal charges' is clicked on

2019-04-20 11:58:32 - [MESSAGE][PASSED] - Object: 'Object Repository/NEWOPENDCPM/Page_Opend/label_Normal charges' is clicked on

2019-04-20 11:58:32 - [TEST_STEP][PASSED] - delay(2): Delayed 2 second(s)

2019-04-20 11:58:34 - [MESSAGE][PASSED] - Delayed 2 second(s)

2019-04-20 11:58:34 - [TEST_STEP][PASSED] - selectOptionByValue(findTestObject("Object Repository/NEWOPENDCPM/Page_Opend/select_Please Select Audience"), "2", true): All options with value '2' are selected in object 'Object Repository/NEWOPENDCPM/Page_Opend/select_Please Select Audience'  using regular expression

2019-04-20 11:58:35 - [MESSAGE][PASSED] - All options with value '2' are selected in object 'Object Repository/NEWOPENDCPM/Page_Opend/select_Please Select Audience'  using regular expression

2019-04-20 11:58:35 - [TEST_STEP][PASSED] - delay(3): Delayed 3 second(s)

2019-04-20 11:58:38 - [MESSAGE][PASSED] - Delayed 3 second(s)

2019-04-20 11:58:38 - [TEST_STEP][PASSED] - click(findTestObject("newidsfromspy/Page_Opend/input_Campaign Category_valida")): Object: 'Object Repository/newidsfromspy/Page_Opend/input_Campaign Category_valida' is clicked on

2019-04-20 11:58:38 - [MESSAGE][PASSED] - Object: 'Object Repository/newidsfromspy/Page_Opend/input_Campaign Category_valida' is clicked on

2019-04-20 11:58:38 - [TEST_STEP][PASSED] - delay(3): Delayed 3 second(s)

2019-04-20 11:58:41 - [MESSAGE][PASSED] - Delayed 3 second(s)

2019-04-20 11:58:41 - [TEST_STEP][PASSED] - click(findTestObject("newidsfromspy/Page_Opend/label_fashion")): Object: 'Object Repository/newidsfromspy/Page_Opend/label_fashion' is clicked on

2019-04-20 11:58:42 - [MESSAGE][PASSED] - Object: 'Object Repository/newidsfromspy/Page_Opend/label_fashion' is clicked on

2019-04-20 11:58:42 - [TEST_STEP][PASSED] - delay(3): Delayed 3 second(s)

2019-04-20 11:58:45 - [MESSAGE][PASSED] - Delayed 3 second(s)

2019-04-20 11:58:45 - [TEST_STEP][PASSED] - click(findTestObject("Object Repository/NEWOPENDCPM/Page_Opend/button_Select")): Object: 'Object Repository/NEWOPENDCPM/Page_Opend/button_Select' is clicked on

2019-04-20 11:58:45 - [MESSAGE][PASSED] - Object: 'Object Repository/NEWOPENDCPM/Page_Opend/button_Select' is clicked on

2019-04-20 11:58:45 - [TEST_STEP][PASSED] - delay(3): Delayed 3 second(s)

2019-04-20 11:58:48 - [MESSAGE][PASSED] - Delayed 3 second(s)

2019-04-20 11:58:48 - [TEST_STEP][PASSED] - click(findTestObject("newidsfromspy/Page_Opend/input_Audience Interests_valid")): Object: 'Object Repository/newidsfromspy/Page_Opend/input_Audience Interests_valid' is clicked on

2019-04-20 11:58:49 - [MESSAGE][PASSED] - Object: 'Object Repository/newidsfromspy/Page_Opend/input_Audience Interests_valid' is clicked on

2019-04-20 11:58:49 - [TEST_STEP][PASSED] - delay(3): Delayed 3 second(s)

2019-04-20 11:58:52 - [MESSAGE][PASSED] - Delayed 3 second(s)

2019-04-20 11:58:52 - [TEST_STEP][PASSED] - click(findTestObject("newidsfromspy/Page_Opend/label_Party wear")): Object: 'Object Repository/newidsfromspy/Page_Opend/label_Party wear' is clicked on

2019-04-20 11:58:52 - [MESSAGE][PASSED] - Object: 'Object Repository/newidsfromspy/Page_Opend/label_Party wear' is clicked on

2019-04-20 11:58:52 - [TEST_STEP][PASSED] - delay(2): Delayed 2 second(s)

2019-04-20 11:58:54 - [MESSAGE][PASSED] - Delayed 2 second(s)

2019-04-20 11:58:54 - [TEST_STEP][PASSED] - click(findTestObject("newidsfromspy/Page_Opend/label_Kidz Wear")): Object: 'Object Repository/newidsfromspy/Page_Opend/label_Kidz Wear' is clicked on

2019-04-20 11:58:54 - [MESSAGE][PASSED] - Object: 'Object Repository/newidsfromspy/Page_Opend/label_Kidz Wear' is clicked on

2019-04-20 11:58:54 - [TEST_STEP][PASSED] - delay(5): Delayed 5 second(s)

2019-04-20 11:58:59 - [MESSAGE][PASSED] - Delayed 5 second(s)

2019-04-20 11:58:59 - [TEST_STEP][PASSED] - click(findTestObject("newidsfromspy/Page_Opend/AIselectbtn")): Object: 'Object Repository/newidsfromspy/Page_Opend/AIselectbtn' is clicked on

2019-04-20 11:59:00 - [MESSAGE][PASSED] - Object: 'Object Repository/newidsfromspy/Page_Opend/AIselectbtn' is clicked on

2019-04-20 11:59:00 - [TEST_STEP][PASSED] - delay(3): Delayed 3 second(s)

2019-04-20 11:59:03 - [MESSAGE][PASSED] - Delayed 3 second(s)

2019-04-20 11:59:03 - [TEST_STEP][PASSED] - click(findTestObject("newidsfromspy/Page_Opend/input_Select Publisher_validat")): Object: 'Object Repository/newidsfromspy/Page_Opend/input_Select Publisher_validat' is clicked on

2019-04-20 11:59:03 - [MESSAGE][PASSED] - Object: 'Object Repository/newidsfromspy/Page_Opend/input_Select Publisher_validat' is clicked on

2019-04-20 11:59:03 - [TEST_STEP][PASSED] - delay(3): Delayed 3 second(s)

2019-04-20 11:59:06 - [MESSAGE][PASSED] - Delayed 3 second(s)

2019-04-20 11:59:06 - [TEST_STEP][PASSED] - click(findTestObject("Object Repository/NEWOPENDCPM/Page_Opend/label_Jack")): Object: 'Object Repository/NEWOPENDCPM/Page_Opend/label_Jack' is clicked on

2019-04-20 11:59:06 - [MESSAGE][PASSED] - Object: 'Object Repository/NEWOPENDCPM/Page_Opend/label_Jack' is clicked on

2019-04-20 11:59:06 - [TEST_STEP][PASSED] - delay(3): Delayed 3 second(s)

2019-04-20 11:59:09 - [MESSAGE][PASSED] - Delayed 3 second(s)

2019-04-20 11:59:09 - [TEST_STEP][PASSED] - click(findTestObject("newidsfromspy/Page_Opend/Pubselectbtn")): Object: 'Object Repository/newidsfromspy/Page_Opend/Pubselectbtn' is clicked on

2019-04-20 11:59:10 - [MESSAGE][PASSED] - Object: 'Object Repository/newidsfromspy/Page_Opend/Pubselectbtn' is clicked on

2019-04-20 11:59:10 - [TEST_STEP][PASSED] - delay(3): Delayed 3 second(s)

2019-04-20 11:59:13 - [MESSAGE][PASSED] - Delayed 3 second(s)

2019-04-20 11:59:13 - [TEST_STEP][PASSED] - click(findTestObject("NEWSPYIDS/Page_Opend/label_Normal charges")): Object: 'Object Repository/NEWSPYIDS/Page_Opend/label_Normal charges' is clicked on

2019-04-20 11:59:13 - [MESSAGE][PASSED] - Object: 'Object Repository/NEWSPYIDS/Page_Opend/label_Normal charges' is clicked on

2019-04-20 11:59:13 - [TEST_STEP][PASSED] - delay(5): Delayed 5 second(s)

2019-04-20 11:59:18 - [MESSAGE][PASSED] - Delayed 5 second(s)

2019-04-20 11:59:18 - [TEST_STEP][PASSED] - click(findTestObject("Object Repository/NEWOPENDCPM/Page_Opend/button_Proceed")): Object: 'Object Repository/NEWOPENDCPM/Page_Opend/button_Proceed' is clicked on

2019-04-20 11:59:19 - [MESSAGE][PASSED] - Object: 'Object Repository/NEWOPENDCPM/Page_Opend/button_Proceed' is clicked on

2019-04-20 11:59:19 - [TEST_STEP][PASSED] - delay(5): Delayed 5 second(s)

2019-04-20 11:59:24 - [MESSAGE][PASSED] - Delayed 5 second(s)

2019-04-20 11:59:24 - [TEST_STEP][PASSED] - setText(findTestObject("Object Repository/NEWOPENDCPM/Page_Opend/input_Subject Line_subjectone"), "GOOD MORNING "): Text 'GOOD MORNING ' is set on object 'Object Repository/NEWOPENDCPM/Page_Opend/input_Subject Line_subjectone'

2019-04-20 11:59:24 - [MESSAGE][PASSED] - Text 'GOOD MORNING ' is set on object 'Object Repository/NEWOPENDCPM/Page_Opend/input_Subject Line_subjectone'

2019-04-20 11:59:24 - [TEST_STEP][PASSED] - delay(5): Delayed 5 second(s)

2019-04-20 11:59:29 - [MESSAGE][PASSED] - Delayed 5 second(s)

2019-04-20 11:59:29 - [TEST_STEP][PASSED] - click(findTestObject("newidsfromspy/Page_Opend/input_From Creatives_uploadBtn")): Object: 'Object Repository/newidsfromspy/Page_Opend/input_From Creatives_uploadBtn' is clicked on

2019-04-20 11:59:30 - [MESSAGE][PASSED] - Object: 'Object Repository/newidsfromspy/Page_Opend/input_From Creatives_uploadBtn' is clicked on

2019-04-20 11:59:30 - [TEST_STEP][PASSED] - delay(5): Delayed 5 second(s)

2019-04-20 11:59:35 - [MESSAGE][PASSED] - Delayed 5 second(s)

2019-04-20 11:59:35 - [TEST_STEP][PASSED] - click(findTestObject("Object Repository/NEWOPENDCPM/Page_Opend/button_Select")): Object: 'Object Repository/NEWOPENDCPM/Page_Opend/button_Select' is clicked on

2019-04-20 11:59:35 - [MESSAGE][PASSED] - Object: 'Object Repository/NEWOPENDCPM/Page_Opend/button_Select' is clicked on

2019-04-20 11:59:35 - [TEST_STEP][PASSED] - delay(5): Delayed 5 second(s)

2019-04-20 11:59:40 - [MESSAGE][PASSED] - Delayed 5 second(s)

2019-04-20 11:59:40 - [TEST_STEP][PASSED] - click(findTestObject("NEWOPENDCPM/Step2prcdbtn")): Object: 'Object Repository/NEWOPENDCPM/Step2prcdbtn' is clicked on

2019-04-20 11:59:42 - [MESSAGE][PASSED] - Object: 'Object Repository/NEWOPENDCPM/Step2prcdbtn' is clicked on

2019-04-20 11:59:42 - [TEST_STEP][PASSED] - delay(5): Delayed 5 second(s)

2019-04-20 11:59:47 - [MESSAGE][PASSED] - Delayed 5 second(s)

2019-04-20 11:59:47 - [TEST_STEP][PASSED] - click(findTestObject("NEWOPENDCPM/step3prcdbrn")): Object: 'Object Repository/NEWOPENDCPM/step3prcdbrn' is clicked on

2019-04-20 11:59:47 - [MESSAGE][PASSED] - Object: 'Object Repository/NEWOPENDCPM/step3prcdbrn' is clicked on

2019-04-20 11:59:47 - [TEST_STEP][PASSED] - delay(5): Delayed 5 second(s)

2019-04-20 11:59:52 - [MESSAGE][PASSED] - Delayed 5 second(s)

2019-04-20 11:59:52 - [TEST_STEP][NOT_RUN] - click(findTestObject("NEWOPENDCPM/Startcampbtn")): NOT_RUN: click(findTestObject("NEWOPENDCPM/Startcampbtn"))

2019-04-20 11:59:52 - [MESSAGE][NOT_RUN] - NOT_RUN: click(findTestObject("NEWOPENDCPM/Startcampbtn"))

2019-04-20 11:59:52 - [TEST_STEP][PASSED] - delay(8): Delayed 8 second(s)

2019-04-20 12:00:00 - [MESSAGE][PASSED] - Delayed 8 second(s)

2019-04-20 12:00:00 - [TEST_STEP][PASSED] - closeBrowser(): Browser is closed

2019-04-20 12:00:02 - [MESSAGE][PASSED] - Browser is closed]]></system-out>
         <system-err><![CDATA[]]></system-err>
      </testcase>
      <testcase name="Test Cases/CREATING CPO CAMPAIGN" classname="Test Cases/CREATING CPO CAMPAIGN" status="PASSED">
         <system-out><![CDATA[2019-04-20 12:00:02 - [TEST_CASE][PASSED] - Test Cases/CREATING CPO CAMPAIGN: Test Cases/CREATING CPO CAMPAIGN

2019-04-20 12:00:03 - [TEST_STEP][PASSED] - openBrowser(""): Browser is opened with url: ''

2019-04-20 12:00:03 - [MESSAGE][INFO] - Starting 'Firefox' driver

2019-04-20 12:00:11 - [MESSAGE][PASSED] - Browser is opened with url: ''

2019-04-20 12:00:11 - [TEST_STEP][PASSED] - navigateToUrl("http://campaignsopend.techactive.tk/#/admin_login"): Navigate to 'http://campaignsopend.techactive.tk/#/admin_login' successfully

2019-04-20 12:00:17 - [MESSAGE][PASSED] - Navigate to 'http://campaignsopend.techactive.tk/#/admin_login' successfully

2019-04-20 12:00:17 - [TEST_STEP][PASSED] - setText(findTestObject("Object Repository/NEWOPENDCPM/Page_Opend/input_Admin Login_email_id"), "admin@opend.com"): Text 'admin@opend.com' is set on object 'Object Repository/NEWOPENDCPM/Page_Opend/input_Admin Login_email_id'

2019-04-20 12:00:19 - [MESSAGE][PASSED] - Text 'admin@opend.com' is set on object 'Object Repository/NEWOPENDCPM/Page_Opend/input_Admin Login_email_id'

2019-04-20 12:00:19 - [TEST_STEP][PASSED] - setEncryptedText(findTestObject("Object Repository/NEWOPENDCPM/Page_Opend/input_Admin Login_password"), "4nvbrPglk7k="): Text ****** has been set on object 'Object Repository/NEWOPENDCPM/Page_Opend/input_Admin Login_password'

2019-04-20 12:00:19 - [MESSAGE][PASSED] - Text ****** has been set on object 'Object Repository/NEWOPENDCPM/Page_Opend/input_Admin Login_password'

2019-04-20 12:00:19 - [TEST_STEP][PASSED] - click(findTestObject("Object Repository/NEWOPENDCPM/Page_Opend/button_Sign In")): Object: 'Object Repository/NEWOPENDCPM/Page_Opend/button_Sign In' is clicked on

2019-04-20 12:00:20 - [MESSAGE][PASSED] - Object: 'Object Repository/NEWOPENDCPM/Page_Opend/button_Sign In' is clicked on

2019-04-20 12:00:20 - [TEST_STEP][PASSED] - delay(5): Delayed 5 second(s)

2019-04-20 12:00:25 - [MESSAGE][PASSED] - Delayed 5 second(s)

2019-04-20 12:00:25 - [TEST_STEP][PASSED] - click(findTestObject("Object Repository/NEWOPENDCPM/Page_Opend/a_Campaigns")): Object: 'Object Repository/NEWOPENDCPM/Page_Opend/a_Campaigns' is clicked on

2019-04-20 12:00:25 - [MESSAGE][PASSED] - Object: 'Object Repository/NEWOPENDCPM/Page_Opend/a_Campaigns' is clicked on

2019-04-20 12:00:25 - [TEST_STEP][PASSED] - delay(5): Delayed 5 second(s)

2019-04-20 12:00:30 - [MESSAGE][PASSED] - Delayed 5 second(s)

2019-04-20 12:00:30 - [TEST_STEP][PASSED] - click(findTestObject("Object Repository/NEWOPENDCPM/Page_Opend/a_Start New Campaign")): Object: 'Object Repository/NEWOPENDCPM/Page_Opend/a_Start New Campaign' is clicked on

2019-04-20 12:00:32 - [MESSAGE][PASSED] - Object: 'Object Repository/NEWOPENDCPM/Page_Opend/a_Start New Campaign' is clicked on

2019-04-20 12:00:32 - [TEST_STEP][PASSED] - delay(5): Delayed 5 second(s)

2019-04-20 12:00:37 - [MESSAGE][PASSED] - Delayed 5 second(s)

2019-04-20 12:00:37 - [TEST_STEP][PASSED] - selectOptionByValue(findTestObject("Object Repository/NEWOPENDCPM/Page_Opend/select_Please Select Advertise"), "2", true): All options with value '2' are selected in object 'Object Repository/NEWOPENDCPM/Page_Opend/select_Please Select Advertise'  using regular expression

2019-04-20 12:00:38 - [MESSAGE][PASSED] - All options with value '2' are selected in object 'Object Repository/NEWOPENDCPM/Page_Opend/select_Please Select Advertise'  using regular expression

2019-04-20 12:00:38 - [TEST_STEP][PASSED] - delay(3): Delayed 3 second(s)

2019-04-20 12:00:41 - [MESSAGE][PASSED] - Delayed 3 second(s)

2019-04-20 12:00:41 - [TEST_STEP][PASSED] - setText(findTestObject("Object Repository/NEWOPENDCPM/Page_Opend/input_Campaign Name_camp_name_"), "TEST CPO CAMPAIGN 2"): Text 'TEST CPO CAMPAIGN 2' is set on object 'Object Repository/NEWOPENDCPM/Page_Opend/input_Campaign Name_camp_name_'

2019-04-20 12:00:42 - [MESSAGE][PASSED] - Text 'TEST CPO CAMPAIGN 2' is set on object 'Object Repository/NEWOPENDCPM/Page_Opend/input_Campaign Name_camp_name_'

2019-04-20 12:00:42 - [TEST_STEP][PASSED] - delay(2): Delayed 2 second(s)

2019-04-20 12:00:44 - [MESSAGE][PASSED] - Delayed 2 second(s)

2019-04-20 12:00:44 - [TEST_STEP][PASSED] - click(findTestObject("Object Repository/NEWOPENDCPM/Page_Opend/label_Normal charges")): Object: 'Object Repository/NEWOPENDCPM/Page_Opend/label_Normal charges' is clicked on

2019-04-20 12:00:44 - [MESSAGE][PASSED] - Object: 'Object Repository/NEWOPENDCPM/Page_Opend/label_Normal charges' is clicked on

2019-04-20 12:00:44 - [TEST_STEP][PASSED] - click(findTestObject("NEWSPYIDS/Page_Opend/label_CPO")): Object: 'Object Repository/NEWSPYIDS/Page_Opend/label_CPO' is clicked on

2019-04-20 12:00:44 - [MESSAGE][PASSED] - Object: 'Object Repository/NEWSPYIDS/Page_Opend/label_CPO' is clicked on

2019-04-20 12:00:44 - [TEST_STEP][PASSED] - delay(2): Delayed 2 second(s)

2019-04-20 12:00:46 - [MESSAGE][PASSED] - Delayed 2 second(s)

2019-04-20 12:00:46 - [TEST_STEP][PASSED] - selectOptionByValue(findTestObject("Object Repository/NEWOPENDCPM/Page_Opend/select_Please Select Audience"), "2", true): All options with value '2' are selected in object 'Object Repository/NEWOPENDCPM/Page_Opend/select_Please Select Audience'  using regular expression

2019-04-20 12:00:47 - [MESSAGE][PASSED] - All options with value '2' are selected in object 'Object Repository/NEWOPENDCPM/Page_Opend/select_Please Select Audience'  using regular expression

2019-04-20 12:00:47 - [TEST_STEP][PASSED] - delay(3): Delayed 3 second(s)

2019-04-20 12:00:50 - [MESSAGE][PASSED] - Delayed 3 second(s)

2019-04-20 12:00:50 - [TEST_STEP][PASSED] - click(findTestObject("newidsfromspy/Page_Opend/input_Campaign Category_valida")): Object: 'Object Repository/newidsfromspy/Page_Opend/input_Campaign Category_valida' is clicked on

2019-04-20 12:00:50 - [MESSAGE][PASSED] - Object: 'Object Repository/newidsfromspy/Page_Opend/input_Campaign Category_valida' is clicked on

2019-04-20 12:00:50 - [TEST_STEP][PASSED] - delay(3): Delayed 3 second(s)

2019-04-20 12:00:53 - [MESSAGE][PASSED] - Delayed 3 second(s)

2019-04-20 12:00:53 - [TEST_STEP][PASSED] - click(findTestObject("newidsfromspy/Page_Opend/label_fashion")): Object: 'Object Repository/newidsfromspy/Page_Opend/label_fashion' is clicked on

2019-04-20 12:00:54 - [MESSAGE][PASSED] - Object: 'Object Repository/newidsfromspy/Page_Opend/label_fashion' is clicked on

2019-04-20 12:00:54 - [TEST_STEP][PASSED] - delay(3): Delayed 3 second(s)

2019-04-20 12:00:57 - [MESSAGE][PASSED] - Delayed 3 second(s)

2019-04-20 12:00:57 - [TEST_STEP][PASSED] - click(findTestObject("Object Repository/NEWOPENDCPM/Page_Opend/button_Select")): Object: 'Object Repository/NEWOPENDCPM/Page_Opend/button_Select' is clicked on

2019-04-20 12:00:57 - [MESSAGE][PASSED] - Object: 'Object Repository/NEWOPENDCPM/Page_Opend/button_Select' is clicked on

2019-04-20 12:00:57 - [TEST_STEP][PASSED] - delay(3): Delayed 3 second(s)

2019-04-20 12:01:00 - [MESSAGE][PASSED] - Delayed 3 second(s)

2019-04-20 12:01:00 - [TEST_STEP][PASSED] - click(findTestObject("newidsfromspy/Page_Opend/input_Audience Interests_valid")): Object: 'Object Repository/newidsfromspy/Page_Opend/input_Audience Interests_valid' is clicked on

2019-04-20 12:01:00 - [MESSAGE][PASSED] - Object: 'Object Repository/newidsfromspy/Page_Opend/input_Audience Interests_valid' is clicked on

2019-04-20 12:01:00 - [TEST_STEP][PASSED] - delay(3): Delayed 3 second(s)

2019-04-20 12:01:03 - [MESSAGE][PASSED] - Delayed 3 second(s)

2019-04-20 12:01:03 - [TEST_STEP][PASSED] - click(findTestObject("newidsfromspy/Page_Opend/label_Party wear")): Object: 'Object Repository/newidsfromspy/Page_Opend/label_Party wear' is clicked on

2019-04-20 12:01:04 - [MESSAGE][PASSED] - Object: 'Object Repository/newidsfromspy/Page_Opend/label_Party wear' is clicked on

2019-04-20 12:01:04 - [TEST_STEP][PASSED] - delay(2): Delayed 2 second(s)

2019-04-20 12:01:06 - [MESSAGE][PASSED] - Delayed 2 second(s)

2019-04-20 12:01:06 - [TEST_STEP][PASSED] - click(findTestObject("newidsfromspy/Page_Opend/label_Kidz Wear")): Object: 'Object Repository/newidsfromspy/Page_Opend/label_Kidz Wear' is clicked on

2019-04-20 12:01:06 - [MESSAGE][PASSED] - Object: 'Object Repository/newidsfromspy/Page_Opend/label_Kidz Wear' is clicked on

2019-04-20 12:01:06 - [TEST_STEP][PASSED] - delay(5): Delayed 5 second(s)

2019-04-20 12:01:11 - [MESSAGE][PASSED] - Delayed 5 second(s)

2019-04-20 12:01:11 - [TEST_STEP][PASSED] - click(findTestObject("newidsfromspy/Page_Opend/AIselectbtn")): Object: 'Object Repository/newidsfromspy/Page_Opend/AIselectbtn' is clicked on

2019-04-20 12:01:11 - [MESSAGE][PASSED] - Object: 'Object Repository/newidsfromspy/Page_Opend/AIselectbtn' is clicked on

2019-04-20 12:01:11 - [TEST_STEP][PASSED] - delay(3): Delayed 3 second(s)

2019-04-20 12:01:14 - [MESSAGE][PASSED] - Delayed 3 second(s)

2019-04-20 12:01:14 - [TEST_STEP][PASSED] - setText(findTestObject("NEWSPYIDS/Page_Opend/input_CPO price_cplprice"), "2"): Text '2' is set on object 'Object Repository/NEWSPYIDS/Page_Opend/input_CPO price_cplprice'

2019-04-20 12:01:15 - [MESSAGE][PASSED] - Text '2' is set on object 'Object Repository/NEWSPYIDS/Page_Opend/input_CPO price_cplprice'

2019-04-20 12:01:15 - [TEST_STEP][PASSED] - delay(2): Delayed 2 second(s)

2019-04-20 12:01:17 - [MESSAGE][PASSED] - Delayed 2 second(s)

2019-04-20 12:01:17 - [TEST_STEP][PASSED] - click(findTestObject("newidsfromspy/Page_Opend/input_Select Publisher_validat")): Object: 'Object Repository/newidsfromspy/Page_Opend/input_Select Publisher_validat' is clicked on

2019-04-20 12:01:17 - [MESSAGE][PASSED] - Object: 'Object Repository/newidsfromspy/Page_Opend/input_Select Publisher_validat' is clicked on

2019-04-20 12:01:17 - [TEST_STEP][PASSED] - delay(3): Delayed 3 second(s)

2019-04-20 12:01:20 - [MESSAGE][PASSED] - Delayed 3 second(s)

2019-04-20 12:01:20 - [TEST_STEP][PASSED] - click(findTestObject("Object Repository/NEWOPENDCPM/Page_Opend/label_Jack")): Object: 'Object Repository/NEWOPENDCPM/Page_Opend/label_Jack' is clicked on

2019-04-20 12:01:20 - [MESSAGE][PASSED] - Object: 'Object Repository/NEWOPENDCPM/Page_Opend/label_Jack' is clicked on

2019-04-20 12:01:20 - [TEST_STEP][PASSED] - delay(3): Delayed 3 second(s)

2019-04-20 12:01:23 - [MESSAGE][PASSED] - Delayed 3 second(s)

2019-04-20 12:01:23 - [TEST_STEP][PASSED] - click(findTestObject("newidsfromspy/Page_Opend/Pubselectbtn")): Object: 'Object Repository/newidsfromspy/Page_Opend/Pubselectbtn' is clicked on

2019-04-20 12:01:24 - [MESSAGE][PASSED] - Object: 'Object Repository/newidsfromspy/Page_Opend/Pubselectbtn' is clicked on

2019-04-20 12:01:24 - [TEST_STEP][PASSED] - delay(3): Delayed 3 second(s)

2019-04-20 12:01:27 - [MESSAGE][PASSED] - Delayed 3 second(s)

2019-04-20 12:01:27 - [TEST_STEP][PASSED] - click(findTestObject("NEWSPYIDS/Page_Opend/label_Normal charges")): Object: 'Object Repository/NEWSPYIDS/Page_Opend/label_Normal charges' is clicked on

2019-04-20 12:01:27 - [MESSAGE][PASSED] - Object: 'Object Repository/NEWSPYIDS/Page_Opend/label_Normal charges' is clicked on

2019-04-20 12:01:27 - [TEST_STEP][PASSED] - delay(1): Delayed 1 second(s)

2019-04-20 12:01:28 - [MESSAGE][PASSED] - Delayed 1 second(s)

2019-04-20 12:01:28 - [TEST_STEP][PASSED] - setText(findTestObject("NEWSPYIDS/Page_Opend/input_CPO Payout Price_payout_"), "1"): Text '1' is set on object 'Object Repository/NEWSPYIDS/Page_Opend/input_CPO Payout Price_payout_'

2019-04-20 12:01:29 - [MESSAGE][PASSED] - Text '1' is set on object 'Object Repository/NEWSPYIDS/Page_Opend/input_CPO Payout Price_payout_'

2019-04-20 12:01:29 - [TEST_STEP][PASSED] - delay(5): Delayed 5 second(s)

2019-04-20 12:01:34 - [MESSAGE][PASSED] - Delayed 5 second(s)

2019-04-20 12:01:34 - [TEST_STEP][PASSED] - click(findTestObject("Object Repository/NEWOPENDCPM/Page_Opend/button_Proceed")): Object: 'Object Repository/NEWOPENDCPM/Page_Opend/button_Proceed' is clicked on

2019-04-20 12:01:35 - [MESSAGE][PASSED] - Object: 'Object Repository/NEWOPENDCPM/Page_Opend/button_Proceed' is clicked on

2019-04-20 12:01:35 - [TEST_STEP][PASSED] - delay(5): Delayed 5 second(s)

2019-04-20 12:01:40 - [MESSAGE][PASSED] - Delayed 5 second(s)

2019-04-20 12:01:40 - [TEST_STEP][PASSED] - setText(findTestObject("Object Repository/NEWOPENDCPM/Page_Opend/input_Subject Line_subjectone"), "GOOD Morning "): Text 'GOOD Morning ' is set on object 'Object Repository/NEWOPENDCPM/Page_Opend/input_Subject Line_subjectone'

2019-04-20 12:01:40 - [MESSAGE][PASSED] - Text 'GOOD Morning ' is set on object 'Object Repository/NEWOPENDCPM/Page_Opend/input_Subject Line_subjectone'

2019-04-20 12:01:40 - [TEST_STEP][PASSED] - delay(5): Delayed 5 second(s)

2019-04-20 12:01:45 - [MESSAGE][PASSED] - Delayed 5 second(s)

2019-04-20 12:01:45 - [TEST_STEP][PASSED] - click(findTestObject("newidsfromspy/Page_Opend/input_From Creatives_uploadBtn")): Object: 'Object Repository/newidsfromspy/Page_Opend/input_From Creatives_uploadBtn' is clicked on

2019-04-20 12:01:45 - [MESSAGE][PASSED] - Object: 'Object Repository/newidsfromspy/Page_Opend/input_From Creatives_uploadBtn' is clicked on

2019-04-20 12:01:45 - [TEST_STEP][PASSED] - delay(5): Delayed 5 second(s)

2019-04-20 12:01:50 - [MESSAGE][PASSED] - Delayed 5 second(s)

2019-04-20 12:01:50 - [TEST_STEP][PASSED] - click(findTestObject("Object Repository/NEWOPENDCPM/Page_Opend/button_Select")): Object: 'Object Repository/NEWOPENDCPM/Page_Opend/button_Select' is clicked on

2019-04-20 12:01:51 - [MESSAGE][PASSED] - Object: 'Object Repository/NEWOPENDCPM/Page_Opend/button_Select' is clicked on

2019-04-20 12:01:51 - [TEST_STEP][PASSED] - delay(5): Delayed 5 second(s)

2019-04-20 12:01:56 - [MESSAGE][PASSED] - Delayed 5 second(s)

2019-04-20 12:01:56 - [TEST_STEP][PASSED] - click(findTestObject("NEWOPENDCPM/Step2prcdbtn")): Object: 'Object Repository/NEWOPENDCPM/Step2prcdbtn' is clicked on

2019-04-20 12:01:57 - [MESSAGE][PASSED] - Object: 'Object Repository/NEWOPENDCPM/Step2prcdbtn' is clicked on

2019-04-20 12:01:57 - [TEST_STEP][PASSED] - delay(5): Delayed 5 second(s)

2019-04-20 12:02:02 - [MESSAGE][PASSED] - Delayed 5 second(s)

2019-04-20 12:02:02 - [TEST_STEP][PASSED] - click(findTestObject("NEWOPENDCPM/step3prcdbrn")): Object: 'Object Repository/NEWOPENDCPM/step3prcdbrn' is clicked on

2019-04-20 12:02:03 - [MESSAGE][PASSED] - Object: 'Object Repository/NEWOPENDCPM/step3prcdbrn' is clicked on

2019-04-20 12:02:03 - [TEST_STEP][PASSED] - delay(5): Delayed 5 second(s)

2019-04-20 12:02:08 - [MESSAGE][PASSED] - Delayed 5 second(s)

2019-04-20 12:02:08 - [TEST_STEP][NOT_RUN] - click(findTestObject("NEWOPENDCPM/Startcampbtn")): NOT_RUN: click(findTestObject("NEWOPENDCPM/Startcampbtn"))

2019-04-20 12:02:08 - [MESSAGE][NOT_RUN] - NOT_RUN: click(findTestObject("NEWOPENDCPM/Startcampbtn"))

2019-04-20 12:02:08 - [TEST_STEP][PASSED] - delay(8): Delayed 8 second(s)

2019-04-20 12:02:16 - [MESSAGE][PASSED] - Delayed 8 second(s)

2019-04-20 12:02:16 - [TEST_STEP][PASSED] - closeBrowser(): Browser is closed

2019-04-20 12:02:18 - [MESSAGE][PASSED] - Browser is closed]]></system-out>
         <system-err><![CDATA[]]></system-err>
      </testcase>
      <testcase name="Test Cases/CREATE CPL CAMPAGN" classname="Test Cases/CREATE CPL CAMPAGN" status="PASSED">
         <system-out><![CDATA[2019-04-20 12:02:18 - [TEST_CASE][PASSED] - Test Cases/CREATE CPL CAMPAGN: Test Cases/CREATE CPL CAMPAGN

2019-04-20 12:02:19 - [TEST_STEP][PASSED] - openBrowser(""): Browser is opened with url: ''

2019-04-20 12:02:19 - [MESSAGE][INFO] - Starting 'Firefox' driver

2019-04-20 12:02:29 - [MESSAGE][PASSED] - Browser is opened with url: ''

2019-04-20 12:02:29 - [TEST_STEP][PASSED] - navigateToUrl("http://campaignsopend.techactive.tk/#/admin_login"): Navigate to 'http://campaignsopend.techactive.tk/#/admin_login' successfully

2019-04-20 12:02:34 - [MESSAGE][PASSED] - Navigate to 'http://campaignsopend.techactive.tk/#/admin_login' successfully

2019-04-20 12:02:34 - [TEST_STEP][PASSED] - setText(findTestObject("Object Repository/NEWOPENDCPM/Page_Opend/input_Admin Login_email_id"), "admin@opend.com"): Text 'admin@opend.com' is set on object 'Object Repository/NEWOPENDCPM/Page_Opend/input_Admin Login_email_id'

2019-04-20 12:02:36 - [MESSAGE][PASSED] - Text 'admin@opend.com' is set on object 'Object Repository/NEWOPENDCPM/Page_Opend/input_Admin Login_email_id'

2019-04-20 12:02:36 - [TEST_STEP][PASSED] - setEncryptedText(findTestObject("Object Repository/NEWOPENDCPM/Page_Opend/input_Admin Login_password"), "4nvbrPglk7k="): Text ****** has been set on object 'Object Repository/NEWOPENDCPM/Page_Opend/input_Admin Login_password'

2019-04-20 12:02:36 - [MESSAGE][PASSED] - Text ****** has been set on object 'Object Repository/NEWOPENDCPM/Page_Opend/input_Admin Login_password'

2019-04-20 12:02:36 - [TEST_STEP][PASSED] - click(findTestObject("Object Repository/NEWOPENDCPM/Page_Opend/button_Sign In")): Object: 'Object Repository/NEWOPENDCPM/Page_Opend/button_Sign In' is clicked on

2019-04-20 12:02:37 - [MESSAGE][PASSED] - Object: 'Object Repository/NEWOPENDCPM/Page_Opend/button_Sign In' is clicked on

2019-04-20 12:02:37 - [TEST_STEP][PASSED] - delay(5): Delayed 5 second(s)

2019-04-20 12:02:42 - [MESSAGE][PASSED] - Delayed 5 second(s)

2019-04-20 12:02:42 - [TEST_STEP][PASSED] - click(findTestObject("Object Repository/NEWOPENDCPM/Page_Opend/a_Campaigns")): Object: 'Object Repository/NEWOPENDCPM/Page_Opend/a_Campaigns' is clicked on

2019-04-20 12:02:42 - [MESSAGE][PASSED] - Object: 'Object Repository/NEWOPENDCPM/Page_Opend/a_Campaigns' is clicked on

2019-04-20 12:02:42 - [TEST_STEP][PASSED] - delay(8): Delayed 8 second(s)

2019-04-20 12:02:50 - [MESSAGE][PASSED] - Delayed 8 second(s)

2019-04-20 12:02:50 - [TEST_STEP][PASSED] - click(findTestObject("Object Repository/NEWOPENDCPM/Page_Opend/a_Start New Campaign")): Object: 'Object Repository/NEWOPENDCPM/Page_Opend/a_Start New Campaign' is clicked on

2019-04-20 12:02:50 - [MESSAGE][PASSED] - Object: 'Object Repository/NEWOPENDCPM/Page_Opend/a_Start New Campaign' is clicked on

2019-04-20 12:02:50 - [TEST_STEP][PASSED] - delay(5): Delayed 5 second(s)

2019-04-20 12:02:55 - [MESSAGE][PASSED] - Delayed 5 second(s)

2019-04-20 12:02:55 - [TEST_STEP][PASSED] - selectOptionByValue(findTestObject("Object Repository/NEWOPENDCPM/Page_Opend/select_Please Select Advertise"), "2", true): All options with value '2' are selected in object 'Object Repository/NEWOPENDCPM/Page_Opend/select_Please Select Advertise'  using regular expression

2019-04-20 12:02:57 - [MESSAGE][PASSED] - All options with value '2' are selected in object 'Object Repository/NEWOPENDCPM/Page_Opend/select_Please Select Advertise'  using regular expression

2019-04-20 12:02:57 - [TEST_STEP][PASSED] - delay(5): Delayed 5 second(s)

2019-04-20 12:03:02 - [MESSAGE][PASSED] - Delayed 5 second(s)

2019-04-20 12:03:02 - [TEST_STEP][PASSED] - setText(findTestObject("Object Repository/NEWOPENDCPM/Page_Opend/input_Campaign Name_camp_name_"), "TEST CPL CAMPAIGN 2"): Text 'TEST CPL CAMPAIGN 2' is set on object 'Object Repository/NEWOPENDCPM/Page_Opend/input_Campaign Name_camp_name_'

2019-04-20 12:03:02 - [MESSAGE][PASSED] - Text 'TEST CPL CAMPAIGN 2' is set on object 'Object Repository/NEWOPENDCPM/Page_Opend/input_Campaign Name_camp_name_'

2019-04-20 12:03:02 - [TEST_STEP][PASSED] - delay(2): Delayed 2 second(s)

2019-04-20 12:03:04 - [MESSAGE][PASSED] - Delayed 2 second(s)

2019-04-20 12:03:04 - [TEST_STEP][PASSED] - click(findTestObject("Object Repository/NEWOPENDCPM/Page_Opend/label_Normal charges")): Object: 'Object Repository/NEWOPENDCPM/Page_Opend/label_Normal charges' is clicked on

2019-04-20 12:03:05 - [MESSAGE][PASSED] - Object: 'Object Repository/NEWOPENDCPM/Page_Opend/label_Normal charges' is clicked on

2019-04-20 12:03:05 - [TEST_STEP][PASSED] - click(findTestObject("NEWSPYIDS/Page_Opend/label_CPL")): Object: 'Object Repository/NEWSPYIDS/Page_Opend/label_CPL' is clicked on

2019-04-20 12:03:05 - [MESSAGE][PASSED] - Object: 'Object Repository/NEWSPYIDS/Page_Opend/label_CPL' is clicked on

2019-04-20 12:03:05 - [TEST_STEP][PASSED] - delay(2): Delayed 2 second(s)

2019-04-20 12:03:07 - [MESSAGE][PASSED] - Delayed 2 second(s)

2019-04-20 12:03:07 - [TEST_STEP][PASSED] - selectOptionByValue(findTestObject("Object Repository/NEWOPENDCPM/Page_Opend/select_Please Select Audience"), "2", true): All options with value '2' are selected in object 'Object Repository/NEWOPENDCPM/Page_Opend/select_Please Select Audience'  using regular expression

2019-04-20 12:03:08 - [MESSAGE][PASSED] - All options with value '2' are selected in object 'Object Repository/NEWOPENDCPM/Page_Opend/select_Please Select Audience'  using regular expression

2019-04-20 12:03:08 - [TEST_STEP][PASSED] - delay(3): Delayed 3 second(s)

2019-04-20 12:03:11 - [MESSAGE][PASSED] - Delayed 3 second(s)

2019-04-20 12:03:11 - [TEST_STEP][PASSED] - click(findTestObject("newidsfromspy/Page_Opend/input_Campaign Category_valida")): Object: 'Object Repository/newidsfromspy/Page_Opend/input_Campaign Category_valida' is clicked on

2019-04-20 12:03:11 - [MESSAGE][PASSED] - Object: 'Object Repository/newidsfromspy/Page_Opend/input_Campaign Category_valida' is clicked on

2019-04-20 12:03:11 - [TEST_STEP][PASSED] - delay(3): Delayed 3 second(s)

2019-04-20 12:03:14 - [MESSAGE][PASSED] - Delayed 3 second(s)

2019-04-20 12:03:14 - [TEST_STEP][PASSED] - click(findTestObject("newidsfromspy/Page_Opend/label_fashion")): Object: 'Object Repository/newidsfromspy/Page_Opend/label_fashion' is clicked on

2019-04-20 12:03:15 - [MESSAGE][PASSED] - Object: 'Object Repository/newidsfromspy/Page_Opend/label_fashion' is clicked on

2019-04-20 12:03:15 - [TEST_STEP][PASSED] - delay(3): Delayed 3 second(s)

2019-04-20 12:03:18 - [MESSAGE][PASSED] - Delayed 3 second(s)

2019-04-20 12:03:18 - [TEST_STEP][PASSED] - click(findTestObject("Object Repository/NEWOPENDCPM/Page_Opend/button_Select")): Object: 'Object Repository/NEWOPENDCPM/Page_Opend/button_Select' is clicked on

2019-04-20 12:03:18 - [MESSAGE][PASSED] - Object: 'Object Repository/NEWOPENDCPM/Page_Opend/button_Select' is clicked on

2019-04-20 12:03:18 - [TEST_STEP][PASSED] - delay(3): Delayed 3 second(s)

2019-04-20 12:03:21 - [MESSAGE][PASSED] - Delayed 3 second(s)

2019-04-20 12:03:21 - [TEST_STEP][PASSED] - click(findTestObject("newidsfromspy/Page_Opend/input_Audience Interests_valid")): Object: 'Object Repository/newidsfromspy/Page_Opend/input_Audience Interests_valid' is clicked on

2019-04-20 12:03:21 - [MESSAGE][PASSED] - Object: 'Object Repository/newidsfromspy/Page_Opend/input_Audience Interests_valid' is clicked on

2019-04-20 12:03:21 - [TEST_STEP][PASSED] - delay(3): Delayed 3 second(s)

2019-04-20 12:03:24 - [MESSAGE][PASSED] - Delayed 3 second(s)

2019-04-20 12:03:24 - [TEST_STEP][PASSED] - click(findTestObject("newidsfromspy/Page_Opend/label_Party wear")): Object: 'Object Repository/newidsfromspy/Page_Opend/label_Party wear' is clicked on

2019-04-20 12:03:25 - [MESSAGE][PASSED] - Object: 'Object Repository/newidsfromspy/Page_Opend/label_Party wear' is clicked on

2019-04-20 12:03:25 - [TEST_STEP][PASSED] - delay(2): Delayed 2 second(s)

2019-04-20 12:03:27 - [MESSAGE][PASSED] - Delayed 2 second(s)

2019-04-20 12:03:27 - [TEST_STEP][PASSED] - click(findTestObject("newidsfromspy/Page_Opend/label_Kidz Wear")): Object: 'Object Repository/newidsfromspy/Page_Opend/label_Kidz Wear' is clicked on

2019-04-20 12:03:27 - [MESSAGE][PASSED] - Object: 'Object Repository/newidsfromspy/Page_Opend/label_Kidz Wear' is clicked on

2019-04-20 12:03:27 - [TEST_STEP][PASSED] - delay(5): Delayed 5 second(s)

2019-04-20 12:03:32 - [MESSAGE][PASSED] - Delayed 5 second(s)

2019-04-20 12:03:32 - [TEST_STEP][PASSED] - click(findTestObject("newidsfromspy/Page_Opend/AIselectbtn")): Object: 'Object Repository/newidsfromspy/Page_Opend/AIselectbtn' is clicked on

2019-04-20 12:03:32 - [MESSAGE][PASSED] - Object: 'Object Repository/newidsfromspy/Page_Opend/AIselectbtn' is clicked on

2019-04-20 12:03:32 - [TEST_STEP][PASSED] - delay(3): Delayed 3 second(s)

2019-04-20 12:03:35 - [MESSAGE][PASSED] - Delayed 3 second(s)

2019-04-20 12:03:35 - [TEST_STEP][PASSED] - setText(findTestObject("NEWSPYIDS/Page_Opend/input_CPL price_cplprice"), "2"): Text '2' is set on object 'Object Repository/NEWSPYIDS/Page_Opend/input_CPL price_cplprice'

2019-04-20 12:03:35 - [MESSAGE][PASSED] - Text '2' is set on object 'Object Repository/NEWSPYIDS/Page_Opend/input_CPL price_cplprice'

2019-04-20 12:03:35 - [TEST_STEP][PASSED] - delay(2): Delayed 2 second(s)

2019-04-20 12:03:37 - [MESSAGE][PASSED] - Delayed 2 second(s)

2019-04-20 12:03:37 - [TEST_STEP][PASSED] - click(findTestObject("newidsfromspy/Page_Opend/input_Select Publisher_validat")): Object: 'Object Repository/newidsfromspy/Page_Opend/input_Select Publisher_validat' is clicked on

2019-04-20 12:03:38 - [MESSAGE][PASSED] - Object: 'Object Repository/newidsfromspy/Page_Opend/input_Select Publisher_validat' is clicked on

2019-04-20 12:03:38 - [TEST_STEP][PASSED] - delay(3): Delayed 3 second(s)

2019-04-20 12:03:41 - [MESSAGE][PASSED] - Delayed 3 second(s)

2019-04-20 12:03:41 - [TEST_STEP][PASSED] - click(findTestObject("Object Repository/NEWOPENDCPM/Page_Opend/label_Jack")): Object: 'Object Repository/NEWOPENDCPM/Page_Opend/label_Jack' is clicked on

2019-04-20 12:03:41 - [MESSAGE][PASSED] - Object: 'Object Repository/NEWOPENDCPM/Page_Opend/label_Jack' is clicked on

2019-04-20 12:03:41 - [TEST_STEP][PASSED] - delay(3): Delayed 3 second(s)

2019-04-20 12:03:44 - [MESSAGE][PASSED] - Delayed 3 second(s)

2019-04-20 12:03:44 - [TEST_STEP][PASSED] - click(findTestObject("newidsfromspy/Page_Opend/Pubselectbtn")): Object: 'Object Repository/newidsfromspy/Page_Opend/Pubselectbtn' is clicked on

2019-04-20 12:03:44 - [MESSAGE][PASSED] - Object: 'Object Repository/newidsfromspy/Page_Opend/Pubselectbtn' is clicked on

2019-04-20 12:03:44 - [TEST_STEP][PASSED] - delay(3): Delayed 3 second(s)

2019-04-20 12:03:47 - [MESSAGE][PASSED] - Delayed 3 second(s)

2019-04-20 12:03:47 - [TEST_STEP][PASSED] - click(findTestObject("NEWSPYIDS/Page_Opend/label_Normal charges")): Object: 'Object Repository/NEWSPYIDS/Page_Opend/label_Normal charges' is clicked on

2019-04-20 12:03:48 - [MESSAGE][PASSED] - Object: 'Object Repository/NEWSPYIDS/Page_Opend/label_Normal charges' is clicked on

2019-04-20 12:03:48 - [TEST_STEP][PASSED] - delay(1): Delayed 1 second(s)

2019-04-20 12:03:49 - [MESSAGE][PASSED] - Delayed 1 second(s)

2019-04-20 12:03:49 - [TEST_STEP][PASSED] - setText(findTestObject("NEWSPYIDS/Page_Opend/input_CPL Payout Price_payout_"), "1"): Text '1' is set on object 'Object Repository/NEWSPYIDS/Page_Opend/input_CPL Payout Price_payout_'

2019-04-20 12:03:49 - [MESSAGE][PASSED] - Text '1' is set on object 'Object Repository/NEWSPYIDS/Page_Opend/input_CPL Payout Price_payout_'

2019-04-20 12:03:49 - [TEST_STEP][PASSED] - delay(5): Delayed 5 second(s)

2019-04-20 12:03:54 - [MESSAGE][PASSED] - Delayed 5 second(s)

2019-04-20 12:03:54 - [TEST_STEP][PASSED] - click(findTestObject("Object Repository/NEWOPENDCPM/Page_Opend/button_Proceed")): Object: 'Object Repository/NEWOPENDCPM/Page_Opend/button_Proceed' is clicked on

2019-04-20 12:03:55 - [MESSAGE][PASSED] - Object: 'Object Repository/NEWOPENDCPM/Page_Opend/button_Proceed' is clicked on

2019-04-20 12:03:55 - [TEST_STEP][PASSED] - delay(5): Delayed 5 second(s)

2019-04-20 12:04:00 - [MESSAGE][PASSED] - Delayed 5 second(s)

2019-04-20 12:04:00 - [TEST_STEP][PASSED] - setText(findTestObject("Object Repository/NEWOPENDCPM/Page_Opend/input_Subject Line_subjectone"), "GOOD MORNING TA"): Text 'GOOD MORNING TA' is set on object 'Object Repository/NEWOPENDCPM/Page_Opend/input_Subject Line_subjectone'

2019-04-20 12:04:00 - [MESSAGE][PASSED] - Text 'GOOD MORNING TA' is set on object 'Object Repository/NEWOPENDCPM/Page_Opend/input_Subject Line_subjectone'

2019-04-20 12:04:00 - [TEST_STEP][PASSED] - delay(5): Delayed 5 second(s)

2019-04-20 12:04:05 - [MESSAGE][PASSED] - Delayed 5 second(s)

2019-04-20 12:04:05 - [TEST_STEP][PASSED] - click(findTestObject("newidsfromspy/Page_Opend/input_From Creatives_uploadBtn")): Object: 'Object Repository/newidsfromspy/Page_Opend/input_From Creatives_uploadBtn' is clicked on

2019-04-20 12:04:06 - [MESSAGE][PASSED] - Object: 'Object Repository/newidsfromspy/Page_Opend/input_From Creatives_uploadBtn' is clicked on

2019-04-20 12:04:06 - [TEST_STEP][PASSED] - delay(5): Delayed 5 second(s)

2019-04-20 12:04:11 - [MESSAGE][PASSED] - Delayed 5 second(s)

2019-04-20 12:04:11 - [TEST_STEP][PASSED] - click(findTestObject("Object Repository/NEWOPENDCPM/Page_Opend/button_Select")): Object: 'Object Repository/NEWOPENDCPM/Page_Opend/button_Select' is clicked on

2019-04-20 12:04:11 - [MESSAGE][PASSED] - Object: 'Object Repository/NEWOPENDCPM/Page_Opend/button_Select' is clicked on

2019-04-20 12:04:11 - [TEST_STEP][PASSED] - delay(5): Delayed 5 second(s)

2019-04-20 12:04:16 - [MESSAGE][PASSED] - Delayed 5 second(s)

2019-04-20 12:04:16 - [TEST_STEP][PASSED] - click(findTestObject("NEWOPENDCPM/Step2prcdbtn")): Object: 'Object Repository/NEWOPENDCPM/Step2prcdbtn' is clicked on

2019-04-20 12:04:17 - [MESSAGE][PASSED] - Object: 'Object Repository/NEWOPENDCPM/Step2prcdbtn' is clicked on

2019-04-20 12:04:17 - [TEST_STEP][PASSED] - delay(5): Delayed 5 second(s)

2019-04-20 12:04:22 - [MESSAGE][PASSED] - Delayed 5 second(s)

2019-04-20 12:04:22 - [TEST_STEP][PASSED] - click(findTestObject("NEWOPENDCPM/step3prcdbrn")): Object: 'Object Repository/NEWOPENDCPM/step3prcdbrn' is clicked on

2019-04-20 12:04:23 - [MESSAGE][PASSED] - Object: 'Object Repository/NEWOPENDCPM/step3prcdbrn' is clicked on

2019-04-20 12:04:23 - [TEST_STEP][PASSED] - delay(5): Delayed 5 second(s)

2019-04-20 12:04:28 - [MESSAGE][PASSED] - Delayed 5 second(s)

2019-04-20 12:04:28 - [TEST_STEP][NOT_RUN] - click(findTestObject("NEWOPENDCPM/Startcampbtn")): NOT_RUN: click(findTestObject("NEWOPENDCPM/Startcampbtn"))

2019-04-20 12:04:28 - [MESSAGE][NOT_RUN] - NOT_RUN: click(findTestObject("NEWOPENDCPM/Startcampbtn"))

2019-04-20 12:04:28 - [TEST_STEP][PASSED] - delay(8): Delayed 8 second(s)

2019-04-20 12:04:36 - [MESSAGE][PASSED] - Delayed 8 second(s)

2019-04-20 12:04:36 - [TEST_STEP][PASSED] - closeBrowser(): Browser is closed

2019-04-20 12:04:37 - [MESSAGE][PASSED] - Browser is closed]]></system-out>
         <system-err><![CDATA[]]></system-err>
      </testcase>
      <system-out><![CDATA[2019-04-20 11:57:37 - [TEST_SUITE][PASSED] - TEST SUITE1: Test Cases/CREATE CPL CAMPAGN]]></system-out>
      <system-err><![CDATA[]]></system-err>
   </testsuite>
</testsuites>
