<?xml version="1.0" encoding="UTF-8"?>
<testsuites name="TEST SUITE1" time="376" tests="3" failures="0" errors="0">
   <testsuite name="TEST SUITE1" tests="3" failures="0" errors="0" time="376" timestamp="2019-04-20 10:01:28" hostname="activemac08 - activemc08simac" id="Test Suites/TEST SUITE1">
      <properties>
         <property name="deviceName" value=""/>
         <property name="devicePlatform" value=""/>
         <property name="logFolder" value="/Users/activemac08/git/KATALONOPENDPROJECT1/Reports/TEST SUITE1/20190420_100122"/>
         <property name="logFiles" value="/Users/activemac08/git/KATALONOPENDPROJECT1/Reports/TEST SUITE1/20190420_100122/execution0.log"/>
         <property name="attachments" value=""/>
         <property name="hostName" value="activemac08 - activemc08simac"/>
         <property name="os" value="Mac OS X 64bit"/>
         <property name="katalonVersion" value="6.1.0.1"/>
         <property name="browser" value="Firefox 66.0"/>
         <property name="hostAddress" value="192.168.1.20"/>
         <property name="sessionId" value="cca3dd20-c26b-2a4c-8975-644f69a6a577"/>
         <property name="seleniumVersion" value="3.7.1"/>
         <property name="proxyInformation" value="ProxyInformation{proxyOption=NO_PROXY, proxyServerType=HTTP, password=, proxyServerAddress=, proxyServerPort=0}"/>
         <property name="platform" value="Mac OS X"/>
      </properties>
      <testcase name="Test Cases/CREATING CPM CAMPAIGN" classname="Test Cases/CREATING CPM CAMPAIGN" status="PASSED">
         <system-out><![CDATA[2019-04-20 10:01:29 - [TEST_CASE][PASSED] - Test Cases/CREATING CPM CAMPAIGN: Test Cases/CREATING CPM CAMPAIGN

2019-04-20 10:01:30 - [TEST_STEP][PASSED] - openBrowser(""): Browser is opened with url: ''

2019-04-20 10:01:30 - [MESSAGE][INFO] - Starting 'Firefox' driver

2019-04-20 10:01:30 - [MESSAGE][INFO] - Action delay is set to 0 seconds

2019-04-20 10:01:37 - [MESSAGE][PASSED] - Browser is opened with url: ''

2019-04-20 10:01:37 - [TEST_STEP][PASSED] - navigateToUrl("http://campaignsopend.techactive.tk/#/admin_login"): Navigate to 'http://campaignsopend.techactive.tk/#/admin_login' successfully

2019-04-20 10:01:40 - [MESSAGE][PASSED] - Navigate to 'http://campaignsopend.techactive.tk/#/admin_login' successfully

2019-04-20 10:01:40 - [TEST_STEP][PASSED] - delay(5): Delayed 5 second(s)

2019-04-20 10:01:45 - [MESSAGE][PASSED] - Delayed 5 second(s)

2019-04-20 10:01:45 - [TEST_STEP][PASSED] - setText(findTestObject("Object Repository/NEWOPENDCPM/Page_Opend/input_Admin Login_email_id"), "admin@opend.com"): Text 'admin@opend.com' is set on object 'Object Repository/NEWOPENDCPM/Page_Opend/input_Admin Login_email_id'

2019-04-20 10:01:45 - [MESSAGE][PASSED] - Text 'admin@opend.com' is set on object 'Object Repository/NEWOPENDCPM/Page_Opend/input_Admin Login_email_id'

2019-04-20 10:01:45 - [TEST_STEP][PASSED] - setEncryptedText(findTestObject("Object Repository/NEWOPENDCPM/Page_Opend/input_Admin Login_password"), "4nvbrPglk7k="): Text ****** has been set on object 'Object Repository/NEWOPENDCPM/Page_Opend/input_Admin Login_password'

2019-04-20 10:01:46 - [MESSAGE][PASSED] - Text ****** has been set on object 'Object Repository/NEWOPENDCPM/Page_Opend/input_Admin Login_password'

2019-04-20 10:01:46 - [TEST_STEP][PASSED] - click(findTestObject("Object Repository/NEWOPENDCPM/Page_Opend/button_Sign In")): Object: 'Object Repository/NEWOPENDCPM/Page_Opend/button_Sign In' is clicked on

2019-04-20 10:01:46 - [MESSAGE][PASSED] - Object: 'Object Repository/NEWOPENDCPM/Page_Opend/button_Sign In' is clicked on

2019-04-20 10:01:46 - [TEST_STEP][PASSED] - delay(5): Delayed 5 second(s)

2019-04-20 10:01:51 - [MESSAGE][PASSED] - Delayed 5 second(s)

2019-04-20 10:01:51 - [TEST_STEP][PASSED] - click(findTestObject("Object Repository/NEWOPENDCPM/Page_Opend/a_Campaigns")): Object: 'Object Repository/NEWOPENDCPM/Page_Opend/a_Campaigns' is clicked on

2019-04-20 10:01:51 - [MESSAGE][PASSED] - Object: 'Object Repository/NEWOPENDCPM/Page_Opend/a_Campaigns' is clicked on

2019-04-20 10:01:51 - [TEST_STEP][PASSED] - delay(5): Delayed 5 second(s)

2019-04-20 10:01:56 - [MESSAGE][PASSED] - Delayed 5 second(s)

2019-04-20 10:01:56 - [TEST_STEP][PASSED] - click(findTestObject("Object Repository/NEWOPENDCPM/Page_Opend/a_Start New Campaign")): Object: 'Object Repository/NEWOPENDCPM/Page_Opend/a_Start New Campaign' is clicked on

2019-04-20 10:01:57 - [MESSAGE][PASSED] - Object: 'Object Repository/NEWOPENDCPM/Page_Opend/a_Start New Campaign' is clicked on

2019-04-20 10:01:57 - [TEST_STEP][PASSED] - delay(5): Delayed 5 second(s)

2019-04-20 10:02:02 - [MESSAGE][PASSED] - Delayed 5 second(s)

2019-04-20 10:02:02 - [TEST_STEP][PASSED] - selectOptionByValue(findTestObject("Object Repository/NEWOPENDCPM/Page_Opend/select_Please Select Advertise"), "2", true): All options with value '2' are selected in object 'Object Repository/NEWOPENDCPM/Page_Opend/select_Please Select Advertise'  using regular expression

2019-04-20 10:02:03 - [MESSAGE][PASSED] - All options with value '2' are selected in object 'Object Repository/NEWOPENDCPM/Page_Opend/select_Please Select Advertise'  using regular expression

2019-04-20 10:02:03 - [TEST_STEP][PASSED] - delay(3): Delayed 3 second(s)

2019-04-20 10:02:06 - [MESSAGE][PASSED] - Delayed 3 second(s)

2019-04-20 10:02:06 - [TEST_STEP][PASSED] - setText(findTestObject("Object Repository/NEWOPENDCPM/Page_Opend/input_Campaign Name_camp_name_"), "TEST CAMPAIGN 3"): Text 'TEST CAMPAIGN 3' is set on object 'Object Repository/NEWOPENDCPM/Page_Opend/input_Campaign Name_camp_name_'

2019-04-20 10:02:06 - [MESSAGE][PASSED] - Text 'TEST CAMPAIGN 3' is set on object 'Object Repository/NEWOPENDCPM/Page_Opend/input_Campaign Name_camp_name_'

2019-04-20 10:02:06 - [TEST_STEP][PASSED] - delay(2): Delayed 2 second(s)

2019-04-20 10:02:08 - [MESSAGE][PASSED] - Delayed 2 second(s)

2019-04-20 10:02:08 - [TEST_STEP][PASSED] - click(findTestObject("Object Repository/NEWOPENDCPM/Page_Opend/label_Normal charges")): Object: 'Object Repository/NEWOPENDCPM/Page_Opend/label_Normal charges' is clicked on

2019-04-20 10:02:08 - [MESSAGE][PASSED] - Object: 'Object Repository/NEWOPENDCPM/Page_Opend/label_Normal charges' is clicked on

2019-04-20 10:02:08 - [TEST_STEP][PASSED] - delay(2): Delayed 2 second(s)

2019-04-20 10:02:10 - [MESSAGE][PASSED] - Delayed 2 second(s)

2019-04-20 10:02:10 - [TEST_STEP][PASSED] - selectOptionByValue(findTestObject("Object Repository/NEWOPENDCPM/Page_Opend/select_Please Select Audience"), "2", true): All options with value '2' are selected in object 'Object Repository/NEWOPENDCPM/Page_Opend/select_Please Select Audience'  using regular expression

2019-04-20 10:02:11 - [MESSAGE][PASSED] - All options with value '2' are selected in object 'Object Repository/NEWOPENDCPM/Page_Opend/select_Please Select Audience'  using regular expression

2019-04-20 10:02:11 - [TEST_STEP][PASSED] - delay(3): Delayed 3 second(s)

2019-04-20 10:02:14 - [MESSAGE][PASSED] - Delayed 3 second(s)

2019-04-20 10:02:14 - [TEST_STEP][PASSED] - click(findTestObject("newidsfromspy/Page_Opend/input_Campaign Category_valida")): Object: 'Object Repository/newidsfromspy/Page_Opend/input_Campaign Category_valida' is clicked on

2019-04-20 10:02:14 - [MESSAGE][PASSED] - Object: 'Object Repository/newidsfromspy/Page_Opend/input_Campaign Category_valida' is clicked on

2019-04-20 10:02:14 - [TEST_STEP][PASSED] - delay(3): Delayed 3 second(s)

2019-04-20 10:02:17 - [MESSAGE][PASSED] - Delayed 3 second(s)

2019-04-20 10:02:17 - [TEST_STEP][PASSED] - click(findTestObject("newidsfromspy/Page_Opend/label_fashion")): Object: 'Object Repository/newidsfromspy/Page_Opend/label_fashion' is clicked on

2019-04-20 10:02:18 - [MESSAGE][PASSED] - Object: 'Object Repository/newidsfromspy/Page_Opend/label_fashion' is clicked on

2019-04-20 10:02:18 - [TEST_STEP][PASSED] - delay(3): Delayed 3 second(s)

2019-04-20 10:02:21 - [MESSAGE][PASSED] - Delayed 3 second(s)

2019-04-20 10:02:21 - [TEST_STEP][PASSED] - click(findTestObject("Object Repository/NEWOPENDCPM/Page_Opend/button_Select")): Object: 'Object Repository/NEWOPENDCPM/Page_Opend/button_Select' is clicked on

2019-04-20 10:02:21 - [MESSAGE][PASSED] - Object: 'Object Repository/NEWOPENDCPM/Page_Opend/button_Select' is clicked on

2019-04-20 10:02:21 - [TEST_STEP][PASSED] - delay(3): Delayed 3 second(s)

2019-04-20 10:02:24 - [MESSAGE][PASSED] - Delayed 3 second(s)

2019-04-20 10:02:24 - [TEST_STEP][PASSED] - click(findTestObject("newidsfromspy/Page_Opend/input_Audience Interests_valid")): Object: 'Object Repository/newidsfromspy/Page_Opend/input_Audience Interests_valid' is clicked on

2019-04-20 10:02:25 - [MESSAGE][PASSED] - Object: 'Object Repository/newidsfromspy/Page_Opend/input_Audience Interests_valid' is clicked on

2019-04-20 10:02:25 - [TEST_STEP][PASSED] - delay(3): Delayed 3 second(s)

2019-04-20 10:02:28 - [MESSAGE][PASSED] - Delayed 3 second(s)

2019-04-20 10:02:28 - [TEST_STEP][PASSED] - click(findTestObject("newidsfromspy/Page_Opend/label_Party wear")): Object: 'Object Repository/newidsfromspy/Page_Opend/label_Party wear' is clicked on

2019-04-20 10:02:28 - [MESSAGE][PASSED] - Object: 'Object Repository/newidsfromspy/Page_Opend/label_Party wear' is clicked on

2019-04-20 10:02:28 - [TEST_STEP][PASSED] - delay(2): Delayed 2 second(s)

2019-04-20 10:02:30 - [MESSAGE][PASSED] - Delayed 2 second(s)

2019-04-20 10:02:30 - [TEST_STEP][PASSED] - click(findTestObject("newidsfromspy/Page_Opend/label_Kidz Wear")): Object: 'Object Repository/newidsfromspy/Page_Opend/label_Kidz Wear' is clicked on

2019-04-20 10:02:30 - [MESSAGE][PASSED] - Object: 'Object Repository/newidsfromspy/Page_Opend/label_Kidz Wear' is clicked on

2019-04-20 10:02:30 - [TEST_STEP][PASSED] - delay(5): Delayed 5 second(s)

2019-04-20 10:02:35 - [MESSAGE][PASSED] - Delayed 5 second(s)

2019-04-20 10:02:35 - [TEST_STEP][PASSED] - click(findTestObject("newidsfromspy/Page_Opend/AIselectbtn")): Object: 'Object Repository/newidsfromspy/Page_Opend/AIselectbtn' is clicked on

2019-04-20 10:02:36 - [MESSAGE][PASSED] - Object: 'Object Repository/newidsfromspy/Page_Opend/AIselectbtn' is clicked on

2019-04-20 10:02:36 - [TEST_STEP][PASSED] - delay(3): Delayed 3 second(s)

2019-04-20 10:02:39 - [MESSAGE][PASSED] - Delayed 3 second(s)

2019-04-20 10:02:39 - [TEST_STEP][PASSED] - click(findTestObject("newidsfromspy/Page_Opend/input_Select Publisher_validat")): Object: 'Object Repository/newidsfromspy/Page_Opend/input_Select Publisher_validat' is clicked on

2019-04-20 10:02:39 - [MESSAGE][PASSED] - Object: 'Object Repository/newidsfromspy/Page_Opend/input_Select Publisher_validat' is clicked on

2019-04-20 10:02:39 - [TEST_STEP][PASSED] - delay(3): Delayed 3 second(s)

2019-04-20 10:02:42 - [MESSAGE][PASSED] - Delayed 3 second(s)

2019-04-20 10:02:42 - [TEST_STEP][PASSED] - click(findTestObject("Object Repository/NEWOPENDCPM/Page_Opend/label_Jack")): Object: 'Object Repository/NEWOPENDCPM/Page_Opend/label_Jack' is clicked on

2019-04-20 10:02:42 - [MESSAGE][PASSED] - Object: 'Object Repository/NEWOPENDCPM/Page_Opend/label_Jack' is clicked on

2019-04-20 10:02:42 - [TEST_STEP][PASSED] - delay(3): Delayed 3 second(s)

2019-04-20 10:02:45 - [MESSAGE][PASSED] - Delayed 3 second(s)

2019-04-20 10:02:45 - [TEST_STEP][PASSED] - click(findTestObject("newidsfromspy/Page_Opend/Pubselectbtn")): Object: 'Object Repository/newidsfromspy/Page_Opend/Pubselectbtn' is clicked on

2019-04-20 10:02:46 - [MESSAGE][PASSED] - Object: 'Object Repository/newidsfromspy/Page_Opend/Pubselectbtn' is clicked on

2019-04-20 10:02:46 - [TEST_STEP][PASSED] - delay(3): Delayed 3 second(s)

2019-04-20 10:02:49 - [MESSAGE][PASSED] - Delayed 3 second(s)

2019-04-20 10:02:49 - [TEST_STEP][PASSED] - click(findTestObject("NEWSPYIDS/Page_Opend/label_Normal charges")): Object: 'Object Repository/NEWSPYIDS/Page_Opend/label_Normal charges' is clicked on

2019-04-20 10:02:49 - [MESSAGE][PASSED] - Object: 'Object Repository/NEWSPYIDS/Page_Opend/label_Normal charges' is clicked on

2019-04-20 10:02:49 - [TEST_STEP][PASSED] - delay(5): Delayed 5 second(s)

2019-04-20 10:02:54 - [MESSAGE][PASSED] - Delayed 5 second(s)

2019-04-20 10:02:54 - [TEST_STEP][PASSED] - click(findTestObject("Object Repository/NEWOPENDCPM/Page_Opend/button_Proceed")): Object: 'Object Repository/NEWOPENDCPM/Page_Opend/button_Proceed' is clicked on

2019-04-20 10:02:55 - [MESSAGE][PASSED] - Object: 'Object Repository/NEWOPENDCPM/Page_Opend/button_Proceed' is clicked on

2019-04-20 10:02:55 - [TEST_STEP][PASSED] - delay(5): Delayed 5 second(s)

2019-04-20 10:03:00 - [MESSAGE][PASSED] - Delayed 5 second(s)

2019-04-20 10:03:00 - [TEST_STEP][PASSED] - setText(findTestObject("Object Repository/NEWOPENDCPM/Page_Opend/input_Subject Line_subjectone"), "GOOD MORNING "): Text 'GOOD MORNING ' is set on object 'Object Repository/NEWOPENDCPM/Page_Opend/input_Subject Line_subjectone'

2019-04-20 10:03:00 - [MESSAGE][PASSED] - Text 'GOOD MORNING ' is set on object 'Object Repository/NEWOPENDCPM/Page_Opend/input_Subject Line_subjectone'

2019-04-20 10:03:00 - [TEST_STEP][PASSED] - delay(5): Delayed 5 second(s)

2019-04-20 10:03:05 - [MESSAGE][PASSED] - Delayed 5 second(s)

2019-04-20 10:03:05 - [TEST_STEP][PASSED] - click(findTestObject("newidsfromspy/Page_Opend/input_From Creatives_uploadBtn")): Object: 'Object Repository/newidsfromspy/Page_Opend/input_From Creatives_uploadBtn' is clicked on

2019-04-20 10:03:05 - [MESSAGE][PASSED] - Object: 'Object Repository/newidsfromspy/Page_Opend/input_From Creatives_uploadBtn' is clicked on

2019-04-20 10:03:05 - [TEST_STEP][PASSED] - delay(5): Delayed 5 second(s)

2019-04-20 10:03:10 - [MESSAGE][PASSED] - Delayed 5 second(s)

2019-04-20 10:03:10 - [TEST_STEP][PASSED] - click(findTestObject("Object Repository/NEWOPENDCPM/Page_Opend/button_Select")): Object: 'Object Repository/NEWOPENDCPM/Page_Opend/button_Select' is clicked on

2019-04-20 10:03:11 - [MESSAGE][PASSED] - Object: 'Object Repository/NEWOPENDCPM/Page_Opend/button_Select' is clicked on

2019-04-20 10:03:11 - [TEST_STEP][PASSED] - delay(5): Delayed 5 second(s)

2019-04-20 10:03:16 - [MESSAGE][PASSED] - Delayed 5 second(s)

2019-04-20 10:03:16 - [TEST_STEP][PASSED] - click(findTestObject("NEWOPENDCPM/Step2prcdbtn")): Object: 'Object Repository/NEWOPENDCPM/Step2prcdbtn' is clicked on

2019-04-20 10:03:16 - [MESSAGE][PASSED] - Object: 'Object Repository/NEWOPENDCPM/Step2prcdbtn' is clicked on

2019-04-20 10:03:16 - [TEST_STEP][PASSED] - delay(5): Delayed 5 second(s)

2019-04-20 10:03:21 - [MESSAGE][PASSED] - Delayed 5 second(s)

2019-04-20 10:03:21 - [TEST_STEP][PASSED] - click(findTestObject("NEWOPENDCPM/step3prcdbrn")): Object: 'Object Repository/NEWOPENDCPM/step3prcdbrn' is clicked on

2019-04-20 10:03:22 - [MESSAGE][PASSED] - Object: 'Object Repository/NEWOPENDCPM/step3prcdbrn' is clicked on

2019-04-20 10:03:22 - [TEST_STEP][PASSED] - delay(5): Delayed 5 second(s)

2019-04-20 10:03:27 - [MESSAGE][PASSED] - Delayed 5 second(s)

2019-04-20 10:03:27 - [TEST_STEP][PASSED] - click(findTestObject("NEWOPENDCPM/Startcampbtn")): Object: 'Object Repository/NEWOPENDCPM/Startcampbtn' is clicked on

2019-04-20 10:03:27 - [MESSAGE][PASSED] - Object: 'Object Repository/NEWOPENDCPM/Startcampbtn' is clicked on

2019-04-20 10:03:27 - [TEST_STEP][PASSED] - delay(8): Delayed 8 second(s)

2019-04-20 10:03:35 - [MESSAGE][PASSED] - Delayed 8 second(s)

2019-04-20 10:03:35 - [TEST_STEP][PASSED] - closeBrowser(): Browser is closed

2019-04-20 10:03:36 - [MESSAGE][PASSED] - Browser is closed]]></system-out>
         <system-err><![CDATA[]]></system-err>
      </testcase>
      <testcase name="Test Cases/CREATING CPO CAMPAIGN" classname="Test Cases/CREATING CPO CAMPAIGN" status="PASSED">
         <system-out><![CDATA[2019-04-20 10:03:36 - [TEST_CASE][PASSED] - Test Cases/CREATING CPO CAMPAIGN: Test Cases/CREATING CPO CAMPAIGN

2019-04-20 10:03:37 - [TEST_STEP][PASSED] - openBrowser(""): Browser is opened with url: ''

2019-04-20 10:03:37 - [MESSAGE][INFO] - Starting 'Firefox' driver

2019-04-20 10:03:41 - [MESSAGE][PASSED] - Browser is opened with url: ''

2019-04-20 10:03:41 - [TEST_STEP][PASSED] - navigateToUrl("http://campaignsopend.techactive.tk/#/admin_login"): Navigate to 'http://campaignsopend.techactive.tk/#/admin_login' successfully

2019-04-20 10:03:45 - [MESSAGE][PASSED] - Navigate to 'http://campaignsopend.techactive.tk/#/admin_login' successfully

2019-04-20 10:03:45 - [TEST_STEP][PASSED] - setText(findTestObject("Object Repository/NEWOPENDCPM/Page_Opend/input_Admin Login_email_id"), "admin@opend.com"): Text 'admin@opend.com' is set on object 'Object Repository/NEWOPENDCPM/Page_Opend/input_Admin Login_email_id'

2019-04-20 10:03:47 - [MESSAGE][PASSED] - Text 'admin@opend.com' is set on object 'Object Repository/NEWOPENDCPM/Page_Opend/input_Admin Login_email_id'

2019-04-20 10:03:47 - [TEST_STEP][PASSED] - setEncryptedText(findTestObject("Object Repository/NEWOPENDCPM/Page_Opend/input_Admin Login_password"), "4nvbrPglk7k="): Text ****** has been set on object 'Object Repository/NEWOPENDCPM/Page_Opend/input_Admin Login_password'

2019-04-20 10:03:47 - [MESSAGE][PASSED] - Text ****** has been set on object 'Object Repository/NEWOPENDCPM/Page_Opend/input_Admin Login_password'

2019-04-20 10:03:47 - [TEST_STEP][PASSED] - click(findTestObject("Object Repository/NEWOPENDCPM/Page_Opend/button_Sign In")): Object: 'Object Repository/NEWOPENDCPM/Page_Opend/button_Sign In' is clicked on

2019-04-20 10:03:47 - [MESSAGE][PASSED] - Object: 'Object Repository/NEWOPENDCPM/Page_Opend/button_Sign In' is clicked on

2019-04-20 10:03:47 - [TEST_STEP][PASSED] - delay(5): Delayed 5 second(s)

2019-04-20 10:03:52 - [MESSAGE][PASSED] - Delayed 5 second(s)

2019-04-20 10:03:52 - [TEST_STEP][PASSED] - click(findTestObject("Object Repository/NEWOPENDCPM/Page_Opend/a_Campaigns")): Object: 'Object Repository/NEWOPENDCPM/Page_Opend/a_Campaigns' is clicked on

2019-04-20 10:03:53 - [MESSAGE][PASSED] - Object: 'Object Repository/NEWOPENDCPM/Page_Opend/a_Campaigns' is clicked on

2019-04-20 10:03:53 - [TEST_STEP][PASSED] - delay(5): Delayed 5 second(s)

2019-04-20 10:03:58 - [MESSAGE][PASSED] - Delayed 5 second(s)

2019-04-20 10:03:58 - [TEST_STEP][PASSED] - click(findTestObject("Object Repository/NEWOPENDCPM/Page_Opend/a_Start New Campaign")): Object: 'Object Repository/NEWOPENDCPM/Page_Opend/a_Start New Campaign' is clicked on

2019-04-20 10:03:58 - [MESSAGE][PASSED] - Object: 'Object Repository/NEWOPENDCPM/Page_Opend/a_Start New Campaign' is clicked on

2019-04-20 10:03:58 - [TEST_STEP][PASSED] - delay(5): Delayed 5 second(s)

2019-04-20 10:04:03 - [MESSAGE][PASSED] - Delayed 5 second(s)

2019-04-20 10:04:03 - [TEST_STEP][PASSED] - selectOptionByValue(findTestObject("Object Repository/NEWOPENDCPM/Page_Opend/select_Please Select Advertise"), "2", true): All options with value '2' are selected in object 'Object Repository/NEWOPENDCPM/Page_Opend/select_Please Select Advertise'  using regular expression

2019-04-20 10:04:04 - [MESSAGE][PASSED] - All options with value '2' are selected in object 'Object Repository/NEWOPENDCPM/Page_Opend/select_Please Select Advertise'  using regular expression

2019-04-20 10:04:04 - [TEST_STEP][PASSED] - delay(3): Delayed 3 second(s)

2019-04-20 10:04:07 - [MESSAGE][PASSED] - Delayed 3 second(s)

2019-04-20 10:04:07 - [TEST_STEP][PASSED] - setText(findTestObject("Object Repository/NEWOPENDCPM/Page_Opend/input_Campaign Name_camp_name_"), "TEST CPO CAMPAIGN 2"): Text 'TEST CPO CAMPAIGN 2' is set on object 'Object Repository/NEWOPENDCPM/Page_Opend/input_Campaign Name_camp_name_'

2019-04-20 10:04:07 - [MESSAGE][PASSED] - Text 'TEST CPO CAMPAIGN 2' is set on object 'Object Repository/NEWOPENDCPM/Page_Opend/input_Campaign Name_camp_name_'

2019-04-20 10:04:07 - [TEST_STEP][PASSED] - delay(2): Delayed 2 second(s)

2019-04-20 10:04:09 - [MESSAGE][PASSED] - Delayed 2 second(s)

2019-04-20 10:04:09 - [TEST_STEP][PASSED] - click(findTestObject("Object Repository/NEWOPENDCPM/Page_Opend/label_Normal charges")): Object: 'Object Repository/NEWOPENDCPM/Page_Opend/label_Normal charges' is clicked on

2019-04-20 10:04:09 - [MESSAGE][PASSED] - Object: 'Object Repository/NEWOPENDCPM/Page_Opend/label_Normal charges' is clicked on

2019-04-20 10:04:09 - [TEST_STEP][PASSED] - click(findTestObject("NEWSPYIDS/Page_Opend/label_CPO")): Object: 'Object Repository/NEWSPYIDS/Page_Opend/label_CPO' is clicked on

2019-04-20 10:04:10 - [MESSAGE][PASSED] - Object: 'Object Repository/NEWSPYIDS/Page_Opend/label_CPO' is clicked on

2019-04-20 10:04:10 - [TEST_STEP][PASSED] - delay(2): Delayed 2 second(s)

2019-04-20 10:04:12 - [MESSAGE][PASSED] - Delayed 2 second(s)

2019-04-20 10:04:12 - [TEST_STEP][PASSED] - selectOptionByValue(findTestObject("Object Repository/NEWOPENDCPM/Page_Opend/select_Please Select Audience"), "2", true): All options with value '2' are selected in object 'Object Repository/NEWOPENDCPM/Page_Opend/select_Please Select Audience'  using regular expression

2019-04-20 10:04:12 - [MESSAGE][PASSED] - All options with value '2' are selected in object 'Object Repository/NEWOPENDCPM/Page_Opend/select_Please Select Audience'  using regular expression

2019-04-20 10:04:12 - [TEST_STEP][PASSED] - delay(3): Delayed 3 second(s)

2019-04-20 10:04:15 - [MESSAGE][PASSED] - Delayed 3 second(s)

2019-04-20 10:04:15 - [TEST_STEP][PASSED] - click(findTestObject("newidsfromspy/Page_Opend/input_Campaign Category_valida")): Object: 'Object Repository/newidsfromspy/Page_Opend/input_Campaign Category_valida' is clicked on

2019-04-20 10:04:15 - [MESSAGE][PASSED] - Object: 'Object Repository/newidsfromspy/Page_Opend/input_Campaign Category_valida' is clicked on

2019-04-20 10:04:15 - [TEST_STEP][PASSED] - delay(3): Delayed 3 second(s)

2019-04-20 10:04:18 - [MESSAGE][PASSED] - Delayed 3 second(s)

2019-04-20 10:04:18 - [TEST_STEP][PASSED] - click(findTestObject("newidsfromspy/Page_Opend/label_fashion")): Object: 'Object Repository/newidsfromspy/Page_Opend/label_fashion' is clicked on

2019-04-20 10:04:19 - [MESSAGE][PASSED] - Object: 'Object Repository/newidsfromspy/Page_Opend/label_fashion' is clicked on

2019-04-20 10:04:19 - [TEST_STEP][PASSED] - delay(3): Delayed 3 second(s)

2019-04-20 10:04:22 - [MESSAGE][PASSED] - Delayed 3 second(s)

2019-04-20 10:04:22 - [TEST_STEP][PASSED] - click(findTestObject("Object Repository/NEWOPENDCPM/Page_Opend/button_Select")): Object: 'Object Repository/NEWOPENDCPM/Page_Opend/button_Select' is clicked on

2019-04-20 10:04:22 - [MESSAGE][PASSED] - Object: 'Object Repository/NEWOPENDCPM/Page_Opend/button_Select' is clicked on

2019-04-20 10:04:22 - [TEST_STEP][PASSED] - delay(3): Delayed 3 second(s)

2019-04-20 10:04:25 - [MESSAGE][PASSED] - Delayed 3 second(s)

2019-04-20 10:04:25 - [TEST_STEP][PASSED] - click(findTestObject("newidsfromspy/Page_Opend/input_Audience Interests_valid")): Object: 'Object Repository/newidsfromspy/Page_Opend/input_Audience Interests_valid' is clicked on

2019-04-20 10:04:25 - [MESSAGE][PASSED] - Object: 'Object Repository/newidsfromspy/Page_Opend/input_Audience Interests_valid' is clicked on

2019-04-20 10:04:25 - [TEST_STEP][PASSED] - delay(3): Delayed 3 second(s)

2019-04-20 10:04:28 - [MESSAGE][PASSED] - Delayed 3 second(s)

2019-04-20 10:04:28 - [TEST_STEP][PASSED] - click(findTestObject("newidsfromspy/Page_Opend/label_Party wear")): Object: 'Object Repository/newidsfromspy/Page_Opend/label_Party wear' is clicked on

2019-04-20 10:04:29 - [MESSAGE][PASSED] - Object: 'Object Repository/newidsfromspy/Page_Opend/label_Party wear' is clicked on

2019-04-20 10:04:29 - [TEST_STEP][PASSED] - delay(2): Delayed 2 second(s)

2019-04-20 10:04:31 - [MESSAGE][PASSED] - Delayed 2 second(s)

2019-04-20 10:04:31 - [TEST_STEP][PASSED] - click(findTestObject("newidsfromspy/Page_Opend/label_Kidz Wear")): Object: 'Object Repository/newidsfromspy/Page_Opend/label_Kidz Wear' is clicked on

2019-04-20 10:04:31 - [MESSAGE][PASSED] - Object: 'Object Repository/newidsfromspy/Page_Opend/label_Kidz Wear' is clicked on

2019-04-20 10:04:31 - [TEST_STEP][PASSED] - delay(5): Delayed 5 second(s)

2019-04-20 10:04:36 - [MESSAGE][PASSED] - Delayed 5 second(s)

2019-04-20 10:04:36 - [TEST_STEP][PASSED] - click(findTestObject("newidsfromspy/Page_Opend/AIselectbtn")): Object: 'Object Repository/newidsfromspy/Page_Opend/AIselectbtn' is clicked on

2019-04-20 10:04:36 - [MESSAGE][PASSED] - Object: 'Object Repository/newidsfromspy/Page_Opend/AIselectbtn' is clicked on

2019-04-20 10:04:36 - [TEST_STEP][PASSED] - delay(3): Delayed 3 second(s)

2019-04-20 10:04:39 - [MESSAGE][PASSED] - Delayed 3 second(s)

2019-04-20 10:04:39 - [TEST_STEP][PASSED] - setText(findTestObject("NEWSPYIDS/Page_Opend/input_CPO price_cplprice"), "2"): Text '2' is set on object 'Object Repository/NEWSPYIDS/Page_Opend/input_CPO price_cplprice'

2019-04-20 10:04:39 - [MESSAGE][PASSED] - Text '2' is set on object 'Object Repository/NEWSPYIDS/Page_Opend/input_CPO price_cplprice'

2019-04-20 10:04:39 - [TEST_STEP][PASSED] - delay(2): Delayed 2 second(s)

2019-04-20 10:04:41 - [MESSAGE][PASSED] - Delayed 2 second(s)

2019-04-20 10:04:41 - [TEST_STEP][PASSED] - click(findTestObject("newidsfromspy/Page_Opend/input_Select Publisher_validat")): Object: 'Object Repository/newidsfromspy/Page_Opend/input_Select Publisher_validat' is clicked on

2019-04-20 10:04:42 - [MESSAGE][PASSED] - Object: 'Object Repository/newidsfromspy/Page_Opend/input_Select Publisher_validat' is clicked on

2019-04-20 10:04:42 - [TEST_STEP][PASSED] - delay(3): Delayed 3 second(s)

2019-04-20 10:04:45 - [MESSAGE][PASSED] - Delayed 3 second(s)

2019-04-20 10:04:45 - [TEST_STEP][PASSED] - click(findTestObject("Object Repository/NEWOPENDCPM/Page_Opend/label_Jack")): Object: 'Object Repository/NEWOPENDCPM/Page_Opend/label_Jack' is clicked on

2019-04-20 10:04:45 - [MESSAGE][PASSED] - Object: 'Object Repository/NEWOPENDCPM/Page_Opend/label_Jack' is clicked on

2019-04-20 10:04:45 - [TEST_STEP][PASSED] - delay(3): Delayed 3 second(s)

2019-04-20 10:04:48 - [MESSAGE][PASSED] - Delayed 3 second(s)

2019-04-20 10:04:48 - [TEST_STEP][PASSED] - click(findTestObject("newidsfromspy/Page_Opend/Pubselectbtn")): Object: 'Object Repository/newidsfromspy/Page_Opend/Pubselectbtn' is clicked on

2019-04-20 10:04:48 - [MESSAGE][PASSED] - Object: 'Object Repository/newidsfromspy/Page_Opend/Pubselectbtn' is clicked on

2019-04-20 10:04:48 - [TEST_STEP][PASSED] - delay(3): Delayed 3 second(s)

2019-04-20 10:04:51 - [MESSAGE][PASSED] - Delayed 3 second(s)

2019-04-20 10:04:51 - [TEST_STEP][PASSED] - click(findTestObject("NEWSPYIDS/Page_Opend/label_Normal charges")): Object: 'Object Repository/NEWSPYIDS/Page_Opend/label_Normal charges' is clicked on

2019-04-20 10:04:52 - [MESSAGE][PASSED] - Object: 'Object Repository/NEWSPYIDS/Page_Opend/label_Normal charges' is clicked on

2019-04-20 10:04:52 - [TEST_STEP][PASSED] - delay(1): Delayed 1 second(s)

2019-04-20 10:04:53 - [MESSAGE][PASSED] - Delayed 1 second(s)

2019-04-20 10:04:53 - [TEST_STEP][PASSED] - setText(findTestObject("NEWSPYIDS/Page_Opend/input_CPO Payout Price_payout_"), "1"): Text '1' is set on object 'Object Repository/NEWSPYIDS/Page_Opend/input_CPO Payout Price_payout_'

2019-04-20 10:04:53 - [MESSAGE][PASSED] - Text '1' is set on object 'Object Repository/NEWSPYIDS/Page_Opend/input_CPO Payout Price_payout_'

2019-04-20 10:04:53 - [TEST_STEP][PASSED] - delay(5): Delayed 5 second(s)

2019-04-20 10:04:58 - [MESSAGE][PASSED] - Delayed 5 second(s)

2019-04-20 10:04:58 - [TEST_STEP][PASSED] - click(findTestObject("Object Repository/NEWOPENDCPM/Page_Opend/button_Proceed")): Object: 'Object Repository/NEWOPENDCPM/Page_Opend/button_Proceed' is clicked on

2019-04-20 10:04:58 - [MESSAGE][PASSED] - Object: 'Object Repository/NEWOPENDCPM/Page_Opend/button_Proceed' is clicked on

2019-04-20 10:04:58 - [TEST_STEP][PASSED] - delay(5): Delayed 5 second(s)

2019-04-20 10:05:03 - [MESSAGE][PASSED] - Delayed 5 second(s)

2019-04-20 10:05:03 - [TEST_STEP][PASSED] - setText(findTestObject("Object Repository/NEWOPENDCPM/Page_Opend/input_Subject Line_subjectone"), "GOOD Morning "): Text 'GOOD Morning ' is set on object 'Object Repository/NEWOPENDCPM/Page_Opend/input_Subject Line_subjectone'

2019-04-20 10:05:04 - [MESSAGE][PASSED] - Text 'GOOD Morning ' is set on object 'Object Repository/NEWOPENDCPM/Page_Opend/input_Subject Line_subjectone'

2019-04-20 10:05:04 - [TEST_STEP][PASSED] - delay(5): Delayed 5 second(s)

2019-04-20 10:05:09 - [MESSAGE][PASSED] - Delayed 5 second(s)

2019-04-20 10:05:09 - [TEST_STEP][PASSED] - click(findTestObject("newidsfromspy/Page_Opend/input_From Creatives_uploadBtn")): Object: 'Object Repository/newidsfromspy/Page_Opend/input_From Creatives_uploadBtn' is clicked on

2019-04-20 10:05:09 - [MESSAGE][PASSED] - Object: 'Object Repository/newidsfromspy/Page_Opend/input_From Creatives_uploadBtn' is clicked on

2019-04-20 10:05:09 - [TEST_STEP][PASSED] - delay(5): Delayed 5 second(s)

2019-04-20 10:05:14 - [MESSAGE][PASSED] - Delayed 5 second(s)

2019-04-20 10:05:14 - [TEST_STEP][PASSED] - click(findTestObject("Object Repository/NEWOPENDCPM/Page_Opend/button_Select")): Object: 'Object Repository/NEWOPENDCPM/Page_Opend/button_Select' is clicked on

2019-04-20 10:05:14 - [MESSAGE][PASSED] - Object: 'Object Repository/NEWOPENDCPM/Page_Opend/button_Select' is clicked on

2019-04-20 10:05:14 - [TEST_STEP][PASSED] - delay(5): Delayed 5 second(s)

2019-04-20 10:05:19 - [MESSAGE][PASSED] - Delayed 5 second(s)

2019-04-20 10:05:19 - [TEST_STEP][PASSED] - click(findTestObject("NEWOPENDCPM/Step2prcdbtn")): Object: 'Object Repository/NEWOPENDCPM/Step2prcdbtn' is clicked on

2019-04-20 10:05:20 - [MESSAGE][PASSED] - Object: 'Object Repository/NEWOPENDCPM/Step2prcdbtn' is clicked on

2019-04-20 10:05:20 - [TEST_STEP][PASSED] - delay(5): Delayed 5 second(s)

2019-04-20 10:05:25 - [MESSAGE][PASSED] - Delayed 5 second(s)

2019-04-20 10:05:25 - [TEST_STEP][PASSED] - click(findTestObject("NEWOPENDCPM/step3prcdbrn")): Object: 'Object Repository/NEWOPENDCPM/step3prcdbrn' is clicked on

2019-04-20 10:05:25 - [MESSAGE][PASSED] - Object: 'Object Repository/NEWOPENDCPM/step3prcdbrn' is clicked on

2019-04-20 10:05:25 - [TEST_STEP][PASSED] - delay(5): Delayed 5 second(s)

2019-04-20 10:05:30 - [MESSAGE][PASSED] - Delayed 5 second(s)

2019-04-20 10:05:30 - [TEST_STEP][PASSED] - click(findTestObject("NEWOPENDCPM/Startcampbtn")): Object: 'Object Repository/NEWOPENDCPM/Startcampbtn' is clicked on

2019-04-20 10:05:31 - [MESSAGE][PASSED] - Object: 'Object Repository/NEWOPENDCPM/Startcampbtn' is clicked on

2019-04-20 10:05:31 - [TEST_STEP][PASSED] - delay(8): Delayed 8 second(s)

2019-04-20 10:05:39 - [MESSAGE][PASSED] - Delayed 8 second(s)

2019-04-20 10:05:39 - [TEST_STEP][PASSED] - closeBrowser(): Browser is closed

2019-04-20 10:05:39 - [MESSAGE][PASSED] - Browser is closed]]></system-out>
         <system-err><![CDATA[]]></system-err>
      </testcase>
      <testcase name="Test Cases/CREATE CPL CAMPAGN" classname="Test Cases/CREATE CPL CAMPAGN" status="PASSED">
         <system-out><![CDATA[2019-04-20 10:05:39 - [TEST_CASE][PASSED] - Test Cases/CREATE CPL CAMPAGN: Test Cases/CREATE CPL CAMPAGN

2019-04-20 10:05:40 - [TEST_STEP][PASSED] - openBrowser(""): Browser is opened with url: ''

2019-04-20 10:05:40 - [MESSAGE][INFO] - Starting 'Firefox' driver

2019-04-20 10:05:44 - [MESSAGE][PASSED] - Browser is opened with url: ''

2019-04-20 10:05:44 - [TEST_STEP][PASSED] - navigateToUrl("http://campaignsopend.techactive.tk/#/admin_login"): Navigate to 'http://campaignsopend.techactive.tk/#/admin_login' successfully

2019-04-20 10:05:46 - [MESSAGE][PASSED] - Navigate to 'http://campaignsopend.techactive.tk/#/admin_login' successfully

2019-04-20 10:05:46 - [TEST_STEP][PASSED] - setText(findTestObject("Object Repository/NEWOPENDCPM/Page_Opend/input_Admin Login_email_id"), "admin@opend.com"): Text 'admin@opend.com' is set on object 'Object Repository/NEWOPENDCPM/Page_Opend/input_Admin Login_email_id'

2019-04-20 10:05:47 - [MESSAGE][PASSED] - Text 'admin@opend.com' is set on object 'Object Repository/NEWOPENDCPM/Page_Opend/input_Admin Login_email_id'

2019-04-20 10:05:47 - [TEST_STEP][PASSED] - setEncryptedText(findTestObject("Object Repository/NEWOPENDCPM/Page_Opend/input_Admin Login_password"), "4nvbrPglk7k="): Text ****** has been set on object 'Object Repository/NEWOPENDCPM/Page_Opend/input_Admin Login_password'

2019-04-20 10:05:47 - [MESSAGE][PASSED] - Text ****** has been set on object 'Object Repository/NEWOPENDCPM/Page_Opend/input_Admin Login_password'

2019-04-20 10:05:47 - [TEST_STEP][PASSED] - click(findTestObject("Object Repository/NEWOPENDCPM/Page_Opend/button_Sign In")): Object: 'Object Repository/NEWOPENDCPM/Page_Opend/button_Sign In' is clicked on

2019-04-20 10:05:48 - [MESSAGE][PASSED] - Object: 'Object Repository/NEWOPENDCPM/Page_Opend/button_Sign In' is clicked on

2019-04-20 10:05:48 - [TEST_STEP][PASSED] - delay(5): Delayed 5 second(s)

2019-04-20 10:05:53 - [MESSAGE][PASSED] - Delayed 5 second(s)

2019-04-20 10:05:53 - [TEST_STEP][PASSED] - click(findTestObject("Object Repository/NEWOPENDCPM/Page_Opend/a_Campaigns")): Object: 'Object Repository/NEWOPENDCPM/Page_Opend/a_Campaigns' is clicked on

2019-04-20 10:05:53 - [MESSAGE][PASSED] - Object: 'Object Repository/NEWOPENDCPM/Page_Opend/a_Campaigns' is clicked on

2019-04-20 10:05:53 - [TEST_STEP][PASSED] - delay(8): Delayed 8 second(s)

2019-04-20 10:06:01 - [MESSAGE][PASSED] - Delayed 8 second(s)

2019-04-20 10:06:01 - [TEST_STEP][PASSED] - click(findTestObject("Object Repository/NEWOPENDCPM/Page_Opend/a_Start New Campaign")): Object: 'Object Repository/NEWOPENDCPM/Page_Opend/a_Start New Campaign' is clicked on

2019-04-20 10:06:01 - [MESSAGE][PASSED] - Object: 'Object Repository/NEWOPENDCPM/Page_Opend/a_Start New Campaign' is clicked on

2019-04-20 10:06:01 - [TEST_STEP][PASSED] - delay(5): Delayed 5 second(s)

2019-04-20 10:06:06 - [MESSAGE][PASSED] - Delayed 5 second(s)

2019-04-20 10:06:06 - [TEST_STEP][PASSED] - selectOptionByValue(findTestObject("Object Repository/NEWOPENDCPM/Page_Opend/select_Please Select Advertise"), "2", true): All options with value '2' are selected in object 'Object Repository/NEWOPENDCPM/Page_Opend/select_Please Select Advertise'  using regular expression

2019-04-20 10:06:07 - [MESSAGE][PASSED] - All options with value '2' are selected in object 'Object Repository/NEWOPENDCPM/Page_Opend/select_Please Select Advertise'  using regular expression

2019-04-20 10:06:07 - [TEST_STEP][PASSED] - delay(5): Delayed 5 second(s)

2019-04-20 10:06:12 - [MESSAGE][PASSED] - Delayed 5 second(s)

2019-04-20 10:06:12 - [TEST_STEP][PASSED] - setText(findTestObject("Object Repository/NEWOPENDCPM/Page_Opend/input_Campaign Name_camp_name_"), "TEST CPL CAMPAIGN 2"): Text 'TEST CPL CAMPAIGN 2' is set on object 'Object Repository/NEWOPENDCPM/Page_Opend/input_Campaign Name_camp_name_'

2019-04-20 10:06:12 - [MESSAGE][PASSED] - Text 'TEST CPL CAMPAIGN 2' is set on object 'Object Repository/NEWOPENDCPM/Page_Opend/input_Campaign Name_camp_name_'

2019-04-20 10:06:12 - [TEST_STEP][PASSED] - delay(2): Delayed 2 second(s)

2019-04-20 10:06:14 - [MESSAGE][PASSED] - Delayed 2 second(s)

2019-04-20 10:06:14 - [TEST_STEP][PASSED] - click(findTestObject("Object Repository/NEWOPENDCPM/Page_Opend/label_Normal charges")): Object: 'Object Repository/NEWOPENDCPM/Page_Opend/label_Normal charges' is clicked on

2019-04-20 10:06:14 - [MESSAGE][PASSED] - Object: 'Object Repository/NEWOPENDCPM/Page_Opend/label_Normal charges' is clicked on

2019-04-20 10:06:14 - [TEST_STEP][PASSED] - click(findTestObject("NEWSPYIDS/Page_Opend/label_CPL")): Object: 'Object Repository/NEWSPYIDS/Page_Opend/label_CPL' is clicked on

2019-04-20 10:06:15 - [MESSAGE][PASSED] - Object: 'Object Repository/NEWSPYIDS/Page_Opend/label_CPL' is clicked on

2019-04-20 10:06:15 - [TEST_STEP][PASSED] - delay(2): Delayed 2 second(s)

2019-04-20 10:06:17 - [MESSAGE][PASSED] - Delayed 2 second(s)

2019-04-20 10:06:17 - [TEST_STEP][PASSED] - selectOptionByValue(findTestObject("Object Repository/NEWOPENDCPM/Page_Opend/select_Please Select Audience"), "2", true): All options with value '2' are selected in object 'Object Repository/NEWOPENDCPM/Page_Opend/select_Please Select Audience'  using regular expression

2019-04-20 10:06:17 - [MESSAGE][PASSED] - All options with value '2' are selected in object 'Object Repository/NEWOPENDCPM/Page_Opend/select_Please Select Audience'  using regular expression

2019-04-20 10:06:17 - [TEST_STEP][PASSED] - delay(3): Delayed 3 second(s)

2019-04-20 10:06:20 - [MESSAGE][PASSED] - Delayed 3 second(s)

2019-04-20 10:06:20 - [TEST_STEP][PASSED] - click(findTestObject("newidsfromspy/Page_Opend/input_Campaign Category_valida")): Object: 'Object Repository/newidsfromspy/Page_Opend/input_Campaign Category_valida' is clicked on

2019-04-20 10:06:21 - [MESSAGE][PASSED] - Object: 'Object Repository/newidsfromspy/Page_Opend/input_Campaign Category_valida' is clicked on

2019-04-20 10:06:21 - [TEST_STEP][PASSED] - delay(3): Delayed 3 second(s)

2019-04-20 10:06:24 - [MESSAGE][PASSED] - Delayed 3 second(s)

2019-04-20 10:06:24 - [TEST_STEP][PASSED] - click(findTestObject("newidsfromspy/Page_Opend/label_fashion")): Object: 'Object Repository/newidsfromspy/Page_Opend/label_fashion' is clicked on

2019-04-20 10:06:24 - [MESSAGE][PASSED] - Object: 'Object Repository/newidsfromspy/Page_Opend/label_fashion' is clicked on

2019-04-20 10:06:24 - [TEST_STEP][PASSED] - delay(3): Delayed 3 second(s)

2019-04-20 10:06:27 - [MESSAGE][PASSED] - Delayed 3 second(s)

2019-04-20 10:06:27 - [TEST_STEP][PASSED] - click(findTestObject("Object Repository/NEWOPENDCPM/Page_Opend/button_Select")): Object: 'Object Repository/NEWOPENDCPM/Page_Opend/button_Select' is clicked on

2019-04-20 10:06:27 - [MESSAGE][PASSED] - Object: 'Object Repository/NEWOPENDCPM/Page_Opend/button_Select' is clicked on

2019-04-20 10:06:27 - [TEST_STEP][PASSED] - delay(3): Delayed 3 second(s)

2019-04-20 10:06:30 - [MESSAGE][PASSED] - Delayed 3 second(s)

2019-04-20 10:06:30 - [TEST_STEP][PASSED] - click(findTestObject("newidsfromspy/Page_Opend/input_Audience Interests_valid")): Object: 'Object Repository/newidsfromspy/Page_Opend/input_Audience Interests_valid' is clicked on

2019-04-20 10:06:30 - [MESSAGE][PASSED] - Object: 'Object Repository/newidsfromspy/Page_Opend/input_Audience Interests_valid' is clicked on

2019-04-20 10:06:30 - [TEST_STEP][PASSED] - delay(3): Delayed 3 second(s)

2019-04-20 10:06:33 - [MESSAGE][PASSED] - Delayed 3 second(s)

2019-04-20 10:06:33 - [TEST_STEP][PASSED] - click(findTestObject("newidsfromspy/Page_Opend/label_Party wear")): Object: 'Object Repository/newidsfromspy/Page_Opend/label_Party wear' is clicked on

2019-04-20 10:06:34 - [MESSAGE][PASSED] - Object: 'Object Repository/newidsfromspy/Page_Opend/label_Party wear' is clicked on

2019-04-20 10:06:34 - [TEST_STEP][PASSED] - delay(2): Delayed 2 second(s)

2019-04-20 10:06:36 - [MESSAGE][PASSED] - Delayed 2 second(s)

2019-04-20 10:06:36 - [TEST_STEP][PASSED] - click(findTestObject("newidsfromspy/Page_Opend/label_Kidz Wear")): Object: 'Object Repository/newidsfromspy/Page_Opend/label_Kidz Wear' is clicked on

2019-04-20 10:06:36 - [MESSAGE][PASSED] - Object: 'Object Repository/newidsfromspy/Page_Opend/label_Kidz Wear' is clicked on

2019-04-20 10:06:36 - [TEST_STEP][PASSED] - delay(5): Delayed 5 second(s)

2019-04-20 10:06:41 - [MESSAGE][PASSED] - Delayed 5 second(s)

2019-04-20 10:06:41 - [TEST_STEP][PASSED] - click(findTestObject("newidsfromspy/Page_Opend/AIselectbtn")): Object: 'Object Repository/newidsfromspy/Page_Opend/AIselectbtn' is clicked on

2019-04-20 10:06:41 - [MESSAGE][PASSED] - Object: 'Object Repository/newidsfromspy/Page_Opend/AIselectbtn' is clicked on

2019-04-20 10:06:41 - [TEST_STEP][PASSED] - delay(3): Delayed 3 second(s)

2019-04-20 10:06:44 - [MESSAGE][PASSED] - Delayed 3 second(s)

2019-04-20 10:06:44 - [TEST_STEP][PASSED] - setText(findTestObject("NEWSPYIDS/Page_Opend/input_CPL price_cplprice"), "2"): Text '2' is set on object 'Object Repository/NEWSPYIDS/Page_Opend/input_CPL price_cplprice'

2019-04-20 10:06:44 - [MESSAGE][PASSED] - Text '2' is set on object 'Object Repository/NEWSPYIDS/Page_Opend/input_CPL price_cplprice'

2019-04-20 10:06:44 - [TEST_STEP][PASSED] - delay(2): Delayed 2 second(s)

2019-04-20 10:06:46 - [MESSAGE][PASSED] - Delayed 2 second(s)

2019-04-20 10:06:46 - [TEST_STEP][PASSED] - click(findTestObject("newidsfromspy/Page_Opend/input_Select Publisher_validat")): Object: 'Object Repository/newidsfromspy/Page_Opend/input_Select Publisher_validat' is clicked on

2019-04-20 10:06:47 - [MESSAGE][PASSED] - Object: 'Object Repository/newidsfromspy/Page_Opend/input_Select Publisher_validat' is clicked on

2019-04-20 10:06:47 - [TEST_STEP][PASSED] - delay(3): Delayed 3 second(s)

2019-04-20 10:06:50 - [MESSAGE][PASSED] - Delayed 3 second(s)

2019-04-20 10:06:50 - [TEST_STEP][PASSED] - click(findTestObject("Object Repository/NEWOPENDCPM/Page_Opend/label_Jack")): Object: 'Object Repository/NEWOPENDCPM/Page_Opend/label_Jack' is clicked on

2019-04-20 10:06:50 - [MESSAGE][PASSED] - Object: 'Object Repository/NEWOPENDCPM/Page_Opend/label_Jack' is clicked on

2019-04-20 10:06:50 - [TEST_STEP][PASSED] - delay(3): Delayed 3 second(s)

2019-04-20 10:06:53 - [MESSAGE][PASSED] - Delayed 3 second(s)

2019-04-20 10:06:53 - [TEST_STEP][PASSED] - click(findTestObject("newidsfromspy/Page_Opend/Pubselectbtn")): Object: 'Object Repository/newidsfromspy/Page_Opend/Pubselectbtn' is clicked on

2019-04-20 10:06:53 - [MESSAGE][PASSED] - Object: 'Object Repository/newidsfromspy/Page_Opend/Pubselectbtn' is clicked on

2019-04-20 10:06:53 - [TEST_STEP][PASSED] - delay(3): Delayed 3 second(s)

2019-04-20 10:06:56 - [MESSAGE][PASSED] - Delayed 3 second(s)

2019-04-20 10:06:56 - [TEST_STEP][PASSED] - click(findTestObject("NEWSPYIDS/Page_Opend/label_Normal charges")): Object: 'Object Repository/NEWSPYIDS/Page_Opend/label_Normal charges' is clicked on

2019-04-20 10:06:56 - [MESSAGE][PASSED] - Object: 'Object Repository/NEWSPYIDS/Page_Opend/label_Normal charges' is clicked on

2019-04-20 10:06:56 - [TEST_STEP][PASSED] - delay(1): Delayed 1 second(s)

2019-04-20 10:06:57 - [MESSAGE][PASSED] - Delayed 1 second(s)

2019-04-20 10:06:57 - [TEST_STEP][PASSED] - setText(findTestObject("NEWSPYIDS/Page_Opend/input_CPL Payout Price_payout_"), "1"): Text '1' is set on object 'Object Repository/NEWSPYIDS/Page_Opend/input_CPL Payout Price_payout_'

2019-04-20 10:06:58 - [MESSAGE][PASSED] - Text '1' is set on object 'Object Repository/NEWSPYIDS/Page_Opend/input_CPL Payout Price_payout_'

2019-04-20 10:06:58 - [TEST_STEP][PASSED] - delay(5): Delayed 5 second(s)

2019-04-20 10:07:03 - [MESSAGE][PASSED] - Delayed 5 second(s)

2019-04-20 10:07:03 - [TEST_STEP][PASSED] - click(findTestObject("Object Repository/NEWOPENDCPM/Page_Opend/button_Proceed")): Object: 'Object Repository/NEWOPENDCPM/Page_Opend/button_Proceed' is clicked on

2019-04-20 10:07:03 - [MESSAGE][PASSED] - Object: 'Object Repository/NEWOPENDCPM/Page_Opend/button_Proceed' is clicked on

2019-04-20 10:07:03 - [TEST_STEP][PASSED] - delay(5): Delayed 5 second(s)

2019-04-20 10:07:08 - [MESSAGE][PASSED] - Delayed 5 second(s)

2019-04-20 10:07:08 - [TEST_STEP][PASSED] - setText(findTestObject("Object Repository/NEWOPENDCPM/Page_Opend/input_Subject Line_subjectone"), "GOOD MORNING TA"): Text 'GOOD MORNING TA' is set on object 'Object Repository/NEWOPENDCPM/Page_Opend/input_Subject Line_subjectone'

2019-04-20 10:07:08 - [MESSAGE][PASSED] - Text 'GOOD MORNING TA' is set on object 'Object Repository/NEWOPENDCPM/Page_Opend/input_Subject Line_subjectone'

2019-04-20 10:07:08 - [TEST_STEP][PASSED] - delay(5): Delayed 5 second(s)

2019-04-20 10:07:13 - [MESSAGE][PASSED] - Delayed 5 second(s)

2019-04-20 10:07:13 - [TEST_STEP][PASSED] - click(findTestObject("newidsfromspy/Page_Opend/input_From Creatives_uploadBtn")): Object: 'Object Repository/newidsfromspy/Page_Opend/input_From Creatives_uploadBtn' is clicked on

2019-04-20 10:07:14 - [MESSAGE][PASSED] - Object: 'Object Repository/newidsfromspy/Page_Opend/input_From Creatives_uploadBtn' is clicked on

2019-04-20 10:07:14 - [TEST_STEP][PASSED] - delay(5): Delayed 5 second(s)

2019-04-20 10:07:19 - [MESSAGE][PASSED] - Delayed 5 second(s)

2019-04-20 10:07:19 - [TEST_STEP][PASSED] - click(findTestObject("Object Repository/NEWOPENDCPM/Page_Opend/button_Select")): Object: 'Object Repository/NEWOPENDCPM/Page_Opend/button_Select' is clicked on

2019-04-20 10:07:19 - [MESSAGE][PASSED] - Object: 'Object Repository/NEWOPENDCPM/Page_Opend/button_Select' is clicked on

2019-04-20 10:07:19 - [TEST_STEP][PASSED] - delay(5): Delayed 5 second(s)

2019-04-20 10:07:24 - [MESSAGE][PASSED] - Delayed 5 second(s)

2019-04-20 10:07:24 - [TEST_STEP][PASSED] - click(findTestObject("NEWOPENDCPM/Step2prcdbtn")): Object: 'Object Repository/NEWOPENDCPM/Step2prcdbtn' is clicked on

2019-04-20 10:07:25 - [MESSAGE][PASSED] - Object: 'Object Repository/NEWOPENDCPM/Step2prcdbtn' is clicked on

2019-04-20 10:07:25 - [TEST_STEP][PASSED] - delay(5): Delayed 5 second(s)

2019-04-20 10:07:30 - [MESSAGE][PASSED] - Delayed 5 second(s)

2019-04-20 10:07:30 - [TEST_STEP][PASSED] - click(findTestObject("NEWOPENDCPM/step3prcdbrn")): Object: 'Object Repository/NEWOPENDCPM/step3prcdbrn' is clicked on

2019-04-20 10:07:30 - [MESSAGE][PASSED] - Object: 'Object Repository/NEWOPENDCPM/step3prcdbrn' is clicked on

2019-04-20 10:07:30 - [TEST_STEP][PASSED] - delay(5): Delayed 5 second(s)

2019-04-20 10:07:35 - [MESSAGE][PASSED] - Delayed 5 second(s)

2019-04-20 10:07:35 - [TEST_STEP][PASSED] - click(findTestObject("NEWOPENDCPM/Startcampbtn")): Object: 'Object Repository/NEWOPENDCPM/Startcampbtn' is clicked on

2019-04-20 10:07:36 - [MESSAGE][PASSED] - Object: 'Object Repository/NEWOPENDCPM/Startcampbtn' is clicked on

2019-04-20 10:07:36 - [TEST_STEP][PASSED] - delay(8): Delayed 8 second(s)

2019-04-20 10:07:44 - [MESSAGE][PASSED] - Delayed 8 second(s)

2019-04-20 10:07:44 - [TEST_STEP][PASSED] - closeBrowser(): Browser is closed

2019-04-20 10:07:44 - [MESSAGE][PASSED] - Browser is closed]]></system-out>
         <system-err><![CDATA[]]></system-err>
      </testcase>
      <system-out><![CDATA[2019-04-20 10:01:28 - [TEST_SUITE][PASSED] - TEST SUITE1: Test Cases/CREATE CPL CAMPAGN]]></system-out>
      <system-err><![CDATA[]]></system-err>
   </testsuite>
</testsuites>
