<?xml version="1.0" encoding="UTF-8"?>
<testsuites name="TEST SUITE1" time="445" tests="3" failures="0" errors="0">
   <testsuite name="TEST SUITE1" tests="3" failures="0" errors="0" time="445" timestamp="2019-03-20 10:29:14" hostname="activemac05 - activemc05simac" id="Test Suites/TEST SUITE1">
      <properties>
         <property name="deviceName" value=""/>
         <property name="devicePlatform" value=""/>
         <property name="logFolder" value="/Users/activemac05/git/KATALONOPENDPROJECT1/Reports/TEST SUITE1/20190320_102908"/>
         <property name="logFiles" value="/Users/activemac05/git/KATALONOPENDPROJECT1/Reports/TEST SUITE1/20190320_102908/execution0.log"/>
         <property name="attachments" value=""/>
         <property name="hostName" value="activemac05 - activemc05simac"/>
         <property name="os" value="Mac OS X 64bit"/>
         <property name="katalonVersion" value="5.10.1.1"/>
         <property name="browser" value="Firefox 65.0"/>
         <property name="hostAddress" value="192.168.1.135"/>
         <property name="sessionId" value="4460a539-4223-af49-8034-6c71d6102c01"/>
         <property name="seleniumVersion" value="3.7.1"/>
         <property name="proxyInformation" value="ProxyInformation{proxyOption=NO_PROXY, proxyServerType=HTTP, password=, proxyServerAddress=, proxyServerPort=0}"/>
         <property name="platform" value="Mac OS X"/>
      </properties>
      <testcase name="Test Cases/CREATING CPM CAMPAIGN" classname="Test Cases/CREATING CPM CAMPAIGN" status="PASSED">
         <system-out><![CDATA[2019-03-20 10:29:15 - [TEST_CASE][PASSED] - Test Cases/CREATING CPM CAMPAIGN: Test Cases/CREATING CPM CAMPAIGN

2019-03-20 10:29:16 - [TEST_STEP][PASSED] - openBrowser(""): Browser is opened with url: ''

2019-03-20 10:29:17 - [MESSAGE][INFO] - Starting 'Firefox' driver

2019-03-20 10:29:18 - [MESSAGE][INFO] - Action delay is set to 0 seconds

2019-03-20 10:29:26 - [MESSAGE][PASSED] - Browser is opened with url: ''

2019-03-20 10:29:26 - [TEST_STEP][PASSED] - navigateToUrl("http://campaignsopend.techactive.tk/#/admin_login"): Navigate to 'http://campaignsopend.techactive.tk/#/admin_login' successfully

2019-03-20 10:30:44 - [MESSAGE][PASSED] - Navigate to 'http://campaignsopend.techactive.tk/#/admin_login' successfully

2019-03-20 10:30:44 - [TEST_STEP][PASSED] - setText(findTestObject("Object Repository/NEWOPENDCPM/Page_Opend/input_Admin Login_email_id"), "admin@opend.com"): Text 'admin@opend.com' is set on object 'Object Repository/NEWOPENDCPM/Page_Opend/input_Admin Login_email_id'

2019-03-20 10:30:45 - [MESSAGE][PASSED] - Text 'admin@opend.com' is set on object 'Object Repository/NEWOPENDCPM/Page_Opend/input_Admin Login_email_id'

2019-03-20 10:30:45 - [TEST_STEP][PASSED] - setEncryptedText(findTestObject("Object Repository/NEWOPENDCPM/Page_Opend/input_Admin Login_password"), "4nvbrPglk7k="): Text ****** has been set on object 'Object Repository/NEWOPENDCPM/Page_Opend/input_Admin Login_password'

2019-03-20 10:30:45 - [MESSAGE][PASSED] - Text ****** has been set on object 'Object Repository/NEWOPENDCPM/Page_Opend/input_Admin Login_password'

2019-03-20 10:30:45 - [TEST_STEP][PASSED] - click(findTestObject("Object Repository/NEWOPENDCPM/Page_Opend/button_Sign In")): Object: 'Object Repository/NEWOPENDCPM/Page_Opend/button_Sign In' is clicked on

2019-03-20 10:30:46 - [MESSAGE][PASSED] - Object: 'Object Repository/NEWOPENDCPM/Page_Opend/button_Sign In' is clicked on

2019-03-20 10:30:46 - [TEST_STEP][PASSED] - delay(5): Delayed 5 second(s)

2019-03-20 10:30:51 - [MESSAGE][PASSED] - Delayed 5 second(s)

2019-03-20 10:30:51 - [TEST_STEP][PASSED] - click(findTestObject("Object Repository/NEWOPENDCPM/Page_Opend/a_Campaigns")): Object: 'Object Repository/NEWOPENDCPM/Page_Opend/a_Campaigns' is clicked on

2019-03-20 10:30:51 - [MESSAGE][PASSED] - Object: 'Object Repository/NEWOPENDCPM/Page_Opend/a_Campaigns' is clicked on

2019-03-20 10:30:51 - [TEST_STEP][PASSED] - delay(5): Delayed 5 second(s)

2019-03-20 10:30:56 - [MESSAGE][PASSED] - Delayed 5 second(s)

2019-03-20 10:30:56 - [TEST_STEP][PASSED] - click(findTestObject("Object Repository/NEWOPENDCPM/Page_Opend/a_Start New Campaign")): Object: 'Object Repository/NEWOPENDCPM/Page_Opend/a_Start New Campaign' is clicked on

2019-03-20 10:30:56 - [MESSAGE][PASSED] - Object: 'Object Repository/NEWOPENDCPM/Page_Opend/a_Start New Campaign' is clicked on

2019-03-20 10:30:56 - [TEST_STEP][PASSED] - delay(5): Delayed 5 second(s)

2019-03-20 10:31:01 - [MESSAGE][PASSED] - Delayed 5 second(s)

2019-03-20 10:31:01 - [TEST_STEP][PASSED] - selectOptionByValue(findTestObject("Object Repository/NEWOPENDCPM/Page_Opend/select_Please Select Advertise"), "2", true): All options with value '2' are selected in object 'Object Repository/NEWOPENDCPM/Page_Opend/select_Please Select Advertise'  using regular expression

2019-03-20 10:31:02 - [MESSAGE][PASSED] - All options with value '2' are selected in object 'Object Repository/NEWOPENDCPM/Page_Opend/select_Please Select Advertise'  using regular expression

2019-03-20 10:31:02 - [TEST_STEP][PASSED] - delay(3): Delayed 3 second(s)

2019-03-20 10:31:05 - [MESSAGE][PASSED] - Delayed 3 second(s)

2019-03-20 10:31:05 - [TEST_STEP][PASSED] - setText(findTestObject("Object Repository/NEWOPENDCPM/Page_Opend/input_Campaign Name_camp_name_"), "TEST CAMPAIGN 1"): Text 'TEST CAMPAIGN 1' is set on object 'Object Repository/NEWOPENDCPM/Page_Opend/input_Campaign Name_camp_name_'

2019-03-20 10:31:05 - [MESSAGE][PASSED] - Text 'TEST CAMPAIGN 1' is set on object 'Object Repository/NEWOPENDCPM/Page_Opend/input_Campaign Name_camp_name_'

2019-03-20 10:31:05 - [TEST_STEP][PASSED] - delay(2): Delayed 2 second(s)

2019-03-20 10:31:07 - [MESSAGE][PASSED] - Delayed 2 second(s)

2019-03-20 10:31:07 - [TEST_STEP][PASSED] - click(findTestObject("Object Repository/NEWOPENDCPM/Page_Opend/label_Normal charges")): Object: 'Object Repository/NEWOPENDCPM/Page_Opend/label_Normal charges' is clicked on

2019-03-20 10:31:08 - [MESSAGE][PASSED] - Object: 'Object Repository/NEWOPENDCPM/Page_Opend/label_Normal charges' is clicked on

2019-03-20 10:31:08 - [TEST_STEP][PASSED] - delay(2): Delayed 2 second(s)

2019-03-20 10:31:10 - [MESSAGE][PASSED] - Delayed 2 second(s)

2019-03-20 10:31:10 - [TEST_STEP][PASSED] - selectOptionByValue(findTestObject("Object Repository/NEWOPENDCPM/Page_Opend/select_Please Select Audience"), "2", true): All options with value '2' are selected in object 'Object Repository/NEWOPENDCPM/Page_Opend/select_Please Select Audience'  using regular expression

2019-03-20 10:31:10 - [MESSAGE][PASSED] - All options with value '2' are selected in object 'Object Repository/NEWOPENDCPM/Page_Opend/select_Please Select Audience'  using regular expression

2019-03-20 10:31:10 - [TEST_STEP][PASSED] - delay(3): Delayed 3 second(s)

2019-03-20 10:31:13 - [MESSAGE][PASSED] - Delayed 3 second(s)

2019-03-20 10:31:13 - [TEST_STEP][PASSED] - click(findTestObject("newidsfromspy/Page_Opend/input_Campaign Category_valida")): Object: 'Object Repository/newidsfromspy/Page_Opend/input_Campaign Category_valida' is clicked on

2019-03-20 10:31:14 - [MESSAGE][PASSED] - Object: 'Object Repository/newidsfromspy/Page_Opend/input_Campaign Category_valida' is clicked on

2019-03-20 10:31:14 - [TEST_STEP][PASSED] - delay(3): Delayed 3 second(s)

2019-03-20 10:31:17 - [MESSAGE][PASSED] - Delayed 3 second(s)

2019-03-20 10:31:17 - [TEST_STEP][PASSED] - click(findTestObject("newidsfromspy/Page_Opend/label_fashion")): Object: 'Object Repository/newidsfromspy/Page_Opend/label_fashion' is clicked on

2019-03-20 10:31:17 - [MESSAGE][PASSED] - Object: 'Object Repository/newidsfromspy/Page_Opend/label_fashion' is clicked on

2019-03-20 10:31:17 - [TEST_STEP][PASSED] - delay(3): Delayed 3 second(s)

2019-03-20 10:31:20 - [MESSAGE][PASSED] - Delayed 3 second(s)

2019-03-20 10:31:20 - [TEST_STEP][PASSED] - click(findTestObject("Object Repository/NEWOPENDCPM/Page_Opend/button_Select")): Object: 'Object Repository/NEWOPENDCPM/Page_Opend/button_Select' is clicked on

2019-03-20 10:31:20 - [MESSAGE][PASSED] - Object: 'Object Repository/NEWOPENDCPM/Page_Opend/button_Select' is clicked on

2019-03-20 10:31:20 - [TEST_STEP][PASSED] - delay(3): Delayed 3 second(s)

2019-03-20 10:31:23 - [MESSAGE][PASSED] - Delayed 3 second(s)

2019-03-20 10:31:23 - [TEST_STEP][PASSED] - click(findTestObject("newidsfromspy/Page_Opend/input_Audience Interests_valid")): Object: 'Object Repository/newidsfromspy/Page_Opend/input_Audience Interests_valid' is clicked on

2019-03-20 10:31:24 - [MESSAGE][PASSED] - Object: 'Object Repository/newidsfromspy/Page_Opend/input_Audience Interests_valid' is clicked on

2019-03-20 10:31:24 - [TEST_STEP][PASSED] - delay(3): Delayed 3 second(s)

2019-03-20 10:31:27 - [MESSAGE][PASSED] - Delayed 3 second(s)

2019-03-20 10:31:27 - [TEST_STEP][PASSED] - click(findTestObject("newidsfromspy/Page_Opend/label_Party wear")): Object: 'Object Repository/newidsfromspy/Page_Opend/label_Party wear' is clicked on

2019-03-20 10:31:27 - [MESSAGE][PASSED] - Object: 'Object Repository/newidsfromspy/Page_Opend/label_Party wear' is clicked on

2019-03-20 10:31:27 - [TEST_STEP][PASSED] - delay(2): Delayed 2 second(s)

2019-03-20 10:31:29 - [MESSAGE][PASSED] - Delayed 2 second(s)

2019-03-20 10:31:29 - [TEST_STEP][PASSED] - click(findTestObject("newidsfromspy/Page_Opend/label_Kidz Wear")): Object: 'Object Repository/newidsfromspy/Page_Opend/label_Kidz Wear' is clicked on

2019-03-20 10:31:29 - [MESSAGE][PASSED] - Object: 'Object Repository/newidsfromspy/Page_Opend/label_Kidz Wear' is clicked on

2019-03-20 10:31:29 - [TEST_STEP][PASSED] - delay(5): Delayed 5 second(s)

2019-03-20 10:31:34 - [MESSAGE][PASSED] - Delayed 5 second(s)

2019-03-20 10:31:34 - [TEST_STEP][PASSED] - click(findTestObject("newidsfromspy/Page_Opend/AIselectbtn")): Object: 'Object Repository/newidsfromspy/Page_Opend/AIselectbtn' is clicked on

2019-03-20 10:31:35 - [MESSAGE][PASSED] - Object: 'Object Repository/newidsfromspy/Page_Opend/AIselectbtn' is clicked on

2019-03-20 10:31:35 - [TEST_STEP][PASSED] - delay(3): Delayed 3 second(s)

2019-03-20 10:31:38 - [MESSAGE][PASSED] - Delayed 3 second(s)

2019-03-20 10:31:38 - [TEST_STEP][PASSED] - click(findTestObject("newidsfromspy/Page_Opend/input_Select Publisher_validat")): Object: 'Object Repository/newidsfromspy/Page_Opend/input_Select Publisher_validat' is clicked on

2019-03-20 10:31:38 - [MESSAGE][PASSED] - Object: 'Object Repository/newidsfromspy/Page_Opend/input_Select Publisher_validat' is clicked on

2019-03-20 10:31:38 - [TEST_STEP][PASSED] - delay(3): Delayed 3 second(s)

2019-03-20 10:31:41 - [MESSAGE][PASSED] - Delayed 3 second(s)

2019-03-20 10:31:41 - [TEST_STEP][PASSED] - click(findTestObject("Object Repository/NEWOPENDCPM/Page_Opend/label_Jack")): Object: 'Object Repository/NEWOPENDCPM/Page_Opend/label_Jack' is clicked on

2019-03-20 10:31:41 - [MESSAGE][PASSED] - Object: 'Object Repository/NEWOPENDCPM/Page_Opend/label_Jack' is clicked on

2019-03-20 10:31:41 - [TEST_STEP][PASSED] - delay(3): Delayed 3 second(s)

2019-03-20 10:31:44 - [MESSAGE][PASSED] - Delayed 3 second(s)

2019-03-20 10:31:44 - [TEST_STEP][PASSED] - click(findTestObject("newidsfromspy/Page_Opend/Pubselectbtn")): Object: 'Object Repository/newidsfromspy/Page_Opend/Pubselectbtn' is clicked on

2019-03-20 10:31:44 - [MESSAGE][PASSED] - Object: 'Object Repository/newidsfromspy/Page_Opend/Pubselectbtn' is clicked on

2019-03-20 10:31:44 - [TEST_STEP][PASSED] - delay(3): Delayed 3 second(s)

2019-03-20 10:31:47 - [MESSAGE][PASSED] - Delayed 3 second(s)

2019-03-20 10:31:47 - [TEST_STEP][PASSED] - click(findTestObject("NEWSPYIDS/Page_Opend/label_Normal charges")): Object: 'Object Repository/NEWSPYIDS/Page_Opend/label_Normal charges' is clicked on

2019-03-20 10:31:48 - [MESSAGE][PASSED] - Object: 'Object Repository/NEWSPYIDS/Page_Opend/label_Normal charges' is clicked on

2019-03-20 10:31:48 - [TEST_STEP][PASSED] - delay(5): Delayed 5 second(s)

2019-03-20 10:31:53 - [MESSAGE][PASSED] - Delayed 5 second(s)

2019-03-20 10:31:53 - [TEST_STEP][PASSED] - click(findTestObject("Object Repository/NEWOPENDCPM/Page_Opend/button_Proceed")): Object: 'Object Repository/NEWOPENDCPM/Page_Opend/button_Proceed' is clicked on

2019-03-20 10:31:53 - [MESSAGE][PASSED] - Object: 'Object Repository/NEWOPENDCPM/Page_Opend/button_Proceed' is clicked on

2019-03-20 10:31:53 - [TEST_STEP][PASSED] - delay(5): Delayed 5 second(s)

2019-03-20 10:31:58 - [MESSAGE][PASSED] - Delayed 5 second(s)

2019-03-20 10:31:58 - [TEST_STEP][PASSED] - setText(findTestObject("Object Repository/NEWOPENDCPM/Page_Opend/input_Subject Line_subjectone"), "GOOD MORNING "): Text 'GOOD MORNING ' is set on object 'Object Repository/NEWOPENDCPM/Page_Opend/input_Subject Line_subjectone'

2019-03-20 10:31:59 - [MESSAGE][PASSED] - Text 'GOOD MORNING ' is set on object 'Object Repository/NEWOPENDCPM/Page_Opend/input_Subject Line_subjectone'

2019-03-20 10:31:59 - [TEST_STEP][PASSED] - delay(5): Delayed 5 second(s)

2019-03-20 10:32:04 - [MESSAGE][PASSED] - Delayed 5 second(s)

2019-03-20 10:32:04 - [TEST_STEP][PASSED] - click(findTestObject("newidsfromspy/Page_Opend/input_From Creatives_uploadBtn")): Object: 'Object Repository/newidsfromspy/Page_Opend/input_From Creatives_uploadBtn' is clicked on

2019-03-20 10:32:04 - [MESSAGE][PASSED] - Object: 'Object Repository/newidsfromspy/Page_Opend/input_From Creatives_uploadBtn' is clicked on

2019-03-20 10:32:04 - [TEST_STEP][PASSED] - delay(5): Delayed 5 second(s)

2019-03-20 10:32:09 - [MESSAGE][PASSED] - Delayed 5 second(s)

2019-03-20 10:32:09 - [TEST_STEP][PASSED] - click(findTestObject("Object Repository/NEWOPENDCPM/Page_Opend/button_Select")): Object: 'Object Repository/NEWOPENDCPM/Page_Opend/button_Select' is clicked on

2019-03-20 10:32:09 - [MESSAGE][PASSED] - Object: 'Object Repository/NEWOPENDCPM/Page_Opend/button_Select' is clicked on

2019-03-20 10:32:09 - [TEST_STEP][PASSED] - delay(5): Delayed 5 second(s)

2019-03-20 10:32:14 - [MESSAGE][PASSED] - Delayed 5 second(s)

2019-03-20 10:32:14 - [TEST_STEP][PASSED] - click(findTestObject("NEWOPENDCPM/Step2prcdbtn")): Object: 'Object Repository/NEWOPENDCPM/Step2prcdbtn' is clicked on

2019-03-20 10:32:15 - [MESSAGE][PASSED] - Object: 'Object Repository/NEWOPENDCPM/Step2prcdbtn' is clicked on

2019-03-20 10:32:15 - [TEST_STEP][PASSED] - delay(5): Delayed 5 second(s)

2019-03-20 10:32:20 - [MESSAGE][PASSED] - Delayed 5 second(s)

2019-03-20 10:32:20 - [TEST_STEP][PASSED] - click(findTestObject("NEWOPENDCPM/step3prcdbrn")): Object: 'Object Repository/NEWOPENDCPM/step3prcdbrn' is clicked on

2019-03-20 10:32:21 - [MESSAGE][PASSED] - Object: 'Object Repository/NEWOPENDCPM/step3prcdbrn' is clicked on

2019-03-20 10:32:21 - [TEST_STEP][PASSED] - delay(5): Delayed 5 second(s)

2019-03-20 10:32:26 - [MESSAGE][PASSED] - Delayed 5 second(s)

2019-03-20 10:32:26 - [TEST_STEP][NOT_RUN] - click(findTestObject("NEWOPENDCPM/Startcampbtn")): NOT_RUN: click(findTestObject("NEWOPENDCPM/Startcampbtn"))

2019-03-20 10:32:26 - [MESSAGE][NOT_RUN] - NOT_RUN: click(findTestObject("NEWOPENDCPM/Startcampbtn"))

2019-03-20 10:32:26 - [TEST_STEP][PASSED] - delay(5): Delayed 5 second(s)

2019-03-20 10:32:31 - [MESSAGE][PASSED] - Delayed 5 second(s)

2019-03-20 10:32:31 - [TEST_STEP][PASSED] - closeBrowser(): Browser is closed

2019-03-20 10:32:32 - [MESSAGE][PASSED] - Browser is closed]]></system-out>
         <system-err><![CDATA[]]></system-err>
      </testcase>
      <testcase name="Test Cases/CREATING CPO CAMPAIGN" classname="Test Cases/CREATING CPO CAMPAIGN" status="PASSED">
         <system-out><![CDATA[2019-03-20 10:32:32 - [TEST_CASE][PASSED] - Test Cases/CREATING CPO CAMPAIGN: Test Cases/CREATING CPO CAMPAIGN

2019-03-20 10:32:32 - [TEST_STEP][PASSED] - openBrowser(""): Browser is opened with url: ''

2019-03-20 10:32:32 - [MESSAGE][INFO] - Starting 'Firefox' driver

2019-03-20 10:32:37 - [MESSAGE][PASSED] - Browser is opened with url: ''

2019-03-20 10:32:37 - [TEST_STEP][PASSED] - navigateToUrl("http://campaignsopend.techactive.tk/#/admin_login"): Navigate to 'http://campaignsopend.techactive.tk/#/admin_login' successfully

2019-03-20 10:32:41 - [MESSAGE][PASSED] - Navigate to 'http://campaignsopend.techactive.tk/#/admin_login' successfully

2019-03-20 10:32:41 - [TEST_STEP][PASSED] - setText(findTestObject("Object Repository/NEWOPENDCPM/Page_Opend/input_Admin Login_email_id"), "admin@opend.com"): Text 'admin@opend.com' is set on object 'Object Repository/NEWOPENDCPM/Page_Opend/input_Admin Login_email_id'

2019-03-20 10:32:42 - [MESSAGE][PASSED] - Text 'admin@opend.com' is set on object 'Object Repository/NEWOPENDCPM/Page_Opend/input_Admin Login_email_id'

2019-03-20 10:32:42 - [TEST_STEP][PASSED] - setEncryptedText(findTestObject("Object Repository/NEWOPENDCPM/Page_Opend/input_Admin Login_password"), "4nvbrPglk7k="): Text ****** has been set on object 'Object Repository/NEWOPENDCPM/Page_Opend/input_Admin Login_password'

2019-03-20 10:32:42 - [MESSAGE][PASSED] - Text ****** has been set on object 'Object Repository/NEWOPENDCPM/Page_Opend/input_Admin Login_password'

2019-03-20 10:32:42 - [TEST_STEP][PASSED] - click(findTestObject("Object Repository/NEWOPENDCPM/Page_Opend/button_Sign In")): Object: 'Object Repository/NEWOPENDCPM/Page_Opend/button_Sign In' is clicked on

2019-03-20 10:32:43 - [MESSAGE][PASSED] - Object: 'Object Repository/NEWOPENDCPM/Page_Opend/button_Sign In' is clicked on

2019-03-20 10:32:43 - [TEST_STEP][PASSED] - delay(5): Delayed 5 second(s)

2019-03-20 10:32:48 - [MESSAGE][PASSED] - Delayed 5 second(s)

2019-03-20 10:32:48 - [TEST_STEP][PASSED] - click(findTestObject("Object Repository/NEWOPENDCPM/Page_Opend/a_Campaigns")): Object: 'Object Repository/NEWOPENDCPM/Page_Opend/a_Campaigns' is clicked on

2019-03-20 10:32:48 - [MESSAGE][PASSED] - Object: 'Object Repository/NEWOPENDCPM/Page_Opend/a_Campaigns' is clicked on

2019-03-20 10:32:48 - [TEST_STEP][PASSED] - delay(5): Delayed 5 second(s)

2019-03-20 10:32:53 - [MESSAGE][PASSED] - Delayed 5 second(s)

2019-03-20 10:32:53 - [TEST_STEP][PASSED] - click(findTestObject("Object Repository/NEWOPENDCPM/Page_Opend/a_Start New Campaign")): Object: 'Object Repository/NEWOPENDCPM/Page_Opend/a_Start New Campaign' is clicked on

2019-03-20 10:32:53 - [MESSAGE][PASSED] - Object: 'Object Repository/NEWOPENDCPM/Page_Opend/a_Start New Campaign' is clicked on

2019-03-20 10:32:53 - [TEST_STEP][PASSED] - delay(5): Delayed 5 second(s)

2019-03-20 10:32:58 - [MESSAGE][PASSED] - Delayed 5 second(s)

2019-03-20 10:32:58 - [TEST_STEP][PASSED] - selectOptionByValue(findTestObject("Object Repository/NEWOPENDCPM/Page_Opend/select_Please Select Advertise"), "2", true): All options with value '2' are selected in object 'Object Repository/NEWOPENDCPM/Page_Opend/select_Please Select Advertise'  using regular expression

2019-03-20 10:32:59 - [MESSAGE][PASSED] - All options with value '2' are selected in object 'Object Repository/NEWOPENDCPM/Page_Opend/select_Please Select Advertise'  using regular expression

2019-03-20 10:32:59 - [TEST_STEP][PASSED] - delay(3): Delayed 3 second(s)

2019-03-20 10:33:02 - [MESSAGE][PASSED] - Delayed 3 second(s)

2019-03-20 10:33:02 - [TEST_STEP][PASSED] - setText(findTestObject("Object Repository/NEWOPENDCPM/Page_Opend/input_Campaign Name_camp_name_"), "TEST CPO CAMPAIGN "): Text 'TEST CPO CAMPAIGN ' is set on object 'Object Repository/NEWOPENDCPM/Page_Opend/input_Campaign Name_camp_name_'

2019-03-20 10:33:02 - [MESSAGE][PASSED] - Text 'TEST CPO CAMPAIGN ' is set on object 'Object Repository/NEWOPENDCPM/Page_Opend/input_Campaign Name_camp_name_'

2019-03-20 10:33:02 - [TEST_STEP][PASSED] - delay(2): Delayed 2 second(s)

2019-03-20 10:33:04 - [MESSAGE][PASSED] - Delayed 2 second(s)

2019-03-20 10:33:04 - [TEST_STEP][PASSED] - click(findTestObject("Object Repository/NEWOPENDCPM/Page_Opend/label_Normal charges")): Object: 'Object Repository/NEWOPENDCPM/Page_Opend/label_Normal charges' is clicked on

2019-03-20 10:33:05 - [MESSAGE][PASSED] - Object: 'Object Repository/NEWOPENDCPM/Page_Opend/label_Normal charges' is clicked on

2019-03-20 10:33:05 - [TEST_STEP][PASSED] - click(findTestObject("NEWSPYIDS/Page_Opend/label_CPO")): Object: 'Object Repository/NEWSPYIDS/Page_Opend/label_CPO' is clicked on

2019-03-20 10:33:05 - [MESSAGE][PASSED] - Object: 'Object Repository/NEWSPYIDS/Page_Opend/label_CPO' is clicked on

2019-03-20 10:33:05 - [TEST_STEP][PASSED] - delay(2): Delayed 2 second(s)

2019-03-20 10:33:07 - [MESSAGE][PASSED] - Delayed 2 second(s)

2019-03-20 10:33:07 - [TEST_STEP][PASSED] - selectOptionByValue(findTestObject("Object Repository/NEWOPENDCPM/Page_Opend/select_Please Select Audience"), "2", true): All options with value '2' are selected in object 'Object Repository/NEWOPENDCPM/Page_Opend/select_Please Select Audience'  using regular expression

2019-03-20 10:33:07 - [MESSAGE][PASSED] - All options with value '2' are selected in object 'Object Repository/NEWOPENDCPM/Page_Opend/select_Please Select Audience'  using regular expression

2019-03-20 10:33:07 - [TEST_STEP][PASSED] - delay(3): Delayed 3 second(s)

2019-03-20 10:33:10 - [MESSAGE][PASSED] - Delayed 3 second(s)

2019-03-20 10:33:10 - [TEST_STEP][PASSED] - click(findTestObject("newidsfromspy/Page_Opend/input_Campaign Category_valida")): Object: 'Object Repository/newidsfromspy/Page_Opend/input_Campaign Category_valida' is clicked on

2019-03-20 10:33:11 - [MESSAGE][PASSED] - Object: 'Object Repository/newidsfromspy/Page_Opend/input_Campaign Category_valida' is clicked on

2019-03-20 10:33:11 - [TEST_STEP][PASSED] - delay(3): Delayed 3 second(s)

2019-03-20 10:33:14 - [MESSAGE][PASSED] - Delayed 3 second(s)

2019-03-20 10:33:14 - [TEST_STEP][PASSED] - click(findTestObject("newidsfromspy/Page_Opend/label_fashion")): Object: 'Object Repository/newidsfromspy/Page_Opend/label_fashion' is clicked on

2019-03-20 10:33:14 - [MESSAGE][PASSED] - Object: 'Object Repository/newidsfromspy/Page_Opend/label_fashion' is clicked on

2019-03-20 10:33:14 - [TEST_STEP][PASSED] - delay(3): Delayed 3 second(s)

2019-03-20 10:33:17 - [MESSAGE][PASSED] - Delayed 3 second(s)

2019-03-20 10:33:17 - [TEST_STEP][PASSED] - click(findTestObject("Object Repository/NEWOPENDCPM/Page_Opend/button_Select")): Object: 'Object Repository/NEWOPENDCPM/Page_Opend/button_Select' is clicked on

2019-03-20 10:33:17 - [MESSAGE][PASSED] - Object: 'Object Repository/NEWOPENDCPM/Page_Opend/button_Select' is clicked on

2019-03-20 10:33:17 - [TEST_STEP][PASSED] - delay(3): Delayed 3 second(s)

2019-03-20 10:33:20 - [MESSAGE][PASSED] - Delayed 3 second(s)

2019-03-20 10:33:20 - [TEST_STEP][PASSED] - click(findTestObject("newidsfromspy/Page_Opend/input_Audience Interests_valid")): Object: 'Object Repository/newidsfromspy/Page_Opend/input_Audience Interests_valid' is clicked on

2019-03-20 10:33:21 - [MESSAGE][PASSED] - Object: 'Object Repository/newidsfromspy/Page_Opend/input_Audience Interests_valid' is clicked on

2019-03-20 10:33:21 - [TEST_STEP][PASSED] - delay(3): Delayed 3 second(s)

2019-03-20 10:33:24 - [MESSAGE][PASSED] - Delayed 3 second(s)

2019-03-20 10:33:24 - [TEST_STEP][PASSED] - click(findTestObject("newidsfromspy/Page_Opend/label_Party wear")): Object: 'Object Repository/newidsfromspy/Page_Opend/label_Party wear' is clicked on

2019-03-20 10:33:24 - [MESSAGE][PASSED] - Object: 'Object Repository/newidsfromspy/Page_Opend/label_Party wear' is clicked on

2019-03-20 10:33:24 - [TEST_STEP][PASSED] - delay(2): Delayed 2 second(s)

2019-03-20 10:33:26 - [MESSAGE][PASSED] - Delayed 2 second(s)

2019-03-20 10:33:26 - [TEST_STEP][PASSED] - click(findTestObject("newidsfromspy/Page_Opend/label_Kidz Wear")): Object: 'Object Repository/newidsfromspy/Page_Opend/label_Kidz Wear' is clicked on

2019-03-20 10:33:26 - [MESSAGE][PASSED] - Object: 'Object Repository/newidsfromspy/Page_Opend/label_Kidz Wear' is clicked on

2019-03-20 10:33:26 - [TEST_STEP][PASSED] - delay(5): Delayed 5 second(s)

2019-03-20 10:33:31 - [MESSAGE][PASSED] - Delayed 5 second(s)

2019-03-20 10:33:31 - [TEST_STEP][PASSED] - click(findTestObject("newidsfromspy/Page_Opend/AIselectbtn")): Object: 'Object Repository/newidsfromspy/Page_Opend/AIselectbtn' is clicked on

2019-03-20 10:33:32 - [MESSAGE][PASSED] - Object: 'Object Repository/newidsfromspy/Page_Opend/AIselectbtn' is clicked on

2019-03-20 10:33:32 - [TEST_STEP][PASSED] - delay(3): Delayed 3 second(s)

2019-03-20 10:33:35 - [MESSAGE][PASSED] - Delayed 3 second(s)

2019-03-20 10:33:35 - [TEST_STEP][PASSED] - setText(findTestObject("NEWSPYIDS/Page_Opend/input_CPO price_cplprice"), "2"): Text '2' is set on object 'Object Repository/NEWSPYIDS/Page_Opend/input_CPO price_cplprice'

2019-03-20 10:33:35 - [MESSAGE][PASSED] - Text '2' is set on object 'Object Repository/NEWSPYIDS/Page_Opend/input_CPO price_cplprice'

2019-03-20 10:33:35 - [TEST_STEP][PASSED] - delay(2): Delayed 2 second(s)

2019-03-20 10:33:37 - [MESSAGE][PASSED] - Delayed 2 second(s)

2019-03-20 10:33:37 - [TEST_STEP][PASSED] - click(findTestObject("newidsfromspy/Page_Opend/input_Select Publisher_validat")): Object: 'Object Repository/newidsfromspy/Page_Opend/input_Select Publisher_validat' is clicked on

2019-03-20 10:33:37 - [MESSAGE][PASSED] - Object: 'Object Repository/newidsfromspy/Page_Opend/input_Select Publisher_validat' is clicked on

2019-03-20 10:33:37 - [TEST_STEP][PASSED] - delay(3): Delayed 3 second(s)

2019-03-20 10:33:40 - [MESSAGE][PASSED] - Delayed 3 second(s)

2019-03-20 10:33:40 - [TEST_STEP][PASSED] - click(findTestObject("Object Repository/NEWOPENDCPM/Page_Opend/label_Jack")): Object: 'Object Repository/NEWOPENDCPM/Page_Opend/label_Jack' is clicked on

2019-03-20 10:33:40 - [MESSAGE][PASSED] - Object: 'Object Repository/NEWOPENDCPM/Page_Opend/label_Jack' is clicked on

2019-03-20 10:33:40 - [TEST_STEP][PASSED] - delay(3): Delayed 3 second(s)

2019-03-20 10:33:43 - [MESSAGE][PASSED] - Delayed 3 second(s)

2019-03-20 10:33:43 - [TEST_STEP][PASSED] - click(findTestObject("newidsfromspy/Page_Opend/Pubselectbtn")): Object: 'Object Repository/newidsfromspy/Page_Opend/Pubselectbtn' is clicked on

2019-03-20 10:33:44 - [MESSAGE][PASSED] - Object: 'Object Repository/newidsfromspy/Page_Opend/Pubselectbtn' is clicked on

2019-03-20 10:33:44 - [TEST_STEP][PASSED] - delay(3): Delayed 3 second(s)

2019-03-20 10:33:47 - [MESSAGE][PASSED] - Delayed 3 second(s)

2019-03-20 10:33:47 - [TEST_STEP][PASSED] - click(findTestObject("NEWSPYIDS/Page_Opend/label_Normal charges")): Object: 'Object Repository/NEWSPYIDS/Page_Opend/label_Normal charges' is clicked on

2019-03-20 10:33:47 - [MESSAGE][PASSED] - Object: 'Object Repository/NEWSPYIDS/Page_Opend/label_Normal charges' is clicked on

2019-03-20 10:33:47 - [TEST_STEP][PASSED] - delay(1): Delayed 1 second(s)

2019-03-20 10:33:48 - [MESSAGE][PASSED] - Delayed 1 second(s)

2019-03-20 10:33:48 - [TEST_STEP][PASSED] - setText(findTestObject("NEWSPYIDS/Page_Opend/input_CPO Payout Price_payout_"), "1"): Text '1' is set on object 'Object Repository/NEWSPYIDS/Page_Opend/input_CPO Payout Price_payout_'

2019-03-20 10:33:48 - [MESSAGE][PASSED] - Text '1' is set on object 'Object Repository/NEWSPYIDS/Page_Opend/input_CPO Payout Price_payout_'

2019-03-20 10:33:48 - [TEST_STEP][PASSED] - delay(5): Delayed 5 second(s)

2019-03-20 10:33:53 - [MESSAGE][PASSED] - Delayed 5 second(s)

2019-03-20 10:33:53 - [TEST_STEP][PASSED] - click(findTestObject("Object Repository/NEWOPENDCPM/Page_Opend/button_Proceed")): Object: 'Object Repository/NEWOPENDCPM/Page_Opend/button_Proceed' is clicked on

2019-03-20 10:33:54 - [MESSAGE][PASSED] - Object: 'Object Repository/NEWOPENDCPM/Page_Opend/button_Proceed' is clicked on

2019-03-20 10:33:54 - [TEST_STEP][PASSED] - delay(5): Delayed 5 second(s)

2019-03-20 10:33:59 - [MESSAGE][PASSED] - Delayed 5 second(s)

2019-03-20 10:33:59 - [TEST_STEP][PASSED] - setText(findTestObject("Object Repository/NEWOPENDCPM/Page_Opend/input_Subject Line_subjectone"), "GOOD Morning "): Text 'GOOD Morning ' is set on object 'Object Repository/NEWOPENDCPM/Page_Opend/input_Subject Line_subjectone'

2019-03-20 10:33:59 - [MESSAGE][PASSED] - Text 'GOOD Morning ' is set on object 'Object Repository/NEWOPENDCPM/Page_Opend/input_Subject Line_subjectone'

2019-03-20 10:33:59 - [TEST_STEP][PASSED] - delay(5): Delayed 5 second(s)

2019-03-20 10:34:04 - [MESSAGE][PASSED] - Delayed 5 second(s)

2019-03-20 10:34:04 - [TEST_STEP][PASSED] - click(findTestObject("newidsfromspy/Page_Opend/input_From Creatives_uploadBtn")): Object: 'Object Repository/newidsfromspy/Page_Opend/input_From Creatives_uploadBtn' is clicked on

2019-03-20 10:34:05 - [MESSAGE][PASSED] - Object: 'Object Repository/newidsfromspy/Page_Opend/input_From Creatives_uploadBtn' is clicked on

2019-03-20 10:34:05 - [TEST_STEP][PASSED] - delay(5): Delayed 5 second(s)

2019-03-20 10:34:10 - [MESSAGE][PASSED] - Delayed 5 second(s)

2019-03-20 10:34:10 - [TEST_STEP][PASSED] - click(findTestObject("Object Repository/NEWOPENDCPM/Page_Opend/button_Select")): Object: 'Object Repository/NEWOPENDCPM/Page_Opend/button_Select' is clicked on

2019-03-20 10:34:10 - [MESSAGE][PASSED] - Object: 'Object Repository/NEWOPENDCPM/Page_Opend/button_Select' is clicked on

2019-03-20 10:34:10 - [TEST_STEP][PASSED] - delay(5): Delayed 5 second(s)

2019-03-20 10:34:15 - [MESSAGE][PASSED] - Delayed 5 second(s)

2019-03-20 10:34:15 - [TEST_STEP][PASSED] - click(findTestObject("NEWOPENDCPM/Step2prcdbtn")): Object: 'Object Repository/NEWOPENDCPM/Step2prcdbtn' is clicked on

2019-03-20 10:34:16 - [MESSAGE][PASSED] - Object: 'Object Repository/NEWOPENDCPM/Step2prcdbtn' is clicked on

2019-03-20 10:34:16 - [TEST_STEP][PASSED] - delay(5): Delayed 5 second(s)

2019-03-20 10:34:21 - [MESSAGE][PASSED] - Delayed 5 second(s)

2019-03-20 10:34:21 - [TEST_STEP][PASSED] - click(findTestObject("NEWOPENDCPM/step3prcdbrn")): Object: 'Object Repository/NEWOPENDCPM/step3prcdbrn' is clicked on

2019-03-20 10:34:21 - [MESSAGE][PASSED] - Object: 'Object Repository/NEWOPENDCPM/step3prcdbrn' is clicked on

2019-03-20 10:34:21 - [TEST_STEP][PASSED] - delay(5): Delayed 5 second(s)

2019-03-20 10:34:26 - [MESSAGE][PASSED] - Delayed 5 second(s)

2019-03-20 10:34:26 - [TEST_STEP][NOT_RUN] - click(findTestObject("NEWOPENDCPM/Startcampbtn")): NOT_RUN: click(findTestObject("NEWOPENDCPM/Startcampbtn"))

2019-03-20 10:34:26 - [MESSAGE][NOT_RUN] - NOT_RUN: click(findTestObject("NEWOPENDCPM/Startcampbtn"))

2019-03-20 10:34:26 - [TEST_STEP][PASSED] - delay(5): Delayed 5 second(s)

2019-03-20 10:34:31 - [MESSAGE][PASSED] - Delayed 5 second(s)

2019-03-20 10:34:31 - [TEST_STEP][PASSED] - closeBrowser(): Browser is closed

2019-03-20 10:34:33 - [MESSAGE][PASSED] - Browser is closed]]></system-out>
         <system-err><![CDATA[]]></system-err>
      </testcase>
      <testcase name="Test Cases/CREATE CPL CAMPAGN" classname="Test Cases/CREATE CPL CAMPAGN" status="PASSED">
         <system-out><![CDATA[2019-03-20 10:34:33 - [TEST_CASE][PASSED] - Test Cases/CREATE CPL CAMPAGN: Test Cases/CREATE CPL CAMPAGN

2019-03-20 10:34:33 - [TEST_STEP][PASSED] - openBrowser(""): Browser is opened with url: ''

2019-03-20 10:34:33 - [MESSAGE][INFO] - Starting 'Firefox' driver

2019-03-20 10:34:39 - [MESSAGE][PASSED] - Browser is opened with url: ''

2019-03-20 10:34:39 - [TEST_STEP][PASSED] - navigateToUrl("http://campaignsopend.techactive.tk/#/admin_login"): Navigate to 'http://campaignsopend.techactive.tk/#/admin_login' successfully

2019-03-20 10:34:49 - [MESSAGE][PASSED] - Navigate to 'http://campaignsopend.techactive.tk/#/admin_login' successfully

2019-03-20 10:34:49 - [TEST_STEP][PASSED] - setText(findTestObject("Object Repository/NEWOPENDCPM/Page_Opend/input_Admin Login_email_id"), "admin@opend.com"): Text 'admin@opend.com' is set on object 'Object Repository/NEWOPENDCPM/Page_Opend/input_Admin Login_email_id'

2019-03-20 10:34:50 - [MESSAGE][PASSED] - Text 'admin@opend.com' is set on object 'Object Repository/NEWOPENDCPM/Page_Opend/input_Admin Login_email_id'

2019-03-20 10:34:50 - [TEST_STEP][PASSED] - setEncryptedText(findTestObject("Object Repository/NEWOPENDCPM/Page_Opend/input_Admin Login_password"), "4nvbrPglk7k="): Text ****** has been set on object 'Object Repository/NEWOPENDCPM/Page_Opend/input_Admin Login_password'

2019-03-20 10:34:50 - [MESSAGE][PASSED] - Text ****** has been set on object 'Object Repository/NEWOPENDCPM/Page_Opend/input_Admin Login_password'

2019-03-20 10:34:50 - [TEST_STEP][PASSED] - click(findTestObject("Object Repository/NEWOPENDCPM/Page_Opend/button_Sign In")): Object: 'Object Repository/NEWOPENDCPM/Page_Opend/button_Sign In' is clicked on

2019-03-20 10:34:50 - [MESSAGE][PASSED] - Object: 'Object Repository/NEWOPENDCPM/Page_Opend/button_Sign In' is clicked on

2019-03-20 10:34:50 - [TEST_STEP][PASSED] - delay(5): Delayed 5 second(s)

2019-03-20 10:34:55 - [MESSAGE][PASSED] - Delayed 5 second(s)

2019-03-20 10:34:55 - [TEST_STEP][PASSED] - click(findTestObject("Object Repository/NEWOPENDCPM/Page_Opend/a_Campaigns")): Object: 'Object Repository/NEWOPENDCPM/Page_Opend/a_Campaigns' is clicked on

2019-03-20 10:34:55 - [MESSAGE][PASSED] - Object: 'Object Repository/NEWOPENDCPM/Page_Opend/a_Campaigns' is clicked on

2019-03-20 10:34:55 - [TEST_STEP][PASSED] - delay(5): Delayed 5 second(s)

2019-03-20 10:35:00 - [MESSAGE][PASSED] - Delayed 5 second(s)

2019-03-20 10:35:00 - [TEST_STEP][PASSED] - click(findTestObject("Object Repository/NEWOPENDCPM/Page_Opend/a_Start New Campaign")): Object: 'Object Repository/NEWOPENDCPM/Page_Opend/a_Start New Campaign' is clicked on

2019-03-20 10:35:01 - [MESSAGE][PASSED] - Object: 'Object Repository/NEWOPENDCPM/Page_Opend/a_Start New Campaign' is clicked on

2019-03-20 10:35:01 - [TEST_STEP][PASSED] - delay(5): Delayed 5 second(s)

2019-03-20 10:35:06 - [MESSAGE][PASSED] - Delayed 5 second(s)

2019-03-20 10:35:06 - [TEST_STEP][PASSED] - selectOptionByValue(findTestObject("Object Repository/NEWOPENDCPM/Page_Opend/select_Please Select Advertise"), "2", true): All options with value '2' are selected in object 'Object Repository/NEWOPENDCPM/Page_Opend/select_Please Select Advertise'  using regular expression

2019-03-20 10:35:07 - [MESSAGE][PASSED] - All options with value '2' are selected in object 'Object Repository/NEWOPENDCPM/Page_Opend/select_Please Select Advertise'  using regular expression

2019-03-20 10:35:07 - [TEST_STEP][PASSED] - delay(3): Delayed 3 second(s)

2019-03-20 10:35:10 - [MESSAGE][PASSED] - Delayed 3 second(s)

2019-03-20 10:35:10 - [TEST_STEP][PASSED] - setText(findTestObject("Object Repository/NEWOPENDCPM/Page_Opend/input_Campaign Name_camp_name_"), "TEST CPL CAMPAIGN "): Text 'TEST CPL CAMPAIGN ' is set on object 'Object Repository/NEWOPENDCPM/Page_Opend/input_Campaign Name_camp_name_'

2019-03-20 10:35:10 - [MESSAGE][PASSED] - Text 'TEST CPL CAMPAIGN ' is set on object 'Object Repository/NEWOPENDCPM/Page_Opend/input_Campaign Name_camp_name_'

2019-03-20 10:35:10 - [TEST_STEP][PASSED] - delay(2): Delayed 2 second(s)

2019-03-20 10:35:12 - [MESSAGE][PASSED] - Delayed 2 second(s)

2019-03-20 10:35:12 - [TEST_STEP][PASSED] - click(findTestObject("Object Repository/NEWOPENDCPM/Page_Opend/label_Normal charges")): Object: 'Object Repository/NEWOPENDCPM/Page_Opend/label_Normal charges' is clicked on

2019-03-20 10:35:12 - [MESSAGE][PASSED] - Object: 'Object Repository/NEWOPENDCPM/Page_Opend/label_Normal charges' is clicked on

2019-03-20 10:35:12 - [TEST_STEP][PASSED] - click(findTestObject("NEWSPYIDS/Page_Opend/label_CPL")): Object: 'Object Repository/NEWSPYIDS/Page_Opend/label_CPL' is clicked on

2019-03-20 10:35:13 - [MESSAGE][PASSED] - Object: 'Object Repository/NEWSPYIDS/Page_Opend/label_CPL' is clicked on

2019-03-20 10:35:13 - [TEST_STEP][PASSED] - delay(2): Delayed 2 second(s)

2019-03-20 10:35:15 - [MESSAGE][PASSED] - Delayed 2 second(s)

2019-03-20 10:35:15 - [TEST_STEP][PASSED] - selectOptionByValue(findTestObject("Object Repository/NEWOPENDCPM/Page_Opend/select_Please Select Audience"), "2", true): All options with value '2' are selected in object 'Object Repository/NEWOPENDCPM/Page_Opend/select_Please Select Audience'  using regular expression

2019-03-20 10:35:15 - [MESSAGE][PASSED] - All options with value '2' are selected in object 'Object Repository/NEWOPENDCPM/Page_Opend/select_Please Select Audience'  using regular expression

2019-03-20 10:35:15 - [TEST_STEP][PASSED] - delay(3): Delayed 3 second(s)

2019-03-20 10:35:18 - [MESSAGE][PASSED] - Delayed 3 second(s)

2019-03-20 10:35:18 - [TEST_STEP][PASSED] - click(findTestObject("newidsfromspy/Page_Opend/input_Campaign Category_valida")): Object: 'Object Repository/newidsfromspy/Page_Opend/input_Campaign Category_valida' is clicked on

2019-03-20 10:35:18 - [MESSAGE][PASSED] - Object: 'Object Repository/newidsfromspy/Page_Opend/input_Campaign Category_valida' is clicked on

2019-03-20 10:35:18 - [TEST_STEP][PASSED] - delay(3): Delayed 3 second(s)

2019-03-20 10:35:21 - [MESSAGE][PASSED] - Delayed 3 second(s)

2019-03-20 10:35:21 - [TEST_STEP][PASSED] - click(findTestObject("newidsfromspy/Page_Opend/label_fashion")): Object: 'Object Repository/newidsfromspy/Page_Opend/label_fashion' is clicked on

2019-03-20 10:35:22 - [MESSAGE][PASSED] - Object: 'Object Repository/newidsfromspy/Page_Opend/label_fashion' is clicked on

2019-03-20 10:35:22 - [TEST_STEP][PASSED] - delay(3): Delayed 3 second(s)

2019-03-20 10:35:25 - [MESSAGE][PASSED] - Delayed 3 second(s)

2019-03-20 10:35:25 - [TEST_STEP][PASSED] - click(findTestObject("Object Repository/NEWOPENDCPM/Page_Opend/button_Select")): Object: 'Object Repository/NEWOPENDCPM/Page_Opend/button_Select' is clicked on

2019-03-20 10:35:25 - [MESSAGE][PASSED] - Object: 'Object Repository/NEWOPENDCPM/Page_Opend/button_Select' is clicked on

2019-03-20 10:35:25 - [TEST_STEP][PASSED] - delay(3): Delayed 3 second(s)

2019-03-20 10:35:28 - [MESSAGE][PASSED] - Delayed 3 second(s)

2019-03-20 10:35:28 - [TEST_STEP][PASSED] - click(findTestObject("newidsfromspy/Page_Opend/input_Audience Interests_valid")): Object: 'Object Repository/newidsfromspy/Page_Opend/input_Audience Interests_valid' is clicked on

2019-03-20 10:35:28 - [MESSAGE][PASSED] - Object: 'Object Repository/newidsfromspy/Page_Opend/input_Audience Interests_valid' is clicked on

2019-03-20 10:35:28 - [TEST_STEP][PASSED] - delay(3): Delayed 3 second(s)

2019-03-20 10:35:31 - [MESSAGE][PASSED] - Delayed 3 second(s)

2019-03-20 10:35:31 - [TEST_STEP][PASSED] - click(findTestObject("newidsfromspy/Page_Opend/label_Party wear")): Object: 'Object Repository/newidsfromspy/Page_Opend/label_Party wear' is clicked on

2019-03-20 10:35:32 - [MESSAGE][PASSED] - Object: 'Object Repository/newidsfromspy/Page_Opend/label_Party wear' is clicked on

2019-03-20 10:35:32 - [TEST_STEP][PASSED] - delay(2): Delayed 2 second(s)

2019-03-20 10:35:34 - [MESSAGE][PASSED] - Delayed 2 second(s)

2019-03-20 10:35:34 - [TEST_STEP][PASSED] - click(findTestObject("newidsfromspy/Page_Opend/label_Kidz Wear")): Object: 'Object Repository/newidsfromspy/Page_Opend/label_Kidz Wear' is clicked on

2019-03-20 10:35:34 - [MESSAGE][PASSED] - Object: 'Object Repository/newidsfromspy/Page_Opend/label_Kidz Wear' is clicked on

2019-03-20 10:35:34 - [TEST_STEP][PASSED] - delay(5): Delayed 5 second(s)

2019-03-20 10:35:39 - [MESSAGE][PASSED] - Delayed 5 second(s)

2019-03-20 10:35:39 - [TEST_STEP][PASSED] - click(findTestObject("newidsfromspy/Page_Opend/AIselectbtn")): Object: 'Object Repository/newidsfromspy/Page_Opend/AIselectbtn' is clicked on

2019-03-20 10:35:39 - [MESSAGE][PASSED] - Object: 'Object Repository/newidsfromspy/Page_Opend/AIselectbtn' is clicked on

2019-03-20 10:35:39 - [TEST_STEP][PASSED] - delay(3): Delayed 3 second(s)

2019-03-20 10:35:42 - [MESSAGE][PASSED] - Delayed 3 second(s)

2019-03-20 10:35:42 - [TEST_STEP][PASSED] - setText(findTestObject("NEWSPYIDS/Page_Opend/input_CPL price_cplprice"), "2"): Text '2' is set on object 'Object Repository/NEWSPYIDS/Page_Opend/input_CPL price_cplprice'

2019-03-20 10:35:42 - [MESSAGE][PASSED] - Text '2' is set on object 'Object Repository/NEWSPYIDS/Page_Opend/input_CPL price_cplprice'

2019-03-20 10:35:42 - [TEST_STEP][PASSED] - delay(2): Delayed 2 second(s)

2019-03-20 10:35:44 - [MESSAGE][PASSED] - Delayed 2 second(s)

2019-03-20 10:35:44 - [TEST_STEP][PASSED] - click(findTestObject("newidsfromspy/Page_Opend/input_Select Publisher_validat")): Object: 'Object Repository/newidsfromspy/Page_Opend/input_Select Publisher_validat' is clicked on

2019-03-20 10:35:45 - [MESSAGE][PASSED] - Object: 'Object Repository/newidsfromspy/Page_Opend/input_Select Publisher_validat' is clicked on

2019-03-20 10:35:45 - [TEST_STEP][PASSED] - delay(3): Delayed 3 second(s)

2019-03-20 10:35:48 - [MESSAGE][PASSED] - Delayed 3 second(s)

2019-03-20 10:35:48 - [TEST_STEP][PASSED] - click(findTestObject("Object Repository/NEWOPENDCPM/Page_Opend/label_Jack")): Object: 'Object Repository/NEWOPENDCPM/Page_Opend/label_Jack' is clicked on

2019-03-20 10:35:48 - [MESSAGE][PASSED] - Object: 'Object Repository/NEWOPENDCPM/Page_Opend/label_Jack' is clicked on

2019-03-20 10:35:48 - [TEST_STEP][PASSED] - delay(3): Delayed 3 second(s)

2019-03-20 10:35:51 - [MESSAGE][PASSED] - Delayed 3 second(s)

2019-03-20 10:35:51 - [TEST_STEP][PASSED] - click(findTestObject("newidsfromspy/Page_Opend/Pubselectbtn")): Object: 'Object Repository/newidsfromspy/Page_Opend/Pubselectbtn' is clicked on

2019-03-20 10:35:51 - [MESSAGE][PASSED] - Object: 'Object Repository/newidsfromspy/Page_Opend/Pubselectbtn' is clicked on

2019-03-20 10:35:51 - [TEST_STEP][PASSED] - delay(3): Delayed 3 second(s)

2019-03-20 10:35:54 - [MESSAGE][PASSED] - Delayed 3 second(s)

2019-03-20 10:35:54 - [TEST_STEP][PASSED] - click(findTestObject("NEWSPYIDS/Page_Opend/label_Normal charges")): Object: 'Object Repository/NEWSPYIDS/Page_Opend/label_Normal charges' is clicked on

2019-03-20 10:35:55 - [MESSAGE][PASSED] - Object: 'Object Repository/NEWSPYIDS/Page_Opend/label_Normal charges' is clicked on

2019-03-20 10:35:55 - [TEST_STEP][PASSED] - delay(1): Delayed 1 second(s)

2019-03-20 10:35:56 - [MESSAGE][PASSED] - Delayed 1 second(s)

2019-03-20 10:35:56 - [TEST_STEP][PASSED] - setText(findTestObject("NEWSPYIDS/Page_Opend/input_CPL Payout Price_payout_"), "1"): Text '1' is set on object 'Object Repository/NEWSPYIDS/Page_Opend/input_CPL Payout Price_payout_'

2019-03-20 10:35:56 - [MESSAGE][PASSED] - Text '1' is set on object 'Object Repository/NEWSPYIDS/Page_Opend/input_CPL Payout Price_payout_'

2019-03-20 10:35:56 - [TEST_STEP][PASSED] - delay(5): Delayed 5 second(s)

2019-03-20 10:36:01 - [MESSAGE][PASSED] - Delayed 5 second(s)

2019-03-20 10:36:01 - [TEST_STEP][PASSED] - click(findTestObject("Object Repository/NEWOPENDCPM/Page_Opend/button_Proceed")): Object: 'Object Repository/NEWOPENDCPM/Page_Opend/button_Proceed' is clicked on

2019-03-20 10:36:02 - [MESSAGE][PASSED] - Object: 'Object Repository/NEWOPENDCPM/Page_Opend/button_Proceed' is clicked on

2019-03-20 10:36:02 - [TEST_STEP][PASSED] - delay(5): Delayed 5 second(s)

2019-03-20 10:36:07 - [MESSAGE][PASSED] - Delayed 5 second(s)

2019-03-20 10:36:07 - [TEST_STEP][PASSED] - setText(findTestObject("Object Repository/NEWOPENDCPM/Page_Opend/input_Subject Line_subjectone"), "GOOD MORNING TA"): Text 'GOOD MORNING TA' is set on object 'Object Repository/NEWOPENDCPM/Page_Opend/input_Subject Line_subjectone'

2019-03-20 10:36:07 - [MESSAGE][PASSED] - Text 'GOOD MORNING TA' is set on object 'Object Repository/NEWOPENDCPM/Page_Opend/input_Subject Line_subjectone'

2019-03-20 10:36:07 - [TEST_STEP][PASSED] - delay(5): Delayed 5 second(s)

2019-03-20 10:36:12 - [MESSAGE][PASSED] - Delayed 5 second(s)

2019-03-20 10:36:12 - [TEST_STEP][PASSED] - click(findTestObject("newidsfromspy/Page_Opend/input_From Creatives_uploadBtn")): Object: 'Object Repository/newidsfromspy/Page_Opend/input_From Creatives_uploadBtn' is clicked on

2019-03-20 10:36:12 - [MESSAGE][PASSED] - Object: 'Object Repository/newidsfromspy/Page_Opend/input_From Creatives_uploadBtn' is clicked on

2019-03-20 10:36:12 - [TEST_STEP][PASSED] - delay(5): Delayed 5 second(s)

2019-03-20 10:36:17 - [MESSAGE][PASSED] - Delayed 5 second(s)

2019-03-20 10:36:17 - [TEST_STEP][PASSED] - click(findTestObject("Object Repository/NEWOPENDCPM/Page_Opend/button_Select")): Object: 'Object Repository/NEWOPENDCPM/Page_Opend/button_Select' is clicked on

2019-03-20 10:36:17 - [MESSAGE][PASSED] - Object: 'Object Repository/NEWOPENDCPM/Page_Opend/button_Select' is clicked on

2019-03-20 10:36:17 - [TEST_STEP][PASSED] - delay(5): Delayed 5 second(s)

2019-03-20 10:36:22 - [MESSAGE][PASSED] - Delayed 5 second(s)

2019-03-20 10:36:22 - [TEST_STEP][PASSED] - click(findTestObject("NEWOPENDCPM/Step2prcdbtn")): Object: 'Object Repository/NEWOPENDCPM/Step2prcdbtn' is clicked on

2019-03-20 10:36:23 - [MESSAGE][PASSED] - Object: 'Object Repository/NEWOPENDCPM/Step2prcdbtn' is clicked on

2019-03-20 10:36:23 - [TEST_STEP][PASSED] - delay(5): Delayed 5 second(s)

2019-03-20 10:36:28 - [MESSAGE][PASSED] - Delayed 5 second(s)

2019-03-20 10:36:28 - [TEST_STEP][PASSED] - click(findTestObject("NEWOPENDCPM/step3prcdbrn")): Object: 'Object Repository/NEWOPENDCPM/step3prcdbrn' is clicked on

2019-03-20 10:36:29 - [MESSAGE][PASSED] - Object: 'Object Repository/NEWOPENDCPM/step3prcdbrn' is clicked on

2019-03-20 10:36:29 - [TEST_STEP][PASSED] - delay(5): Delayed 5 second(s)

2019-03-20 10:36:34 - [MESSAGE][PASSED] - Delayed 5 second(s)

2019-03-20 10:36:34 - [TEST_STEP][NOT_RUN] - click(findTestObject("NEWOPENDCPM/Startcampbtn")): NOT_RUN: click(findTestObject("NEWOPENDCPM/Startcampbtn"))

2019-03-20 10:36:34 - [MESSAGE][NOT_RUN] - NOT_RUN: click(findTestObject("NEWOPENDCPM/Startcampbtn"))

2019-03-20 10:36:34 - [TEST_STEP][PASSED] - delay(5): Delayed 5 second(s)

2019-03-20 10:36:39 - [MESSAGE][PASSED] - Delayed 5 second(s)

2019-03-20 10:36:39 - [TEST_STEP][PASSED] - closeBrowser(): Browser is closed

2019-03-20 10:36:39 - [MESSAGE][PASSED] - Browser is closed]]></system-out>
         <system-err><![CDATA[]]></system-err>
      </testcase>
      <system-out><![CDATA[2019-03-20 10:29:14 - [TEST_SUITE][PASSED] - TEST SUITE1: Test Cases/CREATE CPL CAMPAGN]]></system-out>
      <system-err><![CDATA[]]></system-err>
   </testsuite>
</testsuites>
